BLOCK00/SES002/SA002S12	SES002	0.736824	2.02102	1.2842
BLOCK00/SES002/SA002S13	SES002	0.872793	1.07672	0.203925
BLOCK00/SES002/SA002S23	SES002	0.417823	1.26191	0.844084
BLOCK00/SES002/SA002S26	SES002	0.620354	1.15662	0.536266
BLOCK00/SES002/SA002S28	SES002	0.311125	1.49547	1.18434
BLOCK00/SES007/SA007S14	SES007	0.673344	2.57412	1.90077
BLOCK00/SES007/SA007S15	SES007	0.268067	2.2516	1.98354
BLOCK00/SES007/SA007S24	SES007	0.285956	2.2278	1.94184
BLOCK00/SES007/SA007S27	SES007	0.397252	1.66157	1.26432
BLOCK00/SES007/SA007S29	SES007	-0.0563533	2.85551	2.91186
BLOCK00/SES008/SA008S11	SES008	0.848144	2.78513	1.93698
BLOCK00/SES008/SA008S12	SES008	0.691905	3.1939	2.502
BLOCK00/SES008/SA008S19	SES008	0.764811	3.43239	2.66758
BLOCK00/SES008/SA008S22	SES008	0.493862	1.92943	1.43557
BLOCK00/SES008/SA008S29	SES008	0.869114	3.12219	2.25307
BLOCK01/SES014/SA014S10	SES014	0.113131	2.19543	2.0823
BLOCK01/SES014/SA014S12	SES014	0.916409	3.7257	2.80929
BLOCK01/SES014/SA014S24	SES014	0.411824	2.5403	2.12848
BLOCK01/SES014/SA014S26	SES014	0.764423	3.65378	2.88936
BLOCK01/SES014/SA014S28	SES014	0.759715	2.69131	1.9316
BLOCK01/SES016/SA016S12	SES016	-0.241186	0.282374	0.523559
BLOCK01/SES016/SA016S13	SES016	0.620853	1.81089	1.19003
BLOCK01/SES016/SA016S22	SES016	0.606917	2.41129	1.80438
BLOCK01/SES016/SA016S25	SES016	0.694656	3.1457	2.45105
BLOCK01/SES016/SA016S27	SES016	0.973522	2.647	1.67348
BLOCK01/SES019/SA019S13	SES019	1.34088	1.6192	0.278324
BLOCK01/SES019/SA019S14	SES019	0.753484	1.55906	0.805575
BLOCK01/SES019/SA019S22	SES019	1.6599	1.80853	0.148624
BLOCK01/SES019/SA019S25	SES019	1.29718	1.61017	0.312992
BLOCK01/SES019/SA019S29	SES019	1.84078	1.16122	-0.679561
BLOCK02/SES029/SA029S11	SES029	0.306244	2.78333	2.47709
BLOCK02/SES029/SA029S12	SES029	0.246791	2.57849	2.3317
BLOCK02/SES029/SA029S20	SES029	0.353084	2.65986	2.30678
BLOCK02/SES029/SA029S25	SES029	0.330198	2.12352	1.79332
BLOCK02/SES029/SA029S28	SES029	0.492911	2.65718	2.16427
BLOCK04/SES042/SA042S12	SES042	0.985451	2.80985	1.8244
BLOCK04/SES042/SA042S15	SES042	0.343112	3.06468	2.72157
BLOCK04/SES042/SA042S22	SES042	1.15395	3.23305	2.0791
BLOCK04/SES042/SA042S25	SES042	0.43492	2.2779	1.84298
BLOCK04/SES042/SA042S27	SES042	0.760651	2.99701	2.23636
BLOCK04/SES048/SA048S11	SES048	0.588623	2.76876	2.18014
BLOCK04/SES048/SA048S12	SES048	0.266942	2.0602	1.79326
BLOCK04/SES048/SA048S20	SES048	0.145716	2.44959	2.30388
BLOCK04/SES048/SA048S23	SES048	0.552588	1.79424	1.24165
BLOCK04/SES048/SA048S27	SES048	0.26855	2.48725	2.2187
BLOCK06/SES060/SA060S11	SES060	0.867568	2.13307	1.26551
BLOCK06/SES060/SA060S12	SES060	0.15014	1.19826	1.04812
BLOCK06/SES060/SA060S22	SES060	0.184666	1.97668	1.79201
BLOCK06/SES060/SA060S24	SES060	0.497608	2.96634	2.46873
BLOCK06/SES060/SA060S28	SES060	0.910405	3.70838	2.79798
BLOCK06/SES062/SA062S10	SES062	0.252852	2.12695	1.8741
BLOCK06/SES062/SA062S11	SES062	0.411286	2.70229	2.29101
BLOCK06/SES062/SA062S21	SES062	0.762418	3.575	2.81258
BLOCK06/SES062/SA062S26	SES062	0.450402	2.69958	2.24918
BLOCK06/SES062/SA062S29	SES062	0.555728	3.1991	2.64337
BLOCK06/SES068/SA068S14	SES068	0.195591	1.45441	1.25881
BLOCK06/SES068/SA068S15	SES068	0.736279	2.63593	1.89965
BLOCK06/SES068/SA068S23	SES068	1.20434	2.6915	1.48717
BLOCK06/SES068/SA068S27	SES068	1.184	1.81454	0.630545
BLOCK06/SES068/SA068S29	SES068	1.07578	2.62971	1.55392
BLOCK08/SES082/SA082S12	SES082	0.385062	1.08386	0.698802
BLOCK08/SES082/SA082S14	SES082	0.025689	0.918275	0.892586
BLOCK08/SES082/SA082S21	SES082	0.144504	1.61561	1.47111
BLOCK08/SES082/SA082S24	SES082	0.23511	1.18633	0.95122
BLOCK08/SES082/SA082S28	SES082	0.321039	1.02074	0.6997
BLOCK08/SES083/SA083S14	SES083	-0.167808	2.1702	2.338
BLOCK08/SES083/SA083S15	SES083	0.281744	2.07583	1.79409
BLOCK08/SES083/SA083S24	SES083	0.199398	2.07217	1.87277
BLOCK08/SES083/SA083S26	SES083	0.237276	1.90637	1.66909
BLOCK08/SES083/SA083S29	SES083	0.105891	2.0129	1.90701
BLOCK08/SES085/SA085S10	SES085	0.516515	2.64351	2.12699
BLOCK08/SES085/SA085S13	SES085	0.0728379	1.63538	1.56254
BLOCK08/SES085/SA085S22	SES085	0.311318	1.41556	1.10424
BLOCK08/SES085/SA085S26	SES085	0.851685	2.50727	1.65558
BLOCK08/SES085/SA085S28	SES085	0.628486	2.76462	2.13613
BLOCK08/SES087/SA087S15	SES087	0.3847	2.57175	2.18705
BLOCK08/SES087/SA087S16	SES087	0.182767	1.48136	1.29859
BLOCK08/SES087/SA087S24	SES087	0.5244	2.83743	2.31303
BLOCK08/SES087/SA087S26	SES087	0.268686	2.2046	1.93591
BLOCK08/SES087/SA087S29	SES087	0.32476	2.60535	2.28059
BLOCK09/SES099/SA099S15	SES099	0.283272	1.06139	0.778116
BLOCK09/SES099/SA099S16	SES099	0.145685	1.13283	0.987148
BLOCK09/SES099/SA099S24	SES099	0.267715	2.1734	1.90569
BLOCK09/SES099/SA099S26	SES099	0.673315	2.13701	1.4637
BLOCK09/SES099/SA099S29	SES099	0.509659	1.7201	1.21044
BLOCK10/SES101/SA101S11	SES101	0.432557	1.98669	1.55413
BLOCK10/SES101/SA101S13	SES101	0.978423	2.80275	1.82433
BLOCK10/SES101/SA101S22	SES101	0.55858	1.34904	0.790457
BLOCK10/SES101/SA101S24	SES101	0.491615	2.17922	1.6876
BLOCK10/SES101/SA101S28	SES101	0.624364	1.87925	1.25489
BLOCK10/SES104/SA104S11	SES104	0.706215	2.63953	1.93332
BLOCK10/SES104/SA104S12	SES104	0.453781	2.05233	1.59854
BLOCK10/SES104/SA104S21	SES104	0.628272	1.80266	1.17439
BLOCK10/SES104/SA104S24	SES104	0.480765	1.73272	1.25195
BLOCK10/SES104/SA104S28	SES104	0.756753	1.88594	1.12918
BLOCK10/SES105/SA105S12	SES105	0.451534	1.02802	0.576483
BLOCK10/SES105/SA105S13	SES105	0.226491	1.34435	1.11786
BLOCK10/SES105/SA105S22	SES105	0.17207	1.16203	0.98996
BLOCK10/SES105/SA105S26	SES105	0.747062	1.59809	0.851026
BLOCK10/SES105/SA105S29	SES105	0.536973	1.85136	1.31439
BLOCK10/SES106/SA106S09	SES106	0.554285	0.768905	0.214621
BLOCK10/SES106/SA106S11	SES106	0.362759	2.21386	1.85111
BLOCK10/SES106/SA106S22	SES106	1.02937	0.327947	-0.701423
BLOCK10/SES106/SA106S27	SES106	0.643381	1.96759	1.3242
BLOCK10/SES106/SA106S29	SES106	0.252972	2.88704	2.63407
BLOCK11/SES117/SA117S12	SES117	0.125952	1.81083	1.68488
BLOCK11/SES117/SA117S13	SES117	-0.178284	2.36942	2.5477
BLOCK11/SES117/SA117S23	SES117	1.84827	2.42931	0.581045
BLOCK11/SES117/SA117S25	SES117	1.65998	2.13612	0.476142
BLOCK11/SES117/SA117S28	SES117	0.944306	2.17351	1.2292
BLOCK12/SES120/SA120S08	SES120	0.470052	1.52453	1.05448
BLOCK12/SES120/SA120S11	SES120	1.63753	1.0585	-0.579026
BLOCK12/SES120/SA120S22	SES120	0.882346	2.971	2.08866
BLOCK12/SES120/SA120S24	SES120	0.22103	1.76349	1.54246
BLOCK12/SES120/SA120S28	SES120	-0.328402	1.48189	1.81029
BLOCK12/SES125/SA125S13	SES125	0.531082	2.8542	2.32311
BLOCK12/SES125/SA125S14	SES125	0.566928	2.34537	1.77844
BLOCK12/SES125/SA125S25	SES125	1.03536	2.7428	1.70743
BLOCK12/SES125/SA125S27	SES125	0.571127	2.79165	2.22053
BLOCK12/SES125/SA125S29	SES125	0.378512	2.1781	1.79958
BLOCK12/SES127/SA127S11	SES127	0.380336	2.4511	2.07076
BLOCK12/SES127/SA127S12	SES127	0.465894	3.63471	3.16881
BLOCK12/SES127/SA127S23	SES127	0.328345	2.71412	2.38578
BLOCK12/SES127/SA127S25	SES127	0.0499218	1.51987	1.46995
BLOCK12/SES127/SA127S27	SES127	0.922684	2.62752	1.70483
BLOCK12/SES129/SA129S11	SES129	0.996925	3.58005	2.58312
BLOCK12/SES129/SA129S12	SES129	0.620925	2.94699	2.32607
BLOCK12/SES129/SA129S22	SES129	0.59522	2.45248	1.85726
BLOCK12/SES129/SA129S27	SES129	0.888528	2.81298	1.92446
BLOCK12/SES129/SA129S29	SES129	0.887278	3.13787	2.25059
BLOCK14/SES142/SA142S11	SES142	0.75076	2.4428	1.69204
BLOCK14/SES142/SA142S12	SES142	1.14184	2.76943	1.62759
BLOCK14/SES142/SA142S24	SES142	1.27421	2.9373	1.66309
BLOCK14/SES142/SA142S27	SES142	0.754745	2.93683	2.18208
BLOCK14/SES142/SA142S29	SES142	0.547332	2.87522	2.32789
BLOCK14/SES143/SA143S12	SES143	0.359657	2.09346	1.7338
BLOCK14/SES143/SA143S13	SES143	0.359552	2.17132	1.81177
BLOCK14/SES143/SA143S23	SES143	0.510091	2.34316	1.83307
BLOCK14/SES143/SA143S25	SES143	0.557284	2.34523	1.78794
BLOCK14/SES143/SA143S28	SES143	0.492941	2.72685	2.23391
BLOCK14/SES144/SA144S09	SES144	0.461423	3.17271	2.71128
BLOCK14/SES144/SA144S11	SES144	0.125062	2.29893	2.17387
BLOCK14/SES144/SA144S21	SES144	-0.301223	1.45114	1.75236
BLOCK14/SES144/SA144S25	SES144	0.585637	3.21358	2.62794
BLOCK14/SES144/SA144S29	SES144	-0.316773	1.82858	2.14536
BLOCK14/SES146/SA146S14	SES146	0.242489	1.45676	1.21427
BLOCK14/SES146/SA146S15	SES146	0.00454187	1.89803	1.89349
BLOCK14/SES146/SA146S24	SES146	0.657372	1.75386	1.09649
BLOCK14/SES146/SA146S26	SES146	1.45262	2.61766	1.16504
BLOCK14/SES146/SA146S29	SES146	-0.364193	0.87368	1.23787
BLOCK14/SES147/SA147S11	SES147	-0.00323558	2.28287	2.28611
BLOCK14/SES147/SA147S13	SES147	1.2229	3.59788	2.37498
BLOCK14/SES147/SA147S23	SES147	0.727689	2.27417	1.54648
BLOCK14/SES147/SA147S26	SES147	0.473537	1.63196	1.15843
BLOCK14/SES147/SA147S28	SES147	0.65768	2.59671	1.93903
BLOCK14/SES148/SA148S10	SES148	0.500748	3.55512	3.05437
BLOCK14/SES148/SA148S12	SES148	0.120201	1.81505	1.69485
BLOCK14/SES148/SA148S22	SES148	0.317471	3.15776	2.84029
BLOCK14/SES148/SA148S26	SES148	0.415307	3.32361	2.90831
BLOCK14/SES148/SA148S29	SES148	0.408714	2.97815	2.56943
BLOCK14/SES149/SA149S13	SES149	0.215541	1.92613	1.71059
BLOCK14/SES149/SA149S14	SES149	0.198906	2.34419	2.14528
BLOCK14/SES149/SA149S24	SES149	0.457792	2.53046	2.07267
BLOCK14/SES149/SA149S26	SES149	0.267203	2.77003	2.50283
BLOCK14/SES149/SA149S28	SES149	0.579773	2.92658	2.34681
BLOCK15/SES158/SA158S13	SES158	0.773139	1.77069	0.997553
BLOCK15/SES158/SA158S14	SES158	0.43925	1.18154	0.742293
BLOCK15/SES158/SA158S23	SES158	0.475367	1.70032	1.22496
BLOCK15/SES158/SA158S26	SES158	0.963812	0.950484	-0.0133277
BLOCK15/SES158/SA158S28	SES158	0.0697124	1.37989	1.31017
BLOCK16/SES162/SA162S10	SES162	0.372374	2.14701	1.77464
BLOCK16/SES162/SA162S11	SES162	0.62922	2.33309	1.70387
BLOCK16/SES162/SA162S21	SES162	1.02834	2.56866	1.54031
BLOCK16/SES162/SA162S24	SES162	0.926685	2.28318	1.3565
BLOCK16/SES162/SA162S27	SES162	0.954086	1.66881	0.714723
BLOCK16/SES167/SA167S14	SES167	0.511656	3.37901	2.86735
BLOCK16/SES167/SA167S15	SES167	0.488167	3.22299	2.73483
BLOCK16/SES167/SA167S21	SES167	0.452965	3.80111	3.34814
BLOCK16/SES167/SA167S25	SES167	0.468828	3.48839	3.01956
BLOCK16/SES167/SA167S29	SES167	0.880108	4.05496	3.17486
BLOCK17/SES172/SA172S12	SES172	0.146757	0.593315	0.446558
BLOCK17/SES172/SA172S13	SES172	0.34409	1.27099	0.926901
BLOCK17/SES172/SA172S23	SES172	0.177949	1.74226	1.56431
BLOCK17/SES172/SA172S27	SES172	0.469125	1.49817	1.02904
BLOCK17/SES172/SA172S29	SES172	0.490274	1.4227	0.932425
BLOCK17/SES175/SA175S11	SES175	0.186247	2.15252	1.96627
BLOCK17/SES175/SA175S13	SES175	0.624599	3.27521	2.65061
BLOCK17/SES175/SA175S23	SES175	0.24141	2.87286	2.63145
BLOCK17/SES175/SA175S25	SES175	-0.220485	1.25059	1.47107
BLOCK17/SES175/SA175S28	SES175	0.376613	2.57257	2.19596
BLOCK17/SES177/SA177S15	SES177	0.462426	1.99078	1.52836
BLOCK17/SES177/SA177S17	SES177	0.295757	1.71062	1.41486
BLOCK17/SES177/SA177S23	SES177	0.138267	1.5568	1.41854
BLOCK17/SES177/SA177S26	SES177	0.433825	3.17712	2.7433
BLOCK17/SES177/SA177S28	SES177	0.603213	2.30793	1.70472
BLOCK18/SES180/SA180S13	SES180	0.145475	1.83602	1.69054
BLOCK18/SES180/SA180S15	SES180	0.217054	1.84682	1.62977
BLOCK18/SES180/SA180S24	SES180	1.15565	2.65298	1.49732
BLOCK18/SES180/SA180S26	SES180	1.03376	2.14041	1.10665
BLOCK18/SES180/SA180S29	SES180	0.0575142	2.50541	2.4479
BLOCK18/SES183/SA183S13	SES183	0.64712	2.13541	1.48829
BLOCK18/SES183/SA183S14	SES183	0.485422	1.9605	1.47508
BLOCK18/SES183/SA183S24	SES183	1.08544	1.58433	0.498888
BLOCK18/SES183/SA183S27	SES183	0.683084	2.20161	1.51853
BLOCK18/SES183/SA183S29	SES183	0.843767	2.33703	1.49326
BLOCK18/SES187/SA187S13	SES187	0.0196276	1.55801	1.53838
BLOCK18/SES187/SA187S14	SES187	0.362759	1.3898	1.02704
BLOCK18/SES187/SA187S24	SES187	0.537967	1.37521	0.837242
BLOCK18/SES187/SA187S27	SES187	0.481232	1.50276	1.02153
BLOCK18/SES187/SA187S29	SES187	0.452896	1.32561	0.872711
BLOCK18/SES189/SA189S10	SES189	0.691599	1.81824	1.12664
BLOCK18/SES189/SA189S13	SES189	0.518032	1.23048	0.712452
BLOCK18/SES189/SA189S24	SES189	1.09261	2.69149	1.59888
BLOCK18/SES189/SA189S26	SES189	0.383075	2.72595	2.34287
BLOCK18/SES189/SA189S29	SES189	0.872289	2.78414	1.91185
BLOCK20/SES202/SA202S12	SES202	0.676957	3.37724	2.70028
BLOCK20/SES202/SA202S14	SES202	0.962309	3.01518	2.05287
BLOCK20/SES202/SA202S24	SES202	0.456327	2.6573	2.20097
BLOCK20/SES202/SA202S27	SES202	0.85324	3.54861	2.69536
BLOCK20/SES202/SA202S29	SES202	0.871057	3.45404	2.58299
BLOCK20/SES206/SA206S15	SES206	0.0822626	2.00896	1.9267
BLOCK20/SES206/SA206S17	SES206	0.815911	2.31738	1.50147
BLOCK20/SES206/SA206S24	SES206	1.17115	2.92134	1.75019
BLOCK20/SES206/SA206S27	SES206	0.571953	1.28376	0.711804
BLOCK20/SES206/SA206S29	SES206	0.923488	3.11919	2.1957
BLOCK22/SES226/SA226S12	SES226	-0.0138775	1.40095	1.41483
BLOCK22/SES226/SA226S13	SES226	0.168619	2.02009	1.85148
BLOCK22/SES226/SA226S20	SES226	0.645555	1.98122	1.33567
BLOCK22/SES226/SA226S23	SES226	0.572797	2.05816	1.48536
BLOCK22/SES226/SA226S28	SES226	0.744901	2.9372	2.1923
BLOCK25/SES259/SA259S13	SES259	0.930566	2.56877	1.6382
BLOCK25/SES259/SA259S14	SES259	0.486081	2.61247	2.12638
BLOCK25/SES259/SA259S22	SES259	1.08234	3.33965	2.25731
BLOCK25/SES259/SA259S24	SES259	0.672552	3.1556	2.48305
BLOCK25/SES259/SA259S28	SES259	0.772752	2.67886	1.90611
BLOCK27/SES270/SA270S14	SES270	1.34735	0.783255	-0.564098
BLOCK27/SES270/SA270S16	SES270	-0.0534624	1.30544	1.3589
BLOCK27/SES270/SA270S22	SES270	0.777245	0.918099	0.140854
BLOCK27/SES270/SA270S26	SES270	0.65942	1.25252	0.593096
BLOCK27/SES270/SA270S28	SES270	0.339417	0.712165	0.372748
BLOCK27/SES275/SA275S17	SES275	0.44496	2.72107	2.27611
BLOCK27/SES275/SA275S18	SES275	0.0961969	1.43452	1.33833
BLOCK27/SES275/SA275S24	SES275	0.260576	1.31322	1.05264
BLOCK27/SES275/SA275S26	SES275	0.595216	2.46698	1.87177
BLOCK27/SES275/SA275S28	SES275	0.314008	1.76271	1.44871
BLOCK29/SES292/SA292S10	SES292	0.0434003	2.63117	2.58777
BLOCK29/SES292/SA292S12	SES292	0.132064	0.931034	0.79897
BLOCK29/SES292/SA292S22	SES292	0.143194	2.10354	1.96034
BLOCK29/SES292/SA292S24	SES292	0.112733	2.02199	1.90926
BLOCK29/SES292/SA292S27	SES292	0.0714018	1.74359	1.67218
BLOCK00/SES001/SA001S14	SES062	-0.676325	2.00421	2.68053
BLOCK00/SES001/SA001S14	SES082	-0.455307	2.22522	2.68053
BLOCK00/SES001/SA001S14	SES106	-0.416353	2.26418	2.68053
BLOCK00/SES001/SA001S14	SES206	-0.536614	2.14392	2.68053
BLOCK00/SES001/SA001S15	SES062	-0.405323	2.84123	3.24655
BLOCK00/SES001/SA001S15	SES104	-0.47358	2.77297	3.24655
BLOCK00/SES001/SA001S15	SES106	-0.411571	2.83498	3.24655
BLOCK00/SES001/SA001S15	SES206	-0.282278	2.96428	3.24655
BLOCK00/SES001/SA001S24	SES062	-0.454061	2.20321	2.65727
BLOCK00/SES001/SA001S24	SES082	-0.208347	2.44892	2.65727
BLOCK00/SES001/SA001S24	SES087	-0.514641	2.14263	2.65727
BLOCK00/SES001/SA001S24	SES206	-0.457576	2.19969	2.65727
BLOCK00/SES001/SA001S27	SES062	-0.651452	2.61355	3.265
BLOCK00/SES001/SA001S27	SES082	-0.0595284	3.20547	3.265
BLOCK00/SES001/SA001S27	SES087	0.188656	3.45366	3.265
BLOCK00/SES001/SA001S27	SES206	0.161093	3.4261	3.265
BLOCK00/SES001/SA001S29	SES062	-0.414049	1.99644	2.41049
BLOCK00/SES001/SA001S29	SES082	-0.240416	2.17007	2.41049
BLOCK00/SES001/SA001S29	SES158	-0.266125	2.14436	2.41049
BLOCK00/SES001/SA001S29	SES206	-0.304624	2.10586	2.41049
BLOCK00/SES003/SA003S11	SES002	0.227016	1.1886	0.961584
BLOCK00/SES003/SA003S11	SES019	-0.401886	0.559698	0.961584
BLOCK00/SES003/SA003S11	SES082	-0.559998	0.401586	0.961584
BLOCK00/SES003/SA003S11	SES125	-0.357392	0.604192	0.961584
BLOCK00/SES003/SA003S15	SES016	-0.779309	0.99055	1.76986
BLOCK00/SES003/SA003S15	SES019	0.374915	2.14477	1.76986
BLOCK00/SES003/SA003S15	SES062	-0.333431	1.43643	1.76986
BLOCK00/SES003/SA003S15	SES206	0.31058	2.08044	1.76986
BLOCK00/SES003/SA003S22	SES002	0.110562	1.64607	1.53551
BLOCK00/SES003/SA003S22	SES062	-0.0888549	1.44666	1.53551
BLOCK00/SES003/SA003S22	SES082	-0.729421	0.806089	1.53551
BLOCK00/SES003/SA003S22	SES087	-0.930308	0.605202	1.53551
BLOCK00/SES003/SA003S25	SES062	-0.62398	0.456527	1.08051
BLOCK00/SES003/SA003S25	SES082	-0.33932	0.741187	1.08051
BLOCK00/SES003/SA003S25	SES087	-0.55166	0.528847	1.08051
BLOCK00/SES003/SA003S25	SES206	-0.369621	0.710886	1.08051
BLOCK00/SES003/SA003S29	SES002	-0.574352	1.22999	1.80435
BLOCK00/SES003/SA003S29	SES062	-0.140463	1.66388	1.80435
BLOCK00/SES003/SA003S29	SES082	-0.276771	1.52757	1.80435
BLOCK00/SES003/SA003S29	SES087	-0.442582	1.36176	1.80435
BLOCK00/SES004/SA004S12	SES083	-0.147986	1.79632	1.9443
BLOCK00/SES004/SA004S12	SES148	-0.44164	1.50266	1.9443
BLOCK00/SES004/SA004S12	SES172	0.114632	2.05893	1.9443
BLOCK00/SES004/SA004S12	SES292	-0.261423	1.68288	1.9443
BLOCK00/SES004/SA004S17	SES083	-0.204297	2.0932	2.29749
BLOCK00/SES004/SA004S17	SES162	0.147046	2.44454	2.29749
BLOCK00/SES004/SA004S17	SES172	0.0126269	2.31012	2.29749
BLOCK00/SES004/SA004S17	SES292	-0.168098	2.12939	2.29749
BLOCK00/SES004/SA004S24	SES083	-0.11906	1.98749	2.10655
BLOCK00/SES004/SA004S24	SES148	-0.308064	1.79848	2.10655
BLOCK00/SES004/SA004S24	SES172	0.0103168	2.11686	2.10655
BLOCK00/SES004/SA004S24	SES292	-0.0318048	2.07474	2.10655
BLOCK00/SES004/SA004S26	SES083	0.0391836	1.72885	1.68967
BLOCK00/SES004/SA004S26	SES127	0.438369	2.12804	1.68967
BLOCK00/SES004/SA004S26	SES148	-0.767428	0.922243	1.68967
BLOCK00/SES004/SA004S26	SES292	-0.240874	1.4488	1.68967
BLOCK00/SES004/SA004S28	SES083	-0.0302116	1.28209	1.3123
BLOCK00/SES004/SA004S28	SES127	-0.122805	1.1895	1.3123
BLOCK00/SES004/SA004S28	SES187	0.0990859	1.41139	1.3123
BLOCK00/SES004/SA004S28	SES292	-0.345141	0.96716	1.3123
BLOCK00/SES006/SA006S10	SES014	-0.029372	0.00645691	0.0358289
BLOCK00/SES006/SA006S10	SES158	0.0809606	0.11679	0.0358289
BLOCK00/SES006/SA006S10	SES226	-0.666725	-0.630896	0.0358289
BLOCK00/SES006/SA006S10	SES270	0.0553213	0.0911502	0.0358289
BLOCK00/SES006/SA006S11	SES158	-0.278719	0.692972	0.971691
BLOCK00/SES006/SA006S11	SES226	-0.414343	0.557348	0.971691
BLOCK00/SES006/SA006S11	SES270	-0.00306123	0.968629	0.971691
BLOCK00/SES006/SA006S11	SES275	-0.710667	0.261024	0.971691
BLOCK00/SES006/SA006S23	SES062	-0.749256	0.957591	1.70685
BLOCK00/SES006/SA006S23	SES105	-1.23972	0.467131	1.70685
BLOCK00/SES006/SA006S23	SES158	-0.493759	1.21309	1.70685
BLOCK00/SES006/SA006S23	SES275	-0.420497	1.28635	1.70685
BLOCK00/SES006/SA006S26	SES104	-0.454751	1.20149	1.65624
BLOCK00/SES006/SA006S26	SES158	-0.0205323	1.63571	1.65624
BLOCK00/SES006/SA006S26	SES270	-0.0912765	1.56497	1.65624
BLOCK00/SES006/SA006S26	SES275	-0.860704	0.79554	1.65624
BLOCK00/SES006/SA006S28	SES007	-0.295237	-0.135277	0.15996
BLOCK00/SES006/SA006S28	SES105	-0.76795	-0.60799	0.15996
BLOCK00/SES006/SA006S28	SES158	-0.675782	-0.515822	0.15996
BLOCK00/SES006/SA006S28	SES275	-0.315271	-0.155311	0.15996
BLOCK00/SES009/SA009S12	SES083	-0.461662	1.96593	2.4276
BLOCK00/SES009/SA009S12	SES148	-0.3515	2.0761	2.4276
BLOCK00/SES009/SA009S12	SES177	-0.24446	2.18314	2.4276
BLOCK00/SES009/SA009S12	SES292	-0.0306938	2.3969	2.4276
BLOCK00/SES009/SA009S15	SES007	0.34004	2.90642	2.56638
BLOCK00/SES009/SA009S15	SES099	-0.770817	1.79556	2.56638
BLOCK00/SES009/SA009S15	SES148	-0.194066	2.37231	2.56638
BLOCK00/SES009/SA009S15	SES172	-0.0192952	2.54708	2.56638
BLOCK00/SES009/SA009S24	SES146	-0.682564	1.45809	2.14066
BLOCK00/SES009/SA009S24	SES148	-0.47991	1.66075	2.14066
BLOCK00/SES009/SA009S24	SES177	0.00874257	2.1494	2.14066
BLOCK00/SES009/SA009S24	SES292	-0.101802	2.03886	2.14066
BLOCK00/SES009/SA009S26	SES083	-0.511994	1.47087	1.98286
BLOCK00/SES009/SA009S26	SES101	-0.841046	1.14182	1.98286
BLOCK00/SES009/SA009S26	SES120	-0.225768	1.75709	1.98286
BLOCK00/SES009/SA009S26	SES177	-0.273173	1.70969	1.98286
BLOCK00/SES009/SA009S29	SES083	-0.297063	2.41966	2.71673
BLOCK00/SES009/SA009S29	SES101	-0.40869	2.30804	2.71673
BLOCK00/SES009/SA009S29	SES177	-0.110525	2.6062	2.71673
BLOCK00/SES009/SA009S29	SES292	0.197051	2.91378	2.71673
BLOCK01/SES011/SA011S10	SES019	0.0637048	0.863967	0.800262
BLOCK01/SES011/SA011S10	SES042	0.7317	1.53196	0.800262
BLOCK01/SES011/SA011S10	SES082	-0.543681	0.256581	0.800262
BLOCK01/SES011/SA011S10	SES206	0.519517	1.31978	0.800262
BLOCK01/SES011/SA011S11	SES019	-0.992944	0.227328	1.22027
BLOCK01/SES011/SA011S11	SES042	0.365886	1.58616	1.22027
BLOCK01/SES011/SA011S11	SES082	-0.715021	0.505251	1.22027
BLOCK01/SES011/SA011S11	SES206	-0.0715182	1.14875	1.22027
BLOCK01/SES011/SA011S22	SES019	-0.0942268	1.44633	1.54056
BLOCK01/SES011/SA011S22	SES042	0.654046	2.1946	1.54056
BLOCK01/SES011/SA011S22	SES082	-0.20036	1.3402	1.54056
BLOCK01/SES011/SA011S22	SES206	0.234201	1.77476	1.54056
BLOCK01/SES011/SA011S24	SES019	0.0432901	1.93664	1.89335
BLOCK01/SES011/SA011S24	SES042	0.824107	2.71745	1.89335
BLOCK01/SES011/SA011S24	SES104	0.465548	2.35889	1.89335
BLOCK01/SES011/SA011S24	SES206	0.667819	2.56116	1.89335
BLOCK01/SES011/SA011S27	SES082	-0.16154	1.3803	1.54184
BLOCK01/SES011/SA011S27	SES087	-0.316972	1.22487	1.54184
BLOCK01/SES011/SA011S27	SES125	0.321257	1.8631	1.54184
BLOCK01/SES011/SA011S27	SES206	0.122028	1.66387	1.54184
BLOCK01/SES012/SA012S11	SES007	-0.132015	2.20994	2.34196
BLOCK01/SES012/SA012S11	SES082	-0.198798	2.14316	2.34196
BLOCK01/SES012/SA012S11	SES083	-0.233158	2.1088	2.34196
BLOCK01/SES012/SA012S11	SES206	-0.212364	2.1296	2.34196
BLOCK01/SES012/SA012S14	SES082	0.190001	2.18338	1.99338
BLOCK01/SES012/SA012S14	SES087	0.0174547	2.01083	1.99338
BLOCK01/SES012/SA012S14	SES206	0.128188	2.12157	1.99338
BLOCK01/SES012/SA012S14	SES292	-0.234232	1.75915	1.99338
BLOCK01/SES012/SA012S24	SES082	0.203271	1.44386	1.24059
BLOCK01/SES012/SA012S24	SES087	-0.717815	0.522772	1.24059
BLOCK01/SES012/SA012S24	SES120	-0.558957	0.68163	1.24059
BLOCK01/SES012/SA012S24	SES206	-0.426304	0.814284	1.24059
BLOCK01/SES012/SA012S26	SES019	-0.856112	0.964981	1.82109
BLOCK01/SES012/SA012S26	SES082	-0.177831	1.64326	1.82109
BLOCK01/SES012/SA012S26	SES206	-0.0558097	1.76528	1.82109
BLOCK01/SES012/SA012S26	SES292	-0.0917715	1.72932	1.82109
BLOCK01/SES012/SA012S29	SES062	-0.27346	1.13803	1.41149
BLOCK01/SES012/SA012S29	SES082	-0.0339717	1.37752	1.41149
BLOCK01/SES012/SA012S29	SES083	-0.531295	0.8802	1.41149
BLOCK01/SES012/SA012S29	SES206	0.0322459	1.44374	1.41149
BLOCK01/SES013/SA013S16	SES062	-0.656777	0.517554	1.17433
BLOCK01/SES013/SA013S16	SES106	0.0122223	1.18655	1.17433
BLOCK01/SES013/SA013S16	SES206	-0.108174	1.06616	1.17433
BLOCK01/SES013/SA013S16	SES226	-0.184553	0.989778	1.17433
BLOCK01/SES013/SA013S17	SES062	-0.591428	1.40326	1.99469
BLOCK01/SES013/SA013S17	SES106	0.0291884	2.02387	1.99469
BLOCK01/SES013/SA013S17	SES206	0.0265329	2.02122	1.99469
BLOCK01/SES013/SA013S17	SES226	-0.00163102	1.99305	1.99469
BLOCK01/SES013/SA013S23	SES104	-0.00498986	0.786092	0.791082
BLOCK01/SES013/SA013S23	SES106	0.164298	0.95538	0.791082
BLOCK01/SES013/SA013S23	SES206	-0.0263136	0.764768	0.791082
BLOCK01/SES013/SA013S23	SES270	0.0759206	0.867003	0.791082
BLOCK01/SES013/SA013S25	SES042	-0.217624	1.35378	1.57141
BLOCK01/SES013/SA013S25	SES104	0.170253	1.74166	1.57141
BLOCK01/SES013/SA013S25	SES106	0.484681	2.05609	1.57141
BLOCK01/SES013/SA013S25	SES206	-0.15275	1.41866	1.57141
BLOCK01/SES013/SA013S29	SES062	-0.747101	0.553594	1.30069
BLOCK01/SES013/SA013S29	SES104	-0.0684241	1.23227	1.30069
BLOCK01/SES013/SA013S29	SES106	0.175059	1.47575	1.30069
BLOCK01/SES013/SA013S29	SES206	-0.318019	0.982675	1.30069
BLOCK02/SES021/SA021S13	SES016	-0.473514	1.29221	1.76572
BLOCK02/SES021/SA021S13	SES029	0.212849	1.97857	1.76572
BLOCK02/SES021/SA021S13	SES087	-0.00706184	1.75866	1.76572
BLOCK02/SES021/SA021S13	SES206	0.209786	1.97551	1.76572
BLOCK02/SES021/SA021S15	SES087	0.119583	2.45764	2.33806
BLOCK02/SES021/SA021S15	SES125	-0.116367	2.22169	2.33806
BLOCK02/SES021/SA021S15	SES206	0.436636	2.7747	2.33806
BLOCK02/SES021/SA021S15	SES226	-0.140235	2.19782	2.33806
BLOCK02/SES021/SA021S23	SES062	-0.555152	0.372749	0.927901
BLOCK02/SES021/SA021S23	SES087	-0.158976	0.768926	0.927901
BLOCK02/SES021/SA021S23	SES206	-0.0705649	0.857337	0.927901
BLOCK02/SES021/SA021S23	SES226	-0.240419	0.687482	0.927901
BLOCK02/SES021/SA021S27	SES002	-0.296814	1.71309	2.0099
BLOCK02/SES021/SA021S27	SES016	-1.66065	0.349247	2.0099
BLOCK02/SES021/SA021S27	SES019	-0.237189	1.77271	2.0099
BLOCK02/SES021/SA021S27	SES062	-0.331108	1.67879	2.0099
BLOCK02/SES021/SA021S29	SES087	-0.250829	1.10262	1.35345
BLOCK02/SES021/SA021S29	SES125	-0.141621	1.21183	1.35345
BLOCK02/SES021/SA021S29	SES206	-0.040566	1.31288	1.35345
BLOCK02/SES021/SA021S29	SES226	-0.510275	0.843173	1.35345
BLOCK04/SES043/SA043S09	SES083	0.0499753	1.85968	1.80971
BLOCK04/SES043/SA043S09	SES101	-0.155141	1.65457	1.80971
BLOCK04/SES043/SA043S09	SES144	0.13017	1.93988	1.80971
BLOCK04/SES043/SA043S09	SES172	-0.0287362	1.78097	1.80971
BLOCK04/SES043/SA043S11	SES083	0.0372381	2.53241	2.49517
BLOCK04/SES043/SA043S11	SES101	-0.00974607	2.48543	2.49517
BLOCK04/SES043/SA043S11	SES144	0.392866	2.88804	2.49517
BLOCK04/SES043/SA043S11	SES172	0.137559	2.63273	2.49517
BLOCK04/SES043/SA043S23	SES083	0.131639	2.40259	2.27096
BLOCK04/SES043/SA043S23	SES144	0.369045	2.64	2.27096
BLOCK04/SES043/SA043S23	SES177	-0.0615599	2.2094	2.27096
BLOCK04/SES043/SA043S23	SES275	0.207418	2.47837	2.27096
BLOCK04/SES043/SA043S26	SES083	0.241028	2.56097	2.31995
BLOCK04/SES043/SA043S26	SES101	-0.13236	2.18759	2.31995
BLOCK04/SES043/SA043S26	SES144	0.523733	2.84368	2.31995
BLOCK04/SES043/SA043S26	SES177	0.0795474	2.39949	2.31995
BLOCK04/SES043/SA043S28	SES016	-0.455795	1.81271	2.2685
BLOCK04/SES043/SA043S28	SES083	0.238631	2.50713	2.2685
BLOCK04/SES043/SA043S28	SES101	0.280273	2.54878	2.2685
BLOCK04/SES043/SA043S28	SES144	0.290454	2.55896	2.2685
BLOCK04/SES044/SA044S10	SES127	-0.085484	1.5282	1.61369
BLOCK04/SES044/SA044S10	SES144	0.0970631	1.71075	1.61369
BLOCK04/SES044/SA044S10	SES147	-0.678262	0.935426	1.61369
BLOCK04/SES044/SA044S10	SES148	-0.678728	0.93496	1.61369
BLOCK04/SES044/SA044S11	SES101	-0.227579	1.61959	1.84716
BLOCK04/SES044/SA044S11	SES144	-0.0981787	1.74899	1.84716
BLOCK04/SES044/SA044S11	SES147	-0.414327	1.43284	1.84716
BLOCK04/SES044/SA044S11	SES177	-0.644886	1.20228	1.84716
BLOCK04/SES044/SA044S24	SES007	-0.46352	1.37388	1.8374
BLOCK04/SES044/SA044S24	SES101	0.113278	1.95068	1.8374
BLOCK04/SES044/SA044S24	SES147	-0.424674	1.41272	1.8374
BLOCK04/SES044/SA044S24	SES177	-0.227816	1.60958	1.8374
BLOCK04/SES044/SA044S26	SES007	-0.167456	1.70775	1.8752
BLOCK04/SES044/SA044S26	SES016	-0.00277197	1.87243	1.8752
BLOCK04/SES044/SA044S26	SES101	0.666865	2.54207	1.8752
BLOCK04/SES044/SA044S26	SES147	0.206158	2.08136	1.8752
BLOCK04/SES044/SA044S29	SES007	-0.23512	2.46327	2.69839
BLOCK04/SES044/SA044S29	SES101	0.367033	3.06542	2.69839
BLOCK04/SES044/SA044S29	SES147	-0.275358	2.42303	2.69839
BLOCK04/SES044/SA044S29	SES177	-0.183803	2.51458	2.69839
BLOCK04/SES046/SA046S13	SES101	-0.178813	1.33996	1.51877
BLOCK04/SES046/SA046S13	SES144	0.0530003	1.57177	1.51877
BLOCK04/SES046/SA046S13	SES147	-0.863739	0.655029	1.51877
BLOCK04/SES046/SA046S13	SES177	-0.324666	1.1941	1.51877
BLOCK04/SES046/SA046S15	SES048	-0.0785708	2.34072	2.41929
BLOCK04/SES046/SA046S15	SES083	0.196005	2.6153	2.41929
BLOCK04/SES046/SA046S15	SES120	-0.849697	1.5696	2.41929
BLOCK04/SES046/SA046S15	SES148	-0.54589	1.8734	2.41929
BLOCK04/SES046/SA046S22	SES101	-0.0424744	1.51642	1.55889
BLOCK04/SES046/SA046S22	SES144	0.0539552	1.61285	1.55889
BLOCK04/SES046/SA046S22	SES147	-0.25915	1.29974	1.55889
BLOCK04/SES046/SA046S22	SES172	0.311491	1.87038	1.55889
BLOCK04/SES046/SA046S25	SES083	-0.029139	2.24324	2.27238
BLOCK04/SES046/SA046S25	SES127	-0.100779	2.1716	2.27238
BLOCK04/SES046/SA046S25	SES144	0.110915	2.38329	2.27238
BLOCK04/SES046/SA046S25	SES148	0.0860751	2.35845	2.27238
BLOCK04/SES046/SA046S28	SES007	-0.0337238	2.27696	2.31068
BLOCK04/SES046/SA046S28	SES105	0.0697172	2.3804	2.31068
BLOCK04/SES046/SA046S28	SES147	-0.520824	1.78986	2.31068
BLOCK04/SES046/SA046S28	SES148	0.269764	2.58045	2.31068
BLOCK04/SES049/SA049S16	SES104	0.695533	0.543707	-0.151826
BLOCK04/SES049/SA049S16	SES106	-0.0788483	-0.230674	-0.151826
BLOCK04/SES049/SA049S16	SES120	0.128823	-0.0230032	-0.151826
BLOCK04/SES049/SA049S16	SES206	0.0187644	-0.133062	-0.151826
BLOCK04/SES049/SA049S18	SES099	-0.366231	0.324317	0.690548
BLOCK04/SES049/SA049S18	SES104	-0.988316	-0.297769	0.690548
BLOCK04/SES049/SA049S18	SES125	-1.90666	-1.21611	0.690548
BLOCK04/SES049/SA049S18	SES206	-0.744064	-0.0535168	0.690548
BLOCK04/SES049/SA049S25	SES087	-0.587169	0.0730113	0.66018
BLOCK04/SES049/SA049S25	SES104	-0.633786	0.0263941	0.66018
BLOCK04/SES049/SA049S25	SES125	-1.60019	-0.940007	0.66018
BLOCK04/SES049/SA049S25	SES206	-0.761014	-0.100834	0.66018
BLOCK04/SES049/SA049S27	SES099	-0.180542	0.953478	1.13402
BLOCK04/SES049/SA049S27	SES104	0.391424	1.52544	1.13402
BLOCK04/SES049/SA049S27	SES125	-1.05994	0.0740783	1.13402
BLOCK04/SES049/SA049S27	SES206	0.19291	1.32693	1.13402
BLOCK04/SES049/SA049S29	SES099	-0.237309	1.17323	1.41053
BLOCK04/SES049/SA049S29	SES104	-0.139462	1.27107	1.41053
BLOCK04/SES049/SA049S29	SES125	-0.657396	0.753138	1.41053
BLOCK04/SES049/SA049S29	SES206	-0.46274	0.947794	1.41053
BLOCK06/SES063/SA063S09	SES068	-1.44437	1.56654	3.01091
BLOCK06/SES063/SA063S09	SES083	0.183736	3.19465	3.01091
BLOCK06/SES063/SA063S09	SES177	-0.583436	2.42748	3.01091
BLOCK06/SES063/SA063S09	SES187	-0.225003	2.78591	3.01091
BLOCK06/SES063/SA063S10	SES068	-1.31595	1.64334	2.95929
BLOCK06/SES063/SA063S10	SES083	0.051039	3.01033	2.95929
BLOCK06/SES063/SA063S10	SES172	-0.0255973	2.93369	2.95929
BLOCK06/SES063/SA063S10	SES187	-0.367859	2.59143	2.95929
BLOCK06/SES063/SA063S20	SES068	-1.04263	1.36709	2.40972
BLOCK06/SES063/SA063S20	SES083	0.115444	2.52516	2.40972
BLOCK06/SES063/SA063S20	SES172	0.0789878	2.48871	2.40972
BLOCK06/SES063/SA063S20	SES187	-0.0141411	2.39558	2.40972
BLOCK06/SES063/SA063S24	SES029	-0.582966	1.64402	2.22699
BLOCK06/SES063/SA063S24	SES083	0.162819	2.38981	2.22699
BLOCK06/SES063/SA063S24	SES177	0.410792	2.63778	2.22699
BLOCK06/SES063/SA063S24	SES189	0.895083	3.12207	2.22699
BLOCK06/SES063/SA063S27	SES083	0.0893116	2.63024	2.54093
BLOCK06/SES063/SA063S27	SES172	0.176817	2.71775	2.54093
BLOCK06/SES063/SA063S27	SES187	-0.195924	2.34501	2.54093
BLOCK06/SES063/SA063S27	SES292	0.149291	2.69022	2.54093
BLOCK06/SES067/SA067S12	SES083	0.196939	3.63519	3.43825
BLOCK06/SES067/SA067S12	SES172	-0.298059	3.14019	3.43825
BLOCK06/SES067/SA067S12	SES202	0.448836	3.88709	3.43825
BLOCK06/SES067/SA067S12	SES292	-0.310199	3.12805	3.43825
BLOCK06/SES067/SA067S14	SES085	0.195992	3.91585	3.71986
BLOCK06/SES067/SA067S14	SES177	0.177868	3.89772	3.71986
BLOCK06/SES067/SA067S14	SES183	0.825628	4.54548	3.71986
BLOCK06/SES067/SA067S14	SES202	0.415773	4.13563	3.71986
BLOCK06/SES067/SA067S21	SES144	-0.0743608	2.96533	3.03969
BLOCK06/SES067/SA067S21	SES177	-0.117475	2.92222	3.03969
BLOCK06/SES067/SA067S21	SES183	-0.278408	2.76129	3.03969
BLOCK06/SES067/SA067S21	SES189	-0.589687	2.45001	3.03969
BLOCK06/SES067/SA067S25	SES085	-0.147399	2.8772	3.0246
BLOCK06/SES067/SA067S25	SES177	-0.149857	2.87475	3.0246
BLOCK06/SES067/SA067S25	SES183	0.318947	3.34355	3.0246
BLOCK06/SES067/SA067S25	SES202	0.0333471	3.05795	3.0246
BLOCK06/SES067/SA067S29	SES085	0.00465369	3.27777	3.27311
BLOCK06/SES067/SA067S29	SES177	-0.098515	3.1746	3.27311
BLOCK06/SES067/SA067S29	SES183	0.27917	3.55228	3.27311
BLOCK06/SES067/SA067S29	SES202	0.432288	3.7054	3.27311
BLOCK06/SES069/SA069S12	SES029	-0.291716	1.30162	1.59333
BLOCK06/SES069/SA069S12	SES082	-0.0868101	1.50652	1.59333
BLOCK06/SES069/SA069S12	SES087	0.000989914	1.59432	1.59333
BLOCK06/SES069/SA069S12	SES206	0.259563	1.8529	1.59333
BLOCK06/SES069/SA069S13	SES029	-0.410578	1.39362	1.80419
BLOCK06/SES069/SA069S13	SES087	0.1357	1.93989	1.80419
BLOCK06/SES069/SA069S13	SES206	0.209243	2.01344	1.80419
BLOCK06/SES069/SA069S13	SES226	0.19697	2.00116	1.80419
BLOCK06/SES069/SA069S23	SES029	-0.369087	1.64238	2.01146
BLOCK06/SES069/SA069S23	SES087	0.489011	2.50047	2.01146
BLOCK06/SES069/SA069S23	SES206	0.418943	2.43041	2.01146
BLOCK06/SES069/SA069S23	SES226	0.667251	2.67871	2.01146
BLOCK06/SES069/SA069S25	SES087	0.19425	2.99185	2.7976
BLOCK06/SES069/SA069S25	SES206	0.0270841	2.82468	2.7976
BLOCK06/SES069/SA069S25	SES226	0.325149	3.12275	2.7976
BLOCK06/SES069/SA069S25	SES270	-0.39354	2.40406	2.7976
BLOCK06/SES069/SA069S27	SES087	-0.0459485	2.10325	2.1492
BLOCK06/SES069/SA069S27	SES206	0.49368	2.64288	2.1492
BLOCK06/SES069/SA069S27	SES226	0.511689	2.66089	2.1492
BLOCK06/SES069/SA069S27	SES270	-0.342938	1.80626	2.1492
BLOCK08/SES081/SA081S11	SES060	-0.413323	0.940291	1.35361
BLOCK08/SES081/SA081S11	SES062	-0.177037	1.17658	1.35361
BLOCK08/SES081/SA081S11	SES117	-0.807823	0.545791	1.35361
BLOCK08/SES081/SA081S11	SES162	-0.369152	0.984462	1.35361
BLOCK08/SES081/SA081S13	SES016	-0.413132	2.37957	2.7927
BLOCK08/SES081/SA081S13	SES060	0.557334	3.35004	2.7927
BLOCK08/SES081/SA081S13	SES068	0.0993912	2.8921	2.7927
BLOCK08/SES081/SA081S13	SES129	0.00213933	2.79484	2.7927
BLOCK08/SES081/SA081S24	SES060	0.283576	2.63725	2.35368
BLOCK08/SES081/SA081S24	SES068	0.0486073	2.40228	2.35368
BLOCK08/SES081/SA081S24	SES117	-0.832666	1.52101	2.35368
BLOCK08/SES081/SA081S24	SES275	0.180298	2.53397	2.35368
BLOCK08/SES081/SA081S27	SES007	0.0967194	1.88445	1.78773
BLOCK08/SES081/SA081S27	SES060	-0.33832	1.44941	1.78773
BLOCK08/SES081/SA081S27	SES117	-0.0881573	1.69957	1.78773
BLOCK08/SES081/SA081S27	SES275	0.252295	2.04002	1.78773
BLOCK08/SES081/SA081S29	SES007	0.123847	1.79843	1.67458
BLOCK08/SES081/SA081S29	SES060	0.185682	1.86026	1.67458
BLOCK08/SES081/SA081S29	SES117	-0.108101	1.56648	1.67458
BLOCK08/SES081/SA081S29	SES275	-0.0445447	1.63004	1.67458
BLOCK08/SES086/SA086S11	SES029	-0.710587	0.47053	1.18112
BLOCK08/SES086/SA086S11	SES082	-0.246825	0.934291	1.18112
BLOCK08/SES086/SA086S11	SES087	0.111468	1.29258	1.18112
BLOCK08/SES086/SA086S11	SES206	-0.311756	0.869361	1.18112
BLOCK08/SES086/SA086S12	SES029	-0.544858	0.571691	1.11655
BLOCK08/SES086/SA086S12	SES082	-0.0985016	1.01805	1.11655
BLOCK08/SES086/SA086S12	SES087	0.291648	1.4082	1.11655
BLOCK08/SES086/SA086S12	SES206	-0.0229864	1.09356	1.11655
BLOCK08/SES086/SA086S20	SES029	-0.432234	1.86003	2.29226
BLOCK08/SES086/SA086S20	SES082	-0.227952	2.06431	2.29226
BLOCK08/SES086/SA086S20	SES087	0.397178	2.68944	2.29226
BLOCK08/SES086/SA086S20	SES206	0.4358	2.72806	2.29226
BLOCK08/SES086/SA086S24	SES087	0.121985	1.00419	0.88221
BLOCK08/SES086/SA086S24	SES104	-0.159718	0.722492	0.88221
BLOCK08/SES086/SA086S24	SES120	-0.123556	0.758654	0.88221
BLOCK08/SES086/SA086S24	SES206	0.100814	0.983024	0.88221
BLOCK08/SES086/SA086S28	SES029	-0.530627	1.43382	1.96445
BLOCK08/SES086/SA086S28	SES082	-0.147157	1.81729	1.96445
BLOCK08/SES086/SA086S28	SES087	0.357298	2.32174	1.96445
BLOCK08/SES086/SA086S28	SES206	0.232939	2.19738	1.96445
BLOCK08/SES089/SA089S13	SES087	-0.42116	1.04877	1.46993
BLOCK08/SES089/SA089S13	SES206	-0.335719	1.13421	1.46993
BLOCK08/SES089/SA089S13	SES226	-0.362015	1.10792	1.46993
BLOCK08/SES089/SA089S13	SES270	-0.671707	0.798224	1.46993
BLOCK08/SES089/SA089S14	SES062	-0.538395	1.76606	2.30446
BLOCK08/SES089/SA089S14	SES087	0.316361	2.62082	2.30446
BLOCK08/SES089/SA089S14	SES206	0.307085	2.61154	2.30446
BLOCK08/SES089/SA089S14	SES226	-0.0344722	2.26999	2.30446
BLOCK08/SES089/SA089S23	SES087	0.194513	0.878904	0.684391
BLOCK08/SES089/SA089S23	SES206	0.0936955	0.778086	0.684391
BLOCK08/SES089/SA089S23	SES226	-0.312386	0.372005	0.684391
BLOCK08/SES089/SA089S23	SES270	-0.592615	0.0917758	0.684391
BLOCK08/SES089/SA089S25	SES062	-0.448466	1.13962	1.58809
BLOCK08/SES089/SA089S25	SES087	0.330937	1.91902	1.58809
BLOCK08/SES089/SA089S25	SES206	0.250975	1.83906	1.58809
BLOCK08/SES089/SA089S25	SES226	0.202851	1.79094	1.58809
BLOCK08/SES089/SA089S28	SES062	-0.423591	1.0685	1.49209
BLOCK08/SES089/SA089S28	SES087	0.369645	1.86174	1.49209
BLOCK08/SES089/SA089S28	SES206	0.460841	1.95293	1.49209
BLOCK08/SES089/SA089S28	SES226	0.377182	1.86928	1.49209
BLOCK09/SES097/SA097S11	SES099	0.116551	0.983169	0.866618
BLOCK09/SES097/SA097S11	SES125	-0.958472	-0.0918536	0.866618
BLOCK09/SES097/SA097S11	SES206	-0.740241	0.126377	0.866618
BLOCK09/SES097/SA097S11	SES226	-0.350505	0.516113	0.866618
BLOCK09/SES097/SA097S14	SES062	-0.476629	1.16439	1.64102
BLOCK09/SES097/SA097S14	SES099	-0.0272232	1.61379	1.64102
BLOCK09/SES097/SA097S14	SES104	-0.124574	1.51644	1.64102
BLOCK09/SES097/SA097S14	SES206	-0.412507	1.22851	1.64102
BLOCK09/SES097/SA097S22	SES099	0.507778	1.08067	0.572895
BLOCK09/SES097/SA097S22	SES206	0.15832	0.731215	0.572895
BLOCK09/SES097/SA097S22	SES226	-0.0843281	0.488567	0.572895
BLOCK09/SES097/SA097S22	SES270	0.502575	1.07547	0.572895
BLOCK09/SES097/SA097S26	SES099	0.384331	0.810366	0.426035
BLOCK09/SES097/SA097S26	SES120	-0.178475	0.24756	0.426035
BLOCK09/SES097/SA097S26	SES206	-0.522734	-0.0966989	0.426035
BLOCK09/SES097/SA097S26	SES226	-0.534753	-0.108718	0.426035
BLOCK09/SES097/SA097S28	SES099	0.170312	1.68124	1.51092
BLOCK09/SES097/SA097S28	SES120	-0.236866	1.27406	1.51092
BLOCK09/SES097/SA097S28	SES206	-0.915069	0.595856	1.51092
BLOCK09/SES097/SA097S28	SES226	-0.776187	0.734737	1.51092
BLOCK09/SES098/SA098S11	SES127	-0.296342	1.43955	1.73589
BLOCK09/SES098/SA098S11	SES144	0.0755377	1.81143	1.73589
BLOCK09/SES098/SA098S11	SES147	-0.473226	1.26267	1.73589
BLOCK09/SES098/SA098S11	SES148	-0.91324	0.822651	1.73589
BLOCK09/SES098/SA098S12	SES127	-0.203769	0.204932	0.408701
BLOCK09/SES098/SA098S12	SES144	-0.375524	0.0331766	0.408701
BLOCK09/SES098/SA098S12	SES147	-0.116075	0.292626	0.408701
BLOCK09/SES098/SA098S12	SES189	-0.748594	-0.339894	0.408701
BLOCK09/SES098/SA098S20	SES127	-0.273881	0.961817	1.2357
BLOCK09/SES098/SA098S20	SES147	-0.101189	1.13451	1.2357
BLOCK09/SES098/SA098S20	SES148	-0.690208	0.54549	1.2357
BLOCK09/SES098/SA098S20	SES292	0.144407	1.3801	1.2357
BLOCK09/SES098/SA098S23	SES127	0.0396171	1.66316	1.62354
BLOCK09/SES098/SA098S23	SES147	-0.5675	1.05604	1.62354
BLOCK09/SES098/SA098S23	SES187	-0.0261962	1.59734	1.62354
BLOCK09/SES098/SA098S23	SES292	0.0454882	1.66903	1.62354
BLOCK09/SES098/SA098S27	SES127	-0.346214	0.918167	1.26438
BLOCK09/SES098/SA098S27	SES147	-1.101	0.163381	1.26438
BLOCK09/SES098/SA098S27	SES148	-1.44141	-0.177026	1.26438
BLOCK09/SES098/SA098S27	SES292	-0.0106578	1.25372	1.26438
BLOCK10/SES102/SA102S13	SES101	0.303479	1.89901	1.59553
BLOCK10/SES102/SA102S13	SES105	-0.112735	1.4828	1.59553
BLOCK10/SES102/SA102S13	SES120	-0.329026	1.2665	1.59553
BLOCK10/SES102/SA102S13	SES158	-0.762509	0.833023	1.59553
BLOCK10/SES102/SA102S14	SES007	0.410755	1.91369	1.50293
BLOCK10/SES102/SA102S14	SES101	0.677333	2.18027	1.50293
BLOCK10/SES102/SA102S14	SES105	-0.156926	1.34601	1.50293
BLOCK10/SES102/SA102S14	SES147	0.134515	1.63745	1.50293
BLOCK10/SES102/SA102S22	SES007	-0.298002	1.90231	2.20031
BLOCK10/SES102/SA102S22	SES101	0.50263	2.70294	2.20031
BLOCK10/SES102/SA102S22	SES105	0.0573485	2.25766	2.20031
BLOCK10/SES102/SA102S22	SES158	-0.536108	1.66421	2.20031
BLOCK10/SES102/SA102S25	SES007	0.0144619	1.82852	1.81405
BLOCK10/SES102/SA102S25	SES101	0.322813	2.13687	1.81405
BLOCK10/SES102/SA102S25	SES105	-0.0374115	1.77664	1.81405
BLOCK10/SES102/SA102S25	SES147	-0.326559	1.4875	1.81405
BLOCK10/SES102/SA102S27	SES007	-0.109907	1.44562	1.55553
BLOCK10/SES102/SA102S27	SES101	0.110183	1.66571	1.55553
BLOCK10/SES102/SA102S27	SES105	-0.107025	1.4485	1.55553
BLOCK10/SES102/SA102S27	SES147	-0.522921	1.03261	1.55553
BLOCK10/SES103/SA103S14	SES105	-0.650617	0.12823	0.778848
BLOCK10/SES103/SA103S14	SES106	-0.236557	0.542291	0.778848
BLOCK10/SES103/SA103S14	SES120	-0.772366	0.00648207	0.778848
BLOCK10/SES103/SA103S14	SES206	-0.5537	0.225148	0.778848
BLOCK10/SES103/SA103S15	SES099	-0.285882	0.129352	0.415234
BLOCK10/SES103/SA103S15	SES101	-0.65137	-0.236135	0.415234
BLOCK10/SES103/SA103S15	SES104	-0.76773	-0.352495	0.415234
BLOCK10/SES103/SA103S15	SES125	-0.515342	-0.100108	0.415234
BLOCK10/SES103/SA103S24	SES104	-0.666711	0.586495	1.25321
BLOCK10/SES103/SA103S24	SES125	-0.974873	0.278333	1.25321
BLOCK10/SES103/SA103S24	SES148	-0.229054	1.02415	1.25321
BLOCK10/SES103/SA103S24	SES158	-0.663975	0.589231	1.25321
BLOCK10/SES103/SA103S26	SES104	-0.616115	0.671573	1.28769
BLOCK10/SES103/SA103S26	SES106	-0.367089	0.920598	1.28769
BLOCK10/SES103/SA103S26	SES125	-1.13589	0.151793	1.28769
BLOCK10/SES103/SA103S26	SES148	-0.76133	0.526357	1.28769
BLOCK10/SES103/SA103S28	SES104	-0.310805	0.237453	0.548258
BLOCK10/SES103/SA103S28	SES106	0.13103	0.679288	0.548258
BLOCK10/SES103/SA103S28	SES125	-0.742325	-0.194067	0.548258
BLOCK10/SES103/SA103S28	SES206	-0.856231	-0.307973	0.548258
BLOCK12/SES121/SA121S12	SES042	-0.209505	0.463776	0.673281
BLOCK12/SES121/SA121S12	SES087	-0.298047	0.375234	0.673281
BLOCK12/SES121/SA121S12	SES105	0.142905	0.816186	0.673281
BLOCK12/SES121/SA121S12	SES206	-0.0365024	0.636778	0.673281
BLOCK12/SES121/SA121S14	SES007	-0.431495	-0.456083	-0.0245885
BLOCK12/SES121/SA121S14	SES105	-0.924837	-0.949426	-0.0245885
BLOCK12/SES121/SA121S14	SES106	0.14188	0.117291	-0.0245885
BLOCK12/SES121/SA121S14	SES206	-0.0518058	-0.0763942	-0.0245885
BLOCK12/SES121/SA121S23	SES105	-1.10356	-0.948819	0.154741
BLOCK12/SES121/SA121S23	SES106	0.0769261	0.231667	0.154741
BLOCK12/SES121/SA121S23	SES120	-0.673734	-0.518993	0.154741
BLOCK12/SES121/SA121S23	SES206	0.146907	0.301648	0.154741
BLOCK12/SES121/SA121S25	SES007	-0.286581	-0.431714	-0.145134
BLOCK12/SES121/SA121S25	SES105	-1.36552	-1.51066	-0.145134
BLOCK12/SES121/SA121S25	SES106	0.00853729	-0.136597	-0.145134
BLOCK12/SES121/SA121S25	SES206	0.0448437	-0.10029	-0.145134
BLOCK12/SES121/SA121S27	SES087	0.187386	0.407581	0.220195
BLOCK12/SES121/SA121S27	SES105	-1.60191	-1.38172	0.220195
BLOCK12/SES121/SA121S27	SES120	0.0884987	0.308694	0.220195
BLOCK12/SES121/SA121S27	SES206	0.274562	0.494757	0.220195
BLOCK12/SES124/SA124S16	SES042	0.649456	2.98002	2.33056
BLOCK12/SES124/SA124S16	SES082	-0.442754	1.88781	2.33056
BLOCK12/SES124/SA124S16	SES183	-1.12362	1.20694	2.33056
BLOCK12/SES124/SA124S16	SES206	-0.268745	2.06182	2.33056
BLOCK12/SES124/SA124S17	SES105	-0.2777	1.19004	1.46774
BLOCK12/SES124/SA124S17	SES149	-0.129552	1.33818	1.46774
BLOCK12/SES124/SA124S17	SES158	-0.78671	0.681025	1.46774
BLOCK12/SES124/SA124S17	SES275	-0.386112	1.08162	1.46774
BLOCK12/SES124/SA124S23	SES105	-0.993274	1.75856	2.75183
BLOCK12/SES124/SA124S23	SES125	-0.186074	2.56576	2.75183
BLOCK12/SES124/SA124S23	SES129	-0.441574	2.31026	2.75183
BLOCK12/SES124/SA124S23	SES158	0.134412	2.88624	2.75183
BLOCK12/SES124/SA124S26	SES105	-0.997407	0.627659	1.62507
BLOCK12/SES124/SA124S26	SES125	0.436425	2.06149	1.62507
BLOCK12/SES124/SA124S26	SES129	-0.662901	0.962165	1.62507
BLOCK12/SES124/SA124S26	SES158	-0.0394926	1.58557	1.62507
BLOCK12/SES124/SA124S28	SES104	0.0710807	2.08812	2.01704
BLOCK12/SES124/SA124S28	SES106	0.000826359	2.01786	2.01704
BLOCK12/SES124/SA124S28	SES125	0.390561	2.4076	2.01704
BLOCK12/SES124/SA124S28	SES275	-0.602606	1.41443	2.01704
BLOCK12/SES126/SA126S13	SES007	0.11459	2.10184	1.98725
BLOCK12/SES126/SA126S13	SES162	-0.356346	1.63091	1.98725
BLOCK12/SES126/SA126S13	SES177	-0.175896	1.81136	1.98725
BLOCK12/SES126/SA126S13	SES180	-0.256456	1.7308	1.98725
BLOCK12/SES126/SA126S14	SES144	-0.116812	2.18982	2.30663
BLOCK12/SES126/SA126S14	SES148	-0.368929	1.93771	2.30663
BLOCK12/SES126/SA126S14	SES177	-0.174625	2.13201	2.30663
BLOCK12/SES126/SA126S14	SES180	-0.0786986	2.22794	2.30663
BLOCK12/SES126/SA126S20	SES007	0.0107405	2.81291	2.80217
BLOCK12/SES126/SA126S20	SES162	0.25965	3.06182	2.80217
BLOCK12/SES126/SA126S20	SES172	-0.206103	2.59606	2.80217
BLOCK12/SES126/SA126S20	SES180	-0.188379	2.61379	2.80217
BLOCK12/SES126/SA126S24	SES120	0.11671	2.57444	2.45773
BLOCK12/SES126/SA126S24	SES162	-0.0564218	2.40131	2.45773
BLOCK12/SES126/SA126S24	SES177	-0.0923564	2.36537	2.45773
BLOCK12/SES126/SA126S24	SES180	0.138871	2.5966	2.45773
BLOCK12/SES126/SA126S26	SES120	0.23339	2.07286	1.83947
BLOCK12/SES126/SA126S26	SES177	-0.387009	1.45246	1.83947
BLOCK12/SES126/SA126S26	SES180	-0.0668898	1.77258	1.83947
BLOCK12/SES126/SA126S26	SES202	0.159564	1.99904	1.83947
BLOCK12/SES128/SA128S10	SES087	-0.344173	1.1433	1.48747
BLOCK12/SES128/SA128S10	SES206	-0.18424	1.30323	1.48747
BLOCK12/SES128/SA128S10	SES226	-0.0759047	1.41157	1.48747
BLOCK12/SES128/SA128S10	SES270	-0.154253	1.33322	1.48747
BLOCK12/SES128/SA128S12	SES120	-0.317881	1.34746	1.66534
BLOCK12/SES128/SA128S12	SES158	-0.459501	1.20584	1.66534
BLOCK12/SES128/SA128S12	SES206	-0.432912	1.23243	1.66534
BLOCK12/SES128/SA128S12	SES226	-0.57169	1.09365	1.66534
BLOCK12/SES128/SA128S21	SES106	0.0905304	1.15643	1.0659
BLOCK12/SES128/SA128S21	SES120	0.149961	1.21586	1.0659
BLOCK12/SES128/SA128S21	SES206	0.230024	1.29592	1.0659
BLOCK12/SES128/SA128S21	SES226	0.784838	1.85074	1.0659
BLOCK12/SES128/SA128S24	SES087	-0.351398	1.25306	1.60446
BLOCK12/SES128/SA128S24	SES120	-0.21391	1.39054	1.60446
BLOCK12/SES128/SA128S24	SES206	-0.0756443	1.52881	1.60446
BLOCK12/SES128/SA128S24	SES226	-0.273389	1.33107	1.60446
BLOCK12/SES128/SA128S27	SES099	0.031781	2.05901	2.02723
BLOCK12/SES128/SA128S27	SES120	-0.143653	1.88358	2.02723
BLOCK12/SES128/SA128S27	SES206	-0.0371822	1.99005	2.02723
BLOCK12/SES128/SA128S27	SES226	0.0233583	2.05059	2.02723
BLOCK13/SES130/SA130S13	SES143	0.067085	0.655956	0.588871
BLOCK13/SES130/SA130S13	SES144	0.37118	0.960051	0.588871
BLOCK13/SES130/SA130S13	SES146	0.157724	0.746595	0.588871
BLOCK13/SES130/SA130S13	SES275	-0.439319	0.149552	0.588871
BLOCK13/SES130/SA130S15	SES143	-0.476602	1.78267	2.25927
BLOCK13/SES130/SA130S15	SES144	0.111385	2.37066	2.25927
BLOCK13/SES130/SA130S15	SES146	-0.332333	1.92694	2.25927
BLOCK13/SES130/SA130S15	SES275	0.00136566	2.26064	2.25927
BLOCK13/SES130/SA130S23	SES127	-0.0419854	0.566224	0.60821
BLOCK13/SES130/SA130S23	SES144	-0.0610743	0.547135	0.60821
BLOCK13/SES130/SA130S23	SES146	0.273783	0.881992	0.60821
BLOCK13/SES130/SA130S23	SES162	0.0186545	0.626864	0.60821
BLOCK13/SES130/SA130S25	SES127	-0.0538303	1.92783	1.98166
BLOCK13/SES130/SA130S25	SES144	0.31852	2.30018	1.98166
BLOCK13/SES130/SA130S25	SES146	0.105031	2.08669	1.98166
BLOCK13/SES130/SA130S25	SES275	-0.0590137	1.92265	1.98166
BLOCK13/SES130/SA130S28	SES127	0.160394	1.22607	1.06568
BLOCK13/SES130/SA130S28	SES144	-0.469151	0.596524	1.06568
BLOCK13/SES130/SA130S28	SES146	0.449713	1.51539	1.06568
BLOCK13/SES130/SA130S28	SES275	0.185268	1.25094	1.06568
BLOCK13/SES131/SA131S13	SES002	-0.31269	0.154356	0.467046
BLOCK13/SES131/SA131S13	SES007	-0.278165	0.188881	0.467046
BLOCK13/SES131/SA131S13	SES099	0.102664	0.56971	0.467046
BLOCK13/SES131/SA131S13	SES105	-0.432727	0.0343191	0.467046
BLOCK13/SES131/SA131S14	SES104	-0.08873	1.78117	1.8699
BLOCK13/SES131/SA131S14	SES106	-0.0234922	1.84641	1.8699
BLOCK13/SES131/SA131S14	SES125	-0.761605	1.1083	1.8699
BLOCK13/SES131/SA131S14	SES148	-0.046074	1.82383	1.8699
BLOCK13/SES131/SA131S20	SES104	-0.367276	0.426309	0.793586
BLOCK13/SES131/SA131S20	SES106	-0.0110498	0.782536	0.793586
BLOCK13/SES131/SA131S20	SES125	-0.712183	0.0814025	0.793586
BLOCK13/SES131/SA131S20	SES148	-0.39946	0.394126	0.793586
BLOCK13/SES131/SA131S22	SES099	0.05548	2.28248	2.227
BLOCK13/SES131/SA131S22	SES104	-0.284851	1.94215	2.227
BLOCK13/SES131/SA131S22	SES125	-0.876143	1.35086	2.227
BLOCK13/SES131/SA131S22	SES206	-0.671673	1.55533	2.227
BLOCK13/SES131/SA131S29	SES087	-0.34645	1.20987	1.55632
BLOCK13/SES131/SA131S29	SES104	-0.622086	0.934237	1.55632
BLOCK13/SES131/SA131S29	SES125	-0.297368	1.25896	1.55632
BLOCK13/SES131/SA131S29	SES206	-0.494632	1.06169	1.55632
BLOCK13/SES132/SA132S11	SES083	-0.269678	2.39368	2.66336
BLOCK13/SES132/SA132S11	SES120	-0.0497618	2.6136	2.66336
BLOCK13/SES132/SA132S11	SES127	-0.162368	2.50099	2.66336
BLOCK13/SES132/SA132S11	SES275	-0.165977	2.49739	2.66336
BLOCK13/SES132/SA132S12	SES083	-0.109965	3.38915	3.49912
BLOCK13/SES132/SA132S12	SES143	-0.648303	2.85082	3.49912
BLOCK13/SES132/SA132S12	SES144	-0.274274	3.22484	3.49912
BLOCK13/SES132/SA132S12	SES148	0.116742	3.61586	3.49912
BLOCK13/SES132/SA132S22	SES062	0.103449	2.35439	2.25094
BLOCK13/SES132/SA132S22	SES083	-0.317465	1.93348	2.25094
BLOCK13/SES132/SA132S22	SES127	-0.156683	2.09426	2.25094
BLOCK13/SES132/SA132S22	SES275	-0.140782	2.11016	2.25094
BLOCK13/SES132/SA132S24	SES007	-0.0351703	2.82551	2.86068
BLOCK13/SES132/SA132S24	SES083	-0.35425	2.50643	2.86068
BLOCK13/SES132/SA132S24	SES127	-0.446964	2.41372	2.86068
BLOCK13/SES132/SA132S24	SES275	-0.102555	2.75813	2.86068
BLOCK13/SES132/SA132S27	SES083	-0.425163	1.51393	1.9391
BLOCK13/SES132/SA132S27	SES120	-0.191774	1.74732	1.9391
BLOCK13/SES132/SA132S27	SES127	-0.6555	1.2836	1.9391
BLOCK13/SES132/SA132S27	SES275	-0.167847	1.77125	1.9391
BLOCK14/SES141/SA141S09	SES143	-0.192881	2.83678	3.02966
BLOCK14/SES141/SA141S09	SES144	-0.326411	2.70325	3.02966
BLOCK14/SES141/SA141S09	SES162	-0.327173	2.70249	3.02966
BLOCK14/SES141/SA141S09	SES180	-0.602201	2.42746	3.02966
BLOCK14/SES141/SA141S15	SES127	-0.0686047	2.24658	2.31518
BLOCK14/SES141/SA141S15	SES144	0.14329	2.45847	2.31518
BLOCK14/SES141/SA141S15	SES162	-0.312618	2.00256	2.31518
BLOCK14/SES141/SA141S15	SES180	-0.644482	1.6707	2.31518
BLOCK14/SES141/SA141S24	SES127	-0.00847006	2.38774	2.39621
BLOCK14/SES141/SA141S24	SES144	0.054378	2.45059	2.39621
BLOCK14/SES141/SA141S24	SES162	-0.081188	2.31503	2.39621
BLOCK14/SES141/SA141S24	SES183	-0.419749	1.97647	2.39621
BLOCK14/SES141/SA141S26	SES142	0.0581074	1.97938	1.92127
BLOCK14/SES141/SA141S26	SES144	-0.0616163	1.85966	1.92127
BLOCK14/SES141/SA141S26	SES172	0.00628567	1.92756	1.92127
BLOCK14/SES141/SA141S26	SES180	-0.394322	1.52695	1.92127
BLOCK14/SES141/SA141S29	SES127	0.18454	2.65811	2.47357
BLOCK14/SES141/SA141S29	SES142	-0.0221248	2.45144	2.47357
BLOCK14/SES141/SA141S29	SES144	-0.187091	2.28648	2.47357
BLOCK14/SES141/SA141S29	SES180	0.0617616	2.53533	2.47357
BLOCK15/SES157/SA157S08	SES083	0.0782692	2.84492	2.76665
BLOCK15/SES157/SA157S08	SES127	-0.224415	2.54223	2.76665
BLOCK15/SES157/SA157S08	SES148	-0.0149624	2.75169	2.76665
BLOCK15/SES157/SA157S08	SES292	-0.291567	2.47508	2.76665
BLOCK15/SES157/SA157S11	SES083	-0.21913	1.72697	1.9461
BLOCK15/SES157/SA157S11	SES127	-0.324636	1.62146	1.9461
BLOCK15/SES157/SA157S11	SES148	-0.00986302	1.93623	1.9461
BLOCK15/SES157/SA157S11	SES292	-0.308337	1.63776	1.9461
BLOCK15/SES157/SA157S21	SES127	0.0509977	2.63354	2.58255
BLOCK15/SES157/SA157S21	SES148	0.192821	2.77537	2.58255
BLOCK15/SES157/SA157S21	SES158	-1.39673	1.18581	2.58255
BLOCK15/SES157/SA157S21	SES292	0.0578637	2.64041	2.58255
BLOCK15/SES157/SA157S24	SES127	0.0316646	2.89805	2.86639
BLOCK15/SES157/SA157S24	SES148	-0.0965106	2.76988	2.86639
BLOCK15/SES157/SA157S24	SES183	-0.584839	2.28155	2.86639
BLOCK15/SES157/SA157S24	SES292	-0.165972	2.70042	2.86639
BLOCK15/SES157/SA157S26	SES007	0.0749161	2.49068	2.41576
BLOCK15/SES157/SA157S26	SES127	0.0844343	2.5002	2.41576
BLOCK15/SES157/SA157S26	SES147	-0.203296	2.21247	2.41576
BLOCK15/SES157/SA157S26	SES148	0.0201533	2.43592	2.41576
BLOCK16/SES161/SA161S10	SES007	-0.2654	1.25349	1.51889
BLOCK16/SES161/SA161S10	SES105	-0.166832	1.35205	1.51889
BLOCK16/SES161/SA161S10	SES158	-0.743141	0.775744	1.51889
BLOCK16/SES161/SA161S10	SES275	-0.416795	1.10209	1.51889
BLOCK16/SES161/SA161S12	SES007	-0.44345	1.3859	1.82935
BLOCK16/SES161/SA161S12	SES105	-0.927138	0.902213	1.82935
BLOCK16/SES161/SA161S12	SES158	-0.336245	1.49311	1.82935
BLOCK16/SES161/SA161S12	SES275	-0.504018	1.32533	1.82935
BLOCK16/SES161/SA161S20	SES007	-0.464044	0.408403	0.872447
BLOCK16/SES161/SA161S20	SES105	-1.24927	-0.376822	0.872447
BLOCK16/SES161/SA161S20	SES158	-0.221755	0.650692	0.872447
BLOCK16/SES161/SA161S20	SES275	-0.689946	0.182501	0.872447
BLOCK16/SES161/SA161S23	SES007	-0.525143	1.19423	1.71937
BLOCK16/SES161/SA161S23	SES105	-0.417034	1.30234	1.71937
BLOCK16/SES161/SA161S23	SES148	-0.396434	1.32294	1.71937
BLOCK16/SES161/SA161S23	SES158	-0.882706	0.836664	1.71937
BLOCK16/SES161/SA161S28	SES007	-0.655188	0.84161	1.4968
BLOCK16/SES161/SA161S28	SES105	-1.19007	0.306733	1.4968
BLOCK16/SES161/SA161S28	SES158	0.366215	1.86301	1.4968
BLOCK16/SES161/SA161S28	SES206	0.128929	1.62573	1.4968
BLOCK16/SES164/SA164S11	SES104	0.685526	2.28121	1.59568
BLOCK16/SES164/SA164S11	SES125	0.0413456	1.63703	1.59568
BLOCK16/SES164/SA164S11	SES158	1.11467	2.71036	1.59568
BLOCK16/SES164/SA164S11	SES206	0.184253	1.77994	1.59568
BLOCK16/SES164/SA164S13	SES099	-0.602619	0.420392	1.02301
BLOCK16/SES164/SA164S13	SES104	-0.209512	0.813499	1.02301
BLOCK16/SES164/SA164S13	SES125	-0.436644	0.586367	1.02301
BLOCK16/SES164/SA164S13	SES206	-0.17158	0.851431	1.02301
BLOCK16/SES164/SA164S24	SES002	0.871995	1.36024	0.488244
BLOCK16/SES164/SA164S24	SES099	0.292184	0.780428	0.488244
BLOCK16/SES164/SA164S24	SES125	-0.409826	0.0784184	0.488244
BLOCK16/SES164/SA164S24	SES226	0.713524	1.20177	0.488244
BLOCK16/SES164/SA164S27	SES087	-0.12445	0.801856	0.926306
BLOCK16/SES164/SA164S27	SES125	-0.490663	0.435643	0.926306
BLOCK16/SES164/SA164S27	SES206	0.00886303	0.935169	0.926306
BLOCK16/SES164/SA164S27	SES226	0.209631	1.13594	0.926306
BLOCK16/SES164/SA164S29	SES002	-0.365107	0.256782	0.621889
BLOCK16/SES164/SA164S29	SES019	-0.116711	0.505178	0.621889
BLOCK16/SES164/SA164S29	SES125	-0.26387	0.35802	0.621889
BLOCK16/SES164/SA164S29	SES226	0.057232	0.679121	0.621889
BLOCK16/SES169/SA169S13	SES117	-0.188825	1.86579	2.05462
BLOCK16/SES169/SA169S13	SES144	-0.126425	1.92819	2.05462
BLOCK16/SES169/SA169S13	SES146	-0.139229	1.91539	2.05462
BLOCK16/SES169/SA169S13	SES162	-0.362339	1.69228	2.05462
BLOCK16/SES169/SA169S14	SES144	0.113042	3.0058	2.89276
BLOCK16/SES169/SA169S14	SES148	-0.335769	2.55699	2.89276
BLOCK16/SES169/SA169S14	SES177	0.264456	3.15722	2.89276
BLOCK16/SES169/SA169S14	SES180	-0.00915027	2.88361	2.89276
BLOCK16/SES169/SA169S24	SES117	0.334033	1.31877	0.984733
BLOCK16/SES169/SA169S24	SES144	0.369532	1.35427	0.984733
BLOCK16/SES169/SA169S24	SES146	-0.0419713	0.942762	0.984733
BLOCK16/SES169/SA169S24	SES162	0.582938	1.56767	0.984733
BLOCK16/SES169/SA169S27	SES127	0.373926	2.40126	2.02733
BLOCK16/SES169/SA169S27	SES129	0.134241	2.16157	2.02733
BLOCK16/SES169/SA169S27	SES144	-0.170686	1.85664	2.02733
BLOCK16/SES169/SA169S27	SES146	0.128853	2.15618	2.02733
BLOCK16/SES169/SA169S29	SES144	0.275981	3.38016	3.10418
BLOCK16/SES169/SA169S29	SES162	0.25812	3.3623	3.10418
BLOCK16/SES169/SA169S29	SES177	-0.189283	2.91489	3.10418
BLOCK16/SES169/SA169S29	SES180	0.0488999	3.15308	3.10418
BLOCK17/SES171/SA171S12	SES083	-0.215498	1.13587	1.35137
BLOCK17/SES171/SA171S12	SES148	-0.228885	1.12248	1.35137
BLOCK17/SES171/SA171S12	SES172	-0.219423	1.13195	1.35137
BLOCK17/SES171/SA171S12	SES292	-0.64266	0.708709	1.35137
BLOCK17/SES171/SA171S15	SES148	-0.398694	1.60762	2.00632
BLOCK17/SES171/SA171S15	SES177	-0.467442	1.53887	2.00632
BLOCK17/SES171/SA171S15	SES180	-0.830408	1.17591	2.00632
BLOCK17/SES171/SA171S15	SES292	-0.413438	1.59288	2.00632
BLOCK17/SES171/SA171S22	SES007	-0.382952	2.41526	2.79821
BLOCK17/SES171/SA171S22	SES148	0.214707	3.01292	2.79821
BLOCK17/SES171/SA171S22	SES177	0.217754	3.01597	2.79821
BLOCK17/SES171/SA171S22	SES180	-0.248498	2.54971	2.79821
BLOCK17/SES171/SA171S25	SES101	0.101307	0.872142	0.770835
BLOCK17/SES171/SA171S25	SES120	-0.181539	0.589297	0.770835
BLOCK17/SES171/SA171S25	SES177	0.253727	1.02456	0.770835
BLOCK17/SES171/SA171S25	SES180	-0.0851205	0.685715	0.770835
BLOCK17/SES171/SA171S27	SES177	0.183831	1.68407	1.50023
BLOCK17/SES171/SA171S27	SES180	-0.478687	1.02155	1.50023
BLOCK17/SES171/SA171S27	SES189	0.141245	1.64148	1.50023
BLOCK17/SES171/SA171S27	SES292	-0.386052	1.11418	1.50023
BLOCK17/SES173/SA173S13	SES162	-1.13896	1.07735	2.21631
BLOCK17/SES173/SA173S13	SES177	-0.406249	1.81006	2.21631
BLOCK17/SES173/SA173S13	SES180	-1.2401	0.976217	2.21631
BLOCK17/SES173/SA173S13	SES292	-0.036129	2.18018	2.21631
BLOCK17/SES173/SA173S14	SES007	0.135956	2.22424	2.08829
BLOCK17/SES173/SA173S14	SES162	-0.538262	1.55002	2.08829
BLOCK17/SES173/SA173S14	SES177	-0.311549	1.77674	2.08829
BLOCK17/SES173/SA173S14	SES180	-0.533422	1.55486	2.08829
BLOCK17/SES173/SA173S24	SES144	-0.590808	0.7486	1.33941
BLOCK17/SES173/SA173S24	SES162	-0.874691	0.464717	1.33941
BLOCK17/SES173/SA173S24	SES177	-0.45033	0.889078	1.33941
BLOCK17/SES173/SA173S24	SES180	-1.08218	0.257227	1.33941
BLOCK17/SES173/SA173S27	SES162	-1.04596	1.01243	2.05838
BLOCK17/SES173/SA173S27	SES177	-0.180047	1.87834	2.05838
BLOCK17/SES173/SA173S27	SES180	-0.655777	1.40261	2.05838
BLOCK17/SES173/SA173S27	SES292	0.0117407	2.07013	2.05838
BLOCK17/SES173/SA173S29	SES162	-0.525676	0.82832	1.354
BLOCK17/SES173/SA173S29	SES175	-0.196543	1.15745	1.354
BLOCK17/SES173/SA173S29	SES177	-0.178267	1.17573	1.354
BLOCK17/SES173/SA173S29	SES292	-0.211407	1.14259	1.354
BLOCK18/SES182/SA182S10	SES144	0.0919372	1.97138	1.87944
BLOCK18/SES182/SA182S10	SES177	-0.323612	1.55583	1.87944
BLOCK18/SES182/SA182S10	SES180	-0.489438	1.39	1.87944
BLOCK18/SES182/SA182S10	SES275	-0.040669	1.83877	1.87944
BLOCK18/SES182/SA182S12	SES144	0.25041	3.62211	3.3717
BLOCK18/SES182/SA182S12	SES177	0.138845	3.51054	3.3717
BLOCK18/SES182/SA182S12	SES180	-0.123341	3.24836	3.3717
BLOCK18/SES182/SA182S12	SES275	0.031239	3.40294	3.3717
BLOCK18/SES182/SA182S21	SES117	-0.696726	0.749758	1.44648
BLOCK18/SES182/SA182S21	SES144	-0.39335	1.05313	1.44648
BLOCK18/SES182/SA182S21	SES162	-0.505793	0.94069	1.44648
BLOCK18/SES182/SA182S21	SES180	-0.764142	0.682342	1.44648
BLOCK18/SES182/SA182S23	SES117	0.00160813	1.4106	1.40899
BLOCK18/SES182/SA182S23	SES144	-0.556181	0.852808	1.40899
BLOCK18/SES182/SA182S23	SES180	-0.735745	0.673245	1.40899
BLOCK18/SES182/SA182S23	SES275	0.129912	1.5389	1.40899
BLOCK18/SES182/SA182S25	SES007	0.241436	1.24844	1.00701
BLOCK18/SES182/SA182S25	SES162	-0.141434	0.865574	1.00701
BLOCK18/SES182/SA182S25	SES177	-0.126756	0.880252	1.00701
BLOCK18/SES182/SA182S25	SES180	-0.182024	0.824984	1.00701
BLOCK18/SES184/SA184S12	SES177	0.129534	1.28297	1.15344
BLOCK18/SES184/SA184S12	SES180	-0.234272	0.919164	1.15344
BLOCK18/SES184/SA184S12	SES189	0.0116708	1.16511	1.15344
BLOCK18/SES184/SA184S12	SES292	-0.155439	0.997997	1.15344
BLOCK18/SES184/SA184S13	SES101	-0.495984	1.08749	1.58348
BLOCK18/SES184/SA184S13	SES177	-0.502745	1.08073	1.58348
BLOCK18/SES184/SA184S13	SES180	-0.516757	1.06672	1.58348
BLOCK18/SES184/SA184S13	SES292	-0.247339	1.33614	1.58348
BLOCK18/SES184/SA184S22	SES177	-0.505188	0.65244	1.15763
BLOCK18/SES184/SA184S22	SES180	-0.401561	0.756067	1.15763
BLOCK18/SES184/SA184S22	SES189	-0.738164	0.419464	1.15763
BLOCK18/SES184/SA184S22	SES292	-0.0253111	1.13232	1.15763
BLOCK18/SES184/SA184S25	SES101	0.218758	1.96498	1.74622
BLOCK18/SES184/SA184S25	SES177	0.0113726	1.7576	1.74622
BLOCK18/SES184/SA184S25	SES180	0.14312	1.88934	1.74622
BLOCK18/SES184/SA184S25	SES292	-0.121014	1.62521	1.74622
BLOCK18/SES184/SA184S27	SES083	-0.0968182	1.94135	2.03817
BLOCK18/SES184/SA184S27	SES177	-0.206428	1.83174	2.03817
BLOCK18/SES184/SA184S27	SES202	-0.0616397	1.97653	2.03817
BLOCK18/SES184/SA184S27	SES292	0.0284896	2.06666	2.03817
BLOCK20/SES204/SA204S12	SES062	-0.327799	1.8074	2.1352
BLOCK20/SES204/SA204S12	SES083	-0.441108	1.69409	2.1352
BLOCK20/SES204/SA204S12	SES206	0.281906	2.4171	2.1352
BLOCK20/SES204/SA204S12	SES226	-0.268317	1.86688	2.1352
BLOCK20/SES204/SA204S14	SES068	0.323125	3.55846	3.23534
BLOCK20/SES204/SA204S14	SES087	0.183871	3.41921	3.23534
BLOCK20/SES204/SA204S14	SES206	-0.201	3.03434	3.23534
BLOCK20/SES204/SA204S14	SES226	-0.178888	3.05645	3.23534
BLOCK20/SES204/SA204S22	SES068	0.0124433	2.30123	2.28879
BLOCK20/SES204/SA204S22	SES082	-0.380039	1.90875	2.28879
BLOCK20/SES204/SA204S22	SES083	-0.318815	1.96997	2.28879
BLOCK20/SES204/SA204S22	SES206	-0.0691364	2.21965	2.28879
BLOCK20/SES204/SA204S25	SES062	-0.378911	1.97604	2.35495
BLOCK20/SES204/SA204S25	SES083	-0.25139	2.10356	2.35495
BLOCK20/SES204/SA204S25	SES206	-0.0197041	2.33525	2.35495
BLOCK20/SES204/SA204S25	SES226	-0.293502	2.06145	2.35495
BLOCK20/SES204/SA204S27	SES068	0.095433	2.19939	2.10396
BLOCK20/SES204/SA204S27	SES082	-0.496449	1.60751	2.10396
BLOCK20/SES204/SA204S27	SES087	-0.391492	1.71247	2.10396
BLOCK20/SES204/SA204S27	SES206	-0.550995	1.55296	2.10396
BLOCK20/SES207/SA207S10	SES127	-0.548862	1.95665	2.50551
BLOCK20/SES207/SA207S10	SES183	-0.179489	2.32602	2.50551
BLOCK20/SES207/SA207S10	SES189	-0.316597	2.18892	2.50551
BLOCK20/SES207/SA207S10	SES292	-0.435418	2.07009	2.50551
BLOCK20/SES207/SA207S11	SES127	-0.435404	1.77829	2.21369
BLOCK20/SES207/SA207S11	SES183	-0.171998	2.04169	2.21369
BLOCK20/SES207/SA207S11	SES187	-0.0325468	2.18114	2.21369
BLOCK20/SES207/SA207S11	SES292	-0.193083	2.02061	2.21369
BLOCK20/SES207/SA207S25	SES068	-0.208038	0.956285	1.16432
BLOCK20/SES207/SA207S25	SES083	-0.281929	0.882394	1.16432
BLOCK20/SES207/SA207S25	SES127	0.0810449	1.24537	1.16432
BLOCK20/SES207/SA207S25	SES187	0.0753523	1.23968	1.16432
BLOCK20/SES207/SA207S27	SES127	-0.230929	1.09055	1.32148
BLOCK20/SES207/SA207S27	SES183	-0.0905182	1.23096	1.32148
BLOCK20/SES207/SA207S27	SES187	0.0588245	1.38031	1.32148
BLOCK20/SES207/SA207S27	SES292	-0.3223	0.999181	1.32148
BLOCK20/SES207/SA207S29	SES083	-0.250353	1.55473	1.80509
BLOCK20/SES207/SA207S29	SES085	-0.270779	1.53431	1.80509
BLOCK20/SES207/SA207S29	SES172	0.156933	1.96202	1.80509
BLOCK20/SES207/SA207S29	SES189	-0.725397	1.07969	1.80509
BLOCK22/SES221/SA221S12	SES068	0.387513	2.67198	2.28447
BLOCK22/SES221/SA221S12	SES143	-0.322153	1.96232	2.28447
BLOCK22/SES221/SA221S12	SES175	-0.113041	2.17143	2.28447
BLOCK22/SES221/SA221S12	SES202	0.0888603	2.37333	2.28447
BLOCK22/SES221/SA221S15	SES085	0.0709901	2.16869	2.0977
BLOCK22/SES221/SA221S15	SES143	-0.464294	1.6334	2.0977
BLOCK22/SES221/SA221S15	SES175	-0.0964911	2.0012	2.0977
BLOCK22/SES221/SA221S15	SES187	-0.20239	1.89531	2.0977
BLOCK22/SES221/SA221S23	SES068	0.265954	2.25157	1.98562
BLOCK22/SES221/SA221S23	SES143	-0.168164	1.81746	1.98562
BLOCK22/SES221/SA221S23	SES175	-0.136179	1.84944	1.98562
BLOCK22/SES221/SA221S23	SES189	-0.184491	1.80113	1.98562
BLOCK22/SES221/SA221S27	SES085	0.751387	2.27347	1.52208
BLOCK22/SES221/SA221S27	SES143	0.0855703	1.60765	1.52208
BLOCK22/SES221/SA221S27	SES175	-0.134654	1.38743	1.52208
BLOCK22/SES221/SA221S27	SES189	0.6624	2.18448	1.52208
BLOCK22/SES221/SA221S29	SES085	0.633052	2.18633	1.55328
BLOCK22/SES221/SA221S29	SES143	-0.0475785	1.5057	1.55328
BLOCK22/SES221/SA221S29	SES175	-0.170661	1.38262	1.55328
BLOCK22/SES221/SA221S29	SES187	0.157784	1.71106	1.55328
BLOCK22/SES223/SA223S11	SES143	-0.0311272	1.51719	1.54832
BLOCK22/SES223/SA223S11	SES144	-1.0909	0.45742	1.54832
BLOCK22/SES223/SA223S11	SES175	-0.191188	1.35713	1.54832
BLOCK22/SES223/SA223S11	SES187	-0.186909	1.36141	1.54832
BLOCK22/SES223/SA223S13	SES068	0.437403	1.85043	1.41303
BLOCK22/SES223/SA223S13	SES143	-0.144088	1.26894	1.41303
BLOCK22/SES223/SA223S13	SES146	-0.644194	0.768838	1.41303
BLOCK22/SES223/SA223S13	SES202	-0.18425	1.22878	1.41303
BLOCK22/SES223/SA223S22	SES143	-0.0880888	0.859298	0.947387
BLOCK22/SES223/SA223S22	SES144	-0.348862	0.598525	0.947387
BLOCK22/SES223/SA223S22	SES175	0.0538347	1.00122	0.947387
BLOCK22/SES223/SA223S22	SES187	-0.213546	0.73384	0.947387
BLOCK22/SES223/SA223S25	SES068	0.0484501	1.14881	1.10036
BLOCK22/SES223/SA223S25	SES143	-0.0192839	1.08107	1.10036
BLOCK22/SES223/SA223S25	SES175	-0.0414811	1.05888	1.10036
BLOCK22/SES223/SA223S25	SES187	0.0198424	1.1202	1.10036
BLOCK22/SES223/SA223S27	SES143	-0.221149	1.44448	1.66563
BLOCK22/SES223/SA223S27	SES146	-0.599146	1.06648	1.66563
BLOCK22/SES223/SA223S27	SES187	-0.0870457	1.57858	1.66563
BLOCK22/SES223/SA223S27	SES292	0.0367004	1.70233	1.66563
BLOCK27/SES273/SA273S12	SES099	0.119208	2.49829	2.37908
BLOCK27/SES273/SA273S12	SES104	0.180947	2.56003	2.37908
BLOCK27/SES273/SA273S12	SES125	-0.665329	1.71375	2.37908
BLOCK27/SES273/SA273S12	SES206	-0.0540757	2.32501	2.37908
BLOCK27/SES273/SA273S13	SES099	-0.37478	2.16598	2.54076
BLOCK27/SES273/SA273S13	SES104	-0.294592	2.24617	2.54076
BLOCK27/SES273/SA273S13	SES206	-0.353752	2.187	2.54076
BLOCK27/SES273/SA273S13	SES292	-0.237849	2.30291	2.54076
BLOCK27/SES273/SA273S21	SES099	-0.116379	2.10926	2.22564
BLOCK27/SES273/SA273S21	SES148	-0.230336	1.9953	2.22564
BLOCK27/SES273/SA273S21	SES149	-0.0902793	2.13536	2.22564
BLOCK27/SES273/SA273S21	SES177	-0.0460427	2.1796	2.22564
BLOCK27/SES273/SA273S25	SES104	-0.101794	1.40779	1.50959
BLOCK27/SES273/SA273S25	SES125	-0.656971	0.852618	1.50959
BLOCK27/SES273/SA273S25	SES158	0.00744033	1.51703	1.50959
BLOCK27/SES273/SA273S25	SES206	0.122863	1.63245	1.50959
BLOCK27/SES273/SA273S27	SES099	-0.171726	2.63692	2.80865
BLOCK27/SES273/SA273S27	SES104	-0.547434	2.26122	2.80865
BLOCK27/SES273/SA273S27	SES149	0.125594	2.93424	2.80865
BLOCK27/SES273/SA273S27	SES275	-0.164543	2.64411	2.80865
BLOCK27/SES274/SA274S10	SES105	-0.895704	1.96653	2.86223
BLOCK27/SES274/SA274S10	SES125	-0.615975	2.24626	2.86223
BLOCK27/SES274/SA274S10	SES129	0.220623	3.08286	2.86223
BLOCK27/SES274/SA274S10	SES158	-0.680072	2.18216	2.86223
BLOCK27/SES274/SA274S11	SES105	-0.414013	2.48337	2.89738
BLOCK27/SES274/SA274S11	SES149	-0.416663	2.48072	2.89738
BLOCK27/SES274/SA274S11	SES158	-0.406245	2.49113	2.89738
BLOCK27/SES274/SA274S11	SES275	-0.282286	2.61509	2.89738
BLOCK27/SES274/SA274S21	SES105	-0.269799	2.69288	2.96268
BLOCK27/SES274/SA274S21	SES129	0.258579	3.22126	2.96268
BLOCK27/SES274/SA274S21	SES149	-0.487738	2.47494	2.96268
BLOCK27/SES274/SA274S21	SES158	-0.547352	2.41533	2.96268
BLOCK27/SES274/SA274S24	SES105	-0.835632	1.06893	1.90456
BLOCK27/SES274/SA274S24	SES129	0.455652	2.36021	1.90456
BLOCK27/SES274/SA274S24	SES149	-0.898878	1.00568	1.90456
BLOCK27/SES274/SA274S24	SES158	-0.298666	1.60589	1.90456
BLOCK27/SES274/SA274S29	SES105	-0.595167	1.77778	2.37294
BLOCK27/SES274/SA274S29	SES106	-0.362539	2.01041	2.37294
BLOCK27/SES274/SA274S29	SES120	-0.159427	2.21352	2.37294
BLOCK27/SES274/SA274S29	SES275	-0.203469	2.16948	2.37294
BLOCK27/SES276/SA276S16	SES148	-0.329003	1.62074	1.94974
BLOCK27/SES276/SA276S16	SES172	0.0677551	2.0175	1.94974
BLOCK27/SES276/SA276S16	SES180	-0.132339	1.8174	1.94974
BLOCK27/SES276/SA276S16	SES292	0.0443451	1.99409	1.94974
BLOCK27/SES276/SA276S17	SES101	0.0316302	1.78265	1.75102
BLOCK27/SES276/SA276S17	SES177	-0.247938	1.50308	1.75102
BLOCK27/SES276/SA276S17	SES180	-0.0756375	1.67538	1.75102
BLOCK27/SES276/SA276S17	SES292	-0.0798928	1.67113	1.75102
BLOCK27/SES276/SA276S24	SES101	0.169105	2.35869	2.18958
BLOCK27/SES276/SA276S24	SES177	-0.0203609	2.16922	2.18958
BLOCK27/SES276/SA276S24	SES180	0.23572	2.4253	2.18958
BLOCK27/SES276/SA276S24	SES292	-0.166022	2.02356	2.18958
BLOCK27/SES276/SA276S26	SES101	-0.286627	1.89253	2.17916
BLOCK27/SES276/SA276S26	SES177	-0.280836	1.89832	2.17916
BLOCK27/SES276/SA276S26	SES180	-0.192489	1.98667	2.17916
BLOCK27/SES276/SA276S26	SES292	-0.100523	2.07864	2.17916
BLOCK27/SES276/SA276S28	SES101	0.0780761	2.28223	2.20416
BLOCK27/SES276/SA276S28	SES177	-0.384184	1.81997	2.20416
BLOCK27/SES276/SA276S28	SES180	0.0847738	2.28893	2.20416
BLOCK27/SES276/SA276S28	SES292	0.0312529	2.23541	2.20416
BLOCK27/SES277/SA277S12	SES101	0.239652	1.05858	0.818928
BLOCK27/SES277/SA277S12	SES177	-0.30025	0.518677	0.818928
BLOCK27/SES277/SA277S12	SES180	-0.0534515	0.765476	0.818928
BLOCK27/SES277/SA277S12	SES292	-0.412539	0.406389	0.818928
BLOCK27/SES277/SA277S14	SES177	0.0436664	0.722776	0.679109
BLOCK27/SES277/SA277S14	SES180	-0.658375	0.0207348	0.679109
BLOCK27/SES277/SA277S14	SES189	0.534431	1.21354	0.679109
BLOCK27/SES277/SA277S14	SES292	-0.616448	0.0626614	0.679109
BLOCK27/SES277/SA277S21	SES177	0.00932121	1.01678	1.00746
BLOCK27/SES277/SA277S21	SES180	-0.458711	0.548744	1.00746
BLOCK27/SES277/SA277S21	SES189	0.505399	1.51285	1.00746
BLOCK27/SES277/SA277S21	SES292	-0.469125	0.53833	1.00746
BLOCK27/SES277/SA277S24	SES144	0.180065	-0.221962	-0.402027
BLOCK27/SES277/SA277S24	SES177	0.123375	-0.278653	-0.402027
BLOCK27/SES277/SA277S24	SES180	-0.0432358	-0.445263	-0.402027
BLOCK27/SES277/SA277S24	SES189	0.624014	0.221987	-0.402027
BLOCK27/SES277/SA277S29	SES177	-0.129625	1.54302	1.67264
BLOCK27/SES277/SA277S29	SES180	-0.0412294	1.63141	1.67264
BLOCK27/SES277/SA277S29	SES202	-0.119611	1.55303	1.67264
BLOCK27/SES277/SA277S29	SES292	-0.61957	1.05307	1.67264
BLOCK27/SES279/SA279S09	SES120	-0.382173	1.78547	2.16764
BLOCK27/SES279/SA279S09	SES146	-0.780535	1.3871	2.16764
BLOCK27/SES279/SA279S09	SES206	-0.425853	1.74179	2.16764
BLOCK27/SES279/SA279S09	SES226	-0.176273	1.99137	2.16764
BLOCK27/SES279/SA279S10	SES099	-0.234747	1.48616	1.72091
BLOCK27/SES279/SA279S10	SES206	-0.581145	1.13977	1.72091
BLOCK27/SES279/SA279S10	SES226	-0.490271	1.23064	1.72091
BLOCK27/SES279/SA279S10	SES292	-0.167814	1.5531	1.72091
BLOCK27/SES279/SA279S20	SES099	-0.344118	1.0198	1.36392
BLOCK27/SES279/SA279S20	SES206	-0.245893	1.11803	1.36392
BLOCK27/SES279/SA279S20	SES226	-0.604099	0.75982	1.36392
BLOCK27/SES279/SA279S20	SES292	0.02746	1.39138	1.36392
BLOCK27/SES279/SA279S26	SES099	-0.136003	1.02367	1.15967
BLOCK27/SES279/SA279S26	SES206	-0.106384	1.05329	1.15967
BLOCK27/SES279/SA279S26	SES226	-0.44864	0.71103	1.15967
BLOCK27/SES279/SA279S26	SES292	0.0209903	1.18066	1.15967
BLOCK27/SES279/SA279S28	SES099	-0.350019	2.74695	3.09697
BLOCK27/SES279/SA279S28	SES120	0.010669	3.10764	3.09697
BLOCK27/SES279/SA279S28	SES177	-0.183183	2.91379	3.09697
BLOCK27/SES279/SA279S28	SES206	-0.256087	2.84088	3.09697
BLOCK29/SES290/SA290S12	SES162	0.606201	3.88345	3.27724
BLOCK29/SES290/SA290S12	SES177	0.359517	3.63676	3.27724
BLOCK29/SES290/SA290S12	SES180	0.358368	3.63561	3.27724
BLOCK29/SES290/SA290S12	SES292	-0.248732	3.02851	3.27724
BLOCK29/SES290/SA290S13	SES007	0.0371864	2.18029	2.14311
BLOCK29/SES290/SA290S13	SES162	-0.508542	1.63457	2.14311
BLOCK29/SES290/SA290S13	SES177	-0.433263	1.70985	2.14311
BLOCK29/SES290/SA290S13	SES180	-0.333796	1.80931	2.14311
BLOCK29/SES290/SA290S22	SES177	-0.133665	2.38583	2.5195
BLOCK29/SES290/SA290S22	SES180	0.11511	2.63461	2.5195
BLOCK29/SES290/SA290S22	SES202	-0.0634928	2.456	2.5195
BLOCK29/SES290/SA290S22	SES292	-0.171129	2.34837	2.5195
BLOCK29/SES290/SA290S25	SES162	0.352218	3.17568	2.82347
BLOCK29/SES290/SA290S25	SES177	-0.000355244	2.82311	2.82347
BLOCK29/SES290/SA290S25	SES180	0.390827	3.21429	2.82347
BLOCK29/SES290/SA290S25	SES292	0.0768991	2.90037	2.82347
BLOCK29/SES290/SA290S29	SES177	0.236612	2.94748	2.71087
BLOCK29/SES290/SA290S29	SES180	0.416708	3.12757	2.71087
BLOCK29/SES290/SA290S29	SES275	-0.0963805	2.61449	2.71087
BLOCK29/SES290/SA290S29	SES292	-0.0858004	2.62507	2.71087
BLOCK29/SES291/SA291S11	SES105	-0.729739	0.370872	1.10061
BLOCK29/SES291/SA291S11	SES125	-0.618288	0.482323	1.10061
BLOCK29/SES291/SA291S11	SES158	-0.42263	0.677981	1.10061
BLOCK29/SES291/SA291S11	SES275	-0.766758	0.333853	1.10061
BLOCK29/SES291/SA291S12	SES158	0.619699	1.48984	0.870146
BLOCK29/SES291/SA291S12	SES226	0.144583	1.01473	0.870146
BLOCK29/SES291/SA291S12	SES270	0.965341	1.83549	0.870146
BLOCK29/SES291/SA291S12	SES275	-1.09668	-0.226536	0.870146
BLOCK29/SES291/SA291S22	SES082	-0.170468	1.65053	1.821
BLOCK29/SES291/SA291S22	SES158	-0.389148	1.43185	1.821
BLOCK29/SES291/SA291S22	SES259	-0.182443	1.63856	1.821
BLOCK29/SES291/SA291S22	SES275	-0.734992	1.08601	1.821
BLOCK29/SES291/SA291S24	SES104	0.344863	2.40621	2.06135
BLOCK29/SES291/SA291S24	SES125	-0.219597	1.84175	2.06135
BLOCK29/SES291/SA291S24	SES158	0.220329	2.28168	2.06135
BLOCK29/SES291/SA291S24	SES275	-0.956534	1.10482	2.06135
BLOCK29/SES291/SA291S27	SES158	0.414976	1.9427	1.52772
BLOCK29/SES291/SA291S27	SES172	-0.630723	0.897	1.52772
BLOCK29/SES291/SA291S27	SES275	-0.930672	0.597052	1.52772
BLOCK29/SES291/SA291S27	SES292	-0.0658572	1.46187	1.52772
