BLOCK00/SES002/SA002S12	SES002	1.56877	-62.4379	-64.0066
BLOCK00/SES002/SA002S13	SES002	1.7871	-62.091	-63.8781
BLOCK00/SES002/SA002S23	SES002	1.39294	-62.9928	-64.3858
BLOCK00/SES002/SA002S26	SES002	1.83853	-61.8333	-63.6718
BLOCK00/SES002/SA002S28	SES002	1.26138	-63.2853	-64.5467
BLOCK00/SES007/SA007S14	SES007	1.92442	-61.8465	-63.7709
BLOCK00/SES007/SA007S15	SES007	0.826885	-63.8388	-64.6657
BLOCK00/SES007/SA007S24	SES007	1.18616	-63.3818	-64.568
BLOCK00/SES007/SA007S27	SES007	0.783226	-64.3083	-65.0915
BLOCK00/SES007/SA007S29	SES007	0.65646	-63.3847	-64.0411
BLOCK00/SES008/SA008S11	SES008	1.30476	-63.5989	-64.9036
BLOCK00/SES008/SA008S12	SES008	0.609249	-63.9768	-64.586
BLOCK00/SES008/SA008S19	SES008	2.10822	-62.1627	-64.2709
BLOCK00/SES008/SA008S22	SES008	1.78838	-63.5892	-65.3776
BLOCK00/SES008/SA008S29	SES008	1.84767	-62.1019	-63.9496
BLOCK01/SES014/SA014S10	SES014	2.16266	-62.8496	-65.0122
BLOCK01/SES014/SA014S12	SES014	3.21775	-59.9992	-63.2169
BLOCK01/SES014/SA014S24	SES014	1.74022	-62.1579	-63.8981
BLOCK01/SES014/SA014S26	SES014	2.83226	-59.4222	-62.2545
BLOCK01/SES014/SA014S28	SES014	3.15174	-59.9329	-63.0847
BLOCK01/SES016/SA016S12	SES016	0.781662	-65.654	-66.4357
BLOCK01/SES016/SA016S13	SES016	2.26508	-63.1855	-65.4506
BLOCK01/SES016/SA016S22	SES016	1.15871	-64.483	-65.6418
BLOCK01/SES016/SA016S25	SES016	1.75707	-62.3704	-64.1275
BLOCK01/SES016/SA016S27	SES016	2.08148	-61.8581	-63.9396
BLOCK01/SES019/SA019S13	SES019	2.706	-63.3423	-66.0483
BLOCK01/SES019/SA019S14	SES019	1.94774	-63.1575	-65.1053
BLOCK01/SES019/SA019S22	SES019	2.42355	-62.9056	-65.3291
BLOCK01/SES019/SA019S25	SES019	2.16692	-63.4356	-65.6025
BLOCK01/SES019/SA019S29	SES019	2.94924	-63.0385	-65.9877
BLOCK02/SES029/SA029S11	SES029	1.53936	-63.247	-64.7863
BLOCK02/SES029/SA029S12	SES029	0.619659	-63.6193	-64.2389
BLOCK02/SES029/SA029S20	SES029	0.724701	-64.3525	-65.0772
BLOCK02/SES029/SA029S25	SES029	1.07289	-62.8296	-63.9025
BLOCK02/SES029/SA029S28	SES029	0.956329	-63.3679	-64.3242
BLOCK04/SES042/SA042S12	SES042	2.23416	-60.92	-63.1542
BLOCK04/SES042/SA042S15	SES042	2.06096	-62.0649	-64.1259
BLOCK04/SES042/SA042S22	SES042	3.34911	-59.0765	-62.4256
BLOCK04/SES042/SA042S25	SES042	1.82829	-62.3603	-64.1886
BLOCK04/SES042/SA042S27	SES042	2.11147	-61.2847	-63.3962
BLOCK04/SES048/SA048S11	SES048	1.0561	-63.1502	-64.2063
BLOCK04/SES048/SA048S12	SES048	0.866409	-62.8862	-63.7526
BLOCK04/SES048/SA048S20	SES048	0.870541	-62.8228	-63.6934
BLOCK04/SES048/SA048S23	SES048	1.30016	-63.17	-64.4702
BLOCK04/SES048/SA048S27	SES048	1.25595	-61.6725	-62.9285
BLOCK06/SES060/SA060S11	SES060	1.3876	-63.4773	-64.8649
BLOCK06/SES060/SA060S12	SES060	-0.856087	-64.7946	-63.9386
BLOCK06/SES060/SA060S22	SES060	0.26564	-65.4509	-65.7165
BLOCK06/SES060/SA060S24	SES060	0.811939	-63.4322	-64.2441
BLOCK06/SES060/SA060S28	SES060	1.57511	-60.6136	-62.1887
BLOCK06/SES062/SA062S10	SES062	1.31954	-62.7768	-64.0964
BLOCK06/SES062/SA062S11	SES062	1.6466	-62.6705	-64.3171
BLOCK06/SES062/SA062S21	SES062	2.43798	-60.1339	-62.5718
BLOCK06/SES062/SA062S26	SES062	1.23638	-62.0431	-63.2795
BLOCK06/SES062/SA062S29	SES062	1.83303	-60.9735	-62.8065
BLOCK06/SES068/SA068S14	SES068	1.08594	-63.1975	-64.2835
BLOCK06/SES068/SA068S15	SES068	1.96798	-61.3957	-63.3637
BLOCK06/SES068/SA068S23	SES068	1.02834	-64.2364	-65.2647
BLOCK06/SES068/SA068S27	SES068	2.52628	-61.2217	-63.748
BLOCK06/SES068/SA068S29	SES068	1.1826	-62.4926	-63.6752
BLOCK08/SES082/SA082S12	SES082	0.48246	-64.3488	-64.8313
BLOCK08/SES082/SA082S14	SES082	0.658005	-64.3954	-65.0534
BLOCK08/SES082/SA082S21	SES082	0.661919	-64.1974	-64.8593
BLOCK08/SES082/SA082S24	SES082	0.65099	-63.3419	-63.9929
BLOCK08/SES082/SA082S28	SES082	0.274231	-64.1048	-64.379
BLOCK08/SES083/SA083S14	SES083	0.084301	-63.6954	-63.7797
BLOCK08/SES083/SA083S15	SES083	0.599628	-62.681	-63.2806
BLOCK08/SES083/SA083S24	SES083	-0.0959473	-64.0878	-63.9918
BLOCK08/SES083/SA083S26	SES083	0.707134	-63.3966	-64.1038
BLOCK08/SES083/SA083S29	SES083	0.57058	-62.8999	-63.4705
BLOCK08/SES085/SA085S10	SES085	-0.160858	-64.0469	-63.886
BLOCK08/SES085/SA085S13	SES085	0.771545	-64.1501	-64.9216
BLOCK08/SES085/SA085S22	SES085	-2.23384	-66.0577	-63.8238
BLOCK08/SES085/SA085S26	SES085	-0.689987	-64.2027	-63.5127
BLOCK08/SES085/SA085S28	SES085	0.812309	-63.8669	-64.6792
BLOCK08/SES087/SA087S15	SES087	1.67434	-62.9259	-64.6002
BLOCK08/SES087/SA087S16	SES087	1.95314	-62.9681	-64.9212
BLOCK08/SES087/SA087S24	SES087	1.70184	-62.9362	-64.6381
BLOCK08/SES087/SA087S26	SES087	1.47945	-61.6436	-63.1231
BLOCK08/SES087/SA087S29	SES087	1.45606	-63.6909	-65.147
BLOCK09/SES099/SA099S15	SES099	1.35638	-63.9385	-65.2949
BLOCK09/SES099/SA099S16	SES099	1.2113	-63.2798	-64.4911
BLOCK09/SES099/SA099S24	SES099	1.43453	-63.7803	-65.2148
BLOCK09/SES099/SA099S26	SES099	1.70914	-63.0721	-64.7812
BLOCK09/SES099/SA099S29	SES099	1.66436	-63.5532	-65.2176
BLOCK10/SES101/SA101S11	SES101	0.212173	-63.3293	-63.5415
BLOCK10/SES101/SA101S13	SES101	1.724	-61.8529	-63.5769
BLOCK10/SES101/SA101S22	SES101	0.321121	-64.3408	-64.6619
BLOCK10/SES101/SA101S24	SES101	0.771461	-63.5522	-64.3237
BLOCK10/SES101/SA101S28	SES101	-0.19445	-64.628	-64.4336
BLOCK10/SES104/SA104S11	SES104	1.16614	-62.245	-63.4111
BLOCK10/SES104/SA104S12	SES104	1.41364	-62.1971	-63.6108
BLOCK10/SES104/SA104S21	SES104	0.859909	-63.0716	-63.9315
BLOCK10/SES104/SA104S24	SES104	1.10735	-62.8224	-63.9298
BLOCK10/SES104/SA104S28	SES104	1.34972	-62.0826	-63.4323
BLOCK10/SES105/SA105S12	SES105	0.844414	-64.3444	-65.1888
BLOCK10/SES105/SA105S13	SES105	0.929153	-64.4747	-65.4039
BLOCK10/SES105/SA105S22	SES105	0.813446	-64.8937	-65.7071
BLOCK10/SES105/SA105S26	SES105	1.13991	-64.0896	-65.2295
BLOCK10/SES105/SA105S29	SES105	0.910057	-63.972	-64.8821
BLOCK10/SES106/SA106S09	SES106	0.707603	-64.0129	-64.7205
BLOCK10/SES106/SA106S11	SES106	1.38672	-62.7026	-64.0893
BLOCK10/SES106/SA106S22	SES106	2.58988	-62.2736	-64.8635
BLOCK10/SES106/SA106S27	SES106	1.23831	-63.7125	-64.9508
BLOCK10/SES106/SA106S29	SES106	1.32806	-63.3276	-64.6557
BLOCK11/SES117/SA117S12	SES117	-0.675224	-65.2449	-64.5697
BLOCK11/SES117/SA117S13	SES117	0.564999	-63.7518	-64.3168
BLOCK11/SES117/SA117S23	SES117	1.65997	-65.478	-67.1379
BLOCK11/SES117/SA117S25	SES117	1.3289	-65.0716	-66.4005
BLOCK11/SES117/SA117S28	SES117	1.49243	-65.1881	-66.6806
BLOCK12/SES120/SA120S08	SES120	1.60948	-65.0484	-66.6579
BLOCK12/SES120/SA120S11	SES120	0.0743866	-66.4373	-66.5117
BLOCK12/SES120/SA120S22	SES120	0.715408	-64.0231	-64.7385
BLOCK12/SES120/SA120S24	SES120	1.14032	-63.8585	-64.9988
BLOCK12/SES120/SA120S28	SES120	0.42733	-66.5173	-66.9446
BLOCK12/SES125/SA125S13	SES125	2.13306	-62.1213	-64.2543
BLOCK12/SES125/SA125S14	SES125	1.37427	-63.2125	-64.5868
BLOCK12/SES125/SA125S25	SES125	2.03931	-62.5423	-64.5816
BLOCK12/SES125/SA125S27	SES125	2.4382	-61.2232	-63.6614
BLOCK12/SES125/SA125S29	SES125	1.88144	-62.3318	-64.2132
BLOCK12/SES127/SA127S11	SES127	1.8206	-62.9035	-64.7241
BLOCK12/SES127/SA127S12	SES127	0.108795	-64.0772	-64.186
BLOCK12/SES127/SA127S23	SES127	0.884655	-63.6849	-64.5695
BLOCK12/SES127/SA127S25	SES127	0.686867	-64.1008	-64.7877
BLOCK12/SES127/SA127S27	SES127	1.16821	-62.9084	-64.0766
BLOCK12/SES129/SA129S11	SES129	1.52865	-62.9302	-64.4588
BLOCK12/SES129/SA129S12	SES129	1.80466	-62.3583	-64.163
BLOCK12/SES129/SA129S22	SES129	1.45551	-62.8988	-64.3543
BLOCK12/SES129/SA129S27	SES129	1.86958	-62.0319	-63.9014
BLOCK12/SES129/SA129S29	SES129	2.17795	-61.4437	-63.6216
BLOCK14/SES142/SA142S11	SES142	3.13073	-63.3492	-66.48
BLOCK14/SES142/SA142S12	SES142	1.46572	-64.5058	-65.9715
BLOCK14/SES142/SA142S24	SES142	2.71284	-62.927	-65.6399
BLOCK14/SES142/SA142S27	SES142	3.02024	-62.9221	-65.9423
BLOCK14/SES142/SA142S29	SES142	4.17839	-61.7076	-65.886
BLOCK14/SES143/SA143S12	SES143	1.14969	-64.5771	-65.7267
BLOCK14/SES143/SA143S13	SES143	0.950729	-64.3927	-65.3434
BLOCK14/SES143/SA143S23	SES143	1.7596	-63.7843	-65.5439
BLOCK14/SES143/SA143S25	SES143	1.36557	-63.909	-65.2746
BLOCK14/SES143/SA143S28	SES143	1.3942	-63.0882	-64.4824
BLOCK14/SES144/SA144S09	SES144	1.07862	-63.9946	-65.0732
BLOCK14/SES144/SA144S11	SES144	1.30965	-64.8174	-66.1271
BLOCK14/SES144/SA144S21	SES144	0.862564	-64.3703	-65.2328
BLOCK14/SES144/SA144S25	SES144	0.747757	-64.7376	-65.4854
BLOCK14/SES144/SA144S29	SES144	0.00679779	-64.7632	-64.77
BLOCK14/SES146/SA146S14	SES146	1.01574	-64.909	-65.9247
BLOCK14/SES146/SA146S15	SES146	1.23186	-64.2137	-65.4455
BLOCK14/SES146/SA146S24	SES146	0.517899	-64.8709	-65.3888
BLOCK14/SES146/SA146S26	SES146	1.01389	-64.59	-65.6039
BLOCK14/SES146/SA146S29	SES146	0.607346	-65.2322	-65.8396
BLOCK14/SES147/SA147S11	SES147	1.9878	-64.2289	-66.2167
BLOCK14/SES147/SA147S13	SES147	2.09841	-63.1039	-65.2024
BLOCK14/SES147/SA147S23	SES147	1.39126	-64.3522	-65.7434
BLOCK14/SES147/SA147S26	SES147	1.29621	-64.4617	-65.7579
BLOCK14/SES147/SA147S28	SES147	1.46857	-63.662	-65.1306
BLOCK14/SES148/SA148S10	SES148	1.75865	-63.1684	-64.927
BLOCK14/SES148/SA148S12	SES148	0.921799	-64.835	-65.7568
BLOCK14/SES148/SA148S22	SES148	1.79157	-62.3648	-64.1563
BLOCK14/SES148/SA148S26	SES148	0.58041	-63.7759	-64.3563
BLOCK14/SES148/SA148S29	SES148	1.10546	-64.0121	-65.1175
BLOCK14/SES149/SA149S13	SES149	0.205368	-64.3925	-64.5979
BLOCK14/SES149/SA149S14	SES149	0.547958	-63.6408	-64.1888
BLOCK14/SES149/SA149S24	SES149	1.57834	-62.9116	-64.4899
BLOCK14/SES149/SA149S26	SES149	2.22655	-62.3076	-64.5342
BLOCK14/SES149/SA149S28	SES149	3.17013	-61.1237	-64.2938
BLOCK15/SES158/SA158S13	SES158	1.25835	-63.8697	-65.1281
BLOCK15/SES158/SA158S14	SES158	2.089	-62.7793	-64.8683
BLOCK15/SES158/SA158S23	SES158	1.23661	-63.0006	-64.2372
BLOCK15/SES158/SA158S26	SES158	1.87725	-63.175	-65.0523
BLOCK15/SES158/SA158S28	SES158	1.23489	-63.5337	-64.7686
BLOCK16/SES162/SA162S10	SES162	1.42699	-65.0544	-66.4814
BLOCK16/SES162/SA162S11	SES162	1.69027	-63.4122	-65.1025
BLOCK16/SES162/SA162S21	SES162	2.29442	-63.4341	-65.7285
BLOCK16/SES162/SA162S24	SES162	1.57621	-63.7359	-65.3121
BLOCK16/SES162/SA162S27	SES162	2.05309	-63.4772	-65.5303
BLOCK16/SES167/SA167S14	SES167	1.03152	-62.5682	-63.5997
BLOCK16/SES167/SA167S15	SES167	2.02723	-63.2524	-65.2796
BLOCK16/SES167/SA167S21	SES167	1.5692	-62.6064	-64.1756
BLOCK16/SES167/SA167S25	SES167	2.05743	-63.2592	-65.3166
BLOCK16/SES167/SA167S29	SES167	2.49977	-61.3104	-63.8101
BLOCK17/SES172/SA172S12	SES172	2.11492	-62.5674	-64.6824
BLOCK17/SES172/SA172S13	SES172	1.82703	-64.0915	-65.9186
BLOCK17/SES172/SA172S23	SES172	1.02836	-62.5309	-63.5593
BLOCK17/SES172/SA172S27	SES172	1.72569	-63.3877	-65.1134
BLOCK17/SES172/SA172S29	SES172	1.71328	-62.8981	-64.6114
BLOCK17/SES175/SA175S11	SES175	1.8571	-62.875	-64.7321
BLOCK17/SES175/SA175S13	SES175	1.20506	-63.7233	-64.9284
BLOCK17/SES175/SA175S23	SES175	1.96806	-62.8126	-64.7807
BLOCK17/SES175/SA175S25	SES175	1.23965	-64.9221	-66.1617
BLOCK17/SES175/SA175S28	SES175	1.36288	-62.9618	-64.3247
BLOCK17/SES177/SA177S15	SES177	0.800797	-63.5443	-64.3451
BLOCK17/SES177/SA177S17	SES177	0.878674	-63.6171	-64.4958
BLOCK17/SES177/SA177S23	SES177	0.0444794	-64.6396	-64.6841
BLOCK17/SES177/SA177S26	SES177	1.29801	-61.7051	-63.0031
BLOCK17/SES177/SA177S28	SES177	1.56234	-62.0037	-63.566
BLOCK18/SES180/SA180S13	SES180	1.35265	-63.6204	-64.973
BLOCK18/SES180/SA180S15	SES180	1.49638	-64.0965	-65.5929
BLOCK18/SES180/SA180S24	SES180	1.78342	-62.223	-64.0065
BLOCK18/SES180/SA180S26	SES180	1.65668	-62.9595	-64.6162
BLOCK18/SES180/SA180S29	SES180	2.00943	-63.6	-65.6094
BLOCK18/SES183/SA183S13	SES183	1.41916	-64.7361	-66.1552
BLOCK18/SES183/SA183S14	SES183	0.712532	-64.588	-65.3006
BLOCK18/SES183/SA183S24	SES183	1.36098	-64.8153	-66.1763
BLOCK18/SES183/SA183S27	SES183	1.31259	-64.1975	-65.5101
BLOCK18/SES183/SA183S29	SES183	1.30023	-63.8187	-65.1189
BLOCK18/SES187/SA187S13	SES187	0.8899	-64.4794	-65.3693
BLOCK18/SES187/SA187S14	SES187	1.11306	-64.4122	-65.5252
BLOCK18/SES187/SA187S24	SES187	2.22999	-62.3924	-64.6224
BLOCK18/SES187/SA187S27	SES187	1.62144	-63.468	-65.0894
BLOCK18/SES187/SA187S29	SES187	1.71745	-63.3752	-65.0926
BLOCK18/SES189/SA189S10	SES189	2.61419	-65.7461	-68.3603
BLOCK18/SES189/SA189S13	SES189	3.8317	-65.498	-69.3297
BLOCK18/SES189/SA189S24	SES189	3.7079	-64.7156	-68.4235
BLOCK18/SES189/SA189S26	SES189	2.01605	-64.405	-66.4211
BLOCK18/SES189/SA189S29	SES189	3.44843	-64.21	-67.6585
BLOCK20/SES202/SA202S12	SES202	2.26261	-64.3905	-66.6532
BLOCK20/SES202/SA202S14	SES202	3.82095	-61.6091	-65.43
BLOCK20/SES202/SA202S24	SES202	2.37265	-63.3756	-65.7483
BLOCK20/SES202/SA202S27	SES202	2.73445	-61.2769	-64.0113
BLOCK20/SES202/SA202S29	SES202	3.39868	-60.7789	-64.1775
BLOCK20/SES206/SA206S15	SES206	0.343498	-63.3637	-63.7072
BLOCK20/SES206/SA206S17	SES206	1.66091	-61.4074	-63.0683
BLOCK20/SES206/SA206S24	SES206	1.31769	-61.5628	-62.8805
BLOCK20/SES206/SA206S27	SES206	1.48335	-62.1906	-63.6739
BLOCK20/SES206/SA206S29	SES206	1.07855	-61.6354	-62.7139
BLOCK22/SES226/SA226S12	SES226	1.42066	-63.3177	-64.7384
BLOCK22/SES226/SA226S13	SES226	-0.384872	-64.6272	-64.2423
BLOCK22/SES226/SA226S20	SES226	0.947372	-63.6276	-64.575
BLOCK22/SES226/SA226S23	SES226	1.23392	-63.0876	-64.3215
BLOCK22/SES226/SA226S28	SES226	1.63631	-62.6523	-64.2886
BLOCK25/SES259/SA259S13	SES259	3.12812	-61.4646	-64.5928
BLOCK25/SES259/SA259S14	SES259	1.99671	-62.5296	-64.5263
BLOCK25/SES259/SA259S22	SES259	1.92046	-62.7004	-64.6208
BLOCK25/SES259/SA259S24	SES259	2.45656	-60.8086	-63.2652
BLOCK25/SES259/SA259S28	SES259	1.72202	-62.2975	-64.0196
BLOCK27/SES270/SA270S14	SES270	2.15308	-64.0195	-66.1726
BLOCK27/SES270/SA270S16	SES270	1.14145	-63.7938	-64.9353
BLOCK27/SES270/SA270S22	SES270	2.3566	-63.5094	-65.866
BLOCK27/SES270/SA270S26	SES270	0.770203	-64.8394	-65.6096
BLOCK27/SES270/SA270S28	SES270	0.533463	-64.0119	-64.5453
BLOCK27/SES275/SA275S17	SES275	1.63979	-64.2732	-65.913
BLOCK27/SES275/SA275S18	SES275	0.791275	-64.1278	-64.9191
BLOCK27/SES275/SA275S24	SES275	0.964668	-65.0584	-66.023
BLOCK27/SES275/SA275S26	SES275	1.57006	-63.6067	-65.1768
BLOCK27/SES275/SA275S28	SES275	0.758495	-63.9818	-64.7403
BLOCK29/SES292/SA292S10	SES292	0.180153	-64.7075	-64.8877
BLOCK29/SES292/SA292S12	SES292	0.266602	-65.142	-65.4086
BLOCK29/SES292/SA292S22	SES292	1.55328	-63.187	-64.7402
BLOCK29/SES292/SA292S24	SES292	0.258728	-64.1419	-64.4007
BLOCK29/SES292/SA292S27	SES292	-0.0549545	-63.7792	-63.7242
BLOCK00/SES001/SA001S14	SES062	-1.44254	-66.5417	-65.0992
BLOCK00/SES001/SA001S14	SES082	-2.22573	-67.3249	-65.0992
BLOCK00/SES001/SA001S14	SES106	-3.05027	-68.1495	-65.0992
BLOCK00/SES001/SA001S14	SES206	-2.53936	-67.6386	-65.0992
BLOCK00/SES001/SA001S15	SES062	-2.18143	-65.9634	-63.7819
BLOCK00/SES001/SA001S15	SES104	-3.26167	-67.0436	-63.7819
BLOCK00/SES001/SA001S15	SES106	-3.25968	-67.0416	-63.7819
BLOCK00/SES001/SA001S15	SES206	-2.72503	-66.507	-63.7819
BLOCK00/SES001/SA001S24	SES062	-3.05805	-68.6003	-65.5423
BLOCK00/SES001/SA001S24	SES082	-2.3661	-67.9084	-65.5423
BLOCK00/SES001/SA001S24	SES087	-3.27607	-68.8183	-65.5423
BLOCK00/SES001/SA001S24	SES206	-2.21492	-67.7572	-65.5423
BLOCK00/SES001/SA001S27	SES062	-1.90374	-65.6426	-63.7389
BLOCK00/SES001/SA001S27	SES082	-3.04626	-66.7851	-63.7389
BLOCK00/SES001/SA001S27	SES087	-2.88162	-66.6205	-63.7389
BLOCK00/SES001/SA001S27	SES206	-2.37173	-66.1106	-63.7389
BLOCK00/SES001/SA001S29	SES062	-2.96038	-68.3682	-65.4078
BLOCK00/SES001/SA001S29	SES082	-2.65248	-68.0603	-65.4078
BLOCK00/SES001/SA001S29	SES158	-1.632	-67.0398	-65.4078
BLOCK00/SES001/SA001S29	SES206	-3.29552	-68.7033	-65.4078
BLOCK00/SES003/SA003S11	SES002	-1.64115	-65.9784	-64.3373
BLOCK00/SES003/SA003S11	SES019	-1.78366	-66.1209	-64.3373
BLOCK00/SES003/SA003S11	SES082	-1.18907	-65.5263	-64.3373
BLOCK00/SES003/SA003S11	SES125	-2.10829	-66.4456	-64.3373
BLOCK00/SES003/SA003S15	SES016	-3.84316	-67.4361	-63.593
BLOCK00/SES003/SA003S15	SES019	-1.71717	-65.3101	-63.593
BLOCK00/SES003/SA003S15	SES062	-2.8672	-66.4602	-63.593
BLOCK00/SES003/SA003S15	SES206	-1.21352	-64.8065	-63.593
BLOCK00/SES003/SA003S22	SES002	-2.11124	-66.513	-64.4018
BLOCK00/SES003/SA003S22	SES062	-2.04237	-66.4441	-64.4018
BLOCK00/SES003/SA003S22	SES082	-1.35701	-65.7588	-64.4018
BLOCK00/SES003/SA003S22	SES087	-1.63464	-66.0364	-64.4018
BLOCK00/SES003/SA003S25	SES062	-3.186	-67.7332	-64.5472
BLOCK00/SES003/SA003S25	SES082	-1.08829	-65.6355	-64.5472
BLOCK00/SES003/SA003S25	SES087	-1.42312	-65.9703	-64.5472
BLOCK00/SES003/SA003S25	SES206	-2.24302	-66.7902	-64.5472
BLOCK00/SES003/SA003S29	SES002	-2.21926	-66.8482	-64.6289
BLOCK00/SES003/SA003S29	SES062	-2.66142	-67.2903	-64.6289
BLOCK00/SES003/SA003S29	SES082	-1.29423	-65.9231	-64.6289
BLOCK00/SES003/SA003S29	SES087	-2.22206	-66.851	-64.6289
BLOCK00/SES004/SA004S12	SES083	-1.9389	-67.83	-65.8911
BLOCK00/SES004/SA004S12	SES148	-1.73386	-67.625	-65.8911
BLOCK00/SES004/SA004S12	SES172	-1.55871	-67.4498	-65.8911
BLOCK00/SES004/SA004S12	SES292	-2.23201	-68.1231	-65.8911
BLOCK00/SES004/SA004S17	SES083	-1.92672	-67.6986	-65.7719
BLOCK00/SES004/SA004S17	SES162	-1.5499	-67.3218	-65.7719
BLOCK00/SES004/SA004S17	SES172	-1.94666	-67.7186	-65.7719
BLOCK00/SES004/SA004S17	SES292	-1.70047	-67.4724	-65.7719
BLOCK00/SES004/SA004S24	SES083	-1.38764	-66.6208	-65.2332
BLOCK00/SES004/SA004S24	SES148	-1.82487	-67.058	-65.2332
BLOCK00/SES004/SA004S24	SES172	-1.03848	-66.2716	-65.2332
BLOCK00/SES004/SA004S24	SES292	-1.52445	-66.7576	-65.2332
BLOCK00/SES004/SA004S26	SES083	-1.59841	-66.3062	-64.7078
BLOCK00/SES004/SA004S26	SES127	-0.850266	-65.558	-64.7078
BLOCK00/SES004/SA004S26	SES148	-2.34826	-67.056	-64.7078
BLOCK00/SES004/SA004S26	SES292	-1.87344	-66.5812	-64.7078
BLOCK00/SES004/SA004S28	SES083	-1.51597	-65.7331	-64.2171
BLOCK00/SES004/SA004S28	SES127	-1.54422	-65.7614	-64.2171
BLOCK00/SES004/SA004S28	SES187	-1.5512	-65.7683	-64.2171
BLOCK00/SES004/SA004S28	SES292	-3.00306	-67.2202	-64.2171
BLOCK00/SES006/SA006S10	SES014	-3.79586	-70.5693	-66.7734
BLOCK00/SES006/SA006S10	SES158	-1.2479	-68.0213	-66.7734
BLOCK00/SES006/SA006S10	SES226	-3.13545	-69.9089	-66.7734
BLOCK00/SES006/SA006S10	SES270	-0.857979	-67.6314	-66.7734
BLOCK00/SES006/SA006S11	SES158	-1.32763	-68.0702	-66.7426
BLOCK00/SES006/SA006S11	SES226	-2.68921	-69.4318	-66.7426
BLOCK00/SES006/SA006S11	SES270	-0.955429	-67.698	-66.7426
BLOCK00/SES006/SA006S11	SES275	-3.15937	-69.902	-66.7426
BLOCK00/SES006/SA006S23	SES062	-2.62651	-68.3269	-65.7004
BLOCK00/SES006/SA006S23	SES105	-2.80215	-68.5026	-65.7004
BLOCK00/SES006/SA006S23	SES158	-1.25225	-66.9527	-65.7004
BLOCK00/SES006/SA006S23	SES275	-2.36219	-68.0626	-65.7004
BLOCK00/SES006/SA006S26	SES104	-2.65481	-68.2022	-65.5474
BLOCK00/SES006/SA006S26	SES158	-1.13	-66.6774	-65.5474
BLOCK00/SES006/SA006S26	SES270	-0.500969	-66.0484	-65.5474
BLOCK00/SES006/SA006S26	SES275	-3.18421	-68.7316	-65.5474
BLOCK00/SES006/SA006S28	SES007	-3.18009	-69.6673	-66.4872
BLOCK00/SES006/SA006S28	SES105	-3.16761	-69.6548	-66.4872
BLOCK00/SES006/SA006S28	SES158	-1.42447	-67.9117	-66.4872
BLOCK00/SES006/SA006S28	SES275	-2.99567	-69.4829	-66.4872
BLOCK00/SES009/SA009S12	SES083	-1.90306	-66.0326	-64.1295
BLOCK00/SES009/SA009S12	SES148	-1.73684	-65.8664	-64.1295
BLOCK00/SES009/SA009S12	SES177	-2.29311	-66.4226	-64.1295
BLOCK00/SES009/SA009S12	SES292	-1.10729	-65.2368	-64.1295
BLOCK00/SES009/SA009S15	SES007	0.496712	-62.7664	-63.2631
BLOCK00/SES009/SA009S15	SES099	-4.94275	-68.2059	-63.2631
BLOCK00/SES009/SA009S15	SES148	-1.92346	-65.1866	-63.2631
BLOCK00/SES009/SA009S15	SES172	-1.353	-64.6161	-63.2631
BLOCK00/SES009/SA009S24	SES146	-0.933788	-64.6687	-63.735
BLOCK00/SES009/SA009S24	SES148	-1.74694	-65.4819	-63.735
BLOCK00/SES009/SA009S24	SES177	-1.36794	-65.1029	-63.735
BLOCK00/SES009/SA009S24	SES292	-1.0226	-64.7576	-63.735
BLOCK00/SES009/SA009S26	SES083	-1.72248	-66.2064	-64.4839
BLOCK00/SES009/SA009S26	SES101	-1.58018	-66.0641	-64.4839
BLOCK00/SES009/SA009S26	SES120	-1.14455	-65.6285	-64.4839
BLOCK00/SES009/SA009S26	SES177	-2.08603	-66.57	-64.4839
BLOCK00/SES009/SA009S29	SES083	-1.37005	-65.0512	-63.6811
BLOCK00/SES009/SA009S29	SES101	-1.56685	-65.248	-63.6811
BLOCK00/SES009/SA009S29	SES177	-2.03011	-65.7112	-63.6811
BLOCK00/SES009/SA009S29	SES292	-0.870575	-64.5517	-63.6811
BLOCK01/SES011/SA011S10	SES019	-1.53325	-65.9409	-64.4076
BLOCK01/SES011/SA011S10	SES042	-0.852036	-65.2597	-64.4076
BLOCK01/SES011/SA011S10	SES082	-2.01808	-66.4257	-64.4076
BLOCK01/SES011/SA011S10	SES206	-1.10412	-65.5118	-64.4076
BLOCK01/SES011/SA011S11	SES019	-1.25555	-66.5095	-65.2539
BLOCK01/SES011/SA011S11	SES042	-1.44152	-66.6955	-65.2539
BLOCK01/SES011/SA011S11	SES082	-1.90347	-67.1574	-65.2539
BLOCK01/SES011/SA011S11	SES206	-0.758972	-66.0129	-65.2539
BLOCK01/SES011/SA011S22	SES019	-0.958679	-65.8517	-64.893
BLOCK01/SES011/SA011S22	SES042	-0.396431	-65.2895	-64.893
BLOCK01/SES011/SA011S22	SES082	-1.26464	-66.1577	-64.893
BLOCK01/SES011/SA011S22	SES206	-1.33526	-66.2283	-64.893
BLOCK01/SES011/SA011S24	SES019	-0.993752	-65.2766	-64.2828
BLOCK01/SES011/SA011S24	SES042	-0.618057	-64.9009	-64.2828
BLOCK01/SES011/SA011S24	SES104	-1.87538	-66.1582	-64.2828
BLOCK01/SES011/SA011S24	SES206	-0.837685	-65.1205	-64.2828
BLOCK01/SES011/SA011S27	SES082	-0.236504	-64.6423	-64.4058
BLOCK01/SES011/SA011S27	SES087	-1.62627	-66.032	-64.4058
BLOCK01/SES011/SA011S27	SES125	-0.703003	-65.1088	-64.4058
BLOCK01/SES011/SA011S27	SES206	-0.886871	-65.2926	-64.4058
BLOCK01/SES012/SA012S11	SES007	-2.29763	-65.2603	-62.9627
BLOCK01/SES012/SA012S11	SES082	-1.64291	-64.6056	-62.9627
BLOCK01/SES012/SA012S11	SES083	-3.07766	-66.0404	-62.9627
BLOCK01/SES012/SA012S11	SES206	-0.84306	-63.8058	-62.9627
BLOCK01/SES012/SA012S14	SES082	-1.27674	-64.8526	-63.5759
BLOCK01/SES012/SA012S14	SES087	-2.03271	-65.6086	-63.5759
BLOCK01/SES012/SA012S14	SES206	-0.71751	-64.2934	-63.5759
BLOCK01/SES012/SA012S14	SES292	-3.52497	-67.1008	-63.5759
BLOCK01/SES012/SA012S24	SES082	-0.454201	-64.941	-64.4868
BLOCK01/SES012/SA012S24	SES087	-1.59064	-66.0774	-64.4868
BLOCK01/SES012/SA012S24	SES120	-4.28066	-68.7674	-64.4868
BLOCK01/SES012/SA012S24	SES206	-0.492706	-64.9795	-64.4868
BLOCK01/SES012/SA012S26	SES019	-2.35636	-65.6251	-63.2687
BLOCK01/SES012/SA012S26	SES082	-2.05333	-65.3221	-63.2687
BLOCK01/SES012/SA012S26	SES206	-0.388149	-63.6569	-63.2687
BLOCK01/SES012/SA012S26	SES292	-3.10037	-66.3691	-63.2687
BLOCK01/SES012/SA012S29	SES062	-2.69486	-65.7623	-63.0674
BLOCK01/SES012/SA012S29	SES082	-1.25792	-64.3254	-63.0674
BLOCK01/SES012/SA012S29	SES083	-2.84293	-65.9104	-63.0674
BLOCK01/SES012/SA012S29	SES206	-0.674488	-63.7419	-63.0674
BLOCK01/SES013/SA013S16	SES062	-4.20133	-68.1563	-63.955
BLOCK01/SES013/SA013S16	SES106	-1.80179	-65.7568	-63.955
BLOCK01/SES013/SA013S16	SES206	-1.57496	-65.5299	-63.955
BLOCK01/SES013/SA013S16	SES226	-1.06041	-65.0154	-63.955
BLOCK01/SES013/SA013S17	SES062	-3.83891	-67.23	-63.3911
BLOCK01/SES013/SA013S17	SES106	-2.53513	-65.9263	-63.3911
BLOCK01/SES013/SA013S17	SES206	-0.622849	-64.014	-63.3911
BLOCK01/SES013/SA013S17	SES226	-0.841202	-64.2323	-63.3911
BLOCK01/SES013/SA013S23	SES104	-2.05158	-66.4585	-64.4069
BLOCK01/SES013/SA013S23	SES106	-1.32315	-65.7301	-64.4069
BLOCK01/SES013/SA013S23	SES206	-1.84017	-66.2471	-64.4069
BLOCK01/SES013/SA013S23	SES270	-1.03922	-65.4461	-64.4069
BLOCK01/SES013/SA013S25	SES042	-2.28503	-65.5417	-63.2566
BLOCK01/SES013/SA013S25	SES104	-2.08894	-65.3456	-63.2566
BLOCK01/SES013/SA013S25	SES106	-1.46903	-64.7257	-63.2566
BLOCK01/SES013/SA013S25	SES206	-1.74207	-64.9987	-63.2566
BLOCK01/SES013/SA013S29	SES062	-4.41833	-67.8615	-63.4431
BLOCK01/SES013/SA013S29	SES104	-2.51012	-65.9532	-63.4431
BLOCK01/SES013/SA013S29	SES106	-1.64693	-65.09	-63.4431
BLOCK01/SES013/SA013S29	SES206	-1.38924	-64.8324	-63.4431
BLOCK02/SES021/SA021S13	SES016	-3.70986	-67.2834	-63.5736
BLOCK02/SES021/SA021S13	SES029	-3.33223	-66.9058	-63.5736
BLOCK02/SES021/SA021S13	SES087	-1.83905	-65.4126	-63.5736
BLOCK02/SES021/SA021S13	SES206	-0.962246	-64.5358	-63.5736
BLOCK02/SES021/SA021S15	SES087	-1.4659	-64.1201	-62.6542
BLOCK02/SES021/SA021S15	SES125	-0.432617	-63.0868	-62.6542
BLOCK02/SES021/SA021S15	SES206	-0.463722	-63.1179	-62.6542
BLOCK02/SES021/SA021S15	SES226	-1.40235	-64.0565	-62.6542
BLOCK02/SES021/SA021S23	SES062	-3.8078	-68.0348	-64.227
BLOCK02/SES021/SA021S23	SES087	-2.15188	-66.3788	-64.227
BLOCK02/SES021/SA021S23	SES206	-1.55462	-65.7816	-64.227
BLOCK02/SES021/SA021S23	SES226	-1.29264	-65.5196	-64.227
BLOCK02/SES021/SA021S27	SES002	-1.49489	-64.8341	-63.3392
BLOCK02/SES021/SA021S27	SES016	-4.15284	-67.4921	-63.3392
BLOCK02/SES021/SA021S27	SES019	-1.99159	-65.3308	-63.3392
BLOCK02/SES021/SA021S27	SES062	-2.3587	-65.6979	-63.3392
BLOCK02/SES021/SA021S29	SES087	-1.73278	-64.6456	-62.9128
BLOCK02/SES021/SA021S29	SES125	-1.05368	-63.9665	-62.9128
BLOCK02/SES021/SA021S29	SES206	-0.673542	-63.5864	-62.9128
BLOCK02/SES021/SA021S29	SES226	-1.64637	-64.5592	-62.9128
BLOCK04/SES043/SA043S09	SES083	-2.57301	-68.4624	-65.8894
BLOCK04/SES043/SA043S09	SES101	-3.20255	-69.092	-65.8894
BLOCK04/SES043/SA043S09	SES144	-0.771416	-66.6609	-65.8894
BLOCK04/SES043/SA043S09	SES172	-3.60078	-69.4902	-65.8894
BLOCK04/SES043/SA043S11	SES083	-1.00139	-65.4857	-64.4843
BLOCK04/SES043/SA043S11	SES101	-1.95123	-66.4355	-64.4843
BLOCK04/SES043/SA043S11	SES144	-0.652199	-65.1365	-64.4843
BLOCK04/SES043/SA043S11	SES172	-1.863	-66.3473	-64.4843
BLOCK04/SES043/SA043S23	SES083	-0.874603	-65.5877	-64.7131
BLOCK04/SES043/SA043S23	SES144	0.0203857	-64.6927	-64.7131
BLOCK04/SES043/SA043S23	SES177	-2.60886	-67.3219	-64.7131
BLOCK04/SES043/SA043S23	SES275	-0.670219	-65.3833	-64.7131
BLOCK04/SES043/SA043S26	SES083	-1.20966	-65.9013	-64.6916
BLOCK04/SES043/SA043S26	SES101	-1.7142	-66.4058	-64.6916
BLOCK04/SES043/SA043S26	SES144	-0.0757065	-64.7673	-64.6916
BLOCK04/SES043/SA043S26	SES177	-2.38835	-67.0799	-64.6916
BLOCK04/SES043/SA043S28	SES016	-1.85563	-65.7582	-63.9026
BLOCK04/SES043/SA043S28	SES083	-0.877399	-64.78	-63.9026
BLOCK04/SES043/SA043S28	SES101	-1.1745	-65.0771	-63.9026
BLOCK04/SES043/SA043S28	SES144	-0.703732	-64.6063	-63.9026
BLOCK04/SES044/SA044S10	SES127	-3.37424	-71.3702	-67.996
BLOCK04/SES044/SA044S10	SES144	-0.752441	-68.7484	-67.996
BLOCK04/SES044/SA044S10	SES147	-3.83982	-71.8358	-67.996
BLOCK04/SES044/SA044S10	SES148	-2.92836	-70.9243	-67.996
BLOCK04/SES044/SA044S11	SES101	-2.23534	-68.8244	-66.589
BLOCK04/SES044/SA044S11	SES144	0.0874863	-66.5016	-66.589
BLOCK04/SES044/SA044S11	SES147	-2.65955	-69.2486	-66.589
BLOCK04/SES044/SA044S11	SES177	-2.95533	-69.5444	-66.589
BLOCK04/SES044/SA044S24	SES007	-2.87384	-68.5661	-65.6922
BLOCK04/SES044/SA044S24	SES101	-1.93185	-67.6241	-65.6922
BLOCK04/SES044/SA044S24	SES147	-3.92088	-69.6131	-65.6922
BLOCK04/SES044/SA044S24	SES177	-2.85486	-68.5471	-65.6922
BLOCK04/SES044/SA044S26	SES007	-2.09751	-67.4837	-65.3862
BLOCK04/SES044/SA044S26	SES016	-0.766342	-66.1525	-65.3862
BLOCK04/SES044/SA044S26	SES101	-1.43577	-66.822	-65.3862
BLOCK04/SES044/SA044S26	SES147	-2.20931	-67.5955	-65.3862
BLOCK04/SES044/SA044S29	SES007	-2.19543	-66.8296	-64.6341
BLOCK04/SES044/SA044S29	SES101	-0.120232	-64.7544	-64.6341
BLOCK04/SES044/SA044S29	SES147	-1.79325	-66.4274	-64.6341
BLOCK04/SES044/SA044S29	SES177	-2.31694	-66.9511	-64.6341
BLOCK04/SES046/SA046S13	SES101	-3.82967	-69.2593	-65.4296
BLOCK04/SES046/SA046S13	SES144	-1.395	-66.8246	-65.4296
BLOCK04/SES046/SA046S13	SES147	-2.66273	-68.0924	-65.4296
BLOCK04/SES046/SA046S13	SES177	-1.63284	-67.0625	-65.4296
BLOCK04/SES046/SA046S15	SES048	-2.60141	-67.3833	-64.7818
BLOCK04/SES046/SA046S15	SES083	-0.978279	-65.7601	-64.7818
BLOCK04/SES046/SA046S15	SES120	-2.79189	-67.5737	-64.7818
BLOCK04/SES046/SA046S15	SES148	-1.2279	-66.0097	-64.7818
BLOCK04/SES046/SA046S22	SES101	-1.03862	-66.2371	-65.1985
BLOCK04/SES046/SA046S22	SES144	-0.574753	-65.7733	-65.1985
BLOCK04/SES046/SA046S22	SES147	-1.97952	-67.178	-65.1985
BLOCK04/SES046/SA046S22	SES172	-1.78185	-66.9804	-65.1985
BLOCK04/SES046/SA046S25	SES083	-1.78866	-66.5341	-64.7454
BLOCK04/SES046/SA046S25	SES127	-2.01939	-66.7648	-64.7454
BLOCK04/SES046/SA046S25	SES144	-1.87798	-66.6234	-64.7454
BLOCK04/SES046/SA046S25	SES148	-1.91577	-66.6612	-64.7454
BLOCK04/SES046/SA046S28	SES007	-2.89113	-68.7523	-65.8612
BLOCK04/SES046/SA046S28	SES105	-3.04829	-68.9095	-65.8612
BLOCK04/SES046/SA046S28	SES147	-2.51008	-68.3713	-65.8612
BLOCK04/SES046/SA046S28	SES148	-1.97195	-67.8332	-65.8612
BLOCK04/SES049/SA049S16	SES104	-1.88717	-66.8342	-64.947
BLOCK04/SES049/SA049S16	SES106	-1.85669	-66.8037	-64.947
BLOCK04/SES049/SA049S16	SES120	-3.62003	-68.567	-64.947
BLOCK04/SES049/SA049S16	SES206	-1.64672	-66.5937	-64.947
BLOCK04/SES049/SA049S18	SES099	-0.980667	-66.9816	-66.0009
BLOCK04/SES049/SA049S18	SES104	-2.35027	-68.3512	-66.0009
BLOCK04/SES049/SA049S18	SES125	-2.40295	-68.4039	-66.0009
BLOCK04/SES049/SA049S18	SES206	-1.58952	-67.5905	-66.0009
BLOCK04/SES049/SA049S25	SES087	-1.14388	-65.8675	-64.7236
BLOCK04/SES049/SA049S25	SES104	-1.04636	-65.7699	-64.7236
BLOCK04/SES049/SA049S25	SES125	-1.81667	-66.5402	-64.7236
BLOCK04/SES049/SA049S25	SES206	-0.667946	-65.3915	-64.7236
BLOCK04/SES049/SA049S27	SES099	-0.487831	-65.5698	-65.082
BLOCK04/SES049/SA049S27	SES104	-0.540077	-65.622	-65.082
BLOCK04/SES049/SA049S27	SES125	-1.89067	-66.9726	-65.082
BLOCK04/SES049/SA049S27	SES206	-1.04173	-66.1237	-65.082
BLOCK04/SES049/SA049S29	SES099	-0.400677	-64.2652	-63.8645
BLOCK04/SES049/SA049S29	SES104	-0.247166	-64.1117	-63.8645
BLOCK04/SES049/SA049S29	SES125	-1.15076	-65.0153	-63.8645
BLOCK04/SES049/SA049S29	SES206	-0.276608	-64.1411	-63.8645
BLOCK06/SES063/SA063S09	SES068	-1.91018	-66.3996	-64.4894
BLOCK06/SES063/SA063S09	SES083	-1.32882	-65.8182	-64.4894
BLOCK06/SES063/SA063S09	SES177	-1.48102	-65.9704	-64.4894
BLOCK06/SES063/SA063S09	SES187	-1.72301	-66.2124	-64.4894
BLOCK06/SES063/SA063S10	SES068	-1.90121	-67.0342	-65.133
BLOCK06/SES063/SA063S10	SES083	-0.653473	-65.7865	-65.133
BLOCK06/SES063/SA063S10	SES172	-0.744576	-65.8776	-65.133
BLOCK06/SES063/SA063S10	SES187	-1.8639	-66.9969	-65.133
BLOCK06/SES063/SA063S20	SES068	-3.04916	-67.9798	-64.9307
BLOCK06/SES063/SA063S20	SES083	-0.974701	-65.9054	-64.9307
BLOCK06/SES063/SA063S20	SES172	-1.17091	-66.1016	-64.9307
BLOCK06/SES063/SA063S20	SES187	-0.801353	-65.732	-64.9307
BLOCK06/SES063/SA063S24	SES029	-2.83018	-66.6282	-63.798
BLOCK06/SES063/SA063S24	SES083	-0.238083	-64.0361	-63.798
BLOCK06/SES063/SA063S24	SES177	-1.55315	-65.3512	-63.798
BLOCK06/SES063/SA063S24	SES189	-1.39082	-65.1888	-63.798
BLOCK06/SES063/SA063S27	SES083	-0.729935	-65.6355	-64.9055
BLOCK06/SES063/SA063S27	SES172	-0.964088	-65.8696	-64.9055
BLOCK06/SES063/SA063S27	SES187	-2.04919	-66.9547	-64.9055
BLOCK06/SES063/SA063S27	SES292	-2.24801	-67.1535	-64.9055
BLOCK06/SES067/SA067S12	SES083	-1.30652	-66.0795	-64.773
BLOCK06/SES067/SA067S12	SES172	-3.24355	-68.0165	-64.773
BLOCK06/SES067/SA067S12	SES202	0.0157623	-64.7572	-64.773
BLOCK06/SES067/SA067S12	SES292	-1.53616	-66.3091	-64.773
BLOCK06/SES067/SA067S14	SES085	-2.33336	-66.6116	-64.2782
BLOCK06/SES067/SA067S14	SES177	-1.89324	-66.1714	-64.2782
BLOCK06/SES067/SA067S14	SES183	-2.72141	-66.9996	-64.2782
BLOCK06/SES067/SA067S14	SES202	-0.618843	-64.897	-64.2782
BLOCK06/SES067/SA067S21	SES144	-1.08436	-66.6671	-65.5828
BLOCK06/SES067/SA067S21	SES177	-1.19031	-66.7731	-65.5828
BLOCK06/SES067/SA067S21	SES183	-4.44956	-70.0323	-65.5828
BLOCK06/SES067/SA067S21	SES189	-0.41111	-65.9939	-65.5828
BLOCK06/SES067/SA067S25	SES085	-1.02309	-65.7902	-64.7671
BLOCK06/SES067/SA067S25	SES177	-1.98228	-66.7494	-64.7671
BLOCK06/SES067/SA067S25	SES183	-2.42905	-67.1961	-64.7671
BLOCK06/SES067/SA067S25	SES202	-0.470413	-65.2375	-64.7671
BLOCK06/SES067/SA067S29	SES085	-1.24569	-66.0951	-64.8494
BLOCK06/SES067/SA067S29	SES177	-2.70278	-67.5522	-64.8494
BLOCK06/SES067/SA067S29	SES183	-1.64195	-66.4913	-64.8494
BLOCK06/SES067/SA067S29	SES202	-0.198341	-65.0477	-64.8494
BLOCK06/SES069/SA069S12	SES029	-3.0985	-66.8148	-63.7163
BLOCK06/SES069/SA069S12	SES082	-1.1414	-64.8577	-63.7163
BLOCK06/SES069/SA069S12	SES087	-2.47224	-66.1886	-63.7163
BLOCK06/SES069/SA069S12	SES206	-1.55692	-65.2732	-63.7163
BLOCK06/SES069/SA069S13	SES029	-3.22459	-67.025	-63.8005
BLOCK06/SES069/SA069S13	SES087	-2.56124	-66.3617	-63.8005
BLOCK06/SES069/SA069S13	SES206	-1.51279	-65.3132	-63.8005
BLOCK06/SES069/SA069S13	SES226	-2.22128	-66.0217	-63.8005
BLOCK06/SES069/SA069S23	SES029	-1.96181	-64.077	-62.1152
BLOCK06/SES069/SA069S23	SES087	-2.03335	-64.1486	-62.1152
BLOCK06/SES069/SA069S23	SES206	-1.10992	-63.2251	-62.1152
BLOCK06/SES069/SA069S23	SES226	-0.741302	-62.8565	-62.1152
BLOCK06/SES069/SA069S25	SES087	-1.56422	-64.3975	-62.8333
BLOCK06/SES069/SA069S25	SES206	-1.56507	-64.3984	-62.8333
BLOCK06/SES069/SA069S25	SES226	-1.1521	-63.9854	-62.8333
BLOCK06/SES069/SA069S25	SES270	-1.32743	-64.1607	-62.8333
BLOCK06/SES069/SA069S27	SES087	-2.31733	-65.0849	-62.7675
BLOCK06/SES069/SA069S27	SES206	-0.971352	-63.7389	-62.7675
BLOCK06/SES069/SA069S27	SES226	-0.740559	-63.5081	-62.7675
BLOCK06/SES069/SA069S27	SES270	-1.55204	-64.3196	-62.7675
BLOCK08/SES081/SA081S11	SES060	-1.50591	-65.7988	-64.2929
BLOCK08/SES081/SA081S11	SES062	-3.55199	-67.8449	-64.2929
BLOCK08/SES081/SA081S11	SES117	-2.58022	-66.8731	-64.2929
BLOCK08/SES081/SA081S11	SES162	-1.94881	-66.2417	-64.2929
BLOCK08/SES081/SA081S13	SES016	-1.09061	-65.0705	-63.9799
BLOCK08/SES081/SA081S13	SES060	-0.560966	-64.5409	-63.9799
BLOCK08/SES081/SA081S13	SES068	-0.342766	-64.3227	-63.9799
BLOCK08/SES081/SA081S13	SES129	-2.30553	-66.2855	-63.9799
BLOCK08/SES081/SA081S24	SES060	-0.499832	-65.0392	-64.5393
BLOCK08/SES081/SA081S24	SES068	-0.903572	-65.4429	-64.5393
BLOCK08/SES081/SA081S24	SES117	-1.81036	-66.3497	-64.5393
BLOCK08/SES081/SA081S24	SES275	-2.34287	-66.8822	-64.5393
BLOCK08/SES081/SA081S27	SES007	-1.79075	-65.9992	-64.2085
BLOCK08/SES081/SA081S27	SES060	-1.21362	-65.4221	-64.2085
BLOCK08/SES081/SA081S27	SES117	-1.08926	-65.2978	-64.2085
BLOCK08/SES081/SA081S27	SES275	-1.75902	-65.9675	-64.2085
BLOCK08/SES081/SA081S29	SES007	-1.66967	-65.5769	-63.9072
BLOCK08/SES081/SA081S29	SES060	-0.471317	-64.3785	-63.9072
BLOCK08/SES081/SA081S29	SES117	-1.88516	-65.7924	-63.9072
BLOCK08/SES081/SA081S29	SES275	-2.13211	-66.0393	-63.9072
BLOCK08/SES086/SA086S11	SES029	-4.56527	-70.8021	-66.2368
BLOCK08/SES086/SA086S11	SES082	-2.30801	-68.5449	-66.2368
BLOCK08/SES086/SA086S11	SES087	-1.52705	-67.7639	-66.2368
BLOCK08/SES086/SA086S11	SES206	-2.0789	-68.3157	-66.2368
BLOCK08/SES086/SA086S12	SES029	-4.55193	-69.5697	-65.0177
BLOCK08/SES086/SA086S12	SES082	-1.93021	-66.9479	-65.0177
BLOCK08/SES086/SA086S12	SES087	0.0408936	-64.9768	-65.0177
BLOCK08/SES086/SA086S12	SES206	-1.47997	-66.4977	-65.0177
BLOCK08/SES086/SA086S20	SES029	-3.62543	-67.4813	-63.8558
BLOCK08/SES086/SA086S20	SES082	-2.04898	-65.9048	-63.8558
BLOCK08/SES086/SA086S20	SES087	0.0427322	-63.8131	-63.8558
BLOCK08/SES086/SA086S20	SES206	-0.464859	-64.3207	-63.8558
BLOCK08/SES086/SA086S24	SES087	-0.00177765	-64.6796	-64.6778
BLOCK08/SES086/SA086S24	SES104	-1.35445	-66.0323	-64.6778
BLOCK08/SES086/SA086S24	SES120	-4.13673	-68.8146	-64.6778
BLOCK08/SES086/SA086S24	SES206	-0.10968	-64.7875	-64.6778
BLOCK08/SES086/SA086S28	SES029	-3.34496	-67.1408	-63.7959
BLOCK08/SES086/SA086S28	SES082	-1.87138	-65.6673	-63.7959
BLOCK08/SES086/SA086S28	SES087	-0.208023	-64.0039	-63.7959
BLOCK08/SES086/SA086S28	SES206	-0.880241	-64.6761	-63.7959
BLOCK08/SES089/SA089S13	SES087	-1.76466	-65.8821	-64.1174
BLOCK08/SES089/SA089S13	SES206	-1.83582	-65.9532	-64.1174
BLOCK08/SES089/SA089S13	SES226	-1.41623	-65.5336	-64.1174
BLOCK08/SES089/SA089S13	SES270	-2.97585	-67.0933	-64.1174
BLOCK08/SES089/SA089S14	SES062	-2.5303	-66.7952	-64.2649
BLOCK08/SES089/SA089S14	SES087	-0.696526	-64.9615	-64.2649
BLOCK08/SES089/SA089S14	SES206	-1.15009	-65.415	-64.2649
BLOCK08/SES089/SA089S14	SES226	-1.17154	-65.4365	-64.2649
BLOCK08/SES089/SA089S23	SES087	-1.54768	-66.3085	-64.7608
BLOCK08/SES089/SA089S23	SES206	-1.60795	-66.3688	-64.7608
BLOCK08/SES089/SA089S23	SES226	-1.53056	-66.2914	-64.7608
BLOCK08/SES089/SA089S23	SES270	-2.53618	-67.297	-64.7608
BLOCK08/SES089/SA089S25	SES062	-3.14168	-66.9153	-63.7736
BLOCK08/SES089/SA089S25	SES087	-1.01915	-64.7928	-63.7736
BLOCK08/SES089/SA089S25	SES206	-1.47098	-65.2446	-63.7736
BLOCK08/SES089/SA089S25	SES226	-0.582226	-64.3558	-63.7736
BLOCK08/SES089/SA089S28	SES062	-2.49081	-66.9201	-64.4293
BLOCK08/SES089/SA089S28	SES087	-0.460762	-64.8901	-64.4293
BLOCK08/SES089/SA089S28	SES206	0.0206223	-64.4087	-64.4293
BLOCK08/SES089/SA089S28	SES226	-0.298195	-64.7275	-64.4293
BLOCK09/SES097/SA097S11	SES099	-0.550385	-65.8661	-65.3157
BLOCK09/SES097/SA097S11	SES125	-2.53949	-67.8552	-65.3157
BLOCK09/SES097/SA097S11	SES206	-1.68624	-67.0019	-65.3157
BLOCK09/SES097/SA097S11	SES226	-0.943504	-66.2592	-65.3157
BLOCK09/SES097/SA097S14	SES062	-3.1769	-67.6122	-64.4353
BLOCK09/SES097/SA097S14	SES099	-1.34651	-65.7818	-64.4353
BLOCK09/SES097/SA097S14	SES104	-1.77789	-66.2132	-64.4353
BLOCK09/SES097/SA097S14	SES206	-1.5891	-66.0244	-64.4353
BLOCK09/SES097/SA097S22	SES099	-0.761833	-65.7922	-65.0304
BLOCK09/SES097/SA097S22	SES206	-0.853355	-65.8838	-65.0304
BLOCK09/SES097/SA097S22	SES226	-1.34783	-66.3782	-65.0304
BLOCK09/SES097/SA097S22	SES270	-0.650589	-65.681	-65.0304
BLOCK09/SES097/SA097S26	SES099	-0.895668	-65.3551	-64.4595
BLOCK09/SES097/SA097S26	SES120	-4.00269	-68.4622	-64.4595
BLOCK09/SES097/SA097S26	SES206	-1.15594	-65.6154	-64.4595
BLOCK09/SES097/SA097S26	SES226	-1.84048	-66.3	-64.4595
BLOCK09/SES097/SA097S28	SES099	-0.889793	-65.6687	-64.7789
BLOCK09/SES097/SA097S28	SES120	-2.96244	-67.7413	-64.7789
BLOCK09/SES097/SA097S28	SES206	-1.20771	-65.9866	-64.7789
BLOCK09/SES097/SA097S28	SES226	-2.04861	-66.8275	-64.7789
BLOCK09/SES098/SA098S11	SES127	-2.70821	-69.3136	-66.6054
BLOCK09/SES098/SA098S11	SES144	-1.76981	-68.3752	-66.6054
BLOCK09/SES098/SA098S11	SES147	-0.127472	-66.7328	-66.6054
BLOCK09/SES098/SA098S11	SES148	-3.36888	-69.9742	-66.6054
BLOCK09/SES098/SA098S12	SES127	-4.48431	-72.3652	-67.8808
BLOCK09/SES098/SA098S12	SES144	-1.97816	-69.859	-67.8808
BLOCK09/SES098/SA098S12	SES147	-1.01662	-68.8975	-67.8808
BLOCK09/SES098/SA098S12	SES189	-0.535751	-68.4166	-67.8808
BLOCK09/SES098/SA098S20	SES127	-4.01677	-71.1124	-67.0956
BLOCK09/SES098/SA098S20	SES147	0.0945816	-67.0011	-67.0956
BLOCK09/SES098/SA098S20	SES148	-3.83247	-70.9281	-67.0956
BLOCK09/SES098/SA098S20	SES292	-3.30827	-70.4039	-67.0956
BLOCK09/SES098/SA098S23	SES127	-2.10226	-68.1757	-66.0734
BLOCK09/SES098/SA098S23	SES147	0.0460129	-66.0274	-66.0734
BLOCK09/SES098/SA098S23	SES187	-1.46797	-67.5414	-66.0734
BLOCK09/SES098/SA098S23	SES292	-3.15804	-69.2315	-66.0734
BLOCK09/SES098/SA098S27	SES127	-2.73968	-68.9695	-66.2299
BLOCK09/SES098/SA098S27	SES147	-1.32132	-67.5512	-66.2299
BLOCK09/SES098/SA098S27	SES148	-4.32025	-70.5501	-66.2299
BLOCK09/SES098/SA098S27	SES292	-3.50544	-69.7353	-66.2299
BLOCK10/SES102/SA102S13	SES101	-0.973396	-66.9745	-66.0011
BLOCK10/SES102/SA102S13	SES105	-1.47138	-67.4725	-66.0011
BLOCK10/SES102/SA102S13	SES120	-2.07172	-68.0728	-66.0011
BLOCK10/SES102/SA102S13	SES158	-5.64877	-71.6498	-66.0011
BLOCK10/SES102/SA102S14	SES007	-0.30497	-63.754	-63.4491
BLOCK10/SES102/SA102S14	SES101	-0.380554	-63.8296	-63.4491
BLOCK10/SES102/SA102S14	SES105	-0.461502	-63.9106	-63.4491
BLOCK10/SES102/SA102S14	SES147	-3.4189	-66.868	-63.4491
BLOCK10/SES102/SA102S22	SES007	-1.18536	-65.7474	-64.5621
BLOCK10/SES102/SA102S22	SES101	-0.0662079	-64.6283	-64.5621
BLOCK10/SES102/SA102S22	SES105	-0.540848	-65.1029	-64.5621
BLOCK10/SES102/SA102S22	SES158	-3.44717	-68.0092	-64.5621
BLOCK10/SES102/SA102S25	SES007	-0.77536	-65.0908	-64.3155
BLOCK10/SES102/SA102S25	SES101	-0.237	-64.5525	-64.3155
BLOCK10/SES102/SA102S25	SES105	-1.19001	-65.5055	-64.3155
BLOCK10/SES102/SA102S25	SES147	-4.0496	-68.3651	-64.3155
BLOCK10/SES102/SA102S27	SES007	-1.21597	-66.3322	-65.1162
BLOCK10/SES102/SA102S27	SES101	-0.867561	-65.9838	-65.1162
BLOCK10/SES102/SA102S27	SES105	-1.35733	-66.4736	-65.1162
BLOCK10/SES102/SA102S27	SES147	-2.8577	-67.9739	-65.1162
BLOCK10/SES103/SA103S14	SES105	-3.85294	-69.7624	-65.9095
BLOCK10/SES103/SA103S14	SES106	-1.74039	-67.6499	-65.9095
BLOCK10/SES103/SA103S14	SES120	-4.40515	-70.3146	-65.9095
BLOCK10/SES103/SA103S14	SES206	-2.11002	-68.0195	-65.9095
BLOCK10/SES103/SA103S15	SES099	-1.15572	-67.6136	-66.4579
BLOCK10/SES103/SA103S15	SES101	-4.76658	-71.2245	-66.4579
BLOCK10/SES103/SA103S15	SES104	-2.0024	-68.4603	-66.4579
BLOCK10/SES103/SA103S15	SES125	-1.72064	-68.1785	-66.4579
BLOCK10/SES103/SA103S24	SES104	-1.92937	-66.6816	-64.7523
BLOCK10/SES103/SA103S24	SES125	-1.99184	-66.7441	-64.7523
BLOCK10/SES103/SA103S24	SES148	-3.71494	-68.4672	-64.7523
BLOCK10/SES103/SA103S24	SES158	-0.93502	-65.6873	-64.7523
BLOCK10/SES103/SA103S26	SES104	-2.03422	-68.0632	-66.0289
BLOCK10/SES103/SA103S26	SES106	-1.59457	-67.6235	-66.0289
BLOCK10/SES103/SA103S26	SES125	-1.6944	-67.7234	-66.0289
BLOCK10/SES103/SA103S26	SES148	-3.92958	-69.9585	-66.0289
BLOCK10/SES103/SA103S28	SES104	-2.70995	-68.9114	-66.2014
BLOCK10/SES103/SA103S28	SES106	-1.97011	-68.1715	-66.2014
BLOCK10/SES103/SA103S28	SES125	-2.91011	-69.1115	-66.2014
BLOCK10/SES103/SA103S28	SES206	-2.44167	-68.6431	-66.2014
BLOCK12/SES121/SA121S12	SES042	-2.59158	-69.4359	-66.8443
BLOCK12/SES121/SA121S12	SES087	-1.6827	-68.527	-66.8443
BLOCK12/SES121/SA121S12	SES105	-2.27812	-69.1225	-66.8443
BLOCK12/SES121/SA121S12	SES206	-1.33485	-68.1792	-66.8443
BLOCK12/SES121/SA121S14	SES007	-3.36495	-70.7113	-67.3464
BLOCK12/SES121/SA121S14	SES105	-3.0636	-70.41	-67.3464
BLOCK12/SES121/SA121S14	SES106	-1.75411	-69.1005	-67.3464
BLOCK12/SES121/SA121S14	SES206	-1.64028	-68.9866	-67.3464
BLOCK12/SES121/SA121S23	SES105	-3.30899	-70.3535	-67.0445
BLOCK12/SES121/SA121S23	SES106	-1.82352	-68.868	-67.0445
BLOCK12/SES121/SA121S23	SES120	-3.83542	-70.8799	-67.0445
BLOCK12/SES121/SA121S23	SES206	-1.56664	-68.6112	-67.0445
BLOCK12/SES121/SA121S25	SES007	-3.4872	-71.4839	-67.9967
BLOCK12/SES121/SA121S25	SES105	-3.76204	-71.7587	-67.9967
BLOCK12/SES121/SA121S25	SES106	-2.30611	-70.3028	-67.9967
BLOCK12/SES121/SA121S25	SES206	-1.8518	-69.8485	-67.9967
BLOCK12/SES121/SA121S27	SES087	-1.18655	-67.4385	-66.2519
BLOCK12/SES121/SA121S27	SES105	-4.3427	-70.5946	-66.2519
BLOCK12/SES121/SA121S27	SES120	-3.59902	-69.851	-66.2519
BLOCK12/SES121/SA121S27	SES206	-1.513	-67.7649	-66.2519
BLOCK12/SES124/SA124S16	SES042	-0.689125	-66.0143	-65.3251
BLOCK12/SES124/SA124S16	SES082	-1.29393	-66.6191	-65.3251
BLOCK12/SES124/SA124S16	SES183	-3.52996	-68.8551	-65.3251
BLOCK12/SES124/SA124S16	SES206	-1.46664	-66.7918	-65.3251
BLOCK12/SES124/SA124S17	SES105	-2.8269	-68.9987	-66.1718
BLOCK12/SES124/SA124S17	SES149	-1.92965	-68.1015	-66.1718
BLOCK12/SES124/SA124S17	SES158	-2.33226	-68.5041	-66.1718
BLOCK12/SES124/SA124S17	SES275	-2.94878	-69.1206	-66.1718
BLOCK12/SES124/SA124S23	SES105	-3.16982	-66.9209	-63.7511
BLOCK12/SES124/SA124S23	SES125	-0.384521	-64.1356	-63.7511
BLOCK12/SES124/SA124S23	SES129	-3.54052	-67.2916	-63.7511
BLOCK12/SES124/SA124S23	SES158	-0.758347	-64.5095	-63.7511
BLOCK12/SES124/SA124S26	SES105	-4.2348	-68.6065	-64.3717
BLOCK12/SES124/SA124S26	SES125	-0.580963	-64.9527	-64.3717
BLOCK12/SES124/SA124S26	SES129	-3.92627	-68.298	-64.3717
BLOCK12/SES124/SA124S26	SES158	-1.2542	-65.6259	-64.3717
BLOCK12/SES124/SA124S28	SES104	-1.13977	-65.4748	-64.335
BLOCK12/SES124/SA124S28	SES106	-0.938271	-65.2733	-64.335
BLOCK12/SES124/SA124S28	SES125	-0.823898	-65.1589	-64.335
BLOCK12/SES124/SA124S28	SES275	-3.59143	-67.9264	-64.335
BLOCK12/SES126/SA126S13	SES007	-2.91305	-70.0694	-67.1563
BLOCK12/SES126/SA126S13	SES162	-2.04458	-69.2009	-67.1563
BLOCK12/SES126/SA126S13	SES177	-1.80276	-68.9591	-67.1563
BLOCK12/SES126/SA126S13	SES180	-2.00964	-69.166	-67.1563
BLOCK12/SES126/SA126S14	SES144	-1.42078	-66.1889	-64.7682
BLOCK12/SES126/SA126S14	SES148	-1.78324	-66.5514	-64.7682
BLOCK12/SES126/SA126S14	SES177	-0.767883	-65.536	-64.7682
BLOCK12/SES126/SA126S14	SES180	-1.40897	-66.1771	-64.7682
BLOCK12/SES126/SA126S20	SES007	-2.90313	-68.4166	-65.5134
BLOCK12/SES126/SA126S20	SES162	-3.16701	-68.6805	-65.5134
BLOCK12/SES126/SA126S20	SES172	-4.27912	-69.7926	-65.5134
BLOCK12/SES126/SA126S20	SES180	-1.95515	-67.4686	-65.5134
BLOCK12/SES126/SA126S24	SES120	-1.65502	-66.7663	-65.1113
BLOCK12/SES126/SA126S24	SES162	-1.712	-66.8233	-65.1113
BLOCK12/SES126/SA126S24	SES177	-1.13976	-66.251	-65.1113
BLOCK12/SES126/SA126S24	SES180	-0.859879	-65.9712	-65.1113
BLOCK12/SES126/SA126S26	SES120	-0.895752	-67.261	-66.3652
BLOCK12/SES126/SA126S26	SES177	-0.746887	-67.1121	-66.3652
BLOCK12/SES126/SA126S26	SES180	-1.6097	-67.9749	-66.3652
BLOCK12/SES126/SA126S26	SES202	-2.46649	-68.8317	-66.3652
BLOCK12/SES128/SA128S10	SES087	-2.31458	-67.0884	-64.7738
BLOCK12/SES128/SA128S10	SES206	-1.66014	-66.434	-64.7738
BLOCK12/SES128/SA128S10	SES226	-1.02303	-65.7969	-64.7738
BLOCK12/SES128/SA128S10	SES270	-1.031	-65.8048	-64.7738
BLOCK12/SES128/SA128S12	SES120	-2.85051	-67.6683	-64.8178
BLOCK12/SES128/SA128S12	SES158	-1.47924	-66.2971	-64.8178
BLOCK12/SES128/SA128S12	SES206	-0.830246	-65.6481	-64.8178
BLOCK12/SES128/SA128S12	SES226	-1.34858	-66.1664	-64.8178
BLOCK12/SES128/SA128S21	SES106	-3.13793	-68.4516	-65.3137
BLOCK12/SES128/SA128S21	SES120	-2.98882	-68.3025	-65.3137
BLOCK12/SES128/SA128S21	SES206	-2.35011	-67.6638	-65.3137
BLOCK12/SES128/SA128S21	SES226	-2.15678	-67.4705	-65.3137
BLOCK12/SES128/SA128S24	SES087	-2.80691	-68.4109	-65.604
BLOCK12/SES128/SA128S24	SES120	-2.34015	-67.9442	-65.604
BLOCK12/SES128/SA128S24	SES206	-1.85222	-67.4562	-65.604
BLOCK12/SES128/SA128S24	SES226	-1.93296	-67.537	-65.604
BLOCK12/SES128/SA128S27	SES099	-1.18269	-65.4258	-64.2431
BLOCK12/SES128/SA128S27	SES120	-2.48205	-66.7251	-64.2431
BLOCK12/SES128/SA128S27	SES206	-0.996307	-65.2394	-64.2431
BLOCK12/SES128/SA128S27	SES226	-1.51236	-65.7555	-64.2431
BLOCK13/SES130/SA130S13	SES143	-2.96771	-69.6139	-66.6462
BLOCK13/SES130/SA130S13	SES144	0.0291824	-66.617	-66.6462
BLOCK13/SES130/SA130S13	SES146	-1.17252	-67.8187	-66.6462
BLOCK13/SES130/SA130S13	SES275	-3.55844	-70.2046	-66.6462
BLOCK13/SES130/SA130S15	SES143	-1.9581	-67.3343	-65.3762
BLOCK13/SES130/SA130S15	SES144	-0.282593	-65.6588	-65.3762
BLOCK13/SES130/SA130S15	SES146	-0.677689	-66.0539	-65.3762
BLOCK13/SES130/SA130S15	SES275	-1.53948	-66.9157	-65.3762
BLOCK13/SES130/SA130S23	SES127	-2.45107	-69.0733	-66.6222
BLOCK13/SES130/SA130S23	SES144	-0.829185	-67.4514	-66.6222
BLOCK13/SES130/SA130S23	SES146	-0.707146	-67.3293	-66.6222
BLOCK13/SES130/SA130S23	SES162	-0.898369	-67.5206	-66.6222
BLOCK13/SES130/SA130S25	SES127	-2.15856	-66.8405	-64.6819
BLOCK13/SES130/SA130S25	SES144	-0.46582	-65.1478	-64.6819
BLOCK13/SES130/SA130S25	SES146	-0.778114	-65.4601	-64.6819
BLOCK13/SES130/SA130S25	SES275	-0.996109	-65.678	-64.6819
BLOCK13/SES130/SA130S28	SES127	-1.48173	-66.8313	-65.3496
BLOCK13/SES130/SA130S28	SES144	-0.740402	-66.09	-65.3496
BLOCK13/SES130/SA130S28	SES146	-1.10863	-66.4582	-65.3496
BLOCK13/SES130/SA130S28	SES275	-0.862511	-66.2121	-65.3496
BLOCK13/SES131/SA131S13	SES002	-2.63481	-70.0164	-67.3816
BLOCK13/SES131/SA131S13	SES007	-3.79589	-71.1775	-67.3816
BLOCK13/SES131/SA131S13	SES099	-2.35585	-69.7374	-67.3816
BLOCK13/SES131/SA131S13	SES105	-3.20509	-70.5867	-67.3816
BLOCK13/SES131/SA131S14	SES104	-1.68887	-67.1456	-65.4567
BLOCK13/SES131/SA131S14	SES106	-1.20735	-66.6641	-65.4567
BLOCK13/SES131/SA131S14	SES125	-1.61498	-67.0717	-65.4567
BLOCK13/SES131/SA131S14	SES148	-2.41471	-67.8714	-65.4567
BLOCK13/SES131/SA131S20	SES104	-2.3381	-69.1172	-66.7791
BLOCK13/SES131/SA131S20	SES106	-1.30805	-68.0872	-66.7791
BLOCK13/SES131/SA131S20	SES125	-1.95885	-68.738	-66.7791
BLOCK13/SES131/SA131S20	SES148	-3.4281	-70.2072	-66.7791
BLOCK13/SES131/SA131S22	SES099	-1.75896	-67.7381	-65.9791
BLOCK13/SES131/SA131S22	SES104	-2.00542	-67.9845	-65.9791
BLOCK13/SES131/SA131S22	SES125	-1.85778	-67.8369	-65.9791
BLOCK13/SES131/SA131S22	SES206	-1.79257	-67.7717	-65.9791
BLOCK13/SES131/SA131S29	SES087	-1.66489	-68.2913	-66.6264
BLOCK13/SES131/SA131S29	SES104	-2.74474	-69.3712	-66.6264
BLOCK13/SES131/SA131S29	SES125	-2.18568	-68.8121	-66.6264
BLOCK13/SES131/SA131S29	SES206	-1.92061	-68.5471	-66.6264
BLOCK13/SES132/SA132S11	SES083	-1.6091	-66.1897	-64.5806
BLOCK13/SES132/SA132S11	SES120	-0.18354	-64.7641	-64.5806
BLOCK13/SES132/SA132S11	SES127	-1.11647	-65.697	-64.5806
BLOCK13/SES132/SA132S11	SES275	-1.45979	-66.0404	-64.5806
BLOCK13/SES132/SA132S12	SES083	-1.93506	-66.5895	-64.6545
BLOCK13/SES132/SA132S12	SES143	-1.67802	-66.3325	-64.6545
BLOCK13/SES132/SA132S12	SES144	-1.10361	-65.7581	-64.6545
BLOCK13/SES132/SA132S12	SES148	-1.04819	-65.7027	-64.6545
BLOCK13/SES132/SA132S22	SES062	-0.854454	-65.2692	-64.4147
BLOCK13/SES132/SA132S22	SES083	-1.26932	-65.6841	-64.4147
BLOCK13/SES132/SA132S22	SES127	-0.86731	-65.282	-64.4147
BLOCK13/SES132/SA132S22	SES275	-1.28678	-65.7015	-64.4147
BLOCK13/SES132/SA132S24	SES007	-0.876419	-65.0573	-64.1809
BLOCK13/SES132/SA132S24	SES083	-2.13671	-66.3176	-64.1809
BLOCK13/SES132/SA132S24	SES127	-1.31606	-65.4969	-64.1809
BLOCK13/SES132/SA132S24	SES275	-1.24792	-65.4288	-64.1809
BLOCK13/SES132/SA132S27	SES083	-2.50089	-67.7475	-65.2466
BLOCK13/SES132/SA132S27	SES120	-0.249886	-65.4965	-65.2466
BLOCK13/SES132/SA132S27	SES127	-2.24561	-67.4922	-65.2466
BLOCK13/SES132/SA132S27	SES275	-1.80878	-67.0554	-65.2466
BLOCK14/SES141/SA141S09	SES143	-0.586212	-65.9338	-65.3476
BLOCK14/SES141/SA141S09	SES144	-0.932777	-66.2803	-65.3476
BLOCK14/SES141/SA141S09	SES162	-1.04495	-66.3925	-65.3476
BLOCK14/SES141/SA141S09	SES180	-0.841789	-66.1894	-65.3476
BLOCK14/SES141/SA141S15	SES127	-1.62847	-66.9151	-65.2866
BLOCK14/SES141/SA141S15	SES144	-1.46199	-66.7486	-65.2866
BLOCK14/SES141/SA141S15	SES162	-1.56256	-66.8492	-65.2866
BLOCK14/SES141/SA141S15	SES180	-0.895813	-66.1824	-65.2866
BLOCK14/SES141/SA141S24	SES127	-0.395081	-65.382	-64.9869
BLOCK14/SES141/SA141S24	SES144	-2.20487	-67.1918	-64.9869
BLOCK14/SES141/SA141S24	SES162	-0.187523	-65.1744	-64.9869
BLOCK14/SES141/SA141S24	SES183	-2.27561	-67.2625	-64.9869
BLOCK14/SES141/SA141S26	SES142	-1.75385	-67.5856	-65.8317
BLOCK14/SES141/SA141S26	SES144	-1.37565	-67.2074	-65.8317
BLOCK14/SES141/SA141S26	SES172	-1.08228	-66.914	-65.8317
BLOCK14/SES141/SA141S26	SES180	-0.136063	-65.9678	-65.8317
BLOCK14/SES141/SA141S29	SES127	-0.20256	-65.3366	-65.134
BLOCK14/SES141/SA141S29	SES142	0.470131	-64.6639	-65.134
BLOCK14/SES141/SA141S29	SES144	-1.08183	-66.2159	-65.134
BLOCK14/SES141/SA141S29	SES180	0.0369415	-65.0971	-65.134
BLOCK15/SES157/SA157S08	SES083	-1.74315	-67.5094	-65.7662
BLOCK15/SES157/SA157S08	SES127	-1.60621	-67.3724	-65.7662
BLOCK15/SES157/SA157S08	SES148	-1.23882	-67.0051	-65.7662
BLOCK15/SES157/SA157S08	SES292	-1.64313	-67.4094	-65.7662
BLOCK15/SES157/SA157S11	SES083	-2.55706	-67.6995	-65.1424
BLOCK15/SES157/SA157S11	SES127	-2.24579	-67.3882	-65.1424
BLOCK15/SES157/SA157S11	SES148	-1.36509	-66.5075	-65.1424
BLOCK15/SES157/SA157S11	SES292	-2.42874	-67.5712	-65.1424
BLOCK15/SES157/SA157S21	SES127	-1.82214	-67.1054	-65.2833
BLOCK15/SES157/SA157S21	SES148	-0.572174	-65.8555	-65.2833
BLOCK15/SES157/SA157S21	SES158	-4.84254	-70.1258	-65.2833
BLOCK15/SES157/SA157S21	SES292	-1.0262	-66.3095	-65.2833
BLOCK15/SES157/SA157S24	SES127	-1.57613	-66.3591	-64.783
BLOCK15/SES157/SA157S24	SES148	-1.14529	-65.9283	-64.783
BLOCK15/SES157/SA157S24	SES183	-1.71499	-66.498	-64.783
BLOCK15/SES157/SA157S24	SES292	-1.64288	-66.4258	-64.783
BLOCK15/SES157/SA157S26	SES007	-0.651039	-65.7334	-65.0824
BLOCK15/SES157/SA157S26	SES127	-1.12357	-66.2059	-65.0824
BLOCK15/SES157/SA157S26	SES147	-3.05727	-68.1396	-65.0824
BLOCK15/SES157/SA157S26	SES148	-0.854103	-65.9365	-65.0824
BLOCK16/SES161/SA161S10	SES007	-2.47316	-69.2459	-66.7728
BLOCK16/SES161/SA161S10	SES105	-2.065	-68.8378	-66.7728
BLOCK16/SES161/SA161S10	SES158	-2.50751	-69.2803	-66.7728
BLOCK16/SES161/SA161S10	SES275	-2.03432	-68.8071	-66.7728
BLOCK16/SES161/SA161S12	SES007	-2.2491	-68.1842	-65.9351
BLOCK16/SES161/SA161S12	SES105	-2.72216	-68.6573	-65.9351
BLOCK16/SES161/SA161S12	SES158	-2.01243	-67.9475	-65.9351
BLOCK16/SES161/SA161S12	SES275	-1.71751	-67.6526	-65.9351
BLOCK16/SES161/SA161S20	SES007	-2.53425	-69.9608	-67.4266
BLOCK16/SES161/SA161S20	SES105	-2.65992	-70.0865	-67.4266
BLOCK16/SES161/SA161S20	SES158	-2.11423	-69.5408	-67.4266
BLOCK16/SES161/SA161S20	SES275	-2.58862	-70.0152	-67.4266
BLOCK16/SES161/SA161S23	SES007	-2.60245	-68.2526	-65.6501
BLOCK16/SES161/SA161S23	SES105	-1.88921	-67.5393	-65.6501
BLOCK16/SES161/SA161S23	SES148	-2.65505	-68.3052	-65.6501
BLOCK16/SES161/SA161S23	SES158	-1.75823	-67.4084	-65.6501
BLOCK16/SES161/SA161S28	SES007	-3.09089	-69.0676	-65.9768
BLOCK16/SES161/SA161S28	SES105	-2.9473	-68.924	-65.9768
BLOCK16/SES161/SA161S28	SES158	-1.30852	-67.2853	-65.9768
BLOCK16/SES161/SA161S28	SES206	-1.51055	-67.4873	-65.9768
BLOCK16/SES164/SA164S11	SES104	-1.61121	-65.4418	-63.8306
BLOCK16/SES164/SA164S11	SES125	-1.23849	-65.0691	-63.8306
BLOCK16/SES164/SA164S11	SES158	-0.535301	-64.3659	-63.8306
BLOCK16/SES164/SA164S11	SES206	-1.37352	-65.2041	-63.8306
BLOCK16/SES164/SA164S13	SES099	-1.90089	-67.8901	-65.9892
BLOCK16/SES164/SA164S13	SES104	-2.86685	-68.856	-65.9892
BLOCK16/SES164/SA164S13	SES125	-2.82074	-68.8099	-65.9892
BLOCK16/SES164/SA164S13	SES206	-2.12936	-68.1185	-65.9892
BLOCK16/SES164/SA164S24	SES002	-0.88253	-65.5623	-64.6798
BLOCK16/SES164/SA164S24	SES099	-1.31126	-65.9911	-64.6798
BLOCK16/SES164/SA164S24	SES125	-2.08862	-66.7684	-64.6798
BLOCK16/SES164/SA164S24	SES226	-1.04453	-65.7243	-64.6798
BLOCK16/SES164/SA164S27	SES087	-2.49104	-68.6593	-66.1683
BLOCK16/SES164/SA164S27	SES125	-2.25359	-68.4219	-66.1683
BLOCK16/SES164/SA164S27	SES206	-1.80214	-67.9705	-66.1683
BLOCK16/SES164/SA164S27	SES226	-1.72866	-67.897	-66.1683
BLOCK16/SES164/SA164S29	SES002	-0.669685	-65.5511	-64.8814
BLOCK16/SES164/SA164S29	SES019	-2.34869	-67.2301	-64.8814
BLOCK16/SES164/SA164S29	SES125	-1.77265	-66.654	-64.8814
BLOCK16/SES164/SA164S29	SES226	-1.72633	-66.6077	-64.8814
BLOCK16/SES169/SA169S13	SES117	-1.88321	-67.6312	-65.748
BLOCK16/SES169/SA169S13	SES144	-0.924171	-66.6721	-65.748
BLOCK16/SES169/SA169S13	SES146	-1.21551	-66.9635	-65.748
BLOCK16/SES169/SA169S13	SES162	-1.37468	-67.1227	-65.748
BLOCK16/SES169/SA169S14	SES144	-0.814171	-65.1933	-64.3792
BLOCK16/SES169/SA169S14	SES148	-1.34927	-65.7284	-64.3792
BLOCK16/SES169/SA169S14	SES177	-1.50417	-65.8833	-64.3792
BLOCK16/SES169/SA169S14	SES180	-2.19703	-66.5762	-64.3792
BLOCK16/SES169/SA169S24	SES117	-1.63782	-68.0042	-66.3663
BLOCK16/SES169/SA169S24	SES144	-0.577621	-66.944	-66.3663
BLOCK16/SES169/SA169S24	SES146	-1.04568	-67.412	-66.3663
BLOCK16/SES169/SA169S24	SES162	-1.41851	-67.7849	-66.3663
BLOCK16/SES169/SA169S27	SES127	-1.29788	-66.7249	-65.427
BLOCK16/SES169/SA169S27	SES129	-1.24474	-66.6717	-65.427
BLOCK16/SES169/SA169S27	SES144	-1.06931	-66.4963	-65.427
BLOCK16/SES169/SA169S27	SES146	-0.793091	-66.2201	-65.427
BLOCK16/SES169/SA169S29	SES144	-0.807411	-65.7083	-64.9009
BLOCK16/SES169/SA169S29	SES162	-1.61805	-66.519	-64.9009
BLOCK16/SES169/SA169S29	SES177	-2.50861	-67.4095	-64.9009
BLOCK16/SES169/SA169S29	SES180	-1.915	-66.8159	-64.9009
BLOCK17/SES171/SA171S12	SES083	-1.86198	-67.7643	-65.9024
BLOCK17/SES171/SA171S12	SES148	-1.63885	-67.5412	-65.9024
BLOCK17/SES171/SA171S12	SES172	-1.60219	-67.5045	-65.9024
BLOCK17/SES171/SA171S12	SES292	-2.48185	-68.3842	-65.9024
BLOCK17/SES171/SA171S15	SES148	-1.98456	-67.9156	-65.9311
BLOCK17/SES171/SA171S15	SES177	-1.82222	-67.7533	-65.9311
BLOCK17/SES171/SA171S15	SES180	-3.61686	-69.548	-65.9311
BLOCK17/SES171/SA171S15	SES292	-4.13831	-70.0694	-65.9311
BLOCK17/SES171/SA171S22	SES007	-2.09541	-67.3298	-65.2344
BLOCK17/SES171/SA171S22	SES148	-1.36592	-66.6003	-65.2344
BLOCK17/SES171/SA171S22	SES177	-0.929352	-66.1637	-65.2344
BLOCK17/SES171/SA171S22	SES180	-2.26519	-67.4995	-65.2344
BLOCK17/SES171/SA171S25	SES101	-2.82243	-69.0179	-66.1955
BLOCK17/SES171/SA171S25	SES120	-4.38212	-70.5776	-66.1955
BLOCK17/SES171/SA171S25	SES177	-1.51778	-67.7133	-66.1955
BLOCK17/SES171/SA171S25	SES180	-2.79951	-68.995	-66.1955
BLOCK17/SES171/SA171S27	SES177	-0.777405	-66.6949	-65.9175
BLOCK17/SES171/SA171S27	SES180	-1.93409	-67.8516	-65.9175
BLOCK17/SES171/SA171S27	SES189	-0.376633	-66.2942	-65.9175
BLOCK17/SES171/SA171S27	SES292	-3.0834	-69.0009	-65.9175
BLOCK17/SES173/SA173S13	SES162	-3.02496	-69.4403	-66.4153
BLOCK17/SES173/SA173S13	SES177	-2.56167	-68.977	-66.4153
BLOCK17/SES173/SA173S13	SES180	-3.182	-69.5973	-66.4153
BLOCK17/SES173/SA173S13	SES292	-3.21728	-69.6326	-66.4153
BLOCK17/SES173/SA173S14	SES007	-3.82617	-70.9982	-67.1721
BLOCK17/SES173/SA173S14	SES162	-3.24755	-70.4196	-67.1721
BLOCK17/SES173/SA173S14	SES177	-1.42377	-68.5958	-67.1721
BLOCK17/SES173/SA173S14	SES180	-3.22375	-70.3958	-67.1721
BLOCK17/SES173/SA173S24	SES144	-1.70723	-69.1382	-67.431
BLOCK17/SES173/SA173S24	SES162	-3.22041	-70.6514	-67.431
BLOCK17/SES173/SA173S24	SES177	-1.37492	-68.8059	-67.431
BLOCK17/SES173/SA173S24	SES180	-3.17723	-70.6082	-67.431
BLOCK17/SES173/SA173S27	SES162	-4.37605	-70.5703	-66.1943
BLOCK17/SES173/SA173S27	SES177	-2.56834	-68.7626	-66.1943
BLOCK17/SES173/SA173S27	SES180	-3.31946	-69.5137	-66.1943
BLOCK17/SES173/SA173S27	SES292	-3.98269	-70.177	-66.1943
BLOCK17/SES173/SA173S29	SES162	-2.91241	-69.3666	-66.4542
BLOCK17/SES173/SA173S29	SES175	-1.52509	-67.9793	-66.4542
BLOCK17/SES173/SA173S29	SES177	-1.44278	-67.8969	-66.4542
BLOCK17/SES173/SA173S29	SES292	-4.34689	-70.801	-66.4542
BLOCK18/SES182/SA182S10	SES144	-1.14918	-67.119	-65.9699
BLOCK18/SES182/SA182S10	SES177	-1.54854	-67.5184	-65.9699
BLOCK18/SES182/SA182S10	SES180	-1.89564	-67.8655	-65.9699
BLOCK18/SES182/SA182S10	SES275	-0.783829	-66.7537	-65.9699
BLOCK18/SES182/SA182S12	SES144	-0.447578	-65.5234	-65.0758
BLOCK18/SES182/SA182S12	SES177	-0.418678	-65.4945	-65.0758
BLOCK18/SES182/SA182S12	SES180	-0.629395	-65.7052	-65.0758
BLOCK18/SES182/SA182S12	SES275	-1.24436	-66.3202	-65.0758
BLOCK18/SES182/SA182S21	SES117	-1.04243	-67.1567	-66.1143
BLOCK18/SES182/SA182S21	SES144	-1.52193	-67.6362	-66.1143
BLOCK18/SES182/SA182S21	SES162	-0.538567	-66.6529	-66.1143
BLOCK18/SES182/SA182S21	SES180	-1.64763	-67.7619	-66.1143
BLOCK18/SES182/SA182S23	SES117	-1.47523	-67.0182	-65.5429
BLOCK18/SES182/SA182S23	SES144	-1.4819	-67.0248	-65.5429
BLOCK18/SES182/SA182S23	SES180	-1.913	-67.4559	-65.5429
BLOCK18/SES182/SA182S23	SES275	-1.50295	-67.0459	-65.5429
BLOCK18/SES182/SA182S25	SES007	-1.16518	-66.6257	-65.4605
BLOCK18/SES182/SA182S25	SES162	-0.74855	-66.2091	-65.4605
BLOCK18/SES182/SA182S25	SES177	-1.03438	-66.4949	-65.4605
BLOCK18/SES182/SA182S25	SES180	-1.13367	-66.5942	-65.4605
BLOCK18/SES184/SA184S12	SES177	-1.59962	-67.042	-65.4423
BLOCK18/SES184/SA184S12	SES180	-0.830086	-66.2724	-65.4423
BLOCK18/SES184/SA184S12	SES189	-2.25028	-67.6926	-65.4423
BLOCK18/SES184/SA184S12	SES292	-2.54607	-67.9884	-65.4423
BLOCK18/SES184/SA184S13	SES101	-1.28919	-66.8052	-65.516
BLOCK18/SES184/SA184S13	SES177	-1.74451	-67.2605	-65.516
BLOCK18/SES184/SA184S13	SES180	-1.15174	-66.6677	-65.516
BLOCK18/SES184/SA184S13	SES292	-1.69592	-67.2119	-65.516
BLOCK18/SES184/SA184S22	SES177	-1.64087	-66.1664	-64.5255
BLOCK18/SES184/SA184S22	SES180	-0.764977	-65.2905	-64.5255
BLOCK18/SES184/SA184S22	SES189	-2.9309	-67.4564	-64.5255
BLOCK18/SES184/SA184S22	SES292	-1.87402	-66.3995	-64.5255
BLOCK18/SES184/SA184S25	SES101	-0.551685	-64.1852	-63.6335
BLOCK18/SES184/SA184S25	SES177	-1.97265	-65.6062	-63.6335
BLOCK18/SES184/SA184S25	SES180	-0.710728	-64.3443	-63.6335
BLOCK18/SES184/SA184S25	SES292	-1.35454	-64.9881	-63.6335
BLOCK18/SES184/SA184S27	SES083	-1.21687	-66.0786	-64.8617
BLOCK18/SES184/SA184S27	SES177	-0.877357	-65.7391	-64.8617
BLOCK18/SES184/SA184S27	SES202	-2.66748	-67.5292	-64.8617
BLOCK18/SES184/SA184S27	SES292	-1.29304	-66.1548	-64.8617
BLOCK20/SES204/SA204S12	SES062	-2.27065	-66.6828	-64.4121
BLOCK20/SES204/SA204S12	SES083	-2.8345	-67.2466	-64.4121
BLOCK20/SES204/SA204S12	SES206	-0.438354	-64.8505	-64.4121
BLOCK20/SES204/SA204S12	SES226	-1.49673	-65.9089	-64.4121
BLOCK20/SES204/SA204S14	SES068	-2.94809	-66.3107	-63.3626
BLOCK20/SES204/SA204S14	SES087	-1.07533	-64.438	-63.3626
BLOCK20/SES204/SA204S14	SES206	-1.27621	-64.6389	-63.3626
BLOCK20/SES204/SA204S14	SES226	-1.72601	-65.0886	-63.3626
BLOCK20/SES204/SA204S22	SES068	-3.6865	-67.5262	-63.8397
BLOCK20/SES204/SA204S22	SES082	-2.68461	-66.5243	-63.8397
BLOCK20/SES204/SA204S22	SES083	-3.64019	-67.4799	-63.8397
BLOCK20/SES204/SA204S22	SES206	-0.999001	-64.8387	-63.8397
BLOCK20/SES204/SA204S25	SES062	-3.44459	-67.8095	-64.3649
BLOCK20/SES204/SA204S25	SES083	-3.48595	-67.8508	-64.3649
BLOCK20/SES204/SA204S25	SES206	-0.586449	-64.9513	-64.3649
BLOCK20/SES204/SA204S25	SES226	-1.71413	-66.079	-64.3649
BLOCK20/SES204/SA204S27	SES068	-3.87782	-68.8052	-64.9274
BLOCK20/SES204/SA204S27	SES082	-2.64976	-67.5772	-64.9274
BLOCK20/SES204/SA204S27	SES087	-1.45596	-66.3834	-64.9274
BLOCK20/SES204/SA204S27	SES206	-1.05707	-65.9845	-64.9274
BLOCK20/SES207/SA207S10	SES127	-1.70458	-67.4903	-65.7857
BLOCK20/SES207/SA207S10	SES183	-1.83303	-67.6187	-65.7857
BLOCK20/SES207/SA207S10	SES189	-1.2898	-67.0755	-65.7857
BLOCK20/SES207/SA207S10	SES292	-2.02818	-67.8139	-65.7857
BLOCK20/SES207/SA207S11	SES127	-2.43021	-67.4826	-65.0524
BLOCK20/SES207/SA207S11	SES183	-1.97896	-67.0314	-65.0524
BLOCK20/SES207/SA207S11	SES187	-1.66177	-66.7142	-65.0524
BLOCK20/SES207/SA207S11	SES292	-1.93086	-66.9833	-65.0524
BLOCK20/SES207/SA207S25	SES068	-1.22855	-66.637	-65.4085
BLOCK20/SES207/SA207S25	SES083	-1.83794	-67.2464	-65.4085
BLOCK20/SES207/SA207S25	SES127	-1.44711	-66.8556	-65.4085
BLOCK20/SES207/SA207S25	SES187	-0.586403	-65.9949	-65.4085
BLOCK20/SES207/SA207S27	SES127	-1.18134	-67.3493	-66.168
BLOCK20/SES207/SA207S27	SES183	-0.677826	-66.8458	-66.168
BLOCK20/SES207/SA207S27	SES187	-0.842148	-67.0101	-66.168
BLOCK20/SES207/SA207S27	SES292	-2.20644	-68.3744	-66.168
BLOCK20/SES207/SA207S29	SES083	-2.04446	-66.7734	-64.729
BLOCK20/SES207/SA207S29	SES085	-0.728737	-65.4577	-64.729
BLOCK20/SES207/SA207S29	SES172	-1.65443	-66.3834	-64.729
BLOCK20/SES207/SA207S29	SES189	-1.83652	-66.5655	-64.729
BLOCK22/SES221/SA221S12	SES068	-1.1596	-66.1427	-64.9831
BLOCK22/SES221/SA221S12	SES143	-1.95842	-66.9416	-64.9831
BLOCK22/SES221/SA221S12	SES175	-1.12532	-66.1085	-64.9831
BLOCK22/SES221/SA221S12	SES202	-1.25716	-66.2403	-64.9831
BLOCK22/SES221/SA221S15	SES085	-3.272	-69.8806	-66.6086
BLOCK22/SES221/SA221S15	SES143	-2.60612	-69.2147	-66.6086
BLOCK22/SES221/SA221S15	SES175	-1.17947	-67.7881	-66.6086
BLOCK22/SES221/SA221S15	SES187	-1.50378	-68.1124	-66.6086
BLOCK22/SES221/SA221S23	SES068	-1.7825	-67.2708	-65.4883
BLOCK22/SES221/SA221S23	SES143	-2.3204	-67.8087	-65.4883
BLOCK22/SES221/SA221S23	SES175	-0.478035	-65.9663	-65.4883
BLOCK22/SES221/SA221S23	SES189	0.400597	-65.0877	-65.4883
BLOCK22/SES221/SA221S27	SES085	-4.52652	-69.6942	-65.1677
BLOCK22/SES221/SA221S27	SES143	-1.81899	-66.9867	-65.1677
BLOCK22/SES221/SA221S27	SES175	-0.77124	-65.9389	-65.1677
BLOCK22/SES221/SA221S27	SES189	0.759094	-64.4086	-65.1677
BLOCK22/SES221/SA221S29	SES085	-5.40037	-72.1783	-66.778
BLOCK22/SES221/SA221S29	SES143	-2.68925	-69.4672	-66.778
BLOCK22/SES221/SA221S29	SES175	-1.02967	-67.8076	-66.778
BLOCK22/SES221/SA221S29	SES187	-0.582016	-67.36	-66.778
BLOCK22/SES223/SA223S11	SES143	-1.73281	-67.8082	-66.0754
BLOCK22/SES223/SA223S11	SES144	-2.36375	-68.4391	-66.0754
BLOCK22/SES223/SA223S11	SES175	-1.06683	-67.1422	-66.0754
BLOCK22/SES223/SA223S11	SES187	-1.34826	-67.4236	-66.0754
BLOCK22/SES223/SA223S13	SES068	-1.86598	-68.9187	-67.0527
BLOCK22/SES223/SA223S13	SES143	-2.47057	-69.5233	-67.0527
BLOCK22/SES223/SA223S13	SES146	-3.35967	-70.4124	-67.0527
BLOCK22/SES223/SA223S13	SES202	-1.34299	-68.3957	-67.0527
BLOCK22/SES223/SA223S22	SES143	-1.45401	-67.9082	-66.4542
BLOCK22/SES223/SA223S22	SES144	-2.53595	-68.9902	-66.4542
BLOCK22/SES223/SA223S22	SES175	-1.49234	-67.9465	-66.4542
BLOCK22/SES223/SA223S22	SES187	-1.34717	-67.8014	-66.4542
BLOCK22/SES223/SA223S25	SES068	-2.19009	-68.0797	-65.8896
BLOCK22/SES223/SA223S25	SES143	-2.5678	-68.4574	-65.8896
BLOCK22/SES223/SA223S25	SES175	-1.55917	-67.4487	-65.8896
BLOCK22/SES223/SA223S25	SES187	-1.377	-67.2666	-65.8896
BLOCK22/SES223/SA223S27	SES143	-1.66898	-67.7753	-66.1063
BLOCK22/SES223/SA223S27	SES146	-1.45528	-67.5616	-66.1063
BLOCK22/SES223/SA223S27	SES187	-1.15588	-67.2622	-66.1063
BLOCK22/SES223/SA223S27	SES292	-2.57578	-68.682	-66.1063
BLOCK27/SES273/SA273S12	SES099	-0.717625	-63.2755	-62.5578
BLOCK27/SES273/SA273S12	SES104	-0.451973	-63.0098	-62.5578
BLOCK27/SES273/SA273S12	SES125	-1.14112	-63.699	-62.5578
BLOCK27/SES273/SA273S12	SES206	-0.244942	-62.8028	-62.5578
BLOCK27/SES273/SA273S13	SES099	-0.532566	-63.3158	-62.7833
BLOCK27/SES273/SA273S13	SES104	-0.565983	-63.3493	-62.7833
BLOCK27/SES273/SA273S13	SES206	-0.332802	-63.1161	-62.7833
BLOCK27/SES273/SA273S13	SES292	-2.88582	-65.6691	-62.7833
BLOCK27/SES273/SA273S21	SES099	-0.235405	-63.4771	-63.2417
BLOCK27/SES273/SA273S21	SES148	-3.40989	-66.6516	-63.2417
BLOCK27/SES273/SA273S21	SES149	-0.765957	-64.0077	-63.2417
BLOCK27/SES273/SA273S21	SES177	-4.22688	-67.4686	-63.2417
BLOCK27/SES273/SA273S25	SES104	-0.47366	-63.3895	-62.9158
BLOCK27/SES273/SA273S25	SES125	-1.31195	-64.2278	-62.9158
BLOCK27/SES273/SA273S25	SES158	-0.426056	-63.3419	-62.9158
BLOCK27/SES273/SA273S25	SES206	-0.00255585	-62.9184	-62.9158
BLOCK27/SES273/SA273S27	SES099	-0.524479	-64.2072	-63.6827
BLOCK27/SES273/SA273S27	SES104	-0.968533	-64.6512	-63.6827
BLOCK27/SES273/SA273S27	SES149	-1.20987	-64.8926	-63.6827
BLOCK27/SES273/SA273S27	SES275	-1.99482	-65.6775	-63.6827
BLOCK27/SES274/SA274S10	SES105	-2.21892	-66.6933	-64.4744
BLOCK27/SES274/SA274S10	SES125	-1.14135	-65.6158	-64.4744
BLOCK27/SES274/SA274S10	SES129	-1.87746	-66.3519	-64.4744
BLOCK27/SES274/SA274S10	SES158	-1.92205	-66.3965	-64.4744
BLOCK27/SES274/SA274S11	SES105	-2.521	-66.5563	-64.0353
BLOCK27/SES274/SA274S11	SES149	-1.43385	-65.4692	-64.0353
BLOCK27/SES274/SA274S11	SES158	-1.75291	-65.7882	-64.0353
BLOCK27/SES274/SA274S11	SES275	-2.14289	-66.1782	-64.0353
BLOCK27/SES274/SA274S21	SES105	-2.60379	-67.34	-64.7363
BLOCK27/SES274/SA274S21	SES129	-2.17313	-66.9094	-64.7363
BLOCK27/SES274/SA274S21	SES149	-1.44936	-66.1856	-64.7363
BLOCK27/SES274/SA274S21	SES158	-2.45574	-67.192	-64.7363
BLOCK27/SES274/SA274S24	SES105	-2.53796	-66.4197	-63.8817
BLOCK27/SES274/SA274S24	SES129	-2.86889	-66.7506	-63.8817
BLOCK27/SES274/SA274S24	SES149	-1.95391	-65.8356	-63.8817
BLOCK27/SES274/SA274S24	SES158	-3.06929	-66.951	-63.8817
BLOCK27/SES274/SA274S29	SES105	-2.43554	-67.1015	-64.666
BLOCK27/SES274/SA274S29	SES106	-1.76861	-66.4346	-64.666
BLOCK27/SES274/SA274S29	SES120	-2.31525	-66.9812	-64.666
BLOCK27/SES274/SA274S29	SES275	-1.82136	-66.4873	-64.666
BLOCK27/SES276/SA276S16	SES148	-1.89686	-66.824	-64.9271
BLOCK27/SES276/SA276S16	SES172	-1.93639	-66.8635	-64.9271
BLOCK27/SES276/SA276S16	SES180	-2.83412	-67.7613	-64.9271
BLOCK27/SES276/SA276S16	SES292	-1.13824	-66.0654	-64.9271
BLOCK27/SES276/SA276S17	SES101	-1.67875	-66.7355	-65.0568
BLOCK27/SES276/SA276S17	SES177	-2.32333	-67.3801	-65.0568
BLOCK27/SES276/SA276S17	SES180	-2.50665	-67.5634	-65.0568
BLOCK27/SES276/SA276S17	SES292	-2.16261	-67.2194	-65.0568
BLOCK27/SES276/SA276S24	SES101	-0.452118	-64.3742	-63.9221
BLOCK27/SES276/SA276S24	SES177	-1.84534	-65.7674	-63.9221
BLOCK27/SES276/SA276S24	SES180	-1.53373	-65.4558	-63.9221
BLOCK27/SES276/SA276S24	SES292	-1.92807	-65.8502	-63.9221
BLOCK27/SES276/SA276S26	SES101	-1.44555	-66.0431	-64.5976
BLOCK27/SES276/SA276S26	SES177	-0.457794	-65.0554	-64.5976
BLOCK27/SES276/SA276S26	SES180	-0.460907	-65.0585	-64.5976
BLOCK27/SES276/SA276S26	SES292	-0.990913	-65.5885	-64.5976
BLOCK27/SES276/SA276S28	SES101	-1.54514	-66.4395	-64.8944
BLOCK27/SES276/SA276S28	SES177	-1.95892	-66.8533	-64.8944
BLOCK27/SES276/SA276S28	SES180	-1.21618	-66.1106	-64.8944
BLOCK27/SES276/SA276S28	SES292	-1.89513	-66.7895	-64.8944
BLOCK27/SES277/SA277S12	SES101	-1.35706	-67.0546	-65.6976
BLOCK27/SES277/SA277S12	SES177	-2.891	-68.5886	-65.6976
BLOCK27/SES277/SA277S12	SES180	-2.57293	-68.2705	-65.6976
BLOCK27/SES277/SA277S12	SES292	-3.21625	-68.9138	-65.6976
BLOCK27/SES277/SA277S14	SES177	-1.06788	-67.6278	-66.5599
BLOCK27/SES277/SA277S14	SES180	-1.57442	-68.1344	-66.5599
BLOCK27/SES277/SA277S14	SES189	-0.338882	-66.8988	-66.5599
BLOCK27/SES277/SA277S14	SES292	-3.53924	-70.0992	-66.5599
BLOCK27/SES277/SA277S21	SES177	-0.795998	-65.9496	-65.1536
BLOCK27/SES277/SA277S21	SES180	-2.05305	-67.2066	-65.1536
BLOCK27/SES277/SA277S21	SES189	-0.983162	-66.1367	-65.1536
BLOCK27/SES277/SA277S21	SES292	-2.83506	-67.9886	-65.1536
BLOCK27/SES277/SA277S24	SES144	-1.42012	-67.7478	-66.3277
BLOCK27/SES277/SA277S24	SES177	-1.65347	-67.9811	-66.3277
BLOCK27/SES277/SA277S24	SES180	-2.121	-68.4487	-66.3277
BLOCK27/SES277/SA277S24	SES189	-0.784912	-67.1126	-66.3277
BLOCK27/SES277/SA277S29	SES177	-1.28494	-65.2999	-64.0149
BLOCK27/SES277/SA277S29	SES180	-2.06472	-66.0797	-64.0149
BLOCK27/SES277/SA277S29	SES202	-1.80099	-65.8159	-64.0149
BLOCK27/SES277/SA277S29	SES292	-2.46242	-66.4773	-64.0149
BLOCK27/SES279/SA279S09	SES120	-2.1284	-66.377	-64.2486
BLOCK27/SES279/SA279S09	SES146	-2.18895	-66.4376	-64.2486
BLOCK27/SES279/SA279S09	SES206	-1.5248	-65.7734	-64.2486
BLOCK27/SES279/SA279S09	SES226	-2.38479	-66.6334	-64.2486
BLOCK27/SES279/SA279S10	SES099	-1.18755	-65.3234	-64.1358
BLOCK27/SES279/SA279S10	SES206	-1.39114	-65.527	-64.1358
BLOCK27/SES279/SA279S10	SES226	-1.90697	-66.0428	-64.1358
BLOCK27/SES279/SA279S10	SES292	-1.80822	-65.9441	-64.1358
BLOCK27/SES279/SA279S20	SES099	-1.93021	-66.9092	-64.979
BLOCK27/SES279/SA279S20	SES206	-1.13243	-66.1115	-64.979
BLOCK27/SES279/SA279S20	SES226	-2.36805	-67.3471	-64.979
BLOCK27/SES279/SA279S20	SES292	-1.3668	-66.3458	-64.979
BLOCK27/SES279/SA279S26	SES099	-1.61679	-65.7524	-64.1357
BLOCK27/SES279/SA279S26	SES206	-0.787971	-64.9236	-64.1357
BLOCK27/SES279/SA279S26	SES226	-1.20874	-65.3444	-64.1357
BLOCK27/SES279/SA279S26	SES292	-1.37819	-65.5138	-64.1357
BLOCK27/SES279/SA279S28	SES099	-1.6855	-64.7227	-63.0372
BLOCK27/SES279/SA279S28	SES120	-1.73937	-64.7766	-63.0372
BLOCK27/SES279/SA279S28	SES177	-3.32011	-66.3573	-63.0372
BLOCK27/SES279/SA279S28	SES206	-1.72002	-64.7573	-63.0372
BLOCK29/SES290/SA290S12	SES162	-2.45715	-67.8094	-65.3523
BLOCK29/SES290/SA290S12	SES177	-1.09412	-66.4464	-65.3523
BLOCK29/SES290/SA290S12	SES180	-3.04658	-68.3989	-65.3523
BLOCK29/SES290/SA290S12	SES292	-3.64581	-68.9981	-65.3523
BLOCK29/SES290/SA290S13	SES007	-4.06104	-69.1054	-65.0444
BLOCK29/SES290/SA290S13	SES162	-2.97361	-68.018	-65.0444
BLOCK29/SES290/SA290S13	SES177	-1.32491	-66.3693	-65.0444
BLOCK29/SES290/SA290S13	SES180	-2.36663	-67.411	-65.0444
BLOCK29/SES290/SA290S22	SES177	-0.749474	-65.721	-64.9715
BLOCK29/SES290/SA290S22	SES180	-1.27174	-66.2432	-64.9715
BLOCK29/SES290/SA290S22	SES202	-0.853104	-65.8246	-64.9715
BLOCK29/SES290/SA290S22	SES292	-2.72435	-67.6959	-64.9715
BLOCK29/SES290/SA290S25	SES162	-2.11035	-67.1121	-65.0018
BLOCK29/SES290/SA290S25	SES177	-1.09952	-66.1013	-65.0018
BLOCK29/SES290/SA290S25	SES180	-1.53875	-66.5405	-65.0018
BLOCK29/SES290/SA290S25	SES292	-2.14238	-67.1441	-65.0018
BLOCK29/SES290/SA290S29	SES177	0.0109253	-65.1285	-65.1394
BLOCK29/SES290/SA290S29	SES180	-0.448883	-65.5883	-65.1394
BLOCK29/SES290/SA290S29	SES275	-2.2307	-67.3701	-65.1394
BLOCK29/SES290/SA290S29	SES292	-1.82666	-66.9661	-65.1394
BLOCK29/SES291/SA291S11	SES105	-3.59754	-68.7189	-65.1214
BLOCK29/SES291/SA291S11	SES125	-1.21738	-66.3387	-65.1214
BLOCK29/SES291/SA291S11	SES158	-1.5921	-66.7135	-65.1214
BLOCK29/SES291/SA291S11	SES275	-3.8847	-69.0061	-65.1214
BLOCK29/SES291/SA291S12	SES158	-0.491096	-65.0595	-64.5684
BLOCK29/SES291/SA291S12	SES226	-1.69919	-66.2676	-64.5684
BLOCK29/SES291/SA291S12	SES270	-0.609329	-65.1777	-64.5684
BLOCK29/SES291/SA291S12	SES275	-4.95202	-69.5204	-64.5684
BLOCK29/SES291/SA291S22	SES082	-1.8976	-65.8221	-63.9245
BLOCK29/SES291/SA291S22	SES158	-1.21893	-65.1435	-63.9245
BLOCK29/SES291/SA291S22	SES259	-1.9311	-65.8556	-63.9245
BLOCK29/SES291/SA291S22	SES275	-3.80728	-67.7318	-63.9245
BLOCK29/SES291/SA291S24	SES104	-0.643791	-63.947	-63.3032
BLOCK29/SES291/SA291S24	SES125	-0.627121	-63.9303	-63.3032
BLOCK29/SES291/SA291S24	SES158	-0.737698	-64.0409	-63.3032
BLOCK29/SES291/SA291S24	SES275	-4.11281	-67.416	-63.3032
BLOCK29/SES291/SA291S27	SES158	-0.271618	-63.9864	-63.7147
BLOCK29/SES291/SA291S27	SES172	-4.83112	-68.5459	-63.7147
BLOCK29/SES291/SA291S27	SES275	-4.22003	-67.9348	-63.7147
BLOCK29/SES291/SA291S27	SES292	-3.60182	-67.3166	-63.7147
