BLOCK00/SES002/SA002S12	SES002	0.680759	-7.2176	-7.89836
BLOCK00/SES002/SA002S13	SES002	0.955616	-7.40978	-8.36539
BLOCK00/SES002/SA002S23	SES002	0.221578	-7.74659	-7.96817
BLOCK00/SES002/SA002S26	SES002	0.350058	-8.60875	-8.95881
BLOCK00/SES002/SA002S28	SES002	0.0586085	-7.89848	-7.95709
BLOCK00/SES007/SA007S14	SES007	1.08131	-5.96686	-7.04816
BLOCK00/SES007/SA007S15	SES007	0.727811	-6.85651	-7.58432
BLOCK00/SES007/SA007S24	SES007	0.774156	-6.44336	-7.21751
BLOCK00/SES007/SA007S27	SES007	0.191723	-8.00964	-8.20137
BLOCK00/SES007/SA007S29	SES007	0.441	-6.84923	-7.29023
BLOCK00/SES008/SA008S11	SES008	1.29785	-6.49554	-7.79338
BLOCK00/SES008/SA008S12	SES008	0.0837116	-7.34341	-7.42712
BLOCK00/SES008/SA008S19	SES008	1.35844	-6.50573	-7.86416
BLOCK00/SES008/SA008S22	SES008	0.78254	-7.2343	-8.01684
BLOCK00/SES008/SA008S29	SES008	1.24488	-6.34786	-7.59273
BLOCK01/SES014/SA014S10	SES014	0.856336	-6.87277	-7.72911
BLOCK01/SES014/SA014S12	SES014	0.949532	-6.49791	-7.44744
BLOCK01/SES014/SA014S24	SES014	1.03181	-7.13947	-8.17128
BLOCK01/SES014/SA014S26	SES014	1.36152	-6.03556	-7.39708
BLOCK01/SES014/SA014S28	SES014	1.64634	-5.5752	-7.22154
BLOCK01/SES016/SA016S12	SES016	1.23212	-8.46173	-9.69385
BLOCK01/SES016/SA016S13	SES016	0.91938	-6.81466	-7.73404
BLOCK01/SES016/SA016S22	SES016	1.353	-6.31279	-7.66579
BLOCK01/SES016/SA016S25	SES016	1.53638	-5.08575	-6.62214
BLOCK01/SES016/SA016S27	SES016	1.3867	-6.16181	-7.54851
BLOCK01/SES019/SA019S13	SES019	3.30733	-5.86292	-9.17026
BLOCK01/SES019/SA019S14	SES019	1.29357	-7.64746	-8.94103
BLOCK01/SES019/SA019S22	SES019	1.99636	-6.3897	-8.38606
BLOCK01/SES019/SA019S25	SES019	1.80857	-6.72213	-8.5307
BLOCK01/SES019/SA019S29	SES019	3.7654	-6.48573	-10.2511
BLOCK02/SES029/SA029S11	SES029	0.726938	-6.08515	-6.81209
BLOCK02/SES029/SA029S12	SES029	0.253753	-6.7013	-6.95505
BLOCK02/SES029/SA029S20	SES029	0.468767	-6.161	-6.62977
BLOCK02/SES029/SA029S25	SES029	0.431317	-6.90815	-7.33946
BLOCK02/SES029/SA029S28	SES029	0.484674	-6.57815	-7.06282
BLOCK04/SES042/SA042S12	SES042	1.13504	-6.3544	-7.48944
BLOCK04/SES042/SA042S15	SES042	1.28121	-5.8895	-7.17071
BLOCK04/SES042/SA042S22	SES042	1.85643	-6.78249	-8.63892
BLOCK04/SES042/SA042S25	SES042	0.448326	-8.36724	-8.81557
BLOCK04/SES042/SA042S27	SES042	1.19589	-7.15531	-8.3512
BLOCK04/SES048/SA048S11	SES048	0.682201	-6.07672	-6.75892
BLOCK04/SES048/SA048S12	SES048	0.225221	-7.63333	-7.85856
BLOCK04/SES048/SA048S20	SES048	0.466927	-6.14507	-6.61199
BLOCK04/SES048/SA048S23	SES048	1.18115	-6.37962	-7.56077
BLOCK04/SES048/SA048S27	SES048	0.493939	-7.14528	-7.63922
BLOCK06/SES060/SA060S11	SES060	1.15078	-6.72544	-7.87622
BLOCK06/SES060/SA060S12	SES060	0.974533	-7.6457	-8.62023
BLOCK06/SES060/SA060S22	SES060	-1.02613	-9.15199	-8.12586
BLOCK06/SES060/SA060S24	SES060	1.33598	-5.45853	-6.79451
BLOCK06/SES060/SA060S28	SES060	0.843411	-5.74497	-6.58838
BLOCK06/SES062/SA062S10	SES062	-0.00231504	-6.99841	-6.9961
BLOCK06/SES062/SA062S11	SES062	0.209407	-8.01655	-8.22595
BLOCK06/SES062/SA062S21	SES062	0.589177	-5.38051	-5.96969
BLOCK06/SES062/SA062S26	SES062	0.339512	-7.09835	-7.43786
BLOCK06/SES062/SA062S29	SES062	0.804376	-6.09537	-6.89975
BLOCK06/SES068/SA068S14	SES068	0.426834	-7.19549	-7.62232
BLOCK06/SES068/SA068S15	SES068	0.853357	-6.87257	-7.72593
BLOCK06/SES068/SA068S23	SES068	0.51808	-7.16811	-7.68619
BLOCK06/SES068/SA068S27	SES068	1.38511	-6.17339	-7.5585
BLOCK06/SES068/SA068S29	SES068	0.863503	-6.89083	-7.75433
BLOCK08/SES082/SA082S12	SES082	-0.0585365	-8.32516	-8.26662
BLOCK08/SES082/SA082S14	SES082	-0.152584	-8.11814	-7.96556
BLOCK08/SES082/SA082S21	SES082	0.545432	-6.94023	-7.48566
BLOCK08/SES082/SA082S24	SES082	0.219375	-7.65792	-7.8773
BLOCK08/SES082/SA082S28	SES082	0.116922	-7.77157	-7.88849
BLOCK08/SES083/SA083S14	SES083	0.200848	-6.8495	-7.05035
BLOCK08/SES083/SA083S15	SES083	0.493487	-6.85874	-7.35223
BLOCK08/SES083/SA083S24	SES083	0.250407	-7.24647	-7.49688
BLOCK08/SES083/SA083S26	SES083	0.405073	-7.93018	-8.33525
BLOCK08/SES083/SA083S29	SES083	0.135489	-7.59502	-7.73051
BLOCK08/SES085/SA085S10	SES085	1.32102	-5.74727	-7.06829
BLOCK08/SES085/SA085S13	SES085	-0.100085	-7.98613	-7.88604
BLOCK08/SES085/SA085S22	SES085	1.05868	-6.51718	-7.57587
BLOCK08/SES085/SA085S26	SES085	0.175779	-7.44538	-7.62116
BLOCK08/SES085/SA085S28	SES085	0.329087	-7.18412	-7.51321
BLOCK08/SES087/SA087S15	SES087	0.719411	-7.49285	-8.21226
BLOCK08/SES087/SA087S16	SES087	1.25586	-7.24366	-8.49952
BLOCK08/SES087/SA087S24	SES087	0.918138	-7.27229	-8.19043
BLOCK08/SES087/SA087S26	SES087	0.941991	-6.3437	-7.28569
BLOCK08/SES087/SA087S29	SES087	1.03694	-6.42193	-7.45887
BLOCK09/SES099/SA099S15	SES099	0.678018	-7.51892	-8.19694
BLOCK09/SES099/SA099S16	SES099	0.718481	-7.02937	-7.74785
BLOCK09/SES099/SA099S24	SES099	0.860048	-7.18531	-8.04536
BLOCK09/SES099/SA099S26	SES099	0.86069	-6.65626	-7.51695
BLOCK09/SES099/SA099S29	SES099	0.428168	-7.72619	-8.15436
BLOCK10/SES101/SA101S11	SES101	0.622726	-6.12163	-6.74436
BLOCK10/SES101/SA101S13	SES101	0.874893	-5.42887	-6.30376
BLOCK10/SES101/SA101S22	SES101	0.619223	-7.48948	-8.1087
BLOCK10/SES101/SA101S24	SES101	0.797523	-6.36913	-7.16665
BLOCK10/SES101/SA101S28	SES101	0.644569	-6.85146	-7.49603
BLOCK10/SES104/SA104S11	SES104	0.623332	-6.57271	-7.19604
BLOCK10/SES104/SA104S12	SES104	0.652987	-7.16516	-7.81814
BLOCK10/SES104/SA104S21	SES104	0.58138	-7.3993	-7.98068
BLOCK10/SES104/SA104S24	SES104	-0.0354867	-7.96371	-7.92822
BLOCK10/SES104/SA104S28	SES104	0.819276	-7.08259	-7.90187
BLOCK10/SES105/SA105S12	SES105	0.974823	-7.52893	-8.50375
BLOCK10/SES105/SA105S13	SES105	0.154308	-7.43849	-7.59279
BLOCK10/SES105/SA105S22	SES105	0.757961	-8.19262	-8.95058
BLOCK10/SES105/SA105S26	SES105	1.00423	-7.57338	-8.57761
BLOCK10/SES105/SA105S29	SES105	1.38021	-6.05304	-7.43325
BLOCK10/SES106/SA106S09	SES106	0.710111	-7.45583	-8.16594
BLOCK10/SES106/SA106S11	SES106	0.866479	-6.53524	-7.40172
BLOCK10/SES106/SA106S22	SES106	1.1039	-7.35422	-8.45812
BLOCK10/SES106/SA106S27	SES106	0.582301	-6.67866	-7.26096
BLOCK10/SES106/SA106S29	SES106	0.732667	-6.14736	-6.88003
BLOCK11/SES117/SA117S12	SES117	0.629984	-7.32486	-7.95484
BLOCK11/SES117/SA117S13	SES117	0.0908899	-7.90408	-7.99497
BLOCK11/SES117/SA117S23	SES117	0.803485	-8.30825	-9.11174
BLOCK11/SES117/SA117S25	SES117	0.725123	-7.55203	-8.27715
BLOCK11/SES117/SA117S28	SES117	0.862145	-7.39244	-8.25459
BLOCK12/SES120/SA120S08	SES120	0.453316	-7.40895	-7.86226
BLOCK12/SES120/SA120S11	SES120	0.291309	-9.89257	-10.1839
BLOCK12/SES120/SA120S22	SES120	0.382106	-6.82885	-7.21096
BLOCK12/SES120/SA120S24	SES120	0.0900631	-8.06861	-8.15867
BLOCK12/SES120/SA120S28	SES120	-0.0089817	-8.28085	-8.27187
BLOCK12/SES125/SA125S13	SES125	0.841558	-6.96437	-7.80592
BLOCK12/SES125/SA125S14	SES125	0.487484	-7.44685	-7.93433
BLOCK12/SES125/SA125S25	SES125	0.579253	-7.65924	-8.2385
BLOCK12/SES125/SA125S27	SES125	1.22637	-6.25751	-7.48388
BLOCK12/SES125/SA125S29	SES125	0.522644	-7.02808	-7.55072
BLOCK12/SES127/SA127S11	SES127	0.550386	-7.35199	-7.90237
BLOCK12/SES127/SA127S12	SES127	0.407072	-5.82129	-6.22836
BLOCK12/SES127/SA127S23	SES127	0.529889	-6.39068	-6.92057
BLOCK12/SES127/SA127S25	SES127	0.480905	-6.37458	-6.85549
BLOCK12/SES127/SA127S27	SES127	0.927161	-6.59606	-7.52322
BLOCK12/SES129/SA129S11	SES129	1.1387	-5.75604	-6.89474
BLOCK12/SES129/SA129S12	SES129	1.02289	-5.73707	-6.75997
BLOCK12/SES129/SA129S22	SES129	1.21668	-6.36296	-7.57964
BLOCK12/SES129/SA129S27	SES129	1.13126	-6.59073	-7.72199
BLOCK12/SES129/SA129S29	SES129	0.185229	-7.81279	-7.99802
BLOCK14/SES142/SA142S11	SES142	1.36581	-6.25155	-7.61735
BLOCK14/SES142/SA142S12	SES142	0.560699	-7.17859	-7.73928
BLOCK14/SES142/SA142S24	SES142	1.00991	-6.37556	-7.38547
BLOCK14/SES142/SA142S27	SES142	1.09154	-6.25171	-7.34325
BLOCK14/SES142/SA142S29	SES142	1.48524	-5.89389	-7.37912
BLOCK14/SES143/SA143S12	SES143	0.754705	-6.89453	-7.64923
BLOCK14/SES143/SA143S13	SES143	0.940322	-6.92615	-7.86647
BLOCK14/SES143/SA143S23	SES143	0.308392	-7.14965	-7.45804
BLOCK14/SES143/SA143S25	SES143	0.375412	-7.46698	-7.84239
BLOCK14/SES143/SA143S28	SES143	0.881317	-6.90503	-7.78635
BLOCK14/SES144/SA144S09	SES144	0.517472	-7.192	-7.70947
BLOCK14/SES144/SA144S11	SES144	0.319119	-6.92792	-7.24704
BLOCK14/SES144/SA144S21	SES144	-0.133754	-7.78441	-7.65066
BLOCK14/SES144/SA144S25	SES144	0.593198	-7.36353	-7.95673
BLOCK14/SES144/SA144S29	SES144	-0.316497	-8.14627	-7.82977
BLOCK14/SES146/SA146S14	SES146	0.552978	-7.54953	-8.10251
BLOCK14/SES146/SA146S15	SES146	0.393458	-7.3929	-7.78636
BLOCK14/SES146/SA146S24	SES146	0.305992	-7.3096	-7.61559
BLOCK14/SES146/SA146S26	SES146	0.514412	-7.29233	-7.80674
BLOCK14/SES146/SA146S29	SES146	0.529191	-7.75726	-8.28645
BLOCK14/SES147/SA147S11	SES147	0.275968	-7.37312	-7.64909
BLOCK14/SES147/SA147S13	SES147	0.706073	-6.41433	-7.12041
BLOCK14/SES147/SA147S23	SES147	0.55868	-7.12464	-7.68332
BLOCK14/SES147/SA147S26	SES147	1.08703	-6.88657	-7.9736
BLOCK14/SES147/SA147S28	SES147	1.21419	-6.2521	-7.46629
BLOCK14/SES148/SA148S10	SES148	0.436315	-6.40906	-6.84538
BLOCK14/SES148/SA148S12	SES148	-0.0262513	-7.63442	-7.60817
BLOCK14/SES148/SA148S22	SES148	0.742414	-6.40998	-7.15239
BLOCK14/SES148/SA148S26	SES148	0.215141	-6.13886	-6.354
BLOCK14/SES148/SA148S29	SES148	0.0999413	-7.29053	-7.39047
BLOCK14/SES149/SA149S13	SES149	0.133915	-6.80293	-6.93684
BLOCK14/SES149/SA149S14	SES149	0.205066	-6.33384	-6.53891
BLOCK14/SES149/SA149S24	SES149	0.725209	-6.73076	-7.45597
BLOCK14/SES149/SA149S26	SES149	1.01725	-5.89176	-6.90901
BLOCK14/SES149/SA149S28	SES149	1.74264	-5.01607	-6.75871
BLOCK15/SES158/SA158S13	SES158	0.892716	-6.64711	-7.53983
BLOCK15/SES158/SA158S14	SES158	0.598301	-7.83206	-8.43036
BLOCK15/SES158/SA158S23	SES158	0.665234	-6.10365	-6.76888
BLOCK15/SES158/SA158S26	SES158	1.30863	-7.07737	-8.38601
BLOCK15/SES158/SA158S28	SES158	0.470309	-7.37675	-7.84706
BLOCK16/SES162/SA162S10	SES162	0.486852	-7.86889	-8.35574
BLOCK16/SES162/SA162S11	SES162	0.691184	-6.28659	-6.97778
BLOCK16/SES162/SA162S21	SES162	0.893999	-6.60124	-7.49524
BLOCK16/SES162/SA162S24	SES162	0.826142	-6.80333	-7.62947
BLOCK16/SES162/SA162S27	SES162	1.36393	-7.46465	-8.82857
BLOCK16/SES167/SA167S14	SES167	1.1526	-6.17353	-7.32613
BLOCK16/SES167/SA167S15	SES167	1.37923	-5.96069	-7.33992
BLOCK16/SES167/SA167S21	SES167	1.64592	-5.67149	-7.31742
BLOCK16/SES167/SA167S25	SES167	1.82554	-6.1089	-7.93444
BLOCK16/SES167/SA167S29	SES167	1.89248	-5.2368	-7.12927
BLOCK17/SES172/SA172S12	SES172	1.00687	-7.56851	-8.57538
BLOCK17/SES172/SA172S13	SES172	1.41854	-7.1991	-8.61764
BLOCK17/SES172/SA172S23	SES172	0.971802	-6.70616	-7.67796
BLOCK17/SES172/SA172S27	SES172	0.989154	-8.0286	-9.01776
BLOCK17/SES172/SA172S29	SES172	1.37105	-6.86492	-8.23598
BLOCK17/SES175/SA175S11	SES175	0.21515	-7.35196	-7.56711
BLOCK17/SES175/SA175S13	SES175	0.62618	-5.32034	-5.94652
BLOCK17/SES175/SA175S23	SES175	0.864054	-6.03489	-6.89895
BLOCK17/SES175/SA175S25	SES175	-0.252572	-8.15631	-7.90373
BLOCK17/SES175/SA175S28	SES175	0.335934	-6.5648	-6.90074
BLOCK17/SES177/SA177S15	SES177	0.651724	-7.81206	-8.46379
BLOCK17/SES177/SA177S17	SES177	0.654246	-7.52825	-8.1825
BLOCK17/SES177/SA177S23	SES177	0.282435	-7.7636	-8.04603
BLOCK17/SES177/SA177S26	SES177	0.999072	-5.4055	-6.40457
BLOCK17/SES177/SA177S28	SES177	1.28592	-7.1485	-8.43442
BLOCK18/SES180/SA180S13	SES180	-0.0588312	-8.08288	-8.02405
BLOCK18/SES180/SA180S15	SES180	0.397632	-6.91368	-7.31132
BLOCK18/SES180/SA180S24	SES180	0.516927	-6.14572	-6.66265
BLOCK18/SES180/SA180S26	SES180	0.489203	-6.44754	-6.93675
BLOCK18/SES180/SA180S29	SES180	-0.0436645	-7.84731	-7.80364
BLOCK18/SES183/SA183S13	SES183	1.1937	-6.79355	-7.98725
BLOCK18/SES183/SA183S14	SES183	-0.0333543	-7.28059	-7.24723
BLOCK18/SES183/SA183S24	SES183	1.07118	-7.40769	-8.47887
BLOCK18/SES183/SA183S27	SES183	1.06377	-7.64664	-8.7104
BLOCK18/SES183/SA183S29	SES183	0.935454	-6.82921	-7.76467
BLOCK18/SES187/SA187S13	SES187	0.57068	-8.15966	-8.73034
BLOCK18/SES187/SA187S14	SES187	0.326816	-7.7694	-8.09621
BLOCK18/SES187/SA187S24	SES187	0.360027	-7.89998	-8.26001
BLOCK18/SES187/SA187S27	SES187	0.523778	-7.88232	-8.40609
BLOCK18/SES187/SA187S29	SES187	0.563149	-8.15842	-8.72157
BLOCK18/SES189/SA189S10	SES189	1.17679	-7.57493	-8.75172
BLOCK18/SES189/SA189S13	SES189	1.26892	-8.34647	-9.61539
BLOCK18/SES189/SA189S24	SES189	0.741157	-6.58593	-7.32709
BLOCK18/SES189/SA189S26	SES189	1.14815	-6.79184	-7.93999
BLOCK18/SES189/SA189S29	SES189	1.33734	-6.47895	-7.81629
BLOCK20/SES202/SA202S12	SES202	0.685007	-7.13327	-7.81828
BLOCK20/SES202/SA202S14	SES202	0.93707	-6.82956	-7.76663
BLOCK20/SES202/SA202S24	SES202	0.460962	-7.8538	-8.31476
BLOCK20/SES202/SA202S27	SES202	0.94594	-6.48442	-7.43036
BLOCK20/SES202/SA202S29	SES202	1.0562	-6.55162	-7.60782
BLOCK20/SES206/SA206S15	SES206	-0.697466	-7.18218	-6.48471
BLOCK20/SES206/SA206S17	SES206	0.583941	-7.36828	-7.95222
BLOCK20/SES206/SA206S24	SES206	1.02279	-5.94019	-6.96297
BLOCK20/SES206/SA206S27	SES206	1.13072	-7.20585	-8.33657
BLOCK20/SES206/SA206S29	SES206	1.13544	-5.82053	-6.95598
BLOCK22/SES226/SA226S12	SES226	0.665513	-7.22984	-7.89536
BLOCK22/SES226/SA226S13	SES226	-0.119191	-8.304	-8.1848
BLOCK22/SES226/SA226S20	SES226	0.332788	-7.39291	-7.7257
BLOCK22/SES226/SA226S23	SES226	0.811194	-6.54738	-7.35857
BLOCK22/SES226/SA226S28	SES226	1.2178	-6.21414	-7.43194
BLOCK25/SES259/SA259S13	SES259	1.63166	-6.24646	-7.87812
BLOCK25/SES259/SA259S14	SES259	1.27564	-6.23649	-7.51213
BLOCK25/SES259/SA259S22	SES259	1.2749	-6.01813	-7.29303
BLOCK25/SES259/SA259S24	SES259	0.586713	-6.86213	-7.44884
BLOCK25/SES259/SA259S28	SES259	0.666992	-6.65056	-7.31755
BLOCK27/SES270/SA270S14	SES270	1.56604	-6.94333	-8.50937
BLOCK27/SES270/SA270S16	SES270	0.313032	-6.94724	-7.26027
BLOCK27/SES270/SA270S22	SES270	1.80517	-6.35672	-8.16189
BLOCK27/SES270/SA270S26	SES270	0.477402	-7.22145	-7.69885
BLOCK27/SES270/SA270S28	SES270	0.930521	-6.87201	-7.80253
BLOCK27/SES275/SA275S17	SES275	0.74507	-6.5794	-7.32447
BLOCK27/SES275/SA275S18	SES275	0.571167	-6.9108	-7.48197
BLOCK27/SES275/SA275S24	SES275	0.637219	-7.3651	-8.00232
BLOCK27/SES275/SA275S26	SES275	0.884379	-6.84116	-7.72553
BLOCK27/SES275/SA275S28	SES275	0.943477	-6.85716	-7.80064
BLOCK29/SES292/SA292S10	SES292	-0.232038	-6.9427	-6.71067
BLOCK29/SES292/SA292S12	SES292	0.302826	-8.09232	-8.39515
BLOCK29/SES292/SA292S22	SES292	0.166619	-7.54564	-7.71226
BLOCK29/SES292/SA292S24	SES292	-0.176301	-7.43762	-7.26132
BLOCK29/SES292/SA292S27	SES292	0.0545192	-7.0743	-7.12882
BLOCK00/SES001/SA001S14	SES062	-2.07385	-10.0657	-7.99188
BLOCK00/SES001/SA001S14	SES082	-0.661818	-8.65369	-7.99188
BLOCK00/SES001/SA001S14	SES106	-1.50421	-9.49609	-7.99188
BLOCK00/SES001/SA001S14	SES206	-1.76765	-9.75952	-7.99188
BLOCK00/SES001/SA001S15	SES062	-1.5075	-8.66459	-7.15709
BLOCK00/SES001/SA001S15	SES104	-1.45581	-8.6129	-7.15709
BLOCK00/SES001/SA001S15	SES106	-1.78848	-8.94556	-7.15709
BLOCK00/SES001/SA001S15	SES206	-2.02019	-9.17727	-7.15709
BLOCK00/SES001/SA001S24	SES062	-0.62663	-8.42501	-7.79838
BLOCK00/SES001/SA001S24	SES082	-0.448691	-8.24708	-7.79838
BLOCK00/SES001/SA001S24	SES087	-0.350191	-8.14858	-7.79838
BLOCK00/SES001/SA001S24	SES206	0.12663	-7.67175	-7.79838
BLOCK00/SES001/SA001S27	SES062	-0.860503	-6.87383	-6.01333
BLOCK00/SES001/SA001S27	SES082	-0.796289	-6.80962	-6.01333
BLOCK00/SES001/SA001S27	SES087	-0.617785	-6.63111	-6.01333
BLOCK00/SES001/SA001S27	SES206	-1.16141	-7.17474	-6.01333
BLOCK00/SES001/SA001S29	SES062	-1.88292	-9.39645	-7.51353
BLOCK00/SES001/SA001S29	SES082	-0.668496	-8.18202	-7.51353
BLOCK00/SES001/SA001S29	SES158	-1.06269	-8.57622	-7.51353
BLOCK00/SES001/SA001S29	SES206	-1.26835	-8.78188	-7.51353
BLOCK00/SES003/SA003S11	SES002	-0.445692	-8.36258	-7.91689
BLOCK00/SES003/SA003S11	SES019	-1.41824	-9.33513	-7.91689
BLOCK00/SES003/SA003S11	SES082	-0.387217	-8.30411	-7.91689
BLOCK00/SES003/SA003S11	SES125	-1.01057	-8.92747	-7.91689
BLOCK00/SES003/SA003S15	SES016	-1.33736	-8.36111	-7.02375
BLOCK00/SES003/SA003S15	SES019	-3.44872	-10.4725	-7.02375
BLOCK00/SES003/SA003S15	SES062	0.160832	-6.86292	-7.02375
BLOCK00/SES003/SA003S15	SES206	-0.632806	-7.65656	-7.02375
BLOCK00/SES003/SA003S22	SES002	-0.442502	-8.01283	-7.57033
BLOCK00/SES003/SA003S22	SES062	0.0770488	-7.49328	-7.57033
BLOCK00/SES003/SA003S22	SES082	-0.200938	-7.77127	-7.57033
BLOCK00/SES003/SA003S22	SES087	-0.288554	-7.85888	-7.57033
BLOCK00/SES003/SA003S25	SES062	-2.13055	-10.3965	-8.26599
BLOCK00/SES003/SA003S25	SES082	-1.91754	-10.1835	-8.26599
BLOCK00/SES003/SA003S25	SES087	-1.89416	-10.1601	-8.26599
BLOCK00/SES003/SA003S25	SES206	-1.89828	-10.1643	-8.26599
BLOCK00/SES003/SA003S29	SES002	-1.03706	-9.01888	-7.98182
BLOCK00/SES003/SA003S29	SES062	-2.23025	-10.2121	-7.98182
BLOCK00/SES003/SA003S29	SES082	-1.08693	-9.06874	-7.98182
BLOCK00/SES003/SA003S29	SES087	-1.7234	-9.70522	-7.98182
BLOCK00/SES004/SA004S12	SES083	-0.874217	-7.8599	-6.98569
BLOCK00/SES004/SA004S12	SES148	-0.499164	-7.48485	-6.98569
BLOCK00/SES004/SA004S12	SES172	0.302911	-6.68278	-6.98569
BLOCK00/SES004/SA004S12	SES292	-0.87126	-7.85695	-6.98569
BLOCK00/SES004/SA004S17	SES083	-0.631601	-7.91743	-7.28583
BLOCK00/SES004/SA004S17	SES162	-0.735802	-8.02163	-7.28583
BLOCK00/SES004/SA004S17	SES172	-0.370224	-7.65605	-7.28583
BLOCK00/SES004/SA004S17	SES292	-0.891451	-8.17728	-7.28583
BLOCK00/SES004/SA004S24	SES083	-0.81184	-7.65429	-6.84245
BLOCK00/SES004/SA004S24	SES148	-1.19581	-8.03826	-6.84245
BLOCK00/SES004/SA004S24	SES172	0.0252266	-6.81722	-6.84245
BLOCK00/SES004/SA004S24	SES292	-0.563767	-7.40622	-6.84245
BLOCK00/SES004/SA004S26	SES083	-1.36746	-8.82776	-7.4603
BLOCK00/SES004/SA004S26	SES127	-0.784161	-8.24446	-7.4603
BLOCK00/SES004/SA004S26	SES148	-2.33762	-9.79792	-7.4603
BLOCK00/SES004/SA004S26	SES292	-1.37126	-8.83156	-7.4603
BLOCK00/SES004/SA004S28	SES083	-0.744748	-7.9661	-7.22135
BLOCK00/SES004/SA004S28	SES127	0.0629125	-7.15844	-7.22135
BLOCK00/SES004/SA004S28	SES187	0.407361	-6.81399	-7.22135
BLOCK00/SES004/SA004S28	SES292	-0.641252	-7.8626	-7.22135
BLOCK00/SES006/SA006S10	SES014	-1.20387	-10.2418	-9.0379
BLOCK00/SES006/SA006S10	SES158	-1.47502	-10.5129	-9.0379
BLOCK00/SES006/SA006S10	SES226	-2.91714	-11.955	-9.0379
BLOCK00/SES006/SA006S10	SES270	0.0389681	-8.99893	-9.0379
BLOCK00/SES006/SA006S11	SES158	-2.04214	-10.5785	-8.53641
BLOCK00/SES006/SA006S11	SES226	-1.86062	-10.397	-8.53641
BLOCK00/SES006/SA006S11	SES270	-0.0971832	-8.63359	-8.53641
BLOCK00/SES006/SA006S11	SES275	-1.65898	-10.1954	-8.53641
BLOCK00/SES006/SA006S23	SES062	-4.19214	-12.6877	-8.49552
BLOCK00/SES006/SA006S23	SES105	-2.97542	-11.4709	-8.49552
BLOCK00/SES006/SA006S23	SES158	-1.76174	-10.2573	-8.49552
BLOCK00/SES006/SA006S23	SES275	-2.94255	-11.4381	-8.49552
BLOCK00/SES006/SA006S26	SES104	-2.62168	-11.2578	-8.63615
BLOCK00/SES006/SA006S26	SES158	-2.07463	-10.7108	-8.63615
BLOCK00/SES006/SA006S26	SES270	-0.332489	-8.96864	-8.63615
BLOCK00/SES006/SA006S26	SES275	-2.00808	-10.6442	-8.63615
BLOCK00/SES006/SA006S28	SES007	-1.72044	-10.8454	-9.12496
BLOCK00/SES006/SA006S28	SES105	-2.79575	-11.9207	-9.12496
BLOCK00/SES006/SA006S28	SES158	-0.936907	-10.0619	-9.12496
BLOCK00/SES006/SA006S28	SES275	-1.83118	-10.9561	-9.12496
BLOCK00/SES009/SA009S12	SES083	-2.41686	-9.91706	-7.5002
BLOCK00/SES009/SA009S12	SES148	-1.50456	-9.00476	-7.5002
BLOCK00/SES009/SA009S12	SES177	-0.455328	-7.95553	-7.5002
BLOCK00/SES009/SA009S12	SES292	-0.691028	-8.19123	-7.5002
BLOCK00/SES009/SA009S15	SES007	0.0198402	-7.04004	-7.05988
BLOCK00/SES009/SA009S15	SES099	-3.74252	-10.8024	-7.05988
BLOCK00/SES009/SA009S15	SES148	-1.34747	-8.40735	-7.05988
BLOCK00/SES009/SA009S15	SES172	-0.402009	-7.46189	-7.05988
BLOCK00/SES009/SA009S24	SES146	-0.246765	-8.01522	-7.76846
BLOCK00/SES009/SA009S24	SES148	-1.85885	-9.62731	-7.76846
BLOCK00/SES009/SA009S24	SES177	-0.204715	-7.97317	-7.76846
BLOCK00/SES009/SA009S24	SES292	-0.559589	-8.32804	-7.76846
BLOCK00/SES009/SA009S26	SES083	-2.26986	-9.76522	-7.49536
BLOCK00/SES009/SA009S26	SES101	-1.96261	-9.45797	-7.49536
BLOCK00/SES009/SA009S26	SES120	-0.593873	-8.08924	-7.49536
BLOCK00/SES009/SA009S26	SES177	-0.798074	-8.29344	-7.49536
BLOCK00/SES009/SA009S29	SES083	-1.64139	-9.30229	-7.6609
BLOCK00/SES009/SA009S29	SES101	-0.975144	-8.63604	-7.6609
BLOCK00/SES009/SA009S29	SES177	-0.37882	-8.03972	-7.6609
BLOCK00/SES009/SA009S29	SES292	-0.699911	-8.36081	-7.6609
BLOCK01/SES011/SA011S10	SES019	-3.89621	-12.5665	-8.67026
BLOCK01/SES011/SA011S10	SES042	0.703833	-7.96643	-8.67026
BLOCK01/SES011/SA011S10	SES082	-0.621251	-9.29151	-8.67026
BLOCK01/SES011/SA011S10	SES206	-0.342175	-9.01243	-8.67026
BLOCK01/SES011/SA011S11	SES019	-2.78373	-11.1569	-8.37319
BLOCK01/SES011/SA011S11	SES042	0.266972	-8.10622	-8.37319
BLOCK01/SES011/SA011S11	SES082	-0.338665	-8.71185	-8.37319
BLOCK01/SES011/SA011S11	SES206	-1.06645	-9.43964	-8.37319
BLOCK01/SES011/SA011S22	SES019	-3.08582	-11.41	-8.3242
BLOCK01/SES011/SA011S22	SES042	0.177279	-8.14692	-8.3242
BLOCK01/SES011/SA011S22	SES082	-1.18012	-9.50432	-8.3242
BLOCK01/SES011/SA011S22	SES206	-1.31227	-9.63648	-8.3242
BLOCK01/SES011/SA011S24	SES019	-3.03766	-10.7922	-7.75452
BLOCK01/SES011/SA011S24	SES042	0.869992	-6.88453	-7.75452
BLOCK01/SES011/SA011S24	SES104	0.0301542	-7.72437	-7.75452
BLOCK01/SES011/SA011S24	SES206	-0.525101	-8.27962	-7.75452
BLOCK01/SES011/SA011S27	SES082	-0.3508	-8.13646	-7.78566
BLOCK01/SES011/SA011S27	SES087	-1.52509	-9.31076	-7.78566
BLOCK01/SES011/SA011S27	SES125	-0.139064	-7.92473	-7.78566
BLOCK01/SES011/SA011S27	SES206	-0.442945	-8.22861	-7.78566
BLOCK01/SES012/SA012S11	SES007	-0.0444417	-6.91135	-6.8669
BLOCK01/SES012/SA012S11	SES082	-0.157833	-7.02474	-6.8669
BLOCK01/SES012/SA012S11	SES083	-1.33859	-8.20549	-6.8669
BLOCK01/SES012/SA012S11	SES206	-0.693215	-7.56012	-6.8669
BLOCK01/SES012/SA012S14	SES082	-0.476369	-8.16913	-7.69276
BLOCK01/SES012/SA012S14	SES087	-1.88186	-9.57462	-7.69276
BLOCK01/SES012/SA012S14	SES206	-0.475408	-8.16817	-7.69276
BLOCK01/SES012/SA012S14	SES292	-1.25554	-8.9483	-7.69276
BLOCK01/SES012/SA012S24	SES082	-0.507992	-9.04268	-8.53469
BLOCK01/SES012/SA012S24	SES087	-1.31263	-9.84732	-8.53469
BLOCK01/SES012/SA012S24	SES120	-1.71152	-10.2462	-8.53469
BLOCK01/SES012/SA012S24	SES206	-0.97454	-9.50923	-8.53469
BLOCK01/SES012/SA012S26	SES019	-6.76605	-14.9253	-8.1593
BLOCK01/SES012/SA012S26	SES082	-1.49284	-9.65214	-8.1593
BLOCK01/SES012/SA012S26	SES206	0.0349798	-8.12432	-8.1593
BLOCK01/SES012/SA012S26	SES292	-1.26306	-9.42237	-8.1593
BLOCK01/SES012/SA012S29	SES062	-0.767438	-7.53846	-6.77102
BLOCK01/SES012/SA012S29	SES082	0.662913	-6.10811	-6.77102
BLOCK01/SES012/SA012S29	SES083	-1.53684	-8.30787	-6.77102
BLOCK01/SES012/SA012S29	SES206	0.419552	-6.35147	-6.77102
BLOCK01/SES013/SA013S16	SES062	-3.05608	-11.7114	-8.65534
BLOCK01/SES013/SA013S16	SES106	-1.18484	-9.84018	-8.65534
BLOCK01/SES013/SA013S16	SES206	-1.34321	-9.99855	-8.65534
BLOCK01/SES013/SA013S16	SES226	-1.08826	-9.7436	-8.65534
BLOCK01/SES013/SA013S17	SES062	-1.79005	-9.27999	-7.48994
BLOCK01/SES013/SA013S17	SES106	-1.6712	-9.16114	-7.48994
BLOCK01/SES013/SA013S17	SES206	-0.83713	-8.32707	-7.48994
BLOCK01/SES013/SA013S17	SES226	-0.993133	-8.48307	-7.48994
BLOCK01/SES013/SA013S23	SES104	-1.02415	-9.73401	-8.70986
BLOCK01/SES013/SA013S23	SES106	-0.294619	-9.00448	-8.70986
BLOCK01/SES013/SA013S23	SES206	-1.86104	-10.5709	-8.70986
BLOCK01/SES013/SA013S23	SES270	-0.589852	-9.29972	-8.70986
BLOCK01/SES013/SA013S25	SES042	-3.03004	-10.9482	-7.91811
BLOCK01/SES013/SA013S25	SES104	-0.720288	-8.6384	-7.91811
BLOCK01/SES013/SA013S25	SES106	-0.31458	-8.23269	-7.91811
BLOCK01/SES013/SA013S25	SES206	-1.89894	-9.81705	-7.91811
BLOCK01/SES013/SA013S29	SES062	-3.29014	-11.4743	-8.18412
BLOCK01/SES013/SA013S29	SES104	-1.48472	-9.66884	-8.18412
BLOCK01/SES013/SA013S29	SES106	-0.557027	-8.74115	-8.18412
BLOCK01/SES013/SA013S29	SES206	-2.67576	-10.8599	-8.18412
BLOCK02/SES021/SA021S13	SES016	-2.10717	-10.0614	-7.95426
BLOCK02/SES021/SA021S13	SES029	-0.445256	-8.39951	-7.95426
BLOCK02/SES021/SA021S13	SES087	-2.44744	-10.4017	-7.95426
BLOCK02/SES021/SA021S13	SES206	-1.30281	-9.25707	-7.95426
BLOCK02/SES021/SA021S15	SES087	-0.789156	-8.0386	-7.24944
BLOCK02/SES021/SA021S15	SES125	-1.14172	-8.39116	-7.24944
BLOCK02/SES021/SA021S15	SES206	-1.19218	-8.44162	-7.24944
BLOCK02/SES021/SA021S15	SES226	-1.08237	-8.33181	-7.24944
BLOCK02/SES021/SA021S23	SES062	-2.44974	-10.8607	-8.41092
BLOCK02/SES021/SA021S23	SES087	-0.879598	-9.29051	-8.41092
BLOCK02/SES021/SA021S23	SES206	-1.53384	-9.94475	-8.41092
BLOCK02/SES021/SA021S23	SES226	-1.16537	-9.57629	-8.41092
BLOCK02/SES021/SA021S27	SES002	-0.719689	-7.83752	-7.11783
BLOCK02/SES021/SA021S27	SES016	-3.13657	-10.2544	-7.11783
BLOCK02/SES021/SA021S27	SES019	-1.29023	-8.40806	-7.11783
BLOCK02/SES021/SA021S27	SES062	-1.04497	-8.1628	-7.11783
BLOCK02/SES021/SA021S29	SES087	-1.30285	-9.11319	-7.81033
BLOCK02/SES021/SA021S29	SES125	-1.92717	-9.7375	-7.81033
BLOCK02/SES021/SA021S29	SES206	-0.510323	-8.32065	-7.81033
BLOCK02/SES021/SA021S29	SES226	-1.29113	-9.10146	-7.81033
BLOCK04/SES043/SA043S09	SES083	-0.201811	-8.51931	-8.3175
BLOCK04/SES043/SA043S09	SES101	-0.204013	-8.52151	-8.3175
BLOCK04/SES043/SA043S09	SES144	0.0389614	-8.27854	-8.3175
BLOCK04/SES043/SA043S09	SES172	-1.33353	-9.65102	-8.3175
BLOCK04/SES043/SA043S11	SES083	0.0940714	-7.05738	-7.15145
BLOCK04/SES043/SA043S11	SES101	-0.264936	-7.41639	-7.15145
BLOCK04/SES043/SA043S11	SES144	0.235381	-6.91607	-7.15145
BLOCK04/SES043/SA043S11	SES172	-0.570711	-7.72216	-7.15145
BLOCK04/SES043/SA043S23	SES083	-0.253756	-7.91219	-7.65844
BLOCK04/SES043/SA043S23	SES144	-0.169783	-7.82822	-7.65844
BLOCK04/SES043/SA043S23	SES177	-0.657634	-8.31607	-7.65844
BLOCK04/SES043/SA043S23	SES275	-0.819345	-8.47778	-7.65844
BLOCK04/SES043/SA043S26	SES083	-0.276211	-9.18824	-8.91203
BLOCK04/SES043/SA043S26	SES101	-0.126758	-9.03879	-8.91203
BLOCK04/SES043/SA043S26	SES144	0.328478	-8.58356	-8.91203
BLOCK04/SES043/SA043S26	SES177	-0.681985	-9.59402	-8.91203
BLOCK04/SES043/SA043S28	SES016	-1.92583	-9.54431	-7.61848
BLOCK04/SES043/SA043S28	SES083	-0.535778	-8.15426	-7.61848
BLOCK04/SES043/SA043S28	SES101	-0.429541	-8.04802	-7.61848
BLOCK04/SES043/SA043S28	SES144	-0.663559	-8.28204	-7.61848
BLOCK04/SES044/SA044S10	SES127	-2.73881	-11.1561	-8.41733
BLOCK04/SES044/SA044S10	SES144	-0.256944	-8.67427	-8.41733
BLOCK04/SES044/SA044S10	SES147	-4.48677	-12.9041	-8.41733
BLOCK04/SES044/SA044S10	SES148	-2.5616	-10.9789	-8.41733
BLOCK04/SES044/SA044S11	SES101	-0.280118	-7.93344	-7.65333
BLOCK04/SES044/SA044S11	SES144	0.171615	-7.48171	-7.65333
BLOCK04/SES044/SA044S11	SES147	-2.04416	-9.69748	-7.65333
BLOCK04/SES044/SA044S11	SES177	-1.02384	-8.67717	-7.65333
BLOCK04/SES044/SA044S24	SES007	-2.26565	-10.0012	-7.73559
BLOCK04/SES044/SA044S24	SES101	0.0795937	-7.656	-7.73559
BLOCK04/SES044/SA044S24	SES147	-1.9087	-9.64429	-7.73559
BLOCK04/SES044/SA044S24	SES177	-0.287116	-8.02271	-7.73559
BLOCK04/SES044/SA044S26	SES007	-1.33898	-8.66199	-7.32301
BLOCK04/SES044/SA044S26	SES016	-0.410417	-7.73343	-7.32301
BLOCK04/SES044/SA044S26	SES101	-0.00160789	-7.32462	-7.32301
BLOCK04/SES044/SA044S26	SES147	-0.629916	-7.95293	-7.32301
BLOCK04/SES044/SA044S29	SES007	-1.93309	-9.1896	-7.25651
BLOCK04/SES044/SA044S29	SES101	0.490335	-6.76618	-7.25651
BLOCK04/SES044/SA044S29	SES147	-0.737142	-7.99365	-7.25651
BLOCK04/SES044/SA044S29	SES177	-1.87381	-9.13032	-7.25651
BLOCK04/SES046/SA046S13	SES101	-0.368971	-8.99834	-8.62937
BLOCK04/SES046/SA046S13	SES144	-0.116412	-8.74578	-8.62937
BLOCK04/SES046/SA046S13	SES147	-2.44871	-11.0781	-8.62937
BLOCK04/SES046/SA046S13	SES177	-1.42032	-10.0497	-8.62937
BLOCK04/SES046/SA046S15	SES048	-0.239842	-6.48905	-6.24921
BLOCK04/SES046/SA046S15	SES083	-0.81496	-7.06417	-6.24921
BLOCK04/SES046/SA046S15	SES120	-2.66915	-8.91836	-6.24921
BLOCK04/SES046/SA046S15	SES148	-1.12754	-7.37675	-6.24921
BLOCK04/SES046/SA046S22	SES101	0.060338	-8.06918	-8.12952
BLOCK04/SES046/SA046S22	SES144	0.207006	-7.92251	-8.12952
BLOCK04/SES046/SA046S22	SES147	-1.96109	-10.0906	-8.12952
BLOCK04/SES046/SA046S22	SES172	-0.0141582	-8.14368	-8.12952
BLOCK04/SES046/SA046S25	SES083	-0.554478	-7.75348	-7.199
BLOCK04/SES046/SA046S25	SES127	-1.44522	-8.64422	-7.199
BLOCK04/SES046/SA046S25	SES144	-0.451347	-7.65035	-7.199
BLOCK04/SES046/SA046S25	SES148	-1.47347	-8.67247	-7.199
BLOCK04/SES046/SA046S28	SES007	-0.968939	-8.39356	-7.42462
BLOCK04/SES046/SA046S28	SES105	-1.15598	-8.5806	-7.42462
BLOCK04/SES046/SA046S28	SES147	-1.35825	-8.78287	-7.42462
BLOCK04/SES046/SA046S28	SES148	-1.59575	-9.02037	-7.42462
BLOCK04/SES049/SA049S16	SES104	-0.866096	-9.90658	-9.04049
BLOCK04/SES049/SA049S16	SES106	-1.90596	-10.9464	-9.04049
BLOCK04/SES049/SA049S16	SES120	-1.3983	-10.4388	-9.04049
BLOCK04/SES049/SA049S16	SES206	-1.5965	-10.637	-9.04049
BLOCK04/SES049/SA049S18	SES099	-0.415923	-9.0089	-8.59298
BLOCK04/SES049/SA049S18	SES104	-1.42169	-10.0147	-8.59298
BLOCK04/SES049/SA049S18	SES125	-1.37386	-9.96684	-8.59298
BLOCK04/SES049/SA049S18	SES206	-2.36079	-10.9538	-8.59298
BLOCK04/SES049/SA049S25	SES087	-2.05876	-11.1006	-9.04181
BLOCK04/SES049/SA049S25	SES104	-1.1355	-10.1773	-9.04181
BLOCK04/SES049/SA049S25	SES125	-1.68395	-10.7258	-9.04181
BLOCK04/SES049/SA049S25	SES206	-1.19942	-10.2412	-9.04181
BLOCK04/SES049/SA049S27	SES099	-0.660375	-8.54334	-7.88297
BLOCK04/SES049/SA049S27	SES104	0.00287104	-7.8801	-7.88297
BLOCK04/SES049/SA049S27	SES125	-1.59278	-9.47574	-7.88297
BLOCK04/SES049/SA049S27	SES206	-1.79932	-9.68229	-7.88297
BLOCK04/SES049/SA049S29	SES099	-0.481311	-8.00108	-7.51977
BLOCK04/SES049/SA049S29	SES104	-0.114743	-7.63452	-7.51977
BLOCK04/SES049/SA049S29	SES125	-0.554356	-8.07413	-7.51977
BLOCK04/SES049/SA049S29	SES206	-1.52952	-9.04929	-7.51977
BLOCK06/SES063/SA063S09	SES068	-2.50815	-11.6139	-9.10571
BLOCK06/SES063/SA063S09	SES083	-0.458154	-9.56386	-9.10571
BLOCK06/SES063/SA063S09	SES177	-0.744599	-9.85031	-9.10571
BLOCK06/SES063/SA063S09	SES187	-0.88769	-9.9934	-9.10571
BLOCK06/SES063/SA063S10	SES068	-1.65903	-10.2341	-8.57511
BLOCK06/SES063/SA063S10	SES083	-0.741858	-9.31697	-8.57511
BLOCK06/SES063/SA063S10	SES172	-0.750301	-9.32541	-8.57511
BLOCK06/SES063/SA063S10	SES187	-0.850192	-9.4253	-8.57511
BLOCK06/SES063/SA063S20	SES068	-3.05074	-11.4621	-8.41132
BLOCK06/SES063/SA063S20	SES083	-1.14455	-9.55587	-8.41132
BLOCK06/SES063/SA063S20	SES172	-0.937466	-9.34879	-8.41132
BLOCK06/SES063/SA063S20	SES187	-0.999393	-9.41072	-8.41132
BLOCK06/SES063/SA063S24	SES029	-2.4697	-11.8501	-9.38036
BLOCK06/SES063/SA063S24	SES083	-0.545978	-9.92634	-9.38036
BLOCK06/SES063/SA063S24	SES177	-0.993773	-10.3741	-9.38036
BLOCK06/SES063/SA063S24	SES189	0.759022	-8.62134	-9.38036
BLOCK06/SES063/SA063S27	SES083	-0.524015	-8.86631	-8.3423
BLOCK06/SES063/SA063S27	SES172	-1.43328	-9.77557	-8.3423
BLOCK06/SES063/SA063S27	SES187	-0.746668	-9.08896	-8.3423
BLOCK06/SES063/SA063S27	SES292	-1.17504	-9.51734	-8.3423
BLOCK06/SES067/SA067S12	SES083	-0.97368	-7.89725	-6.92357
BLOCK06/SES067/SA067S12	SES172	-1.44848	-8.37205	-6.92357
BLOCK06/SES067/SA067S12	SES202	-0.876953	-7.80053	-6.92357
BLOCK06/SES067/SA067S12	SES292	-1.43881	-8.36239	-6.92357
BLOCK06/SES067/SA067S14	SES085	-1.1116	-7.23894	-6.12734
BLOCK06/SES067/SA067S14	SES177	-1.33007	-7.45741	-6.12734
BLOCK06/SES067/SA067S14	SES183	0.189384	-5.93795	-6.12734
BLOCK06/SES067/SA067S14	SES202	-0.180856	-6.30819	-6.12734
BLOCK06/SES067/SA067S21	SES144	-1.09426	-8.75795	-7.66368
BLOCK06/SES067/SA067S21	SES177	-1.45811	-9.12179	-7.66368
BLOCK06/SES067/SA067S21	SES183	-1.19885	-8.86253	-7.66368
BLOCK06/SES067/SA067S21	SES189	-1.00608	-8.66977	-7.66368
BLOCK06/SES067/SA067S25	SES085	-2.0867	-8.83004	-6.74333
BLOCK06/SES067/SA067S25	SES177	-1.20579	-7.94912	-6.74333
BLOCK06/SES067/SA067S25	SES183	-0.837373	-7.58071	-6.74333
BLOCK06/SES067/SA067S25	SES202	-1.56292	-8.30625	-6.74333
BLOCK06/SES067/SA067S29	SES085	-2.40518	-10.1489	-7.74371
BLOCK06/SES067/SA067S29	SES177	-2.08107	-9.82478	-7.74371
BLOCK06/SES067/SA067S29	SES183	-1.12184	-8.86555	-7.74371
BLOCK06/SES067/SA067S29	SES202	-0.517828	-8.26154	-7.74371
BLOCK06/SES069/SA069S12	SES029	-1.77336	-8.87777	-7.10441
BLOCK06/SES069/SA069S12	SES082	-0.788646	-7.89306	-7.10441
BLOCK06/SES069/SA069S12	SES087	-1.4236	-8.52802	-7.10441
BLOCK06/SES069/SA069S12	SES206	-0.554235	-7.65865	-7.10441
BLOCK06/SES069/SA069S13	SES029	-2.29618	-9.41362	-7.11745
BLOCK06/SES069/SA069S13	SES087	-1.414	-8.53145	-7.11745
BLOCK06/SES069/SA069S13	SES206	-1.65544	-8.77289	-7.11745
BLOCK06/SES069/SA069S13	SES226	0.117804	-6.99964	-7.11745
BLOCK06/SES069/SA069S23	SES029	-0.486449	-6.93852	-6.45207
BLOCK06/SES069/SA069S23	SES087	-0.618633	-7.07071	-6.45207
BLOCK06/SES069/SA069S23	SES206	-1.72374	-8.17581	-6.45207
BLOCK06/SES069/SA069S23	SES226	-0.225429	-6.6775	-6.45207
BLOCK06/SES069/SA069S25	SES087	-1.2143	-8.26802	-7.05372
BLOCK06/SES069/SA069S25	SES206	-2.33847	-9.3922	-7.05372
BLOCK06/SES069/SA069S25	SES226	-0.101012	-7.15474	-7.05372
BLOCK06/SES069/SA069S25	SES270	-1.44351	-8.49723	-7.05372
BLOCK06/SES069/SA069S27	SES087	-1.96919	-9.5387	-7.5695
BLOCK06/SES069/SA069S27	SES206	-1.00824	-8.57775	-7.5695
BLOCK06/SES069/SA069S27	SES226	-0.0109468	-7.58045	-7.5695
BLOCK06/SES069/SA069S27	SES270	-1.03099	-8.6005	-7.5695
BLOCK08/SES081/SA081S11	SES060	-1.72019	-9.5743	-7.85411
BLOCK08/SES081/SA081S11	SES062	-0.749149	-8.60326	-7.85411
BLOCK08/SES081/SA081S11	SES117	-1.93476	-9.78887	-7.85411
BLOCK08/SES081/SA081S11	SES162	-1.59941	-9.45352	-7.85411
BLOCK08/SES081/SA081S13	SES016	-0.423039	-7.34715	-6.92411
BLOCK08/SES081/SA081S13	SES060	-0.171637	-7.09575	-6.92411
BLOCK08/SES081/SA081S13	SES068	-0.387406	-7.31152	-6.92411
BLOCK08/SES081/SA081S13	SES129	-1.70041	-8.62452	-6.92411
BLOCK08/SES081/SA081S24	SES060	-0.329881	-7.7965	-7.46662
BLOCK08/SES081/SA081S24	SES068	-0.446313	-7.91293	-7.46662
BLOCK08/SES081/SA081S24	SES117	-1.50797	-8.97459	-7.46662
BLOCK08/SES081/SA081S24	SES275	-0.890882	-8.3575	-7.46662
BLOCK08/SES081/SA081S27	SES007	-0.0465355	-8.17447	-8.12794
BLOCK08/SES081/SA081S27	SES060	-0.529325	-8.65726	-8.12794
BLOCK08/SES081/SA081S27	SES117	-0.722251	-8.85019	-8.12794
BLOCK08/SES081/SA081S27	SES275	-0.832821	-8.96076	-8.12794
BLOCK08/SES081/SA081S29	SES007	-0.18644	-8.79661	-8.61017
BLOCK08/SES081/SA081S29	SES060	-0.314149	-8.92432	-8.61017
BLOCK08/SES081/SA081S29	SES117	-0.801982	-9.41216	-8.61017
BLOCK08/SES081/SA081S29	SES275	-0.916161	-9.52633	-8.61017
BLOCK08/SES086/SA086S11	SES029	-3.17537	-12.2259	-9.05057
BLOCK08/SES086/SA086S11	SES082	-2.40812	-11.4587	-9.05057
BLOCK08/SES086/SA086S11	SES087	-0.181663	-9.23223	-9.05057
BLOCK08/SES086/SA086S11	SES206	-1.75061	-10.8012	-9.05057
BLOCK08/SES086/SA086S12	SES029	-2.31419	-10.5907	-8.2765
BLOCK08/SES086/SA086S12	SES082	-2.11561	-10.3921	-8.2765
BLOCK08/SES086/SA086S12	SES087	0.459704	-7.8168	-8.2765
BLOCK08/SES086/SA086S12	SES206	-0.898916	-9.17542	-8.2765
BLOCK08/SES086/SA086S20	SES029	-2.02385	-9.88469	-7.86085
BLOCK08/SES086/SA086S20	SES082	-1.39484	-9.25568	-7.86085
BLOCK08/SES086/SA086S20	SES087	0.0810213	-7.77982	-7.86085
BLOCK08/SES086/SA086S20	SES206	-0.971297	-8.83214	-7.86085
BLOCK08/SES086/SA086S24	SES087	0.168601	-8.92043	-9.08903
BLOCK08/SES086/SA086S24	SES104	-1.25282	-10.3418	-9.08903
BLOCK08/SES086/SA086S24	SES120	-0.975332	-10.0644	-9.08903
BLOCK08/SES086/SA086S24	SES206	-0.21623	-9.30526	-9.08903
BLOCK08/SES086/SA086S28	SES029	-2.46311	-9.93739	-7.47428
BLOCK08/SES086/SA086S28	SES082	-1.59896	-9.07324	-7.47428
BLOCK08/SES086/SA086S28	SES087	-0.139565	-7.61385	-7.47428
BLOCK08/SES086/SA086S28	SES206	-0.718337	-8.19262	-7.47428
BLOCK08/SES089/SA089S13	SES087	-0.745448	-9.3951	-8.64965
BLOCK08/SES089/SA089S13	SES206	-1.62635	-10.276	-8.64965
BLOCK08/SES089/SA089S13	SES226	-0.847622	-9.49728	-8.64965
BLOCK08/SES089/SA089S13	SES270	-1.81859	-10.4682	-8.64965
BLOCK08/SES089/SA089S14	SES062	-1.77884	-9.82376	-8.04492
BLOCK08/SES089/SA089S14	SES087	-0.353578	-8.3985	-8.04492
BLOCK08/SES089/SA089S14	SES206	-1.60157	-9.6465	-8.04492
BLOCK08/SES089/SA089S14	SES226	-1.50416	-9.54908	-8.04492
BLOCK08/SES089/SA089S23	SES087	-0.766655	-10.5741	-9.80746
BLOCK08/SES089/SA089S23	SES206	-1.73242	-11.5399	-9.80746
BLOCK08/SES089/SA089S23	SES226	-1.33545	-11.1429	-9.80746
BLOCK08/SES089/SA089S23	SES270	-3.50621	-13.3137	-9.80746
BLOCK08/SES089/SA089S25	SES062	-0.84214	-9.42065	-8.57851
BLOCK08/SES089/SA089S25	SES087	-0.372349	-8.95086	-8.57851
BLOCK08/SES089/SA089S25	SES206	-1.90355	-10.4821	-8.57851
BLOCK08/SES089/SA089S25	SES226	-1.17937	-9.75788	-8.57851
BLOCK08/SES089/SA089S28	SES062	-0.383975	-8.96354	-8.57956
BLOCK08/SES089/SA089S28	SES087	0.227622	-8.35194	-8.57956
BLOCK08/SES089/SA089S28	SES206	-1.10343	-9.68299	-8.57956
BLOCK08/SES089/SA089S28	SES226	-0.598289	-9.17785	-8.57956
BLOCK09/SES097/SA097S11	SES099	-0.271749	-8.85483	-8.58308
BLOCK09/SES097/SA097S11	SES125	-2.30366	-10.8867	-8.58308
BLOCK09/SES097/SA097S11	SES206	-1.74642	-10.3295	-8.58308
BLOCK09/SES097/SA097S11	SES226	0.209942	-8.37314	-8.58308
BLOCK09/SES097/SA097S14	SES062	-2.81135	-10.5487	-7.73732
BLOCK09/SES097/SA097S14	SES099	-1.22447	-8.96179	-7.73732
BLOCK09/SES097/SA097S14	SES104	-1.26788	-9.00519	-7.73732
BLOCK09/SES097/SA097S14	SES206	-2.17149	-9.9088	-7.73732
BLOCK09/SES097/SA097S22	SES099	-0.109044	-8.55022	-8.44117
BLOCK09/SES097/SA097S22	SES206	-2.39034	-10.8315	-8.44117
BLOCK09/SES097/SA097S22	SES226	-1.19647	-9.63765	-8.44117
BLOCK09/SES097/SA097S22	SES270	-1.20503	-9.64621	-8.44117
BLOCK09/SES097/SA097S26	SES099	-0.0281239	-8.60454	-8.57642
BLOCK09/SES097/SA097S26	SES120	-1.07407	-9.65048	-8.57642
BLOCK09/SES097/SA097S26	SES206	-2.55819	-11.1346	-8.57642
BLOCK09/SES097/SA097S26	SES226	-0.458131	-9.03455	-8.57642
BLOCK09/SES097/SA097S28	SES099	-0.300136	-7.82963	-7.5295
BLOCK09/SES097/SA097S28	SES120	-1.32765	-8.85715	-7.5295
BLOCK09/SES097/SA097S28	SES206	-1.91346	-9.44296	-7.5295
BLOCK09/SES097/SA097S28	SES226	-0.84998	-8.37948	-7.5295
BLOCK09/SES098/SA098S11	SES127	-0.949769	-8.16755	-7.21778
BLOCK09/SES098/SA098S11	SES144	-0.41714	-7.63492	-7.21778
BLOCK09/SES098/SA098S11	SES147	-0.416192	-7.63397	-7.21778
BLOCK09/SES098/SA098S11	SES148	-2.23496	-9.45274	-7.21778
BLOCK09/SES098/SA098S12	SES127	-2.18831	-10.9169	-8.7286
BLOCK09/SES098/SA098S12	SES144	-1.338	-10.0666	-8.7286
BLOCK09/SES098/SA098S12	SES147	-1.65051	-10.3791	-8.7286
BLOCK09/SES098/SA098S12	SES189	-1.2507	-9.97929	-8.7286
BLOCK09/SES098/SA098S20	SES127	-3.25201	-11.4978	-8.24578
BLOCK09/SES098/SA098S20	SES147	-1.32474	-9.57052	-8.24578
BLOCK09/SES098/SA098S20	SES148	-3.59471	-11.8405	-8.24578
BLOCK09/SES098/SA098S20	SES292	-0.976558	-9.22234	-8.24578
BLOCK09/SES098/SA098S23	SES127	-1.68614	-9.63191	-7.94577
BLOCK09/SES098/SA098S23	SES147	-1.32015	-9.26592	-7.94577
BLOCK09/SES098/SA098S23	SES187	-0.674525	-8.62029	-7.94577
BLOCK09/SES098/SA098S23	SES292	-0.724015	-8.66978	-7.94577
BLOCK09/SES098/SA098S27	SES127	-2.40617	-10.4281	-8.02191
BLOCK09/SES098/SA098S27	SES147	-2.13695	-10.1589	-8.02191
BLOCK09/SES098/SA098S27	SES148	-3.35837	-11.3803	-8.02191
BLOCK09/SES098/SA098S27	SES292	-0.746268	-8.76818	-8.02191
BLOCK10/SES102/SA102S13	SES101	0.20013	-9.02618	-9.22631
BLOCK10/SES102/SA102S13	SES105	-0.441489	-9.6678	-9.22631
BLOCK10/SES102/SA102S13	SES120	-2.3635	-11.5898	-9.22631
BLOCK10/SES102/SA102S13	SES158	-1.89309	-11.1194	-9.22631
BLOCK10/SES102/SA102S14	SES007	0.444274	-5.96592	-6.4102
BLOCK10/SES102/SA102S14	SES101	-0.156092	-6.56629	-6.4102
BLOCK10/SES102/SA102S14	SES105	-0.59957	-7.00977	-6.4102
BLOCK10/SES102/SA102S14	SES147	-2.19261	-8.60281	-6.4102
BLOCK10/SES102/SA102S22	SES007	-1.12108	-8.29414	-7.17306
BLOCK10/SES102/SA102S22	SES101	-0.466291	-7.63935	-7.17306
BLOCK10/SES102/SA102S22	SES105	-0.739391	-7.91245	-7.17306
BLOCK10/SES102/SA102S22	SES158	-1.97254	-9.1456	-7.17306
BLOCK10/SES102/SA102S25	SES007	0.0820847	-7.31302	-7.3951
BLOCK10/SES102/SA102S25	SES101	0.164969	-7.23013	-7.3951
BLOCK10/SES102/SA102S25	SES105	-0.735917	-8.13102	-7.3951
BLOCK10/SES102/SA102S25	SES147	-1.97168	-9.36678	-7.3951
BLOCK10/SES102/SA102S27	SES007	-0.501614	-7.96503	-7.46342
BLOCK10/SES102/SA102S27	SES101	0.114657	-7.34876	-7.46342
BLOCK10/SES102/SA102S27	SES105	-1.64318	-9.10659	-7.46342
BLOCK10/SES102/SA102S27	SES147	-2.75326	-10.2167	-7.46342
BLOCK10/SES103/SA103S14	SES105	-1.99163	-10.4164	-8.42476
BLOCK10/SES103/SA103S14	SES106	-1.72808	-10.1528	-8.42476
BLOCK10/SES103/SA103S14	SES120	-2.15553	-10.5803	-8.42476
BLOCK10/SES103/SA103S14	SES206	-1.90381	-10.3286	-8.42476
BLOCK10/SES103/SA103S15	SES099	-2.30422	-11.8293	-9.52506
BLOCK10/SES103/SA103S15	SES101	-3.30332	-12.8284	-9.52506
BLOCK10/SES103/SA103S15	SES104	-1.22694	-10.752	-9.52506
BLOCK10/SES103/SA103S15	SES125	-1.6372	-11.1623	-9.52506
BLOCK10/SES103/SA103S24	SES104	-1.04885	-9.53452	-8.48566
BLOCK10/SES103/SA103S24	SES125	-2.57459	-11.0603	-8.48566
BLOCK10/SES103/SA103S24	SES148	-2.23455	-10.7202	-8.48566
BLOCK10/SES103/SA103S24	SES158	-1.65166	-10.1373	-8.48566
BLOCK10/SES103/SA103S26	SES104	-0.840837	-9.17976	-8.33893
BLOCK10/SES103/SA103S26	SES106	-1.46075	-9.79968	-8.33893
BLOCK10/SES103/SA103S26	SES125	-1.20623	-9.54516	-8.33893
BLOCK10/SES103/SA103S26	SES148	-2.25415	-10.5931	-8.33893
BLOCK10/SES103/SA103S28	SES104	-0.545326	-9.26856	-8.72323
BLOCK10/SES103/SA103S28	SES106	-1.1855	-9.90873	-8.72323
BLOCK10/SES103/SA103S28	SES125	-2.06488	-10.7881	-8.72323
BLOCK10/SES103/SA103S28	SES206	-2.04214	-10.7654	-8.72323
BLOCK12/SES121/SA121S12	SES042	-1.53104	-9.93612	-8.40508
BLOCK12/SES121/SA121S12	SES087	-1.43947	-9.84456	-8.40508
BLOCK12/SES121/SA121S12	SES105	-0.75308	-9.15816	-8.40508
BLOCK12/SES121/SA121S12	SES206	-0.714931	-9.12002	-8.40508
BLOCK12/SES121/SA121S14	SES007	-2.12054	-12.6912	-10.5707
BLOCK12/SES121/SA121S14	SES105	-1.75815	-12.3288	-10.5707
BLOCK12/SES121/SA121S14	SES106	-1.29343	-11.8641	-10.5707
BLOCK12/SES121/SA121S14	SES206	-1.4919	-12.0626	-10.5707
BLOCK12/SES121/SA121S23	SES105	-1.46407	-11.487	-10.023
BLOCK12/SES121/SA121S23	SES106	-1.03909	-11.0621	-10.023
BLOCK12/SES121/SA121S23	SES120	-1.72913	-11.7521	-10.023
BLOCK12/SES121/SA121S23	SES206	-0.504334	-10.5273	-10.023
BLOCK12/SES121/SA121S25	SES007	-1.31671	-12.1883	-10.8716
BLOCK12/SES121/SA121S25	SES105	-1.23272	-12.1043	-10.8716
BLOCK12/SES121/SA121S25	SES106	-0.609534	-11.4811	-10.8716
BLOCK12/SES121/SA121S25	SES206	-1.23747	-12.109	-10.8716
BLOCK12/SES121/SA121S27	SES087	0.46172	-9.44995	-9.91167
BLOCK12/SES121/SA121S27	SES105	-2.91762	-12.8293	-9.91167
BLOCK12/SES121/SA121S27	SES120	-0.51964	-10.4313	-9.91167
BLOCK12/SES121/SA121S27	SES206	-1.10679	-11.0185	-9.91167
BLOCK12/SES124/SA124S16	SES042	-0.113398	-6.83323	-6.71984
BLOCK12/SES124/SA124S16	SES082	-0.53488	-7.25472	-6.71984
BLOCK12/SES124/SA124S16	SES183	-1.42446	-8.14429	-6.71984
BLOCK12/SES124/SA124S16	SES206	-0.985703	-7.70554	-6.71984
BLOCK12/SES124/SA124S17	SES105	-1.93024	-9.90473	-7.97449
BLOCK12/SES124/SA124S17	SES149	-1.03928	-9.01377	-7.97449
BLOCK12/SES124/SA124S17	SES158	-1.73861	-9.7131	-7.97449
BLOCK12/SES124/SA124S17	SES275	-1.53651	-9.511	-7.97449
BLOCK12/SES124/SA124S23	SES105	-2.01336	-8.20357	-6.19021
BLOCK12/SES124/SA124S23	SES125	0.157978	-6.03223	-6.19021
BLOCK12/SES124/SA124S23	SES129	-1.96337	-8.15358	-6.19021
BLOCK12/SES124/SA124S23	SES158	-1.56579	-7.756	-6.19021
BLOCK12/SES124/SA124S26	SES105	-2.13204	-9.92044	-7.7884
BLOCK12/SES124/SA124S26	SES125	-0.277317	-8.06572	-7.7884
BLOCK12/SES124/SA124S26	SES129	-2.08157	-9.86997	-7.7884
BLOCK12/SES124/SA124S26	SES158	-0.912211	-8.70061	-7.7884
BLOCK12/SES124/SA124S28	SES104	-0.435436	-7.42901	-6.99358
BLOCK12/SES124/SA124S28	SES106	-1.00414	-7.99771	-6.99358
BLOCK12/SES124/SA124S28	SES125	0.246531	-6.74704	-6.99358
BLOCK12/SES124/SA124S28	SES275	-1.12419	-8.11776	-6.99358
BLOCK12/SES126/SA126S13	SES007	-0.405303	-8.32063	-7.91533
BLOCK12/SES126/SA126S13	SES162	-1.2329	-9.14823	-7.91533
BLOCK12/SES126/SA126S13	SES177	-0.449611	-8.36494	-7.91533
BLOCK12/SES126/SA126S13	SES180	-1.30898	-9.22431	-7.91533
BLOCK12/SES126/SA126S14	SES144	-0.617806	-7.77404	-7.15624
BLOCK12/SES126/SA126S14	SES148	-2.038	-9.19424	-7.15624
BLOCK12/SES126/SA126S14	SES177	-0.831872	-7.98811	-7.15624
BLOCK12/SES126/SA126S14	SES180	-1.45294	-8.60918	-7.15624
BLOCK12/SES126/SA126S20	SES007	-0.866998	-7.41481	-6.54781
BLOCK12/SES126/SA126S20	SES162	-1.44475	-7.99256	-6.54781
BLOCK12/SES126/SA126S20	SES172	-1.51064	-8.05845	-6.54781
BLOCK12/SES126/SA126S20	SES180	-1.24306	-7.79087	-6.54781
BLOCK12/SES126/SA126S24	SES120	-0.0992985	-7.3015	-7.2022
BLOCK12/SES126/SA126S24	SES162	-0.996931	-8.19913	-7.2022
BLOCK12/SES126/SA126S24	SES177	-0.18342	-7.38562	-7.2022
BLOCK12/SES126/SA126S24	SES180	-0.292029	-7.49423	-7.2022
BLOCK12/SES126/SA126S26	SES120	0.420098	-7.33545	-7.75555
BLOCK12/SES126/SA126S26	SES177	-0.150685	-7.90624	-7.75555
BLOCK12/SES126/SA126S26	SES180	-0.434685	-8.19024	-7.75555
BLOCK12/SES126/SA126S26	SES202	-0.438358	-8.19391	-7.75555
BLOCK12/SES128/SA128S10	SES087	-2.20652	-10.0198	-7.81326
BLOCK12/SES128/SA128S10	SES206	-1.09644	-8.9097	-7.81326
BLOCK12/SES128/SA128S10	SES226	-0.287134	-8.1004	-7.81326
BLOCK12/SES128/SA128S10	SES270	-0.721443	-8.5347	-7.81326
BLOCK12/SES128/SA128S12	SES120	-0.258583	-8.10571	-7.84713
BLOCK12/SES128/SA128S12	SES158	-0.582069	-8.4292	-7.84713
BLOCK12/SES128/SA128S12	SES206	-0.42147	-8.2686	-7.84713
BLOCK12/SES128/SA128S12	SES226	-1.72969	-9.57682	-7.84713
BLOCK12/SES128/SA128S21	SES106	-0.886195	-8.65235	-7.76615
BLOCK12/SES128/SA128S21	SES120	-1.05514	-8.82129	-7.76615
BLOCK12/SES128/SA128S21	SES206	-1.03128	-8.79744	-7.76615
BLOCK12/SES128/SA128S21	SES226	0.239463	-7.52669	-7.76615
BLOCK12/SES128/SA128S24	SES087	-1.2865	-9.55158	-8.26507
BLOCK12/SES128/SA128S24	SES120	-0.683783	-8.94886	-8.26507
BLOCK12/SES128/SA128S24	SES206	-0.549706	-8.81478	-8.26507
BLOCK12/SES128/SA128S24	SES226	-1.18536	-9.45043	-8.26507
BLOCK12/SES128/SA128S27	SES099	-0.199481	-7.24183	-7.04235
BLOCK12/SES128/SA128S27	SES120	-0.369909	-7.41225	-7.04235
BLOCK12/SES128/SA128S27	SES206	-1.03622	-8.07857	-7.04235
BLOCK12/SES128/SA128S27	SES226	-1.33537	-8.37771	-7.04235
BLOCK13/SES130/SA130S13	SES143	-0.907753	-9.46747	-8.55972
BLOCK13/SES130/SA130S13	SES144	0.0229435	-8.53678	-8.55972
BLOCK13/SES130/SA130S13	SES146	-2.26016	-10.8199	-8.55972
BLOCK13/SES130/SA130S13	SES275	-2.51744	-11.0772	-8.55972
BLOCK13/SES130/SA130S15	SES143	-0.502266	-7.964	-7.46174
BLOCK13/SES130/SA130S15	SES144	0.576556	-6.88518	-7.46174
BLOCK13/SES130/SA130S15	SES146	-0.330919	-7.79266	-7.46174
BLOCK13/SES130/SA130S15	SES275	-0.812385	-8.27412	-7.46174
BLOCK13/SES130/SA130S23	SES127	-0.880393	-8.91986	-8.03946
BLOCK13/SES130/SA130S23	SES144	0.0633488	-7.97611	-8.03946
BLOCK13/SES130/SA130S23	SES146	-0.850478	-8.88994	-8.03946
BLOCK13/SES130/SA130S23	SES162	-0.732831	-8.77229	-8.03946
BLOCK13/SES130/SA130S25	SES127	-0.798895	-7.46495	-6.66606
BLOCK13/SES130/SA130S25	SES144	-0.0807085	-6.74677	-6.66606
BLOCK13/SES130/SA130S25	SES146	-0.851206	-7.51727	-6.66606
BLOCK13/SES130/SA130S25	SES275	-1.07583	-7.74189	-6.66606
BLOCK13/SES130/SA130S28	SES127	-0.297653	-8.49449	-8.19684
BLOCK13/SES130/SA130S28	SES144	-0.532327	-8.72916	-8.19684
BLOCK13/SES130/SA130S28	SES146	-0.0184803	-8.21532	-8.19684
BLOCK13/SES130/SA130S28	SES275	-0.489742	-8.68658	-8.19684
BLOCK13/SES131/SA131S13	SES002	-1.33879	-9.89276	-8.55397
BLOCK13/SES131/SA131S13	SES007	-1.46235	-10.0163	-8.55397
BLOCK13/SES131/SA131S13	SES099	-0.255959	-8.80993	-8.55397
BLOCK13/SES131/SA131S13	SES105	-1.23105	-9.78502	-8.55397
BLOCK13/SES131/SA131S14	SES104	-0.71337	-6.98632	-6.27295
BLOCK13/SES131/SA131S14	SES106	-1.91696	-8.18991	-6.27295
BLOCK13/SES131/SA131S14	SES125	-1.53425	-7.8072	-6.27295
BLOCK13/SES131/SA131S14	SES148	-0.0741215	-6.34707	-6.27295
BLOCK13/SES131/SA131S20	SES104	-1.21936	-9.75589	-8.53654
BLOCK13/SES131/SA131S20	SES106	-1.6808	-10.2173	-8.53654
BLOCK13/SES131/SA131S20	SES125	-1.40031	-9.93684	-8.53654
BLOCK13/SES131/SA131S20	SES148	-1.78188	-10.3184	-8.53654
BLOCK13/SES131/SA131S22	SES099	-0.518402	-7.46421	-6.94581
BLOCK13/SES131/SA131S22	SES104	-0.799067	-7.74488	-6.94581
BLOCK13/SES131/SA131S22	SES125	-0.435557	-7.38137	-6.94581
BLOCK13/SES131/SA131S22	SES206	-0.931583	-7.87739	-6.94581
BLOCK13/SES131/SA131S29	SES087	-1.60969	-10.2904	-8.68068
BLOCK13/SES131/SA131S29	SES104	-1.81535	-10.496	-8.68068
BLOCK13/SES131/SA131S29	SES125	-3.75491	-12.4356	-8.68068
BLOCK13/SES131/SA131S29	SES206	-2.28762	-10.9683	-8.68068
BLOCK13/SES132/SA132S11	SES083	-1.51537	-8.98458	-7.4692
BLOCK13/SES132/SA132S11	SES120	-0.0405688	-7.50977	-7.4692
BLOCK13/SES132/SA132S11	SES127	-2.04973	-9.51893	-7.4692
BLOCK13/SES132/SA132S11	SES275	-1.43212	-8.90132	-7.4692
BLOCK13/SES132/SA132S12	SES083	-1.56693	-8.88066	-7.31373
BLOCK13/SES132/SA132S12	SES143	-2.125	-9.43873	-7.31373
BLOCK13/SES132/SA132S12	SES144	-0.656043	-7.96978	-7.31373
BLOCK13/SES132/SA132S12	SES148	-1.13917	-8.4529	-7.31373
BLOCK13/SES132/SA132S22	SES062	-0.701452	-8.28379	-7.58234
BLOCK13/SES132/SA132S22	SES083	-1.87176	-9.4541	-7.58234
BLOCK13/SES132/SA132S22	SES127	-1.82907	-9.4114	-7.58234
BLOCK13/SES132/SA132S22	SES275	-0.85499	-8.43733	-7.58234
BLOCK13/SES132/SA132S24	SES007	-0.835343	-7.71315	-6.87781
BLOCK13/SES132/SA132S24	SES083	-1.73886	-8.61667	-6.87781
BLOCK13/SES132/SA132S24	SES127	-2.48554	-9.36334	-6.87781
BLOCK13/SES132/SA132S24	SES275	-1.07783	-7.95563	-6.87781
BLOCK13/SES132/SA132S27	SES083	-2.20905	-10.6734	-8.46431
BLOCK13/SES132/SA132S27	SES120	0.536631	-7.92768	-8.46431
BLOCK13/SES132/SA132S27	SES127	-3.9627	-12.427	-8.46431
BLOCK13/SES132/SA132S27	SES275	-1.64037	-10.1047	-8.46431
BLOCK14/SES141/SA141S09	SES143	-0.908348	-7.85049	-6.94214
BLOCK14/SES141/SA141S09	SES144	-0.330542	-7.27268	-6.94214
BLOCK14/SES141/SA141S09	SES162	-1.04125	-7.98339	-6.94214
BLOCK14/SES141/SA141S09	SES180	-0.7894	-7.73154	-6.94214
BLOCK14/SES141/SA141S15	SES127	-1.70802	-9.63938	-7.93136
BLOCK14/SES141/SA141S15	SES144	-0.912383	-8.84374	-7.93136
BLOCK14/SES141/SA141S15	SES162	-1.68453	-9.61589	-7.93136
BLOCK14/SES141/SA141S15	SES180	-1.23589	-9.16725	-7.93136
BLOCK14/SES141/SA141S24	SES127	-1.94598	-9.28804	-7.34206
BLOCK14/SES141/SA141S24	SES144	-1.37241	-8.71448	-7.34206
BLOCK14/SES141/SA141S24	SES162	-1.73807	-9.08014	-7.34206
BLOCK14/SES141/SA141S24	SES183	-1.37073	-8.7128	-7.34206
BLOCK14/SES141/SA141S26	SES142	-0.230141	-8.46436	-8.23422
BLOCK14/SES141/SA141S26	SES144	-1.22409	-9.45831	-8.23422
BLOCK14/SES141/SA141S26	SES172	-0.86417	-9.09839	-8.23422
BLOCK14/SES141/SA141S26	SES180	-0.937381	-9.1716	-8.23422
BLOCK14/SES141/SA141S29	SES127	-0.636857	-7.8154	-7.17854
BLOCK14/SES141/SA141S29	SES142	0.22566	-6.95288	-7.17854
BLOCK14/SES141/SA141S29	SES144	-0.32391	-7.50245	-7.17854
BLOCK14/SES141/SA141S29	SES180	-0.276056	-7.4546	-7.17854
BLOCK15/SES157/SA157S08	SES083	-0.991462	-8.26727	-7.27581
BLOCK15/SES157/SA157S08	SES127	-0.988694	-8.2645	-7.27581
BLOCK15/SES157/SA157S08	SES148	-0.145374	-7.42118	-7.27581
BLOCK15/SES157/SA157S08	SES292	-1.22592	-8.50173	-7.27581
BLOCK15/SES157/SA157S11	SES083	-1.07028	-9.11368	-8.04339
BLOCK15/SES157/SA157S11	SES127	-0.765125	-8.80852	-8.04339
BLOCK15/SES157/SA157S11	SES148	-1.19515	-9.23854	-8.04339
BLOCK15/SES157/SA157S11	SES292	-1.75522	-9.79861	-8.04339
BLOCK15/SES157/SA157S21	SES127	0.0478101	-6.94756	-6.99537
BLOCK15/SES157/SA157S21	SES148	0.23673	-6.75865	-6.99537
BLOCK15/SES157/SA157S21	SES158	-3.79428	-10.7897	-6.99537
BLOCK15/SES157/SA157S21	SES292	-1.27299	-8.26836	-6.99537
BLOCK15/SES157/SA157S24	SES127	-0.562008	-8.83409	-8.27208
BLOCK15/SES157/SA157S24	SES148	-0.404748	-8.67683	-8.27208
BLOCK15/SES157/SA157S24	SES183	-0.759074	-9.03115	-8.27208
BLOCK15/SES157/SA157S24	SES292	-1.49567	-9.76775	-8.27208
BLOCK15/SES157/SA157S26	SES007	-0.861778	-8.24584	-7.38406
BLOCK15/SES157/SA157S26	SES127	-0.447232	-7.8313	-7.38406
BLOCK15/SES157/SA157S26	SES147	-0.685982	-8.07005	-7.38406
BLOCK15/SES157/SA157S26	SES148	-1.07709	-8.46116	-7.38406
BLOCK16/SES161/SA161S10	SES007	-0.716098	-8.37448	-7.65839
BLOCK16/SES161/SA161S10	SES105	-0.857356	-8.51574	-7.65839
BLOCK16/SES161/SA161S10	SES158	-1.42768	-9.08606	-7.65839
BLOCK16/SES161/SA161S10	SES275	-0.572341	-8.23073	-7.65839
BLOCK16/SES161/SA161S12	SES007	-2.26266	-11.1261	-8.86343
BLOCK16/SES161/SA161S12	SES105	-1.50214	-10.3656	-8.86343
BLOCK16/SES161/SA161S12	SES158	-1.42762	-10.2911	-8.86343
BLOCK16/SES161/SA161S12	SES275	-2.67757	-11.541	-8.86343
BLOCK16/SES161/SA161S20	SES007	-0.558789	-9.80744	-9.24865
BLOCK16/SES161/SA161S20	SES105	-1.8323	-11.0809	-9.24865
BLOCK16/SES161/SA161S20	SES158	0.0957623	-9.15289	-9.24865
BLOCK16/SES161/SA161S20	SES275	-1.79429	-11.0429	-9.24865
BLOCK16/SES161/SA161S23	SES007	-2.15425	-11.1996	-9.04537
BLOCK16/SES161/SA161S23	SES105	-0.574358	-9.61973	-9.04537
BLOCK16/SES161/SA161S23	SES148	-2.62882	-11.6742	-9.04537
BLOCK16/SES161/SA161S23	SES158	-2.57054	-11.6159	-9.04537
BLOCK16/SES161/SA161S28	SES007	-1.38045	-9.64634	-8.26589
BLOCK16/SES161/SA161S28	SES105	-1.99475	-10.2606	-8.26589
BLOCK16/SES161/SA161S28	SES158	-0.218689	-8.48458	-8.26589
BLOCK16/SES161/SA161S28	SES206	-0.914983	-9.18087	-8.26589
BLOCK16/SES164/SA164S11	SES104	-1.3945	-8.97365	-7.57915
BLOCK16/SES164/SA164S11	SES125	-0.471822	-8.05097	-7.57915
BLOCK16/SES164/SA164S11	SES158	-1.43124	-9.01039	-7.57915
BLOCK16/SES164/SA164S11	SES206	-3.56048	-11.1396	-7.57915
BLOCK16/SES164/SA164S13	SES099	-1.80527	-9.91353	-8.10826
BLOCK16/SES164/SA164S13	SES104	-1.2555	-9.36376	-8.10826
BLOCK16/SES164/SA164S13	SES125	-1.48581	-9.59407	-8.10826
BLOCK16/SES164/SA164S13	SES206	-2.52798	-10.6362	-8.10826
BLOCK16/SES164/SA164S24	SES002	0.0599394	-7.66832	-7.72826
BLOCK16/SES164/SA164S24	SES099	-0.658278	-8.38654	-7.72826
BLOCK16/SES164/SA164S24	SES125	-1.00017	-8.72843	-7.72826
BLOCK16/SES164/SA164S24	SES226	0.284392	-7.44387	-7.72826
BLOCK16/SES164/SA164S27	SES087	-3.08587	-11.3783	-8.29243
BLOCK16/SES164/SA164S27	SES125	-0.816976	-9.1094	-8.29243
BLOCK16/SES164/SA164S27	SES206	-3.09961	-11.392	-8.29243
BLOCK16/SES164/SA164S27	SES226	-0.621774	-8.9142	-8.29243
BLOCK16/SES164/SA164S29	SES002	-0.170344	-8.21015	-8.03981
BLOCK16/SES164/SA164S29	SES019	-1.58333	-9.62314	-8.03981
BLOCK16/SES164/SA164S29	SES125	-0.366141	-8.40595	-8.03981
BLOCK16/SES164/SA164S29	SES226	-0.317219	-8.35702	-8.03981
BLOCK16/SES169/SA169S13	SES117	-1.12033	-9.02687	-7.90654
BLOCK16/SES169/SA169S13	SES144	-0.3732	-8.27974	-7.90654
BLOCK16/SES169/SA169S13	SES146	-0.435128	-8.34167	-7.90654
BLOCK16/SES169/SA169S13	SES162	-0.949351	-8.85589	-7.90654
BLOCK16/SES169/SA169S14	SES144	-0.599695	-7.0815	-6.4818
BLOCK16/SES169/SA169S14	SES148	-0.461337	-6.94314	-6.4818
BLOCK16/SES169/SA169S14	SES177	-0.274365	-6.75617	-6.4818
BLOCK16/SES169/SA169S14	SES180	-0.878254	-7.36006	-6.4818
BLOCK16/SES169/SA169S24	SES117	-0.984413	-9.32522	-8.34081
BLOCK16/SES169/SA169S24	SES144	-0.493617	-8.83442	-8.34081
BLOCK16/SES169/SA169S24	SES146	-0.784298	-9.1251	-8.34081
BLOCK16/SES169/SA169S24	SES162	-1.11518	-9.45599	-8.34081
BLOCK16/SES169/SA169S27	SES127	-0.77509	-8.53161	-7.75652
BLOCK16/SES169/SA169S27	SES129	-0.512743	-8.26927	-7.75652
BLOCK16/SES169/SA169S27	SES144	-0.3629	-8.11942	-7.75652
BLOCK16/SES169/SA169S27	SES146	-0.116529	-7.87305	-7.75652
BLOCK16/SES169/SA169S29	SES144	0.0971003	-6.605	-6.7021
BLOCK16/SES169/SA169S29	SES162	-0.183312	-6.88541	-6.7021
BLOCK16/SES169/SA169S29	SES177	-0.723648	-7.42575	-6.7021
BLOCK16/SES169/SA169S29	SES180	-0.947921	-7.65002	-6.7021
BLOCK17/SES171/SA171S12	SES083	-0.698287	-9.45962	-8.76133
BLOCK17/SES171/SA171S12	SES148	-2.52926	-11.2906	-8.76133
BLOCK17/SES171/SA171S12	SES172	-1.33732	-10.0987	-8.76133
BLOCK17/SES171/SA171S12	SES292	-2.71101	-11.4723	-8.76133
BLOCK17/SES171/SA171S15	SES148	-1.21366	-9.3457	-8.13204
BLOCK17/SES171/SA171S15	SES177	-0.836144	-8.96819	-8.13204
BLOCK17/SES171/SA171S15	SES180	-2.7114	-10.8434	-8.13204
BLOCK17/SES171/SA171S15	SES292	-1.7487	-9.88074	-8.13204
BLOCK17/SES171/SA171S22	SES007	-0.865573	-7.34739	-6.48181
BLOCK17/SES171/SA171S22	SES148	-0.746299	-7.22811	-6.48181
BLOCK17/SES171/SA171S22	SES177	-0.324008	-6.80582	-6.48181
BLOCK17/SES171/SA171S22	SES180	-1.50218	-7.984	-6.48181
BLOCK17/SES171/SA171S25	SES101	-1.30479	-9.51989	-8.2151
BLOCK17/SES171/SA171S25	SES120	-3.0798	-11.2949	-8.2151
BLOCK17/SES171/SA171S25	SES177	-0.970226	-9.18532	-8.2151
BLOCK17/SES171/SA171S25	SES180	-1.66022	-9.87531	-8.2151
BLOCK17/SES171/SA171S27	SES177	-0.719707	-8.99971	-8.28
BLOCK17/SES171/SA171S27	SES180	-3.11593	-11.3959	-8.28
BLOCK17/SES171/SA171S27	SES189	-0.633614	-8.91362	-8.28
BLOCK17/SES171/SA171S27	SES292	-2.61268	-10.8927	-8.28
BLOCK17/SES173/SA173S13	SES162	-2.56832	-10.0424	-7.47409
BLOCK17/SES173/SA173S13	SES177	-1.3719	-8.84599	-7.47409
BLOCK17/SES173/SA173S13	SES180	-1.98939	-9.46347	-7.47409
BLOCK17/SES173/SA173S13	SES292	-0.164761	-7.63885	-7.47409
BLOCK17/SES173/SA173S14	SES007	-0.964191	-8.23823	-7.27404
BLOCK17/SES173/SA173S14	SES162	-2.75182	-10.0259	-7.27404
BLOCK17/SES173/SA173S14	SES177	-1.79365	-9.06769	-7.27404
BLOCK17/SES173/SA173S14	SES180	-2.26555	-9.53959	-7.27404
BLOCK17/SES173/SA173S24	SES144	-1.79984	-9.77063	-7.97079
BLOCK17/SES173/SA173S24	SES162	-2.31083	-10.2816	-7.97079
BLOCK17/SES173/SA173S24	SES177	-0.500631	-8.47142	-7.97079
BLOCK17/SES173/SA173S24	SES180	-2.30709	-10.2779	-7.97079
BLOCK17/SES173/SA173S27	SES162	-4.00815	-11.5571	-7.54895
BLOCK17/SES173/SA173S27	SES177	-1.55027	-9.09922	-7.54895
BLOCK17/SES173/SA173S27	SES180	-1.82747	-9.37642	-7.54895
BLOCK17/SES173/SA173S27	SES292	-0.33174	-7.88069	-7.54895
BLOCK17/SES173/SA173S29	SES162	-1.44222	-9.68685	-8.24463
BLOCK17/SES173/SA173S29	SES175	-0.774151	-9.01878	-8.24463
BLOCK17/SES173/SA173S29	SES177	-0.613822	-8.85845	-8.24463
BLOCK17/SES173/SA173S29	SES292	-0.898014	-9.14264	-8.24463
BLOCK18/SES182/SA182S10	SES144	-1.23882	-8.32116	-7.08235
BLOCK18/SES182/SA182S10	SES177	-1.36908	-8.45143	-7.08235
BLOCK18/SES182/SA182S10	SES180	-2.32157	-9.40392	-7.08235
BLOCK18/SES182/SA182S10	SES275	-0.670959	-7.7533	-7.08235
BLOCK18/SES182/SA182S12	SES144	-0.733012	-7.69341	-6.9604
BLOCK18/SES182/SA182S12	SES177	-0.77628	-7.73668	-6.9604
BLOCK18/SES182/SA182S12	SES180	-2.66371	-9.62411	-6.9604
BLOCK18/SES182/SA182S12	SES275	-0.4233	-7.3837	-6.9604
BLOCK18/SES182/SA182S21	SES117	-1.66989	-10.1036	-8.43369
BLOCK18/SES182/SA182S21	SES144	-1.02976	-9.46345	-8.43369
BLOCK18/SES182/SA182S21	SES162	-1.16158	-9.59527	-8.43369
BLOCK18/SES182/SA182S21	SES180	-2.70036	-11.1341	-8.43369
BLOCK18/SES182/SA182S23	SES117	-2.26578	-10.62	-8.35423
BLOCK18/SES182/SA182S23	SES144	-1.983	-10.3372	-8.35423
BLOCK18/SES182/SA182S23	SES180	-4.22544	-12.5797	-8.35423
BLOCK18/SES182/SA182S23	SES275	-2.01507	-10.3693	-8.35423
BLOCK18/SES182/SA182S25	SES007	0.0848885	-7.84754	-7.93242
BLOCK18/SES182/SA182S25	SES162	-0.947299	-8.87972	-7.93242
BLOCK18/SES182/SA182S25	SES177	-1.0347	-8.96713	-7.93242
BLOCK18/SES182/SA182S25	SES180	-2.42907	-10.3615	-7.93242
BLOCK18/SES184/SA184S12	SES177	-1.30928	-8.78572	-7.47643
BLOCK18/SES184/SA184S12	SES180	-0.165687	-7.64212	-7.47643
BLOCK18/SES184/SA184S12	SES189	-1.46154	-8.93797	-7.47643
BLOCK18/SES184/SA184S12	SES292	0.0420113	-7.43442	-7.47643
BLOCK18/SES184/SA184S13	SES101	-0.710161	-8.47716	-7.767
BLOCK18/SES184/SA184S13	SES177	-0.639648	-8.40665	-7.767
BLOCK18/SES184/SA184S13	SES180	-0.780176	-8.54718	-7.767
BLOCK18/SES184/SA184S13	SES292	-0.709951	-8.47695	-7.767
BLOCK18/SES184/SA184S22	SES177	-1.00462	-9.00152	-7.9969
BLOCK18/SES184/SA184S22	SES180	-0.0692568	-8.06615	-7.9969
BLOCK18/SES184/SA184S22	SES189	-0.898847	-8.89574	-7.9969
BLOCK18/SES184/SA184S22	SES292	-0.308491	-8.30539	-7.9969
BLOCK18/SES184/SA184S25	SES101	-0.80782	-8.39764	-7.58982
BLOCK18/SES184/SA184S25	SES177	-1.06441	-8.65423	-7.58982
BLOCK18/SES184/SA184S25	SES180	-0.0586267	-7.64845	-7.58982
BLOCK18/SES184/SA184S25	SES292	-0.54188	-8.1317	-7.58982
BLOCK18/SES184/SA184S27	SES083	-0.898088	-8.46112	-7.56304
BLOCK18/SES184/SA184S27	SES177	-0.557022	-8.12006	-7.56304
BLOCK18/SES184/SA184S27	SES202	-0.57135	-8.13439	-7.56304
BLOCK18/SES184/SA184S27	SES292	-0.807172	-8.37021	-7.56304
BLOCK20/SES204/SA204S12	SES062	-0.512143	-7.66575	-7.15361
BLOCK20/SES204/SA204S12	SES083	-1.8641	-9.0177	-7.15361
BLOCK20/SES204/SA204S12	SES206	-0.579188	-7.7328	-7.15361
BLOCK20/SES204/SA204S12	SES226	-0.799995	-7.9536	-7.15361
BLOCK20/SES204/SA204S14	SES068	-0.382117	-6.62354	-6.24142
BLOCK20/SES204/SA204S14	SES087	-0.164169	-6.40559	-6.24142
BLOCK20/SES204/SA204S14	SES206	-1.07155	-7.31298	-6.24142
BLOCK20/SES204/SA204S14	SES226	-1.45303	-7.69445	-6.24142
BLOCK20/SES204/SA204S22	SES068	-0.489512	-7.61786	-7.12835
BLOCK20/SES204/SA204S22	SES082	-0.881088	-8.00943	-7.12835
BLOCK20/SES204/SA204S22	SES083	-2.35429	-9.48264	-7.12835
BLOCK20/SES204/SA204S22	SES206	-0.501011	-7.62936	-7.12835
BLOCK20/SES204/SA204S25	SES062	-0.720874	-7.5189	-6.79802
BLOCK20/SES204/SA204S25	SES083	-2.16514	-8.96316	-6.79802
BLOCK20/SES204/SA204S25	SES206	-0.285227	-7.08325	-6.79802
BLOCK20/SES204/SA204S25	SES226	-1.0337	-7.83173	-6.79802
BLOCK20/SES204/SA204S27	SES068	-0.302822	-8.05389	-7.75107
BLOCK20/SES204/SA204S27	SES082	-1.78168	-9.53275	-7.75107
BLOCK20/SES204/SA204S27	SES087	0.0824728	-7.66859	-7.75107
BLOCK20/SES204/SA204S27	SES206	-1.6774	-9.42846	-7.75107
BLOCK20/SES207/SA207S10	SES127	-1.94958	-9.15602	-7.20644
BLOCK20/SES207/SA207S10	SES183	-1.41104	-8.61748	-7.20644
BLOCK20/SES207/SA207S10	SES189	-0.764123	-7.97056	-7.20644
BLOCK20/SES207/SA207S10	SES292	-1.60455	-8.81099	-7.20644
BLOCK20/SES207/SA207S11	SES127	-1.67308	-9.99221	-8.31913
BLOCK20/SES207/SA207S11	SES183	-1.73352	-10.0526	-8.31913
BLOCK20/SES207/SA207S11	SES187	-1.15744	-9.47657	-8.31913
BLOCK20/SES207/SA207S11	SES292	-0.323165	-8.64229	-8.31913
BLOCK20/SES207/SA207S25	SES068	-0.748176	-9.09057	-8.34239
BLOCK20/SES207/SA207S25	SES083	-1.87627	-10.2187	-8.34239
BLOCK20/SES207/SA207S25	SES127	-0.688638	-9.03103	-8.34239
BLOCK20/SES207/SA207S25	SES187	-0.987723	-9.33012	-8.34239
BLOCK20/SES207/SA207S27	SES127	-1.57858	-9.8537	-8.27512
BLOCK20/SES207/SA207S27	SES183	-1.44546	-9.72058	-8.27512
BLOCK20/SES207/SA207S27	SES187	-0.730392	-9.00551	-8.27512
BLOCK20/SES207/SA207S27	SES292	-1.21258	-9.4877	-8.27512
BLOCK20/SES207/SA207S29	SES083	-2.10561	-9.8646	-7.759
BLOCK20/SES207/SA207S29	SES085	-1.10622	-8.86521	-7.759
BLOCK20/SES207/SA207S29	SES172	-0.509361	-8.26836	-7.759
BLOCK20/SES207/SA207S29	SES189	-1.96066	-9.71966	-7.759
BLOCK22/SES221/SA221S12	SES068	0.0966272	-6.6322	-6.72883
BLOCK22/SES221/SA221S12	SES143	-1.38757	-8.11639	-6.72883
BLOCK22/SES221/SA221S12	SES175	-0.260003	-6.98883	-6.72883
BLOCK22/SES221/SA221S12	SES202	-0.611706	-7.34053	-6.72883
BLOCK22/SES221/SA221S15	SES085	-0.0280867	-7.22934	-7.20126
BLOCK22/SES221/SA221S15	SES143	-0.942728	-8.14399	-7.20126
BLOCK22/SES221/SA221S15	SES175	-0.375396	-7.57665	-7.20126
BLOCK22/SES221/SA221S15	SES187	-0.862115	-8.06337	-7.20126
BLOCK22/SES221/SA221S23	SES068	0.249197	-6.7148	-6.96399
BLOCK22/SES221/SA221S23	SES143	-1.43476	-8.39876	-6.96399
BLOCK22/SES221/SA221S23	SES175	-0.85961	-7.8236	-6.96399
BLOCK22/SES221/SA221S23	SES189	-1.43637	-8.40036	-6.96399
BLOCK22/SES221/SA221S27	SES085	0.428054	-7.23663	-7.66468
BLOCK22/SES221/SA221S27	SES143	-1.04343	-8.70811	-7.66468
BLOCK22/SES221/SA221S27	SES175	-0.617085	-8.28176	-7.66468
BLOCK22/SES221/SA221S27	SES189	-0.920844	-8.58552	-7.66468
BLOCK22/SES221/SA221S29	SES085	0.248147	-6.90382	-7.15197
BLOCK22/SES221/SA221S29	SES143	-0.752717	-7.90469	-7.15197
BLOCK22/SES221/SA221S29	SES175	-0.211654	-7.36362	-7.15197
BLOCK22/SES221/SA221S29	SES187	-0.715729	-7.8677	-7.15197
BLOCK22/SES223/SA223S11	SES143	-0.923754	-8.60661	-7.68285
BLOCK22/SES223/SA223S11	SES144	-1.6802	-9.36305	-7.68285
BLOCK22/SES223/SA223S11	SES175	-0.45952	-8.14237	-7.68285
BLOCK22/SES223/SA223S11	SES187	-1.25479	-8.93764	-7.68285
BLOCK22/SES223/SA223S13	SES068	0.283649	-7.34114	-7.62479
BLOCK22/SES223/SA223S13	SES143	-1.39574	-9.02053	-7.62479
BLOCK22/SES223/SA223S13	SES146	-1.05645	-8.68124	-7.62479
BLOCK22/SES223/SA223S13	SES202	-1.04412	-8.66891	-7.62479
BLOCK22/SES223/SA223S22	SES143	-0.279004	-7.6648	-7.3858
BLOCK22/SES223/SA223S22	SES144	-1.6349	-9.0207	-7.3858
BLOCK22/SES223/SA223S22	SES175	-0.409058	-7.79486	-7.3858
BLOCK22/SES223/SA223S22	SES187	-1.26473	-8.65053	-7.3858
BLOCK22/SES223/SA223S25	SES068	-0.579746	-8.08498	-7.50523
BLOCK22/SES223/SA223S25	SES143	-1.00262	-8.50785	-7.50523
BLOCK22/SES223/SA223S25	SES175	-0.668415	-8.17364	-7.50523
BLOCK22/SES223/SA223S25	SES187	-1.10445	-8.60968	-7.50523
BLOCK22/SES223/SA223S27	SES143	-0.275678	-8.34085	-8.06517
BLOCK22/SES223/SA223S27	SES146	-1.86318	-9.92835	-8.06517
BLOCK22/SES223/SA223S27	SES187	-0.965879	-9.03105	-8.06517
BLOCK22/SES223/SA223S27	SES292	-0.356921	-8.42209	-8.06517
BLOCK27/SES273/SA273S12	SES099	-0.0747328	-7.43262	-7.35789
BLOCK27/SES273/SA273S12	SES104	0.162172	-7.19572	-7.35789
BLOCK27/SES273/SA273S12	SES125	-0.470264	-7.82815	-7.35789
BLOCK27/SES273/SA273S12	SES206	-0.169928	-7.52782	-7.35789
BLOCK27/SES273/SA273S13	SES099	-1.12711	-8.07227	-6.94517
BLOCK27/SES273/SA273S13	SES104	0.132611	-6.81256	-6.94517
BLOCK27/SES273/SA273S13	SES206	-1.52217	-8.46734	-6.94517
BLOCK27/SES273/SA273S13	SES292	-0.584312	-7.52948	-6.94517
BLOCK27/SES273/SA273S21	SES099	-0.839702	-8.52801	-7.6883
BLOCK27/SES273/SA273S21	SES148	-2.05872	-9.74702	-7.6883
BLOCK27/SES273/SA273S21	SES149	-1.72691	-9.41521	-7.6883
BLOCK27/SES273/SA273S21	SES177	-1.76541	-9.45372	-7.6883
BLOCK27/SES273/SA273S25	SES104	0.162094	-8.10797	-8.27006
BLOCK27/SES273/SA273S25	SES125	-0.574821	-8.84488	-8.27006
BLOCK27/SES273/SA273S25	SES158	0.359928	-7.91013	-8.27006
BLOCK27/SES273/SA273S25	SES206	-0.408163	-8.67822	-8.27006
BLOCK27/SES273/SA273S27	SES099	-0.5458	-6.98039	-6.43459
BLOCK27/SES273/SA273S27	SES104	-0.527927	-6.96252	-6.43459
BLOCK27/SES273/SA273S27	SES149	-1.0425	-7.4771	-6.43459
BLOCK27/SES273/SA273S27	SES275	-1.02987	-7.46447	-6.43459
BLOCK27/SES274/SA274S10	SES105	-1.61479	-8.37139	-6.75661
BLOCK27/SES274/SA274S10	SES125	-1.22511	-7.98171	-6.75661
BLOCK27/SES274/SA274S10	SES129	-0.0315547	-6.78816	-6.75661
BLOCK27/SES274/SA274S10	SES158	-4.02186	-10.7785	-6.75661
BLOCK27/SES274/SA274S11	SES105	-1.0243	-7.65819	-6.63389
BLOCK27/SES274/SA274S11	SES149	-0.630098	-7.26399	-6.63389
BLOCK27/SES274/SA274S11	SES158	-1.39554	-8.02943	-6.63389
BLOCK27/SES274/SA274S11	SES275	-0.255608	-6.8895	-6.63389
BLOCK27/SES274/SA274S21	SES105	-1.15318	-7.85896	-6.70578
BLOCK27/SES274/SA274S21	SES129	-0.187984	-6.89376	-6.70578
BLOCK27/SES274/SA274S21	SES149	-1.77159	-8.47737	-6.70578
BLOCK27/SES274/SA274S21	SES158	-3.70209	-10.4079	-6.70578
BLOCK27/SES274/SA274S24	SES105	-1.76269	-9.3533	-7.59061
BLOCK27/SES274/SA274S24	SES129	0.206274	-7.38434	-7.59061
BLOCK27/SES274/SA274S24	SES149	-2.12182	-9.71243	-7.59061
BLOCK27/SES274/SA274S24	SES158	-4.79344	-12.3841	-7.59061
BLOCK27/SES274/SA274S29	SES105	-1.31392	-8.47	-7.15608
BLOCK27/SES274/SA274S29	SES106	-1.77641	-8.93248	-7.15608
BLOCK27/SES274/SA274S29	SES120	-0.854984	-8.01106	-7.15608
BLOCK27/SES274/SA274S29	SES275	-0.429262	-7.58534	-7.15608
BLOCK27/SES276/SA276S16	SES148	-0.269671	-7.3044	-7.03473
BLOCK27/SES276/SA276S16	SES172	0.121346	-6.91339	-7.03473
BLOCK27/SES276/SA276S16	SES180	-0.672079	-7.70681	-7.03473
BLOCK27/SES276/SA276S16	SES292	-0.387676	-7.42241	-7.03473
BLOCK27/SES276/SA276S17	SES101	-0.9107	-8.41338	-7.50268
BLOCK27/SES276/SA276S17	SES177	-1.29952	-8.8022	-7.50268
BLOCK27/SES276/SA276S17	SES180	-1.3719	-8.87458	-7.50268
BLOCK27/SES276/SA276S17	SES292	-0.804252	-8.30693	-7.50268
BLOCK27/SES276/SA276S24	SES101	-0.201178	-6.99641	-6.79523
BLOCK27/SES276/SA276S24	SES177	-0.615445	-7.41067	-6.79523
BLOCK27/SES276/SA276S24	SES180	-0.774702	-7.56993	-6.79523
BLOCK27/SES276/SA276S24	SES292	-0.849458	-7.64469	-6.79523
BLOCK27/SES276/SA276S26	SES101	-0.492757	-7.41644	-6.92369
BLOCK27/SES276/SA276S26	SES177	-0.555542	-7.47923	-6.92369
BLOCK27/SES276/SA276S26	SES180	-0.41547	-7.33916	-6.92369
BLOCK27/SES276/SA276S26	SES292	0.0736284	-6.85006	-6.92369
BLOCK27/SES276/SA276S28	SES101	-0.420574	-7.38584	-6.96526
BLOCK27/SES276/SA276S28	SES177	-0.920132	-7.8854	-6.96526
BLOCK27/SES276/SA276S28	SES180	-0.142404	-7.10767	-6.96526
BLOCK27/SES276/SA276S28	SES292	-0.243785	-7.20905	-6.96526
BLOCK27/SES277/SA277S12	SES101	-0.529213	-8.75862	-8.22941
BLOCK27/SES277/SA277S12	SES177	-2.0766	-10.306	-8.22941
BLOCK27/SES277/SA277S12	SES180	-2.11911	-10.3485	-8.22941
BLOCK27/SES277/SA277S12	SES292	-1.71759	-9.947	-8.22941
BLOCK27/SES277/SA277S14	SES177	-0.838902	-9.37739	-8.53848
BLOCK27/SES277/SA277S14	SES180	-1.79892	-10.3374	-8.53848
BLOCK27/SES277/SA277S14	SES189	-0.208325	-8.74681	-8.53848
BLOCK27/SES277/SA277S14	SES292	-2.10969	-10.6482	-8.53848
BLOCK27/SES277/SA277S21	SES177	-0.526178	-8.96185	-8.43567
BLOCK27/SES277/SA277S21	SES180	-1.12359	-9.55926	-8.43567
BLOCK27/SES277/SA277S21	SES189	-0.141234	-8.5769	-8.43567
BLOCK27/SES277/SA277S21	SES292	-2.56128	-10.9969	-8.43567
BLOCK27/SES277/SA277S24	SES144	-0.709555	-9.26097	-8.55142
BLOCK27/SES277/SA277S24	SES177	-1.10307	-9.65449	-8.55142
BLOCK27/SES277/SA277S24	SES180	-2.69925	-11.2507	-8.55142
BLOCK27/SES277/SA277S24	SES189	-0.217549	-8.76897	-8.55142
BLOCK27/SES277/SA277S29	SES177	-0.548424	-7.01324	-6.46482
BLOCK27/SES277/SA277S29	SES180	-0.436713	-6.90153	-6.46482
BLOCK27/SES277/SA277S29	SES202	-0.14923	-6.61405	-6.46482
BLOCK27/SES277/SA277S29	SES292	-1.12377	-7.58859	-6.46482
BLOCK27/SES279/SA279S09	SES120	-1.05898	-7.69507	-6.63608
BLOCK27/SES279/SA279S09	SES146	-1.27325	-7.90933	-6.63608
BLOCK27/SES279/SA279S09	SES206	-0.628448	-7.26453	-6.63608
BLOCK27/SES279/SA279S09	SES226	-1.16555	-7.80164	-6.63608
BLOCK27/SES279/SA279S10	SES099	-1.35103	-8.52178	-7.17075
BLOCK27/SES279/SA279S10	SES206	-1.65508	-8.82583	-7.17075
BLOCK27/SES279/SA279S10	SES226	-2.16791	-9.33866	-7.17075
BLOCK27/SES279/SA279S10	SES292	-0.360074	-7.53082	-7.17075
BLOCK27/SES279/SA279S20	SES099	-1.42383	-8.95003	-7.5262
BLOCK27/SES279/SA279S20	SES206	-0.689898	-8.2161	-7.5262
BLOCK27/SES279/SA279S20	SES226	-1.88719	-9.4134	-7.5262
BLOCK27/SES279/SA279S20	SES292	-0.425801	-7.952	-7.5262
BLOCK27/SES279/SA279S26	SES099	-0.78496	-8.84999	-8.06503
BLOCK27/SES279/SA279S26	SES206	-1.00154	-9.06657	-8.06503
BLOCK27/SES279/SA279S26	SES226	-1.6532	-9.71823	-8.06503
BLOCK27/SES279/SA279S26	SES292	0.268633	-7.7964	-8.06503
BLOCK27/SES279/SA279S28	SES099	-0.845047	-7.23987	-6.39483
BLOCK27/SES279/SA279S28	SES120	-0.931683	-7.32651	-6.39483
BLOCK27/SES279/SA279S28	SES177	-1.99926	-8.39409	-6.39483
BLOCK27/SES279/SA279S28	SES206	-1.07176	-7.46659	-6.39483
BLOCK29/SES290/SA290S12	SES162	0.0311503	-5.89408	-5.92523
BLOCK29/SES290/SA290S12	SES177	-0.0424261	-5.96765	-5.92523
BLOCK29/SES290/SA290S12	SES180	-0.616946	-6.54217	-5.92523
BLOCK29/SES290/SA290S12	SES292	-0.905506	-6.83073	-5.92523
BLOCK29/SES290/SA290S13	SES007	0.0648537	-6.56952	-6.63437
BLOCK29/SES290/SA290S13	SES162	-1.15002	-7.78439	-6.63437
BLOCK29/SES290/SA290S13	SES177	-0.479457	-7.11383	-6.63437
BLOCK29/SES290/SA290S13	SES180	-0.116158	-6.75053	-6.63437
BLOCK29/SES290/SA290S22	SES177	-0.468402	-7.21582	-6.74742
BLOCK29/SES290/SA290S22	SES180	-0.432734	-7.18015	-6.74742
BLOCK29/SES290/SA290S22	SES202	-0.227324	-6.97474	-6.74742
BLOCK29/SES290/SA290S22	SES292	-0.452455	-7.19987	-6.74742
BLOCK29/SES290/SA290S25	SES162	-0.442086	-7.0266	-6.58452
BLOCK29/SES290/SA290S25	SES177	-0.654846	-7.23936	-6.58452
BLOCK29/SES290/SA290S25	SES180	-0.688686	-7.2732	-6.58452
BLOCK29/SES290/SA290S25	SES292	-0.404978	-6.98949	-6.58452
BLOCK29/SES290/SA290S29	SES177	-0.16162	-6.6068	-6.44518
BLOCK29/SES290/SA290S29	SES180	0.286355	-6.15882	-6.44518
BLOCK29/SES290/SA290S29	SES275	-0.468788	-6.91397	-6.44518
BLOCK29/SES290/SA290S29	SES292	-0.120376	-6.56556	-6.44518
BLOCK29/SES291/SA291S11	SES105	-1.80634	-9.66018	-7.85384
BLOCK29/SES291/SA291S11	SES125	-1.34436	-9.1982	-7.85384
BLOCK29/SES291/SA291S11	SES158	-0.533691	-8.38754	-7.85384
BLOCK29/SES291/SA291S11	SES275	-0.907786	-8.76163	-7.85384
BLOCK29/SES291/SA291S12	SES158	-0.0102444	-7.23357	-7.22333
BLOCK29/SES291/SA291S12	SES226	-1.2592	-8.48253	-7.22333
BLOCK29/SES291/SA291S12	SES270	-0.627021	-7.85035	-7.22333
BLOCK29/SES291/SA291S12	SES275	-2.03364	-9.25696	-7.22333
BLOCK29/SES291/SA291S22	SES082	-0.608243	-8.07557	-7.46733
BLOCK29/SES291/SA291S22	SES158	-0.472665	-7.93999	-7.46733
BLOCK29/SES291/SA291S22	SES259	-0.859202	-8.32653	-7.46733
BLOCK29/SES291/SA291S22	SES275	-1.45889	-8.92622	-7.46733
BLOCK29/SES291/SA291S24	SES104	0.184807	-6.73798	-6.92279
BLOCK29/SES291/SA291S24	SES125	-0.487377	-7.41017	-6.92279
BLOCK29/SES291/SA291S24	SES158	-0.327446	-7.25024	-6.92279
BLOCK29/SES291/SA291S24	SES275	-1.57777	-8.50057	-6.92279
BLOCK29/SES291/SA291S27	SES158	0.100538	-6.99417	-7.09471
BLOCK29/SES291/SA291S27	SES172	-2.13502	-9.22973	-7.09471
BLOCK29/SES291/SA291S27	SES275	-1.49138	-8.58609	-7.09471
BLOCK29/SES291/SA291S27	SES292	-0.2537	-7.34841	-7.09471
