spk_ver/v00/v0000	SES146	1.00294	-64.7318	-65.7347
spk_ver/v00/v0001	SES002	-15.4467	-80.8499	-65.4031
spk_ver/v00/v0002	SES002	-12.3362	-78.6032	-66.267
spk_ver/v00/v0003	SES002	-17.3968	-83.5932	-66.1964
spk_ver/v00/v0004	SES002	-2.83932	-67.832	-64.9927
spk_ver/v00/v0005	SES002	-4.26259	-69.8094	-65.5468
spk_ver/v00/v0006	SES002	-8.40466	-72.4222	-64.0176
spk_ver/v00/v0007	SES002	-9.31974	-76.1601	-66.8404
spk_ver/v00/v0008	SES146	0.376366	-65.3626	-65.739
spk_ver/v00/v0009	SES002	-1.99445	-65.876	-63.8815
spk_ver/v00/v0010	SES002	-3.07605	-67.7627	-64.6867
spk_ver/v00/v0011	SES002	-2.16068	-68.5035	-66.3428
spk_ver/v00/v0012	SES002	-10.1075	-73.5744	-63.467
spk_ver/v00/v0013	SES002	-6.44513	-70.5573	-64.1122
spk_ver/v00/v0014	SES002	-2.08251	-66.9156	-64.8331
spk_ver/v00/v0015	SES002	-1.81699	-66.0781	-64.2611
spk_ver/v00/v0016	SES275	0.917084	-65.7021	-66.6192
spk_ver/v00/v0017	SES002	-0.530594	-64.6599	-64.1293
spk_ver/v00/v0018	SES002	-14.5961	-81.1575	-66.5614
spk_ver/v00/v0019	SES002	-2.51007	-67.1601	-64.6501
spk_ver/v00/v0020	SES002	-12.6061	-78.3989	-65.7928
spk_ver/v00/v0021	SES002	-11.5983	-76.5821	-64.9839
spk_ver/v00/v0022	SES002	-2.75561	-66.9408	-64.1852
spk_ver/v00/v0023	SES002	-9.15228	-73.1348	-63.9825
spk_ver/v00/v0024	SES002	-11.2545	-77.1992	-65.9448
spk_ver/v00/v0025	SES002	-8.15533	-74.1379	-65.9826
spk_ver/v00/v0026	SES002	-5.56893	-69.4445	-63.8755
spk_ver/v00/v0027	SES129	2.37646	-62.4149	-64.7914
spk_ver/v00/v0028	SES007	-2.38259	-66.2506	-63.868
spk_ver/v00/v0029	SES083	-0.47781	-64.1793	-63.7015
spk_ver/v00/v0030	SES019	1.83301	-63.2016	-65.0346
spk_ver/v00/v0031	SES007	-3.26424	-69.6353	-66.3711
spk_ver/v00/v0032	SES270	0.978039	-63.8444	-64.8224
spk_ver/v00/v0033	SES007	-2.92206	-67.8898	-64.9678
spk_ver/v00/v0034	SES007	-3.76351	-71.9005	-68.137
spk_ver/v00/v0035	SES007	-2.02998	-66.3611	-64.3311
spk_ver/v00/v0036	SES007	-1.4594	-65.9672	-64.5079
spk_ver/v00/v0037	SES007	-4.49294	-67.781	-63.288
spk_ver/v00/v0038	SES259	1.7105	-62.1912	-63.9017
spk_ver/v00/v0039	SES007	-3.34441	-68.5768	-65.2324
spk_ver/v00/v0040	SES007	-4.10843	-67.612	-63.5036
spk_ver/v00/v0041	SES007	-2.89478	-67.3683	-64.4735
spk_ver/v00/v0042	SES007	-0.886932	-66.487	-65.6
spk_ver/v00/v0043	SES007	-1.14569	-66.1149	-64.9692
spk_ver/v00/v0044	SES007	-3.76585	-66.2881	-62.5223
spk_ver/v00/v0045	SES007	-1.35446	-65.7215	-64.367
spk_ver/v00/v0046	SES007	-1.26345	-65.4665	-64.2031
spk_ver/v00/v0047	SES172	0.745007	-63.7699	-64.5149
spk_ver/v00/v0048	SES105	1.02151	-64.1081	-65.1296
spk_ver/v00/v0049	SES007	-0.712639	-64.9368	-64.2242
spk_ver/v00/v0050	SES292	-0.199524	-64.7084	-64.5089
spk_ver/v00/v0051	SES007	-2.3377	-67.2132	-64.8755
spk_ver/v00/v0052	SES068	0.5942	-63.3852	-63.9794
spk_ver/v00/v0053	SES008	-1.95796	-65.7123	-63.7543
spk_ver/v00/v0054	SES008	-5.4082	-72.0068	-66.5986
spk_ver/v00/v0055	SES008	-2.53205	-67.8462	-65.3141
spk_ver/v00/v0056	SES008	-6.66607	-71.3316	-64.6656
spk_ver/v00/v0057	SES008	-5.55759	-70.1558	-64.5982
spk_ver/v00/v0058	SES083	0.282692	-63.7988	-64.0815
spk_ver/v00/v0059	SES158	1.60289	-62.8341	-64.437
spk_ver/v00/v0060	SES008	-2.41417	-67.0493	-64.6351
spk_ver/v00/v0061	SES101	0.725582	-63.9496	-64.6752
spk_ver/v00/v0062	SES008	-3.74992	-69.335	-65.585
spk_ver/v00/v0063	SES008	-2.11431	-66.9372	-64.8229
spk_ver/v00/v0064	SES117	1.56924	-64.5751	-66.1444
spk_ver/v00/v0065	SES149	1.66127	-62.2477	-63.909
spk_ver/v00/v0066	SES008	-1.04806	-65.6844	-64.6363
spk_ver/v00/v0067	SES008	-3.24741	-70.2766	-67.0292
spk_ver/v00/v0068	SES162	2.51362	-63.5697	-66.0833
spk_ver/v00/v0069	SES008	-5.36095	-69.4485	-64.0875
spk_ver/v00/v0070	SES008	-0.617142	-64.399	-63.7819
spk_ver/v00/v0071	SES008	-3.33737	-68.1917	-64.8543
spk_ver/v00/v0072	SES008	-1.6743	-65.2897	-63.6154
spk_ver/v00/v0073	SES008	-2.94043	-66.4759	-63.5354
spk_ver/v00/v0074	SES008	-3.74781	-68.2486	-64.5008
spk_ver/v00/v0075	SES008	-6.29826	-71.6782	-65.3799
spk_ver/v00/v0076	SES167	1.40334	-63.3988	-64.8021
spk_ver/v00/v0077	SES008	-2.65627	-66.5174	-63.8612
spk_ver/v00/v0078	SES177	1.27914	-63.2476	-64.5268
spk_ver/v00/v0079	SES008	-2.80182	-67.7356	-64.9338
spk_ver/v00/v0080	SES008	-2.98681	-68.1382	-65.1513
spk_ver/v00/v0081	SES008	-5.9388	-71.9589	-66.0201
spk_ver/v00/v0082	SES008	-3.46712	-67.8425	-64.3754
spk_ver/v00/v0083	SES008	-6.40537	-71.6853	-65.2799
spk_ver/v00/v0084	SES144	0.76429	-64.5592	-65.3234
spk_ver/v00/v0085	SES008	-2.69263	-67.6071	-64.9144
spk_ver/v00/v0086	SES008	-2.09912	-65.384	-63.2848
spk_ver/v00/v0087	SES008	-3.787	-69.1688	-65.3818
spk_ver/v00/v0088	SES008	-3.76202	-67.7859	-64.0239
spk_ver/v00/v0089	SES008	-2.27849	-67.9478	-65.6693
spk_ver/v00/v0090	SES142	3.2756	-62.4992	-65.7748
spk_ver/v00/v0091	SES008	-5.76818	-69.2612	-63.4931
spk_ver/v00/v0092	SES158	0.37867	-64.2734	-64.652
spk_ver/v00/v0093	SES014	-4.97477	-68.6675	-63.6928
spk_ver/v00/v0094	SES014	-4.124	-70.2465	-66.1225
spk_ver/v00/v0095	SES014	-1.68822	-65.0776	-63.3894
spk_ver/v00/v0096	SES014	-3.62212	-68.2973	-64.6752
spk_ver/v00/v0097	SES014	-2.43972	-68.3629	-65.9232
spk_ver/v00/v0098	SES014	-1.75074	-65.2806	-63.5298
spk_ver/v00/v0099	SES014	-13.2399	-78.8904	-65.6506
spk_ver/v01/v0100	SES127	1.19873	-62.8387	-64.0374
spk_ver/v01/v0101	SES014	-11.1588	-77.3874	-66.2286
spk_ver/v01/v0102	SES014	-16.208	-82.388	-66.18
spk_ver/v01/v0103	SES014	-5.64724	-72.999	-67.3518
spk_ver/v01/v0104	SES014	-11.3127	-77.3153	-66.0025
spk_ver/v01/v0105	SES014	-3.903	-70.6191	-66.7161
spk_ver/v01/v0106	SES014	-2.88691	-67.8202	-64.9333
spk_ver/v01/v0107	SES014	-16.1179	-79.8856	-63.7677
spk_ver/v01/v0108	SES014	-18.8904	-84.3281	-65.4377
spk_ver/v01/v0109	SES014	-11.9468	-79.5303	-67.5835
spk_ver/v01/v0110	SES014	-2.84244	-68.6029	-65.7604
spk_ver/v01/v0111	SES014	-1.21588	-65.2266	-64.0107
spk_ver/v01/v0112	SES014	-11.4011	-75.5068	-64.1057
spk_ver/v01/v0113	SES104	0.0400162	-64.5383	-64.5783
spk_ver/v01/v0114	SES082	0.701077	-62.9517	-63.6528
spk_ver/v01/v0115	SES087	1.79126	-62.7586	-64.5498
spk_ver/v01/v0116	SES014	-1.81694	-65.8659	-64.049
spk_ver/v01/v0117	SES177	1.01052	-63.5542	-64.5648
spk_ver/v01/v0118	SES014	-11.7617	-77.8699	-66.1082
spk_ver/v01/v0119	SES014	-1.56802	-65.6699	-64.1018
spk_ver/v01/v0120	SES014	-18.0173	-84.5172	-66.4999
spk_ver/v01/v0121	SES146	0.440521	-64.304	-64.7445
spk_ver/v01/v0122	SES014	1.6055	-61.6466	-63.2521
spk_ver/v01/v0123	SES014	-1.75546	-66.006	-64.2506
spk_ver/v01/v0124	SES014	-11.885	-76.8845	-64.9995
spk_ver/v01/v0125	SES014	-7.02655	-72.2716	-65.245
spk_ver/v01/v0126	SES016	-2.25539	-67.9174	-65.662
spk_ver/v01/v0127	SES016	-2.92792	-69.4442	-66.5163
spk_ver/v01/v0128	SES106	1.92981	-62.0737	-64.0035
spk_ver/v01/v0129	SES016	-4.87923	-68.6274	-63.7482
spk_ver/v01/v0130	SES016	-2.69425	-67.8604	-65.1662
spk_ver/v01/v0131	SES016	-4.54153	-69.2633	-64.7218
spk_ver/v01/v0132	SES016	-1.61157	-66.0895	-64.4779
spk_ver/v01/v0133	SES016	-2.83822	-68.4898	-65.6516
spk_ver/v01/v0134	SES016	-2.67871	-66.5507	-63.872
spk_ver/v01/v0135	SES016	-4.05005	-69.5156	-65.4656
spk_ver/v01/v0136	SES016	-4.0308	-69.1321	-65.1013
spk_ver/v01/v0137	SES007	0.931633	-64.4682	-65.3998
spk_ver/v01/v0138	SES016	-0.849983	-65.9509	-65.1009
spk_ver/v01/v0139	SES016	-1.64954	-65.417	-63.7674
spk_ver/v01/v0140	SES016	2.38108	-62.9313	-65.3124
spk_ver/v01/v0141	SES016	-8.46985	-75.3885	-66.9186
spk_ver/v01/v0142	SES016	-3.76193	-67.2336	-63.4716
spk_ver/v01/v0143	SES016	-6.13293	-71.9523	-65.8194
spk_ver/v01/v0144	SES016	-3.91634	-67.9443	-64.028
spk_ver/v01/v0145	SES016	-3.77325	-69.2391	-65.4659
spk_ver/v01/v0146	SES016	-1.96571	-66.2042	-64.2384
spk_ver/v01/v0147	SES016	-2.35172	-67.1351	-64.7834
spk_ver/v01/v0148	SES127	1.03461	-63.3986	-64.4332
spk_ver/v01/v0149	SES016	-4.4243	-69.061	-64.6367
spk_ver/v01/v0150	SES016	-1.96981	-67.0703	-65.1005
spk_ver/v01/v0151	SES147	1.62455	-64.7159	-66.3405
spk_ver/v01/v0152	SES016	-2.35349	-67.3642	-65.0107
spk_ver/v01/v0153	SES104	0.546001	-62.2701	-62.8161
spk_ver/v01/v0154	SES016	-2.45642	-67.4677	-65.0112
spk_ver/v01/v0155	SES016	-2.40171	-69.3482	-66.9465
spk_ver/v01/v0156	SES019	-1.71947	-67.1604	-65.441
spk_ver/v01/v0157	SES019	-3.14626	-66.7416	-63.5954
spk_ver/v01/v0158	SES019	-1.79366	-66.2913	-64.4976
spk_ver/v01/v0159	SES007	0.338387	-64.2403	-64.5787
spk_ver/v01/v0160	SES019	-2.62818	-66.3618	-63.7336
spk_ver/v01/v0161	SES019	-3.07617	-68.1937	-65.1176
spk_ver/v01/v0162	SES019	-8.29418	-71.7628	-63.4686
spk_ver/v01/v0163	SES189	1.94635	-64.1281	-66.0745
spk_ver/v01/v0164	SES019	-2.54024	-66.4628	-63.9225
spk_ver/v01/v0165	SES019	-1.2518	-66.8976	-65.6458
spk_ver/v01/v0166	SES019	-7.36674	-71.4621	-64.0954
spk_ver/v01/v0167	SES019	-8.91099	-74.5069	-65.5959
spk_ver/v01/v0168	SES019	-1.44402	-66.9459	-65.5019
spk_ver/v01/v0169	SES019	-3.94108	-68.3832	-64.4421
spk_ver/v01/v0170	SES270	0.846149	-63.9945	-64.8406
spk_ver/v01/v0171	SES019	-2.68118	-66.9579	-64.2767
spk_ver/v01/v0172	SES019	-10.8101	-76.6722	-65.8622
spk_ver/v01/v0173	SES206	1.05536	-63.4718	-64.5271
spk_ver/v01/v0174	SES019	-2.51636	-66.6469	-64.1306
spk_ver/v01/v0175	SES014	0.925167	-62.528	-63.4531
spk_ver/v01/v0176	SES019	-6.97649	-71.2333	-64.2568
spk_ver/v01/v0177	SES120	1.1023	-63.9247	-65.027
spk_ver/v01/v0178	SES019	-2.00223	-68.6853	-66.6831
spk_ver/v01/v0179	SES019	-10.9325	-74.1348	-63.2023
spk_ver/v01/v0180	SES175	1.52436	-63.8326	-65.357
spk_ver/v01/v0181	SES019	-9.35081	-75.5986	-66.2478
spk_ver/v01/v0182	SES019	-4.43143	-68.7984	-64.367
spk_ver/v01/v0183	SES029	-2.73032	-67.3695	-64.6392
spk_ver/v01/v0184	SES029	-4.87888	-69.1468	-64.2679
spk_ver/v01/v0185	SES029	-2.8726	-67.1275	-64.2549
spk_ver/v01/v0186	SES068	1.06189	-63.1894	-64.2513
spk_ver/v01/v0187	SES029	-4.28069	-68.0883	-63.8076
spk_ver/v01/v0188	SES029	-3.08385	-66.8014	-63.7175
spk_ver/v01/v0189	SES149	1.76688	-62.5294	-64.2963
spk_ver/v01/v0190	SES029	-3.70613	-67.6565	-63.9504
spk_ver/v01/v0191	SES029	-4.1903	-68.5423	-64.352
spk_ver/v01/v0192	SES183	1.77553	-62.2398	-64.0153
spk_ver/v01/v0193	SES029	-1.24795	-65.8029	-64.5549
spk_ver/v01/v0194	SES016	1.82961	-63.0655	-64.8952
spk_ver/v01/v0195	SES029	-2.98602	-67.4957	-64.5097
spk_ver/v01/v0196	SES029	-0.502975	-65.4692	-64.9662
spk_ver/v01/v0197	SES029	-4.14987	-67.4192	-63.2694
spk_ver/v01/v0198	SES146	0.391991	-64.7912	-65.1832
spk_ver/v01/v0199	SES029	-3.32062	-68.6352	-65.3146
spk_ver/v02/v0200	SES029	-2.25746	-68.4873	-66.2298
spk_ver/v02/v0201	SES068	1.21846	-63.2058	-64.4243
spk_ver/v02/v0202	SES148	2.08916	-63.5171	-65.6063
spk_ver/v02/v0203	SES029	-2.87846	-67.5362	-64.6577
spk_ver/v02/v0204	SES029	-0.397987	-65.2697	-64.8717
spk_ver/v02/v0205	SES060	0.430214	-63.2148	-63.645
spk_ver/v02/v0206	SES127	2.49068	-61.6756	-64.1663
spk_ver/v02/v0207	SES029	-3.8539	-69.7687	-65.9147
spk_ver/v02/v0208	SES048	1.6402	-63.9729	-65.6131
spk_ver/v02/v0209	SES029	-1.60409	-66.2214	-64.6173
spk_ver/v02/v0210	SES029	-4.47344	-69.4942	-65.0208
spk_ver/v02/v0211	SES029	-3.20496	-67.4014	-64.1964
spk_ver/v02/v0212	SES042	-12.3969	-78.6873	-66.2904
spk_ver/v02/v0213	SES085	1.52802	-63.24	-64.768
spk_ver/v02/v0214	SES206	1.18889	-62.316	-63.5049
spk_ver/v02/v0215	SES144	0.584946	-65.0774	-65.6624
spk_ver/v02/v0216	SES042	-3.52053	-67.9679	-64.4474
spk_ver/v02/v0217	SES042	-3.32791	-71.0194	-67.6915
spk_ver/v02/v0218	SES042	-1.41862	-64.5632	-63.1446
spk_ver/v02/v0219	SES206	0.964863	-62.7572	-63.7221
spk_ver/v02/v0220	SES019	3.62154	-61.7042	-65.3258
spk_ver/v02/v0221	SES007	0.553429	-64.36	-64.9135
spk_ver/v02/v0222	SES042	-11.4742	-77.8018	-66.3276
spk_ver/v02/v0223	SES147	1.25024	-65.1161	-66.3664
spk_ver/v02/v0224	SES105	1.08663	-64.244	-65.3307
spk_ver/v02/v0225	SES042	-2.09751	-66.5757	-64.4782
spk_ver/v02/v0226	SES275	0.995811	-64.5481	-65.5439
spk_ver/v02/v0227	SES042	-4.11526	-69.4671	-65.3518
spk_ver/v02/v0228	SES042	-6.88261	-71.3001	-64.4174
spk_ver/v02/v0229	SES042	-13.1114	-77.0398	-63.9284
spk_ver/v02/v0230	SES085	0.672272	-62.6053	-63.2775
spk_ver/v02/v0231	SES014	1.82868	-61.9353	-63.7639
spk_ver/v02/v0232	SES042	-1.82191	-65.6746	-63.8527
spk_ver/v02/v0233	SES048	-4.40106	-68.7318	-64.3307
spk_ver/v02/v0234	SES048	-8.03106	-73.9466	-65.9155
spk_ver/v02/v0235	SES029	1.04123	-63.0363	-64.0776
spk_ver/v02/v0236	SES048	-4.08961	-67.5066	-63.417
spk_ver/v02/v0237	SES048	-4.84623	-69.1149	-64.2687
spk_ver/v02/v0238	SES048	-4.15376	-68.7984	-64.6447
spk_ver/v02/v0239	SES060	0.664795	-63.1802	-63.845
spk_ver/v02/v0240	SES048	-7.20071	-73.3561	-66.1554
spk_ver/v02/v0241	SES048	-6.82151	-71.9539	-65.1324
spk_ver/v02/v0242	SES189	4.0676	-64.1361	-68.2037
spk_ver/v02/v0243	SES162	1.80426	-64.0952	-65.8994
spk_ver/v02/v0244	SES048	-4.7963	-68.5661	-63.7699
spk_ver/v02/v0245	SES048	-4.35512	-68.3538	-63.9987
spk_ver/v02/v0246	SES048	-4.07919	-67.5306	-63.4515
spk_ver/v02/v0247	SES048	-5.00436	-70.6527	-65.6484
spk_ver/v02/v0248	SES226	1.62398	-62.9175	-64.5414
spk_ver/v02/v0249	SES048	-3.76511	-69.5758	-65.8107
spk_ver/v02/v0250	SES048	-3.6408	-69.5365	-65.8957
spk_ver/v02/v0251	SES048	-5.3268	-69.9622	-64.6354
spk_ver/v02/v0252	SES060	-7.3568	-74.9226	-67.5658
spk_ver/v02/v0253	SES060	-4.97298	-69.11	-64.137
spk_ver/v02/v0254	SES259	2.19168	-61.9922	-64.1839
spk_ver/v02/v0255	SES060	-5.11345	-70.9613	-65.8478
spk_ver/v02/v0256	SES202	1.64179	-64.1527	-65.7945
spk_ver/v02/v0257	SES148	0.906902	-63.2202	-64.1271
spk_ver/v02/v0258	SES060	-5.55689	-71.8615	-66.3047
spk_ver/v02/v0259	SES060	-1.93339	-66.113	-64.1796
spk_ver/v02/v0260	SES060	-2.21672	-66.6912	-64.4745
spk_ver/v02/v0261	SES099	1.72948	-62.4389	-64.1684
spk_ver/v02/v0262	SES060	-3.79247	-69.1943	-65.4018
spk_ver/v02/v0263	SES060	-2.43763	-66.0152	-63.5776
spk_ver/v02/v0264	SES292	0.0423737	-65.3289	-65.3713
spk_ver/v02/v0265	SES060	-1.58861	-66.2011	-64.6125
spk_ver/v02/v0266	SES060	-6.14888	-71.26	-65.1111
spk_ver/v02/v0267	SES060	-5.6662	-70.8973	-65.2311
spk_ver/v02/v0268	SES060	-5.33105	-71.7616	-66.4305
spk_ver/v02/v0269	SES127	1.37983	-63.2752	-64.655
spk_ver/v02/v0270	SES060	-3.13092	-68.7899	-65.659
spk_ver/v02/v0271	SES060	-1.38674	-65.7165	-64.3298
spk_ver/v02/v0272	SES060	-4.77845	-71.0467	-66.2683
spk_ver/v02/v0273	SES087	1.40458	-63.4195	-64.8241
spk_ver/v02/v0274	SES146	0.971367	-64.563	-65.5343
spk_ver/v02/v0275	SES060	-5.38618	-70.9404	-65.5542
spk_ver/v02/v0276	SES002	2.11213	-62.2026	-64.3147
spk_ver/v02/v0277	SES060	-1.77102	-66.2411	-64.4701
spk_ver/v02/v0278	SES060	-6.23875	-71.1535	-64.9147
spk_ver/v02/v0279	SES060	-5.93065	-69.2769	-63.3462
spk_ver/v02/v0280	SES129	1.8837	-62.4242	-64.3079
spk_ver/v02/v0281	SES162	1.41882	-63.8761	-65.2949
spk_ver/v02/v0282	SES060	-3.86059	-68.5539	-64.6933
spk_ver/v02/v0283	SES060	-3.72923	-68.0533	-64.3241
spk_ver/v02/v0284	SES062	-3.96329	-70.0518	-66.0886
spk_ver/v02/v0285	SES062	-5.00288	-69.2853	-64.2824
spk_ver/v02/v0286	SES120	-0.0593338	-65.4479	-65.3886
spk_ver/v02/v0287	SES062	-4.31342	-69.6998	-65.3863
spk_ver/v02/v0288	SES062	-3.96472	-68.9873	-65.0226
spk_ver/v02/v0289	SES062	-3.114	-66.4889	-63.3749
spk_ver/v02/v0290	SES062	-3.25302	-67.6656	-64.4126
spk_ver/v02/v0291	SES275	0.524895	-64.6774	-65.2023
spk_ver/v02/v0292	SES062	-4.89209	-70.6323	-65.7403
spk_ver/v02/v0293	SES062	-5.24944	-72.3864	-67.137
spk_ver/v02/v0294	SES062	-3.53886	-67.1278	-63.5889
spk_ver/v02/v0295	SES062	-3.96905	-69.3451	-65.3761
spk_ver/v02/v0296	SES062	-3.53615	-68.5477	-65.0116
spk_ver/v02/v0297	SES062	-5.27691	-70.708	-65.4311
spk_ver/v02/v0298	SES062	-3.86863	-69.2273	-65.3587
spk_ver/v02/v0299	SES062	-2.81139	-68.0089	-65.1975
spk_ver/v03/v0300	SES062	-5.54633	-72.4085	-66.8621
spk_ver/v03/v0301	SES062	-2.98889	-67.6392	-64.6503
spk_ver/v03/v0302	SES172	0.774277	-62.4706	-63.2448
spk_ver/v03/v0303	SES062	-1.77941	-66.5342	-64.7548
spk_ver/v03/v0304	SES062	-3.00767	-67.4933	-64.4856
spk_ver/v03/v0305	SES062	-3.81358	-68.1798	-64.3662
spk_ver/v03/v0306	SES062	-6.51115	-73.2717	-66.7605
spk_ver/v03/v0307	SES062	-3.77843	-67.162	-63.3836
spk_ver/v03/v0308	SES062	-6.51123	-72.1939	-65.6827
spk_ver/v03/v0309	SES062	-3.4801	-70.0582	-66.5781
spk_ver/v03/v0310	SES125	1.08467	-62.2317	-63.3164
spk_ver/v03/v0311	SES062	-3.30651	-67.0575	-63.751
spk_ver/v03/v0312	SES062	-6.93144	-72.7924	-65.861
spk_ver/v03/v0313	SES062	-3.33694	-69.7387	-66.4017
spk_ver/v03/v0314	SES068	-4.7063	-68.5877	-63.8814
spk_ver/v03/v0315	SES068	-3.28024	-67.4007	-64.1205
spk_ver/v03/v0316	SES068	-3.6802	-69.6546	-65.9744
spk_ver/v03/v0317	SES068	-1.58528	-67.9608	-66.3755
spk_ver/v03/v0318	SES068	-4.99852	-69.1353	-64.1368
spk_ver/v03/v0319	SES068	-6.14518	-71.8077	-65.6625
spk_ver/v03/v0320	SES068	-2.00588	-65.9435	-63.9376
spk_ver/v03/v0321	SES068	-0.730728	-65.6328	-64.9021
spk_ver/v03/v0322	SES068	-0.702957	-65.7945	-65.0915
spk_ver/v03/v0323	SES068	-2.92537	-67.1787	-64.2534
spk_ver/v03/v0324	SES144	0.610352	-66.2508	-66.8611
spk_ver/v03/v0325	SES068	-1.69537	-65.7138	-64.0184
spk_ver/v03/v0326	SES068	-0.60199	-64.0987	-63.4967
spk_ver/v03/v0327	SES068	-2.61919	-67.3486	-64.7294
spk_ver/v03/v0328	SES068	-4.96986	-69.2566	-64.2867
spk_ver/v03/v0329	SES068	-1.61127	-65.929	-64.3177
spk_ver/v03/v0330	SES180	-0.270401	-65.6844	-65.414
spk_ver/v03/v0331	SES068	-1.30667	-66.1357	-64.8291
spk_ver/v03/v0332	SES275	1.52748	-63.3569	-64.8844
spk_ver/v03/v0333	SES062	1.59748	-61.4796	-63.0771
spk_ver/v03/v0334	SES270	1.17989	-63.9308	-65.1107
spk_ver/v03/v0335	SES068	-5.19345	-70.99	-65.7966
spk_ver/v03/v0336	SES068	-1.44548	-64.285	-62.8395
spk_ver/v03/v0337	SES068	-2.10725	-67.8404	-65.7332
spk_ver/v03/v0338	SES068	-2.63564	-69.1503	-66.5147
spk_ver/v03/v0339	SES068	-1.68459	-66.6401	-64.9555
spk_ver/v03/v0340	SES068	-1.72027	-68.6315	-66.9112
spk_ver/v03/v0341	SES016	1.06815	-63.308	-64.3761
spk_ver/v03/v0342	SES068	-3.08245	-69.5081	-66.4257
spk_ver/v03/v0343	SES068	-1.9586	-67.3743	-65.4157
spk_ver/v03/v0344	SES125	1.58485	-62.717	-64.3019
spk_ver/v03/v0345	SES187	1.0144	-63.4648	-64.4792
spk_ver/v03/v0346	SES068	-2.25288	-66.0309	-63.778
spk_ver/v03/v0347	SES143	1.56559	-64.3288	-65.8944
spk_ver/v03/v0348	SES292	1.01108	-63.7108	-64.7219
spk_ver/v03/v0349	SES082	-6.72414	-70.8684	-64.1443
spk_ver/v03/v0350	SES101	0.821247	-62.1347	-62.956
spk_ver/v03/v0351	SES082	-0.320152	-64.8083	-64.4881
spk_ver/v03/v0352	SES082	-1.45694	-65.3589	-63.902
spk_ver/v03/v0353	SES082	-8.22813	-73.227	-64.9989
spk_ver/v03/v0354	SES082	-14.7867	-80.9968	-66.2101
spk_ver/v03/v0355	SES083	0.594135	-62.3505	-62.9446
spk_ver/v03/v0356	SES082	-2.64769	-68.0648	-65.4171
spk_ver/v03/v0357	SES082	-12.574	-77.9223	-65.3483
spk_ver/v03/v0358	SES082	-1.47717	-65.5896	-64.1124
spk_ver/v03/v0359	SES117	1.19388	-65.6445	-66.8383
spk_ver/v03/v0360	SES082	-9.61943	-74.3307	-64.7113
spk_ver/v03/v0361	SES082	-1.83425	-67.312	-65.4778
spk_ver/v03/v0362	SES007	0.39666	-63.9784	-64.3751
spk_ver/v03/v0363	SES082	-2.70618	-66.9709	-64.2647
spk_ver/v03/v0364	SES019	1.78639	-63.1007	-64.8871
spk_ver/v03/v0365	SES082	-1.67053	-66.2697	-64.5992
spk_ver/v03/v0366	SES226	1.26713	-63.1938	-64.461
spk_ver/v03/v0367	SES167	2.02291	-62.1297	-64.1526
spk_ver/v03/v0368	SES082	-3.12833	-66.0886	-62.9603
spk_ver/v03/v0369	SES042	3.23402	-59.6922	-62.9262
spk_ver/v03/v0370	SES042	2.59866	-60.7167	-63.3153
spk_ver/v03/v0371	SES082	-9.4387	-73.926	-64.4873
spk_ver/v03/v0372	SES082	-3.03038	-66.8006	-63.7703
spk_ver/v03/v0373	SES082	-7.4941	-73.1451	-65.651
spk_ver/v03/v0374	SES083	-1.10495	-65.0455	-63.9405
spk_ver/v03/v0375	SES292	0.810024	-63.9198	-64.7299
spk_ver/v03/v0376	SES083	-4.21837	-68.2358	-64.0175
spk_ver/v03/v0377	SES083	-3.75974	-68.7943	-65.0346
spk_ver/v03/v0378	SES083	-2.17376	-67.4551	-65.2814
spk_ver/v03/v0379	SES083	-2.52426	-66.8112	-64.2869
spk_ver/v03/v0380	SES083	-4.51021	-70.5032	-65.993
spk_ver/v03/v0381	SES083	-2.60318	-67.3116	-64.7084
spk_ver/v03/v0382	SES148	1.23481	-62.9182	-64.153
spk_ver/v03/v0383	SES083	-1.82371	-65.3261	-63.5024
spk_ver/v03/v0384	SES226	1.21519	-63.4187	-64.6339
spk_ver/v03/v0385	SES226	1.60723	-62.1287	-63.7359
spk_ver/v03/v0386	SES087	1.4484	-63.1116	-64.56
spk_ver/v03/v0387	SES029	1.18131	-63.6066	-64.7879
spk_ver/v03/v0388	SES147	1.21247	-64.3854	-65.5978
spk_ver/v03/v0389	SES083	-5.17946	-70.7583	-65.5789
spk_ver/v03/v0390	SES189	1.96323	-63.7116	-65.6748
spk_ver/v03/v0391	SES083	-1.501	-65.7705	-64.2695
spk_ver/v03/v0392	SES083	-0.532009	-63.7524	-63.2204
spk_ver/v03/v0393	SES083	-3.10711	-67.467	-64.3599
spk_ver/v03/v0394	SES083	-4.44947	-69.3224	-64.8729
spk_ver/v03/v0395	SES083	-1.02818	-64.9464	-63.9182
spk_ver/v03/v0396	SES014	2.30492	-60.5841	-62.889
spk_ver/v03/v0397	SES085	-0.971779	-63.8263	-62.8545
spk_ver/v03/v0398	SES085	-2.30202	-65.5185	-63.2165
spk_ver/v03/v0399	SES085	-4.22313	-68.1242	-63.9011
spk_ver/v04/v0400	SES106	1.74727	-61.8354	-63.5827
spk_ver/v04/v0401	SES085	-4.30339	-68.3808	-64.0774
spk_ver/v04/v0402	SES085	-7.08836	-72.5683	-65.4799
spk_ver/v04/v0403	SES085	-0.868095	-64.6498	-63.7817
spk_ver/v04/v0404	SES180	1.88443	-63.3692	-65.2536
spk_ver/v04/v0405	SES129	1.81997	-61.8737	-63.6936
spk_ver/v04/v0406	SES085	-5.70001	-70.3993	-64.6993
spk_ver/v04/v0407	SES146	0.322189	-65.6729	-65.995
spk_ver/v04/v0408	SES085	-0.778233	-64.3359	-63.5577
spk_ver/v04/v0409	SES085	-3.42065	-68.2408	-64.8202
spk_ver/v04/v0410	SES085	-6.89948	-70.605	-63.7055
spk_ver/v04/v0411	SES292	1.0205	-64.1828	-65.2033
spk_ver/v04/v0412	SES085	-1.47235	-65.4664	-63.994
spk_ver/v04/v0413	SES125	1.72301	-61.8304	-63.5534
spk_ver/v04/v0414	SES085	-4.10885	-72.76	-68.6512
spk_ver/v04/v0415	SES085	-2.54997	-66.6941	-64.1441
spk_ver/v04/v0416	SES085	-4.02253	-68.1852	-64.1627
spk_ver/v04/v0417	SES062	0.715954	-62.5503	-63.2663
spk_ver/v04/v0418	SES060	2.26247	-61.978	-64.2405
spk_ver/v04/v0419	SES085	-0.840874	-64.9117	-64.0708
spk_ver/v04/v0420	SES085	-6.01511	-70.7238	-64.7087
spk_ver/v04/v0421	SES085	-6.60585	-71.4298	-64.824
spk_ver/v04/v0422	SES085	-1.34679	-67.9591	-66.6123
spk_ver/v04/v0423	SES085	-5.30128	-69.9725	-64.6712
spk_ver/v04/v0424	SES085	-4.76647	-70.7384	-65.9719
spk_ver/v04/v0425	SES183	1.53037	-64.1217	-65.652
spk_ver/v04/v0426	SES085	-5.10531	-69.0717	-63.9664
spk_ver/v04/v0427	SES087	-2.98616	-67.4554	-64.4692
spk_ver/v04/v0428	SES162	1.59481	-63.6272	-65.222
spk_ver/v04/v0429	SES087	-1.81728	-65.835	-64.0177
spk_ver/v04/v0430	SES087	-6.90118	-73.0367	-66.1355
spk_ver/v04/v0431	SES087	-14.5969	-80.7143	-66.1174
spk_ver/v04/v0432	SES087	-2.95551	-67.9231	-64.9676
spk_ver/v04/v0433	SES087	-9.05941	-72.8173	-63.7578
spk_ver/v04/v0434	SES142	3.63152	-61.9471	-65.5786
spk_ver/v04/v0435	SES087	-11.7973	-77.4758	-65.6785
spk_ver/v04/v0436	SES099	1.15992	-63.1363	-64.2962
spk_ver/v04/v0437	SES087	-4.63454	-68.7133	-64.0787
spk_ver/v04/v0438	SES087	-8.54251	-73.3357	-64.7932
spk_ver/v04/v0439	SES087	-1.91415	-64.903	-62.9889
spk_ver/v04/v0440	SES087	-7.38167	-71.8707	-64.489
spk_ver/v04/v0441	SES087	-13.1334	-78.6377	-65.5043
spk_ver/v04/v0442	SES187	1.92004	-63.4376	-65.3576
spk_ver/v04/v0443	SES172	2.24863	-62.6319	-64.8805
spk_ver/v04/v0444	SES087	-2.91338	-67.3772	-64.4638
spk_ver/v04/v0445	SES087	-2.54179	-67.045	-64.5032
spk_ver/v04/v0446	SES087	-0.659103	-64.3931	-63.734
spk_ver/v04/v0447	SES087	-2.02474	-66.4563	-64.4316
spk_ver/v04/v0448	SES106	1.63307	-63.0982	-64.7313
spk_ver/v04/v0449	SES146	0.870331	-64.8725	-65.7428
spk_ver/v04/v0450	SES087	-10.498	-75.6394	-65.1415
spk_ver/v04/v0451	SES087	-1.84259	-65.7863	-63.9437
spk_ver/v04/v0452	SES007	0.814911	-64.0712	-64.8861
spk_ver/v04/v0453	SES087	-3.0118	-68.3712	-65.3594
spk_ver/v04/v0454	SES087	-10.2519	-75.296	-65.0441
spk_ver/v04/v0455	SES180	1.7069	-63.613	-65.3199
spk_ver/v04/v0456	SES099	-5.84	-72.1217	-66.2817
spk_ver/v04/v0457	SES042	1.83304	-62.212	-64.045
spk_ver/v04/v0458	SES099	-1.05106	-65.4066	-64.3556
spk_ver/v04/v0459	SES099	-11.2089	-76.0711	-64.8622
spk_ver/v04/v0460	SES099	-8.37569	-75.6001	-67.2244
spk_ver/v04/v0461	SES099	-1.24714	-65.1663	-63.9191
spk_ver/v04/v0462	SES082	1.73077	-62.2365	-63.9673
spk_ver/v04/v0463	SES099	-0.683922	-65.1636	-64.4797
spk_ver/v04/v0464	SES099	0.471069	-63.5913	-64.0624
spk_ver/v04/v0465	SES099	-10.5618	-75.6757	-65.1138
spk_ver/v04/v0466	SES099	-0.639824	-64.7923	-64.1524
spk_ver/v04/v0467	SES099	-0.693863	-65.5376	-64.8437
spk_ver/v04/v0468	SES129	2.06667	-62.9295	-64.9962
spk_ver/v04/v0469	SES101	0.959595	-63.2957	-64.2553
spk_ver/v04/v0470	SES099	-7.39291	-73.2364	-65.8435
spk_ver/v04/v0471	SES172	1.14679	-63.7628	-64.9096
spk_ver/v04/v0472	SES099	-0.150787	-64.2742	-64.1234
spk_ver/v04/v0473	SES270	2.44775	-62.5197	-64.9674
spk_ver/v04/v0474	SES099	-4.53596	-69.1144	-64.5785
spk_ver/v04/v0475	SES099	-2.38522	-66.5744	-64.1892
spk_ver/v04/v0476	SES099	-3.37436	-70.4922	-67.1179
spk_ver/v04/v0477	SES002	1.16927	-62.7829	-63.9522
spk_ver/v04/v0478	SES099	-0.806892	-65.0202	-64.2133
spk_ver/v04/v0479	SES007	-0.389236	-65.3696	-64.9804
spk_ver/v04/v0480	SES101	-4.87047	-68.1256	-63.2551
spk_ver/v04/v0481	SES101	-5.05418	-71.4252	-66.3711
spk_ver/v04/v0482	SES175	-0.0570374	-64.9626	-64.9055
spk_ver/v04/v0483	SES101	-2.53203	-67.2889	-64.7569
spk_ver/v04/v0484	SES101	-4.46597	-67.22	-62.754
spk_ver/v04/v0485	SES101	-3.28111	-69.1702	-65.8891
spk_ver/v04/v0486	SES101	-1.89781	-68.2036	-66.3057
spk_ver/v04/v0487	SES101	-3.60128	-68.8064	-65.2051
spk_ver/v04/v0488	SES101	-4.38657	-69.5453	-65.1587
spk_ver/v04/v0489	SES147	0.651115	-66.4692	-67.1203
spk_ver/v04/v0490	SES085	0.071785	-64.2954	-64.3672
spk_ver/v04/v0491	SES101	-2.33761	-69.088	-66.7504
spk_ver/v04/v0492	SES101	-4.83733	-70.9909	-66.1535
spk_ver/v04/v0493	SES101	-3.32145	-66.753	-63.4316
spk_ver/v04/v0494	SES101	-2.7463	-69.9666	-67.2203
spk_ver/v04/v0495	SES101	-0.956272	-63.9921	-63.0359
spk_ver/v04/v0496	SES101	-3.15925	-68.744	-65.5847
spk_ver/v04/v0497	SES014	1.80971	-61.1417	-62.9514
spk_ver/v04/v0498	SES101	-3.54317	-68.2557	-64.7125
spk_ver/v04/v0499	SES101	-2.12774	-66.1585	-64.0308
spk_ver/v05/v0500	SES085	0.435837	-63.1319	-63.5677
spk_ver/v05/v0501	SES101	-5.68653	-69.5932	-63.9067
spk_ver/v05/v0502	SES275	0.771278	-63.9612	-64.7325
spk_ver/v05/v0503	SES117	1.20154	-64.9199	-66.1215
spk_ver/v05/v0504	SES101	-4.79395	-68.5888	-63.7949
spk_ver/v05/v0505	SES101	-2.31231	-67.1365	-64.8242
spk_ver/v05/v0506	SES101	-2.42616	-67.5982	-65.172
spk_ver/v05/v0507	SES048	1.13476	-62.4989	-63.6337
spk_ver/v05/v0508	SES117	0.505211	-66.0498	-66.5551
spk_ver/v05/v0509	SES202	3.04739	-61.4212	-64.4686
spk_ver/v05/v0510	SES104	-2.61904	-68.6949	-66.0758
spk_ver/v05/v0511	SES008	0.482559	-65.2324	-65.715
spk_ver/v05/v0512	SES104	-1.54629	-66.7412	-65.195
spk_ver/v05/v0513	SES104	-0.975208	-64.189	-63.2137
spk_ver/v05/v0514	SES104	-8.32253	-71.9741	-63.6516
spk_ver/v05/v0515	SES104	-14.1332	-79.1688	-65.0356
spk_ver/v05/v0516	SES104	-1.26966	-67.4473	-66.1776
spk_ver/v05/v0517	SES060	0.31216	-63.1438	-63.4559
spk_ver/v05/v0518	SES104	-15.2696	-80.7902	-65.5206
spk_ver/v05/v0519	SES104	-14.4121	-80.6753	-66.2632
spk_ver/v05/v0520	SES104	-0.562187	-63.8779	-63.3157
spk_ver/v05/v0521	SES008	1.36235	-62.2998	-63.6621
spk_ver/v05/v0522	SES068	1.50031	-63.1195	-64.6199
spk_ver/v05/v0523	SES087	1.37214	-63.1451	-64.5172
spk_ver/v05/v0524	SES104	-1.30374	-65.9113	-64.6076
spk_ver/v05/v0525	SES104	-2.19219	-67.4544	-65.2622
spk_ver/v05/v0526	SES104	-1.68694	-65.5723	-63.8853
spk_ver/v05/v0527	SES083	0.640102	-63.3247	-63.9648
spk_ver/v05/v0528	SES148	1.09782	-63.7711	-64.8689
spk_ver/v05/v0529	SES104	-2.31123	-67.3588	-65.0476
spk_ver/v05/v0530	SES104	-8.74891	-73.7885	-65.0396
spk_ver/v05/v0531	SES125	1.08107	-62.7741	-63.8552
spk_ver/v05/v0532	SES104	-12.3467	-77.0738	-64.7272
spk_ver/v05/v0533	SES149	2.39251	-61.9145	-64.307
spk_ver/v05/v0534	SES104	-11.1241	-75.8024	-64.6783
spk_ver/v05/v0535	SES187	1.26228	-64.1391	-65.4014
spk_ver/v05/v0536	SES104	-2.62172	-66.9045	-64.2828
spk_ver/v05/v0537	SES104	-2.51956	-67.2972	-64.7776
spk_ver/v05/v0538	SES167	1.58559	-63.0073	-64.5929
spk_ver/v05/v0539	SES104	-2.34733	-69.0249	-66.6776
spk_ver/v05/v0540	SES104	-10.6863	-73.3237	-62.6374
spk_ver/v05/v0541	SES183	2.08388	-64.722	-66.8059
spk_ver/v05/v0542	SES104	-1.26381	-66.1188	-64.855
spk_ver/v05/v0543	SES104	-12.1248	-76.3893	-64.2644
spk_ver/v05/v0544	SES105	-4.10706	-69.1516	-65.0445
spk_ver/v05/v0545	SES105	-2.60312	-68.0349	-65.4318
spk_ver/v05/v0546	SES105	-3.11633	-67.6491	-64.5327
spk_ver/v05/v0547	SES105	-3.78167	-69.76	-65.9783
spk_ver/v05/v0548	SES019	2.60452	-62.7816	-65.3861
spk_ver/v05/v0549	SES105	-2.48758	-68.0363	-65.5487
spk_ver/v05/v0550	SES105	-3.61692	-69.4249	-65.808
spk_ver/v05/v0551	SES202	2.65718	-63.6035	-66.2607
spk_ver/v05/v0552	SES105	-4.5304	-69.5791	-65.0487
spk_ver/v05/v0553	SES105	-0.66803	-65.5252	-64.8571
spk_ver/v05/v0554	SES105	-2.28046	-66.4933	-64.2128
spk_ver/v05/v0555	SES105	-2.83057	-68.0047	-65.1741
spk_ver/v05/v0556	SES082	0.449535	-63.6239	-64.0735
spk_ver/v05/v0557	SES105	-4.08021	-68.055	-63.9748
spk_ver/v05/v0558	SES014	1.74226	-61.6664	-63.4087
spk_ver/v05/v0559	SES105	-2.24277	-66.6199	-64.3771
spk_ver/v05/v0560	SES177	0.153252	-64.5295	-64.6828
spk_ver/v05/v0561	SES189	5.89783	-67.9365	-73.8343
spk_ver/v05/v0562	SES105	-3.06082	-69.0305	-65.9697
spk_ver/v05/v0563	SES099	1.55862	-64.0456	-65.6042
spk_ver/v05/v0564	SES105	-2.84657	-67.2367	-64.3901
spk_ver/v05/v0565	SES105	-4.1492	-68.4751	-64.3259
spk_ver/v05/v0566	SES105	-4.39063	-69.7852	-65.3946
spk_ver/v05/v0567	SES142	2.81225	-63.3001	-66.1123
spk_ver/v05/v0568	SES048	0.905426	-63.736	-64.6415
spk_ver/v05/v0569	SES105	-4.18011	-68.4016	-64.2215
spk_ver/v05/v0570	SES105	-1.60315	-65.7976	-64.1944
spk_ver/v05/v0571	SES105	-4.02001	-69.7349	-65.7149
spk_ver/v05/v0572	SES105	-4.31916	-70.5565	-66.2373
spk_ver/v05/v0573	SES105	-4.88179	-69.5497	-64.6679
spk_ver/v05/v0574	SES105	-1.92268	-66.5698	-64.6471
spk_ver/v05/v0575	SES105	-2.23932	-67.4907	-65.2513
spk_ver/v05/v0576	SES106	-11.0453	-76.4612	-65.4159
spk_ver/v05/v0577	SES106	-5.31059	-71.8775	-66.5669
spk_ver/v05/v0578	SES106	-8.74892	-73.396	-64.647
spk_ver/v05/v0579	SES106	-9.53586	-73.78	-64.2441
spk_ver/v05/v0580	SES106	-1.27362	-64.6665	-63.3929
spk_ver/v05/v0581	SES106	-12.2219	-78.417	-66.1951
spk_ver/v05/v0582	SES106	-1.79627	-67.3217	-65.5254
spk_ver/v05/v0583	SES106	-1.30614	-64.6058	-63.2996
spk_ver/v05/v0584	SES106	-11.8463	-77.3897	-65.5434
spk_ver/v05/v0585	SES106	-1.03177	-67.7401	-66.7083
spk_ver/v05/v0586	SES106	-8.5602	-73.9042	-65.344
spk_ver/v05/v0587	SES106	-4.06504	-69.1429	-65.0778
spk_ver/v05/v0588	SES106	-7.81154	-71.6456	-63.8341
spk_ver/v05/v0589	SES106	-11.0535	-74.6505	-63.597
spk_ver/v05/v0590	SES082	0.796154	-63.7796	-64.5758
spk_ver/v05/v0591	SES180	1.50978	-63.6739	-65.1836
spk_ver/v05/v0592	SES106	-1.69719	-66.1902	-64.493
spk_ver/v05/v0593	SES106	-15.0873	-81.0981	-66.0108
spk_ver/v05/v0594	SES292	1.14739	-63.5271	-64.6745
spk_ver/v05/v0595	SES106	-0.991165	-65.465	-64.4739
spk_ver/v05/v0596	SES106	-11.2313	-76.9928	-65.7615
spk_ver/v05/v0597	SES106	-9.34232	-74.2603	-64.918
spk_ver/v05/v0598	SES042	1.75795	-62.7778	-64.5358
spk_ver/v05/v0599	SES106	-10.2367	-76.0279	-65.7912
spk_ver/v06/v0600	SES106	-0.168289	-65.5995	-65.4313
spk_ver/v06/v0601	SES106	-1.75376	-66.7241	-64.9703
spk_ver/v06/v0602	SES106	-4.82544	-69.7124	-64.8869
spk_ver/v06/v0603	SES106	-10.8121	-76.0663	-65.2542
spk_ver/v06/v0604	SES106	-8.84214	-73.7603	-64.9182
spk_ver/v06/v0605	SES106	-10.3531	-76.9176	-66.5644
spk_ver/v06/v0606	SES048	1.98307	-61.9734	-63.9565
spk_ver/v06/v0607	SES167	2.39178	-61.8954	-64.2872
spk_ver/v06/v0608	SES106	-8.84158	-73.9247	-65.0831
spk_ver/v06/v0609	SES143	0.330322	-64.653	-64.9833
spk_ver/v06/v0610	SES106	-14.7757	-81.7808	-67.0051
spk_ver/v06/v0611	SES106	-6.12525	-72.1759	-66.0507
spk_ver/v06/v0612	SES106	-14.974	-80.9121	-65.9381
spk_ver/v06/v0613	SES117	-0.851967	-65.2983	-64.4464
spk_ver/v06/v0614	SES117	-5.02436	-69.2775	-64.2531
spk_ver/v06/v0615	SES117	-1.40253	-66.744	-65.3415
spk_ver/v06/v0616	SES106	1.60979	-60.9435	-62.5533
spk_ver/v06/v0617	SES142	3.99649	-62.8055	-66.802
spk_ver/v06/v0618	SES048	1.84488	-61.9985	-63.8433
spk_ver/v06/v0619	SES175	1.48203	-64.1955	-65.6775
spk_ver/v06/v0620	SES180	1.41304	-63.0811	-64.4941
spk_ver/v06/v0621	SES117	-0.324593	-66.6767	-66.3521
spk_ver/v06/v0622	SES029	-0.145645	-64.8056	-64.6599
spk_ver/v06/v0623	SES117	-0.692886	-65.1498	-64.4569
spk_ver/v06/v0624	SES117	-3.84431	-68.8545	-65.0102
spk_ver/v06/v0625	SES117	-0.708176	-68.39	-67.6818
spk_ver/v06/v0626	SES106	1.49313	-62.5152	-64.0083
spk_ver/v06/v0627	SES226	1.87053	-61.5403	-63.4108
spk_ver/v06/v0628	SES117	-0.488258	-65.0185	-64.5303
spk_ver/v06/v0629	SES117	-2.38976	-64.9487	-62.559
spk_ver/v06/v0630	SES117	-4.02841	-68.313	-64.2846
spk_ver/v06/v0631	SES117	-4.98724	-71.5682	-66.581
spk_ver/v06/v0632	SES117	-1.73201	-65.6949	-63.9629
spk_ver/v06/v0633	SES099	2.98782	-62.6554	-65.6432
spk_ver/v06/v0634	SES105	2.07624	-63.5405	-65.6168
spk_ver/v06/v0635	SES167	0.90126	-64.2923	-65.1936
spk_ver/v06/v0636	SES117	-0.0436935	-64.3647	-64.321
spk_ver/v06/v0637	SES202	2.66588	-62.6859	-65.3518
spk_ver/v06/v0638	SES117	-3.24072	-67.8778	-64.6371
spk_ver/v06/v0639	SES167	1.97442	-63.4698	-65.4442
spk_ver/v06/v0640	SES117	-2.77577	-67.6478	-64.872
spk_ver/v06/v0641	SES117	-2.93412	-66.7198	-63.7857
spk_ver/v06/v0642	SES101	1.34408	-62.2802	-63.6243
spk_ver/v06/v0643	SES068	1.58495	-63.2955	-64.8804
spk_ver/v06/v0644	SES120	-4.30183	-70.0543	-65.7525
spk_ver/v06/v0645	SES120	-3.08607	-69.1365	-66.0504
spk_ver/v06/v0646	SES172	0.71656	-64.85	-65.5666
spk_ver/v06/v0647	SES120	-2.35313	-66.0609	-63.7078
spk_ver/v06/v0648	SES120	-0.187012	-64.3547	-64.1677
spk_ver/v06/v0649	SES120	-3.57256	-69.4692	-65.8966
spk_ver/v06/v0650	SES087	1.65615	-63.2573	-64.9135
spk_ver/v06/v0651	SES120	-3.03022	-67.6507	-64.6205
spk_ver/v06/v0652	SES104	-0.0966263	-65.5391	-65.4425
spk_ver/v06/v0653	SES129	1.75039	-62.1345	-63.8849
spk_ver/v06/v0654	SES120	-2.47157	-67.3347	-64.8631
spk_ver/v06/v0655	SES120	-2.65739	-68.565	-65.9076
spk_ver/v06/v0656	SES120	-2.25739	-66.3967	-64.1393
spk_ver/v06/v0657	SES147	1.10495	-65.2546	-66.3595
spk_ver/v06/v0658	SES120	-3.90168	-68.7235	-64.8218
spk_ver/v06/v0659	SES120	-3.06401	-66.5736	-63.5096
spk_ver/v06/v0660	SES120	-1.35557	-65.718	-64.3624
spk_ver/v06/v0661	SES120	-3.13906	-69.3051	-66.1661
spk_ver/v06/v0662	SES120	-2.34162	-66.9535	-64.6118
spk_ver/v06/v0663	SES120	-4.71454	-71.5718	-66.8573
spk_ver/v06/v0664	SES147	1.61612	-63.7662	-65.3823
spk_ver/v06/v0665	SES162	1.67854	-64.1995	-65.878
spk_ver/v06/v0666	SES120	-2.69147	-66.5682	-63.8767
spk_ver/v06/v0667	SES120	-3.30675	-67.9523	-64.6456
spk_ver/v06/v0668	SES120	1.92822	-62.6128	-64.541
spk_ver/v06/v0669	SES142	3.3032	-62.1588	-65.462
spk_ver/v06/v0670	SES106	1.68724	-62.2758	-63.963
spk_ver/v06/v0671	SES183	2.42217	-63.0066	-65.4287
spk_ver/v06/v0672	SES120	-2.83416	-67.6102	-64.776
spk_ver/v06/v0673	SES029	-0.683205	-65.7469	-65.0637
spk_ver/v06/v0674	SES120	-2.11252	-67.2403	-65.1278
spk_ver/v06/v0675	SES008	1.6938	-62.6626	-64.3564
spk_ver/v06/v0676	SES125	-10.8102	-77.7481	-66.9379
spk_ver/v06/v0677	SES143	1.07989	-64.642	-65.7219
spk_ver/v06/v0678	SES125	-9.72785	-76.1776	-66.4498
spk_ver/v06/v0679	SES162	0.863235	-64.2481	-65.1113
spk_ver/v06/v0680	SES125	-5.60658	-69.8758	-64.2692
spk_ver/v06/v0681	SES125	-2.71072	-67.0904	-64.3796
spk_ver/v06/v0682	SES125	-7.64033	-70.9757	-63.3354
spk_ver/v06/v0683	SES226	1.32835	-63.0637	-64.392
spk_ver/v06/v0684	SES125	-7.73885	-73.368	-65.6291
spk_ver/v06/v0685	SES125	-11.3303	-75.8268	-64.4965
spk_ver/v06/v0686	SES120	1.50571	-62.9504	-64.4561
spk_ver/v06/v0687	SES125	-3.16616	-69.4675	-66.3013
spk_ver/v06/v0688	SES158	1.55767	-62.3808	-63.9385
spk_ver/v06/v0689	SES125	-5.41973	-71.6586	-66.2388
spk_ver/v06/v0690	SES105	1.82125	-63.5735	-65.3947
spk_ver/v06/v0691	SES125	-1.73708	-66.3645	-64.6274
spk_ver/v06/v0692	SES125	-2.46822	-66.9861	-64.5178
spk_ver/v06/v0693	SES180	1.935	-63.032	-64.967
spk_ver/v06/v0694	SES125	-16.2991	-81.4806	-65.1815
spk_ver/v06/v0695	SES125	-3.15125	-67.4248	-64.2735
spk_ver/v06/v0696	SES125	-11.8975	-75.9103	-64.0128
spk_ver/v06/v0697	SES125	-13.3817	-79.5362	-66.1544
spk_ver/v06/v0698	SES083	0.531071	-62.8534	-63.3845
spk_ver/v06/v0699	SES125	-10.1963	-75.5014	-65.3051
spk_ver/v07/v0700	SES014	1.69868	-62.5139	-64.2125
spk_ver/v07/v0701	SES125	-6.35219	-70.1878	-63.8356
spk_ver/v07/v0702	SES127	-1.31235	-65.6178	-64.3055
spk_ver/v07/v0703	SES127	-1.86071	-68.8138	-66.9531
spk_ver/v07/v0704	SES206	1.439	-62.334	-63.773
spk_ver/v07/v0705	SES127	-2.93574	-68.2475	-65.3118
spk_ver/v07/v0706	SES127	-3.68159	-68.1673	-64.4857
spk_ver/v07/v0707	SES127	-4.50375	-68.6875	-64.1838
spk_ver/v07/v0708	SES275	0.672462	-64.3106	-64.9831
spk_ver/v07/v0709	SES127	-3.34232	-69.0206	-65.6783
spk_ver/v07/v0710	SES105	1.13548	-64.3032	-65.4387
spk_ver/v07/v0711	SES127	-2.91606	-67.7343	-64.8182
spk_ver/v07/v0712	SES127	-1.1798	-65.8268	-64.647
spk_ver/v07/v0713	SES127	-3.60886	-68.9525	-65.3436
spk_ver/v07/v0714	SES019	3.80109	-62.002	-65.8031
spk_ver/v07/v0715	SES127	-4.24064	-70.435	-66.1944
spk_ver/v07/v0716	SES148	1.1365	-63.7804	-64.9169
spk_ver/v07/v0717	SES162	1.58969	-63.4119	-65.0016
spk_ver/v07/v0718	SES189	1.85808	-65.0042	-66.8623
spk_ver/v07/v0719	SES149	0.665749	-62.7038	-63.3695
spk_ver/v07/v0720	SES175	1.16619	-64.0274	-65.1936
spk_ver/v07/v0721	SES127	-4.58218	-69.1026	-64.5204
spk_ver/v07/v0722	SES127	-2.45511	-67.7984	-65.3433
spk_ver/v07/v0723	SES127	-2.21505	-66.3129	-64.0978
spk_ver/v07/v0724	SES127	-3.59303	-68.0394	-64.4464
spk_ver/v07/v0725	SES127	-2.8745	-68.0574	-65.1829
spk_ver/v07/v0726	SES259	1.6736	-62.388	-64.0616
spk_ver/v07/v0727	SES127	-2.77298	-68.9524	-66.1794
spk_ver/v07/v0728	SES127	-1.37973	-65.0033	-63.6236
spk_ver/v07/v0729	SES127	-5.58249	-70.1933	-64.6108
spk_ver/v07/v0730	SES127	-2.45604	-69.135	-66.6789
spk_ver/v07/v0731	SES129	-1.8113	-65.4529	-63.6416
spk_ver/v07/v0732	SES129	-4.92055	-70.5376	-65.617
spk_ver/v07/v0733	SES129	-7.84295	-75.237	-67.394
spk_ver/v07/v0734	SES129	-10.6934	-77.3213	-66.628
spk_ver/v07/v0735	SES183	1.17212	-63.695	-64.8671
spk_ver/v07/v0736	SES129	-4.80591	-70.3443	-65.5383
spk_ver/v07/v0737	SES129	-3.687	-69.0346	-65.3476
spk_ver/v07/v0738	SES129	-5.4266	-69.9637	-64.5371
spk_ver/v07/v0739	SES129	-5.97053	-71.299	-65.3285
spk_ver/v07/v0740	SES167	-0.535217	-65.3435	-64.8083
spk_ver/v07/v0741	SES129	-5.20219	-71.0645	-65.8623
spk_ver/v07/v0742	SES129	-3.72191	-66.4654	-62.7435
spk_ver/v07/v0743	SES129	-2.84405	-67.8871	-65.043
spk_ver/v07/v0744	SES129	-7.76238	-74.3464	-66.584
spk_ver/v07/v0745	SES180	1.79101	-63.1257	-64.9167
spk_ver/v07/v0746	SES129	-1.5596	-65.8387	-64.2791
spk_ver/v07/v0747	SES292	0.388241	-63.6052	-63.9935
spk_ver/v07/v0748	SES202	2.23652	-63.1386	-65.3751
spk_ver/v07/v0749	SES270	1.4473	-63.1962	-64.6435
spk_ver/v07/v0750	SES129	-3.49738	-67.5041	-64.0067
spk_ver/v07/v0751	SES129	-4.10585	-67.4377	-63.3318
spk_ver/v07/v0752	SES060	-1.12025	-65.7057	-64.5854
spk_ver/v07/v0753	SES129	-5.76492	-71.5105	-65.7456
spk_ver/v07/v0754	SES129	-12.4658	-80.61	-68.1442
spk_ver/v07/v0755	SES129	-4.59569	-71.0365	-66.4408
spk_ver/v07/v0756	SES175	1.19088	-64.8514	-66.0423
spk_ver/v07/v0757	SES129	-4.86126	-69.1538	-64.2926
spk_ver/v07/v0758	SES129	-5.1394	-69.6644	-64.525
spk_ver/v07/v0759	SES129	-5.08089	-68.4916	-63.4107
spk_ver/v07/v0760	SES129	-5.83443	-70.4142	-64.5797
spk_ver/v07/v0761	SES129	-3.70553	-66.7892	-63.0837
spk_ver/v07/v0762	SES172	1.51668	-63.6467	-65.1634
spk_ver/v07/v0763	SES129	-4.42174	-71.1069	-66.6852
spk_ver/v07/v0764	SES129	-6.53088	-70.6492	-64.1184
spk_ver/v07/v0765	SES175	0.608383	-65.2043	-65.8127
spk_ver/v07/v0766	SES129	-4.56966	-67.733	-63.1634
spk_ver/v07/v0767	SES129	-5.17598	-69.7399	-64.5639
spk_ver/v07/v0768	SES042	2.06137	-61.2846	-63.346
spk_ver/v07/v0769	SES099	1.50586	-63.7646	-65.2705
spk_ver/v07/v0770	SES142	-4.31248	-69.7562	-65.4437
spk_ver/v07/v0771	SES142	-5.4611	-69.8422	-64.3811
spk_ver/v07/v0772	SES101	0.270508	-63.4328	-63.7033
spk_ver/v07/v0773	SES142	-9.83374	-75.0511	-65.2173
spk_ver/v07/v0774	SES142	-4.5982	-70.4908	-65.8926
spk_ver/v07/v0775	SES142	-2.97601	-68.3332	-65.3571
spk_ver/v07/v0776	SES142	-4.05328	-67.3619	-63.3086
spk_ver/v07/v0777	SES142	-4.32529	-69.6179	-65.2926
spk_ver/v07/v0778	SES142	-2.3792	-68.7929	-66.4137
spk_ver/v07/v0779	SES142	-10.4063	-74.4855	-64.0792
spk_ver/v07/v0780	SES142	-5.16344	-71.1644	-66.001
spk_ver/v07/v0781	SES142	-8.51233	-73.1726	-64.6602
spk_ver/v07/v0782	SES101	0.873203	-63.3283	-64.2015
spk_ver/v07/v0783	SES142	-5.31239	-70.1512	-64.8388
spk_ver/v07/v0784	SES187	2.0896	-62.4388	-64.5284
spk_ver/v07/v0785	SES143	1.54572	-65.3978	-66.9435
spk_ver/v07/v0786	SES142	-3.76395	-68.9324	-65.1685
spk_ver/v07/v0787	SES144	1.02016	-64.1533	-65.1734
spk_ver/v07/v0788	SES275	0.683754	-64.3288	-65.0126
spk_ver/v07/v0789	SES142	-3.16165	-68.1942	-65.0326
spk_ver/v07/v0790	SES099	1.95522	-62.1515	-64.1067
spk_ver/v07/v0791	SES142	-8.73714	-73.8799	-65.1427
spk_ver/v07/v0792	SES142	-5.27383	-68.0755	-62.8017
spk_ver/v07/v0793	SES142	-7.98951	-72.8889	-64.8994
spk_ver/v07/v0794	SES014	1.45225	-61.7892	-63.2415
spk_ver/v07/v0795	SES142	-6.66797	-70.5307	-63.8627
spk_ver/v07/v0796	SES142	-5.66138	-69.6527	-63.9913
spk_ver/v07/v0797	SES143	-0.910515	-64.8123	-63.9017
spk_ver/v07/v0798	SES206	1.15829	-61.6759	-62.8342
spk_ver/v07/v0799	SES143	-4.96947	-70.5644	-65.5949
spk_ver/v08/v0800	SES143	-2.15159	-67.9709	-65.8193
spk_ver/v08/v0801	SES143	-1.82137	-65.6991	-63.8778
spk_ver/v08/v0802	SES143	-3.08162	-68.2281	-65.1464
spk_ver/v08/v0803	SES143	-3.70843	-68.8376	-65.1292
spk_ver/v08/v0804	SES143	-3.23352	-68.7791	-65.5456
spk_ver/v08/v0805	SES143	-4.0211	-69.4444	-65.4233
spk_ver/v08/v0806	SES143	-2.74393	-68.9002	-66.1563
spk_ver/v08/v0807	SES177	0.435383	-63.6022	-64.0376
spk_ver/v08/v0808	SES149	1.32856	-62.5535	-63.882
spk_ver/v08/v0809	SES143	-6.18745	-69.7324	-63.5449
spk_ver/v08/v0810	SES158	1.60489	-63.6677	-65.2726
spk_ver/v08/v0811	SES143	-2.56597	-70.5117	-67.9457
spk_ver/v08/v0812	SES062	1.77396	-61.156	-62.9299
spk_ver/v08/v0813	SES259	1.46899	-62.4854	-63.9544
spk_ver/v08/v0814	SES143	-6.48183	-69.2181	-62.7363
spk_ver/v08/v0815	SES143	-4.08564	-68.7843	-64.6987
spk_ver/v08/v0816	SES143	-1.32226	-66.159	-64.8368
spk_ver/v08/v0817	SES144	0.55883	-64.5405	-65.0994
spk_ver/v08/v0818	SES143	-1.90804	-67.4849	-65.5769
spk_ver/v08/v0819	SES143	-2.12711	-66.942	-64.8149
spk_ver/v08/v0820	SES143	-0.766212	-63.5409	-62.7747
spk_ver/v08/v0821	SES143	-1.9856	-68.0081	-66.0225
spk_ver/v08/v0822	SES143	-4.27566	-68.7123	-64.4366
spk_ver/v08/v0823	SES104	1.41304	-62.7225	-64.1356
spk_ver/v08/v0824	SES143	-2.89156	-67.0936	-64.2021
spk_ver/v08/v0825	SES143	-4.06964	-68.2335	-64.1638
spk_ver/v08/v0826	SES144	-5.25902	-69.5105	-64.2515
spk_ver/v08/v0827	SES144	-1.8671	-66.6472	-64.7801
spk_ver/v08/v0828	SES144	-0.312569	-64.0142	-63.7016
spk_ver/v08/v0829	SES172	1.72361	-63.9721	-65.6957
spk_ver/v08/v0830	SES144	-0.305809	-65.7174	-65.4116
spk_ver/v08/v0831	SES183	1.0871	-64.724	-65.8111
spk_ver/v08/v0832	SES144	-3.78165	-69.265	-65.4834
spk_ver/v08/v0833	SES144	-4.96516	-68.3514	-63.3862
spk_ver/v08/v0834	SES144	-1.11784	-66.0487	-64.9309
spk_ver/v08/v0835	SES144	-1.75903	-66.952	-65.1929
spk_ver/v08/v0836	SES144	-2.85146	-67.6799	-64.8284
spk_ver/v08/v0837	SES144	-2.88593	-66.4267	-63.5408
spk_ver/v08/v0838	SES144	-2.49247	-67.6975	-65.2051
spk_ver/v08/v0839	SES085	0.234024	-63.9733	-64.2073
spk_ver/v08/v0840	SES144	-0.992317	-66.2616	-65.2693
spk_ver/v08/v0841	SES144	-5.27416	-71.3082	-66.0341
spk_ver/v08/v0842	SES144	-4.87408	-68.9096	-64.0355
spk_ver/v08/v0843	SES144	-0.787399	-65.4688	-64.6814
spk_ver/v08/v0844	SES144	-3.03593	-67.5484	-64.5125
spk_ver/v08/v0845	SES144	-4.15093	-67.493	-63.342
spk_ver/v08/v0846	SES104	0.697361	-63.5334	-64.2307
spk_ver/v08/v0847	SES144	-2.44556	-68.4632	-66.0177
spk_ver/v08/v0848	SES144	-2.01147	-69.7854	-67.7739
spk_ver/v08/v0849	SES144	-5.67677	-69.7524	-64.0756
spk_ver/v08/v0850	SES144	-4.53112	-68.1685	-63.6373
spk_ver/v08/v0851	SES144	-2.36093	-66.4996	-64.1387
spk_ver/v08/v0852	SES144	-0.819481	-65.3144	-64.4949
spk_ver/v08/v0853	SES144	-5.18998	-68.7696	-63.5796
spk_ver/v08/v0854	SES144	-1.63622	-67.3057	-65.6695
spk_ver/v08/v0855	SES144	-0.348354	-63.3643	-63.0159
spk_ver/v08/v0856	SES082	-0.22168	-66.7714	-66.5497
spk_ver/v08/v0857	SES142	2.67292	-62.6622	-65.3351
spk_ver/v08/v0858	SES144	-0.802322	-67.6345	-66.8322
spk_ver/v08/v0859	SES144	-1.19803	-66.9118	-65.7137
spk_ver/v08/v0860	SES146	-4.52055	-69.3706	-64.85
spk_ver/v08/v0861	SES146	-3.85213	-68.44	-64.5879
spk_ver/v08/v0862	SES146	-5.46613	-69.4746	-64.0085
spk_ver/v08/v0863	SES146	-3.58949	-68.9735	-65.384
spk_ver/v08/v0864	SES146	-4.34264	-67.5268	-63.1841
spk_ver/v08/v0865	SES008	2.68181	-61.6216	-64.3034
spk_ver/v08/v0866	SES142	1.55083	-63.8365	-65.3874
spk_ver/v08/v0867	SES146	-3.17076	-66.9649	-63.7942
spk_ver/v08/v0868	SES082	1.91027	-60.9102	-62.8205
spk_ver/v08/v0869	SES146	-2.22996	-66.232	-64.0021
spk_ver/v08/v0870	SES146	-3.79342	-69.075	-65.2816
spk_ver/v08/v0871	SES146	-4.30367	-68.9986	-64.695
spk_ver/v08/v0872	SES146	-4.31198	-69.8982	-65.5862
spk_ver/v08/v0873	SES082	1.31301	-61.5232	-62.8362
spk_ver/v08/v0874	SES146	-4.03945	-70.5679	-66.5284
spk_ver/v08/v0875	SES144	0.543739	-65.1676	-65.7113
spk_ver/v08/v0876	SES146	-2.64285	-64.5696	-61.9267
spk_ver/v08/v0877	SES146	-3.01453	-67.8836	-64.8691
spk_ver/v08/v0878	SES146	-2.43649	-67.521	-65.0846
spk_ver/v08/v0879	SES146	-4.09745	-69.1082	-65.0107
spk_ver/v08/v0880	SES146	-5.06749	-70.5094	-65.4419
spk_ver/v08/v0881	SES143	1.10039	-64.1986	-65.299
spk_ver/v08/v0882	SES146	-1.87679	-66.4786	-64.6018
spk_ver/v08/v0883	SES147	-1.40501	-65.2817	-63.8766
spk_ver/v08/v0884	SES147	0.0305328	-64.9368	-64.9673
spk_ver/v08/v0885	SES016	1.17127	-63.4125	-64.5838
spk_ver/v08/v0886	SES147	-0.848213	-66.8785	-66.0303
spk_ver/v08/v0887	SES147	-1.6662	-67.2835	-65.6173
spk_ver/v08/v0888	SES147	-1.79463	-67.9126	-66.118
spk_ver/v08/v0889	SES019	1.44403	-63.5301	-64.9741
spk_ver/v08/v0890	SES147	-2.43441	-69.038	-66.6036
spk_ver/v08/v0891	SES147	-3.38703	-67.6647	-64.2777
spk_ver/v08/v0892	SES147	-1.75196	-67.4044	-65.6524
spk_ver/v08/v0893	SES270	1.80165	-64.6486	-66.4503
spk_ver/v08/v0894	SES029	0.406013	-64.3745	-64.7806
spk_ver/v08/v0895	SES147	-1.47341	-68.7336	-67.2602
spk_ver/v08/v0896	SES117	1.12387	-65.5104	-66.6343
spk_ver/v08/v0897	SES183	2.11861	-65.0005	-67.1191
spk_ver/v08/v0898	SES147	-4.29746	-68.1489	-63.8515
spk_ver/v08/v0899	SES147	-2.38681	-69.0628	-66.676
spk_ver/v09/v0900	SES087	1.03409	-62.5417	-63.5757
spk_ver/v09/v0901	SES147	-7.46333	-72.4967	-65.0334
spk_ver/v09/v0902	SES147	-4.68841	-69.1974	-64.509
spk_ver/v09/v0903	SES147	-1.05688	-66.3308	-65.2739
spk_ver/v09/v0904	SES147	-4.05053	-68.3031	-64.2525
spk_ver/v09/v0905	SES143	1.06162	-64.4477	-65.5093
spk_ver/v09/v0906	SES149	0.725758	-62.805	-63.5307
spk_ver/v09/v0907	SES148	-1.98911	-66.4824	-64.4933
spk_ver/v09/v0908	SES148	-0.200699	-64.6578	-64.4571
spk_ver/v09/v0909	SES106	2.0575	-63.2595	-65.317
spk_ver/v09/v0910	SES148	-0.912338	-67.8723	-66.9599
spk_ver/v09/v0911	SES148	-3.9167	-68.2702	-64.3535
spk_ver/v09/v0912	SES142	1.57489	-63.8923	-65.4672
spk_ver/v09/v0913	SES148	-4.78745	-69.9394	-65.1519
spk_ver/v09/v0914	SES148	-3.77276	-67.9451	-64.1724
spk_ver/v09/v0915	SES148	-3.49995	-70.463	-66.9631
spk_ver/v09/v0916	SES148	-3.42426	-69.7676	-66.3433
spk_ver/v09/v0917	SES148	0.747414	-64.3038	-65.0512
spk_ver/v09/v0918	SES148	-0.57782	-64.7748	-64.197
spk_ver/v09/v0919	SES270	0.966644	-64.2935	-65.2601
spk_ver/v09/v0920	SES148	-2.10342	-66.1367	-64.0333
spk_ver/v09/v0921	SES148	-3.60096	-68.0511	-64.4501
spk_ver/v09/v0922	SES129	0.562359	-63.0781	-63.6404
spk_ver/v09/v0923	SES117	1.21642	-64.1482	-65.3646
spk_ver/v09/v0924	SES042	3.15306	-60.6915	-63.8446
spk_ver/v09/v0925	SES148	-4.2241	-70.1315	-65.9074
spk_ver/v09/v0926	SES148	-4.12214	-70.5045	-66.3823
spk_ver/v09/v0927	SES144	0.928436	-64.5781	-65.5065
spk_ver/v09/v0928	SES007	0.302376	-64.3969	-64.6992
spk_ver/v09/v0929	SES148	-2.38634	-65.0927	-62.7063
spk_ver/v09/v0930	SES148	-1.63904	-65.6335	-63.9944
spk_ver/v09/v0931	SES148	-3.10329	-69.905	-66.8017
spk_ver/v09/v0932	SES202	2.58591	-61.5082	-64.0941
spk_ver/v09/v0933	SES148	-0.713818	-64.6244	-63.9106
spk_ver/v09/v0934	SES148	-3.60868	-67.4517	-63.843
spk_ver/v09/v0935	SES060	1.16962	-62.7934	-63.9631
spk_ver/v09/v0936	SES060	2.04502	-63.0878	-65.1329
spk_ver/v09/v0937	SES148	-1.95154	-67.1316	-65.18
spk_ver/v09/v0938	SES148	-2.41502	-67.4116	-64.9966
spk_ver/v09/v0939	SES148	-2.71114	-66.8712	-64.16
spk_ver/v09/v0940	SES148	-2.42514	-65.6406	-63.2154
spk_ver/v09/v0941	SES149	-2.91418	-68.1915	-65.2774
spk_ver/v09/v0942	SES149	-6.43826	-69.712	-63.2737
spk_ver/v09/v0943	SES149	-6.99077	-72.4084	-65.4177
spk_ver/v09/v0944	SES149	-1.8606	-66.5682	-64.7076
spk_ver/v09/v0945	SES105	0.5401	-64.0307	-64.5708
spk_ver/v09/v0946	SES149	-3.4205	-67.0638	-63.6433
spk_ver/v09/v0947	SES149	-7.26466	-73.5287	-66.2641
spk_ver/v09/v0948	SES149	-7.70673	-71.2513	-63.5445
spk_ver/v09/v0949	SES149	-4.70053	-67.5923	-62.8918
spk_ver/v09/v0950	SES226	0.911667	-62.4441	-63.3558
spk_ver/v09/v0951	SES149	-9.20964	-74.4451	-65.2354
spk_ver/v09/v0952	SES149	-2.84524	-67.7164	-64.8711
spk_ver/v09/v0953	SES062	1.16309	-62.4318	-63.5949
spk_ver/v09/v0954	SES149	-8.92661	-74.44	-65.5134
spk_ver/v09/v0955	SES048	0.766323	-62.644	-63.4103
spk_ver/v09/v0956	SES158	-1.35352	-65.7709	-64.4174
spk_ver/v09/v0957	SES158	-5.9153	-73.4655	-67.5502
spk_ver/v09/v0958	SES158	-1.10097	-64.0648	-62.9639
spk_ver/v09/v0959	SES158	-1.69466	-65.4852	-63.7905
spk_ver/v09/v0960	SES158	-7.48162	-73.3592	-65.8775
spk_ver/v09/v0961	SES147	1.20983	-64.8767	-66.0865
spk_ver/v09/v0962	SES158	-13.788	-79.3895	-65.6014
spk_ver/v09/v0963	SES292	0.766132	-63.9027	-64.6688
spk_ver/v09/v0964	SES060	1.8548	-62.7205	-64.5753
spk_ver/v09/v0965	SES002	0.80188	-63.8802	-64.6821
spk_ver/v09/v0966	SES149	1.67276	-62.115	-63.7878
spk_ver/v09/v0967	SES158	-9.41666	-75.0779	-65.6612
spk_ver/v09/v0968	SES158	-2.51979	-66.433	-63.9132
spk_ver/v09/v0969	SES275	-0.456497	-66.5325	-66.076
spk_ver/v09/v0970	SES158	-8.14634	-72.5231	-64.3768
spk_ver/v09/v0971	SES158	-8.04447	-73.4046	-65.3602
spk_ver/v09/v0972	SES002	1.48778	-62.3734	-63.8611
spk_ver/v09/v0973	SES158	-10.3333	-74.8961	-64.5628
spk_ver/v09/v0974	SES202	2.15932	-62.2407	-64.4
spk_ver/v09/v0975	SES158	-10.8769	-77.3607	-66.4838
spk_ver/v09/v0976	SES158	-0.216927	-64.4562	-64.2393
spk_ver/v09/v0977	SES162	-1.25165	-65.8177	-64.566
spk_ver/v09/v0978	SES162	-6.62765	-71.8675	-65.2399
spk_ver/v09/v0979	SES162	-7.78316	-71.9581	-64.1749
spk_ver/v09/v0980	SES162	-1.84969	-67.4675	-65.6178
spk_ver/v09/v0981	SES162	-2.87713	-69.0564	-66.1792
spk_ver/v09/v0982	SES259	1.73493	-62.186	-63.9209
spk_ver/v09/v0983	SES162	-4.37843	-72.3565	-67.978
spk_ver/v09/v0984	SES162	-2.01104	-65.8966	-63.8856
spk_ver/v09/v0985	SES162	-1.1838	-65.6592	-64.4754
spk_ver/v09/v0986	SES062	1.44097	-61.7735	-63.2145
spk_ver/v09/v0987	SES162	-0.638824	-64.9898	-64.351
spk_ver/v09/v0988	SES162	-4.58488	-68.8164	-64.2315
spk_ver/v09/v0989	SES162	-5.5504	-72.0658	-66.5154
spk_ver/v09/v0990	SES162	-3.63137	-68.4749	-64.8435
spk_ver/v09/v0991	SES087	1.24887	-62.9638	-64.2127
spk_ver/v09/v0992	SES120	-0.28688	-65.4541	-65.1672
spk_ver/v09/v0993	SES162	-4.55408	-68.4106	-63.8565
spk_ver/v09/v0994	SES162	-2.22472	-66.2296	-64.0048
spk_ver/v09/v0995	SES162	-4.86906	-68.0538	-63.1848
spk_ver/v09/v0996	SES162	-2.78396	-65.7627	-62.9788
spk_ver/v09/v0997	SES162	-6.12614	-70.4352	-64.3091
spk_ver/v09/v0998	SES162	-4.13114	-70.2692	-66.1381
spk_ver/v09/v0999	SES162	-1.50906	-63.9551	-62.4461
spk_ver/v10/v1000	SES162	-4.56714	-69.0057	-64.4386
spk_ver/v10/v1001	SES148	1.4771	-64.3409	-65.818
spk_ver/v10/v1002	SES162	-0.675385	-67.1017	-66.4263
spk_ver/v10/v1003	SES162	-3.18386	-68.3894	-65.2055
spk_ver/v10/v1004	SES162	-3.68719	-70.4023	-66.7151
spk_ver/v10/v1005	SES162	-5.044	-69.9441	-64.9001
spk_ver/v10/v1006	SES162	-2.86482	-68.4656	-65.6007
spk_ver/v10/v1007	SES162	-2.34674	-68.2099	-65.8631
spk_ver/v10/v1008	SES162	-5.34151	-72.5802	-67.2387
spk_ver/v10/v1009	SES162	-5.12842	-69.2815	-64.1531
spk_ver/v10/v1010	SES167	-4.32435	-69.3221	-64.9977
spk_ver/v10/v1011	SES167	-0.59536	-66.0258	-65.4305
spk_ver/v10/v1012	SES167	-1.93031	-68.4395	-66.5091
spk_ver/v10/v1013	SES167	-7.08473	-71.2131	-64.1284
spk_ver/v10/v1014	SES167	-1.19448	-64.4314	-63.2369
spk_ver/v10/v1015	SES167	-1.60356	-65.9297	-64.3261
spk_ver/v10/v1016	SES167	-1.31799	-65.9894	-64.6714
spk_ver/v10/v1017	SES167	-1.31999	-65.8885	-64.5685
spk_ver/v10/v1018	SES167	-3.13567	-67.9023	-64.7666
spk_ver/v10/v1019	SES167	-2.05904	-66.7811	-64.7221
spk_ver/v10/v1020	SES167	-5.53021	-69.862	-64.3317
spk_ver/v10/v1021	SES167	-1.02269	-68.9938	-67.9711
spk_ver/v10/v1022	SES167	-3.89301	-68.4744	-64.5814
spk_ver/v10/v1023	SES167	-3.90285	-70.344	-66.4412
spk_ver/v10/v1024	SES167	-3.54506	-71.6451	-68.1001
spk_ver/v10/v1025	SES167	-1.42064	-65.2557	-63.8351
spk_ver/v10/v1026	SES167	-2.2943	-67.5143	-65.22
spk_ver/v10/v1027	SES167	-1.11703	-65.5446	-64.4276
spk_ver/v10/v1028	SES167	-5.62579	-70.1008	-64.475
spk_ver/v10/v1029	SES167	-3.62068	-68.2763	-64.6556
spk_ver/v10/v1030	SES167	-4.56757	-68.7588	-64.1912
spk_ver/v10/v1031	SES167	-5.14154	-69.1543	-64.0127
spk_ver/v10/v1032	SES167	-7.06539	-69.2408	-62.1754
spk_ver/v10/v1033	SES167	-5.78755	-68.8303	-63.0427
spk_ver/v10/v1034	SES002	1.31811	-62.084	-63.4021
spk_ver/v10/v1035	SES167	-1.96765	-65.9835	-64.0158
spk_ver/v10/v1036	SES083	0.936954	-63.0693	-64.0063
spk_ver/v10/v1037	SES167	-2.39781	-67.6698	-65.272
spk_ver/v10/v1038	SES167	-2.52033	-69.2949	-66.7746
spk_ver/v10/v1039	SES167	-1.20251	-66.9113	-65.7088
spk_ver/v10/v1040	SES167	-6.00358	-71.5894	-65.5859
spk_ver/v10/v1041	SES167	-1.20562	-67.4924	-66.2868
spk_ver/v10/v1042	SES087	1.45668	-63.7883	-65.245
spk_ver/v10/v1043	SES029	1.25464	-63.6721	-64.9267
spk_ver/v10/v1044	SES206	0.948681	-62.5849	-63.5336
spk_ver/v10/v1045	SES172	-3.02475	-69.2946	-66.2699
spk_ver/v10/v1046	SES172	1.44559	-62.7196	-64.1652
spk_ver/v10/v1047	SES172	-2.04524	-66.6661	-64.6208
spk_ver/v10/v1048	SES259	1.89855	-62.2735	-64.172
spk_ver/v10/v1049	SES172	-4.88013	-68.3853	-63.5051
spk_ver/v10/v1050	SES120	0.661896	-64.9015	-65.5634
spk_ver/v10/v1051	SES172	-2.82907	-66.8812	-64.0521
spk_ver/v10/v1052	SES172	-3.0548	-68.7024	-65.6476
spk_ver/v10/v1053	SES172	-4.85227	-71.0414	-66.1891
spk_ver/v10/v1054	SES172	-2.82224	-68.5499	-65.7276
spk_ver/v10/v1055	SES189	3.31695	-65.8067	-69.1236
spk_ver/v10/v1056	SES172	-4.59413	-68.6043	-64.0102
spk_ver/v10/v1057	SES172	-1.33437	-66.6406	-65.3062
spk_ver/v10/v1058	SES172	-2.81452	-67.2585	-64.444
spk_ver/v10/v1059	SES172	-2.37095	-66.6	-64.2291
spk_ver/v10/v1060	SES029	0.41222	-63.7852	-64.1974
spk_ver/v10/v1061	SES175	-8.9106	-73.0151	-64.1045
spk_ver/v10/v1062	SES187	0.552635	-62.9526	-63.5053
spk_ver/v10/v1063	SES019	2.89887	-63.1739	-66.0727
spk_ver/v10/v1064	SES175	-5.58712	-69.6063	-64.0191
spk_ver/v10/v1065	SES175	-7.66305	-71.5983	-63.9353
spk_ver/v10/v1066	SES175	-7.12453	-73.0671	-65.9426
spk_ver/v10/v1067	SES175	-3.06812	-68.2461	-65.178
spk_ver/v10/v1068	SES175	-5.4554	-70.2967	-64.8413
spk_ver/v10/v1069	SES016	2.78248	-61.7177	-64.5002
spk_ver/v10/v1070	SES175	-2.66238	-68.2182	-65.5558
spk_ver/v10/v1071	SES175	-3.48253	-66.5573	-63.0748
spk_ver/v10/v1072	SES175	-7.57867	-72.0223	-64.4436
spk_ver/v10/v1073	SES029	0.497974	-63.9104	-64.4084
spk_ver/v10/v1074	SES175	-4.49422	-69.0004	-64.5062
spk_ver/v10/v1075	SES175	-1.20921	-64.4651	-63.2559
spk_ver/v10/v1076	SES175	-0.44458	-64.2278	-63.7832
spk_ver/v10/v1077	SES175	-6.78323	-69.8581	-63.0749
spk_ver/v10/v1078	SES127	1.44562	-61.4162	-62.8618
spk_ver/v10/v1079	SES175	-4.33833	-67.2744	-62.9361
spk_ver/v10/v1080	SES175	-1.30093	-67.0143	-65.7134
spk_ver/v10/v1081	SES175	-5.69498	-69.9512	-64.2562
spk_ver/v10/v1082	SES175	-4.1538	-68.2939	-64.1401
spk_ver/v10/v1083	SES007	1.48295	-63.6355	-65.1185
spk_ver/v10/v1084	SES068	1.57789	-62.2956	-63.8735
spk_ver/v10/v1085	SES008	1.31016	-62.2428	-63.5529
spk_ver/v10/v1086	SES175	-1.15475	-64.6211	-63.4664
spk_ver/v10/v1087	SES175	-3.81007	-68.5476	-64.7375
spk_ver/v10/v1088	SES008	1.70881	-62.2319	-63.9408
spk_ver/v10/v1089	SES177	-3.12927	-65.9579	-62.8286
spk_ver/v10/v1090	SES177	-4.9695	-68.6252	-63.6557
spk_ver/v10/v1091	SES177	-5.19279	-70.6529	-65.4601
spk_ver/v10/v1092	SES177	-0.910202	-66.1007	-65.1905
spk_ver/v10/v1093	SES177	-6.87466	-71.0382	-64.1635
spk_ver/v10/v1094	SES002	1.59023	-62.5504	-64.1406
spk_ver/v10/v1095	SES104	1.08973	-63.0268	-64.1165
spk_ver/v10/v1096	SES177	-1.75055	-66.061	-64.3104
spk_ver/v10/v1097	SES177	-2.14977	-68.9283	-66.7785
spk_ver/v10/v1098	SES177	-2.36417	-67.0339	-64.6697
spk_ver/v10/v1099	SES177	-0.647194	-65.0188	-64.3716
spk_ver/v11/v1100	SES177	-4.7859	-69.771	-64.9851
spk_ver/v11/v1101	SES085	0.173492	-63.8702	-64.0437
spk_ver/v11/v1102	SES187	1.29805	-63.0781	-64.3761
spk_ver/v11/v1103	SES177	-2.23591	-67.2219	-64.986
spk_ver/v11/v1104	SES177	1.29858	-62.5246	-63.8232
spk_ver/v11/v1105	SES177	-0.878601	-64.4123	-63.5337
spk_ver/v11/v1106	SES177	-3.57665	-68.1146	-64.5379
spk_ver/v11/v1107	SES177	-0.901424	-64.8225	-63.9211
spk_ver/v11/v1108	SES177	-0.398285	-64.4936	-64.0953
spk_ver/v11/v1109	SES125	1.59728	-62.2286	-63.8259
spk_ver/v11/v1110	SES177	-3.80515	-68.7287	-64.9235
spk_ver/v11/v1111	SES177	-2.15263	-66.2303	-64.0777
spk_ver/v11/v1112	SES177	-4.75957	-68.6682	-63.9086
spk_ver/v11/v1113	SES177	-6.47054	-69.9683	-63.4978
spk_ver/v11/v1114	SES177	-1.34183	-66.9126	-65.5708
spk_ver/v11/v1115	SES177	-3.16245	-69.3001	-66.1376
spk_ver/v11/v1116	SES085	0.841537	-62.361	-63.2025
spk_ver/v11/v1117	SES147	0.709633	-65.1129	-65.8225
spk_ver/v11/v1118	SES177	-0.615868	-66.3839	-65.7681
spk_ver/v11/v1119	SES177	-4.29923	-69.0004	-64.7012
spk_ver/v11/v1120	SES180	-6.9513	-71.2124	-64.2611
spk_ver/v11/v1121	SES189	1.85744	-65.2207	-67.0781
spk_ver/v11/v1122	SES117	1.70606	-66.8513	-68.5574
spk_ver/v11/v1123	SES129	2.26238	-62.0237	-64.286
spk_ver/v11/v1124	SES180	-2.02429	-67.1784	-65.1541
spk_ver/v11/v1125	SES180	-1.21677	-64.6568	-63.44
spk_ver/v11/v1126	SES180	-0.801178	-65.1001	-64.2989
spk_ver/v11/v1127	SES180	-2.13138	-66.437	-64.3056
spk_ver/v11/v1128	SES016	0.7593	-64.8417	-65.601
spk_ver/v11/v1129	SES158	0.891556	-62.9805	-63.8721
spk_ver/v11/v1130	SES180	-2.52908	-67.3764	-64.8473
spk_ver/v11/v1131	SES180	-3.73488	-66.2415	-62.5066
spk_ver/v11/v1132	SES180	-2.30568	-68.6709	-66.3652
spk_ver/v11/v1133	SES180	-4.37982	-67.9324	-63.5526
spk_ver/v11/v1134	SES180	-2.30173	-68.5052	-66.2035
spk_ver/v11/v1135	SES180	-1.82913	-65.1616	-63.3325
spk_ver/v11/v1136	SES180	-5.7728	-71.2049	-65.4321
spk_ver/v11/v1137	SES148	0.82119	-63.0766	-63.8978
spk_ver/v11/v1138	SES104	0.851612	-61.4727	-62.3243
spk_ver/v11/v1139	SES180	-5.24693	-70.39	-65.143
spk_ver/v11/v1140	SES083	1.0226	-63.1504	-64.173
spk_ver/v11/v1141	SES180	-4.19522	-69.0652	-64.8699
spk_ver/v11/v1142	SES180	-3.06998	-68.6334	-65.5634
spk_ver/v11/v1143	SES180	-2.36376	-68.6476	-66.2838
spk_ver/v11/v1144	SES099	1.4077	-63.8079	-65.2156
spk_ver/v11/v1145	SES180	-3.21909	-67.5597	-64.3406
spk_ver/v11/v1146	SES183	-3.2397	-68.5376	-65.2979
spk_ver/v11/v1147	SES183	-1.6367	-66.0375	-64.4008
spk_ver/v11/v1148	SES183	-4.61834	-70.6042	-65.9859
spk_ver/v11/v1149	SES183	-6.11476	-69.7011	-63.5863
spk_ver/v11/v1150	SES183	-4.76585	-70.0838	-65.318
spk_ver/v11/v1151	SES082	0.922237	-62.7197	-63.6419
spk_ver/v11/v1152	SES183	-2.98536	-69.3959	-66.4105
spk_ver/v11/v1153	SES183	-3.07214	-67.4952	-64.4231
spk_ver/v11/v1154	SES002	1.92565	-61.5256	-63.4512
spk_ver/v11/v1155	SES183	-3.92311	-69.7424	-65.8193
spk_ver/v11/v1156	SES183	-5.19875	-71.4127	-66.2139
spk_ver/v11/v1157	SES183	-3.90364	-66.218	-62.3144
spk_ver/v11/v1158	SES183	-1.02575	-65.3991	-64.3733
spk_ver/v11/v1159	SES183	-2.25905	-67.3367	-65.0777
spk_ver/v11/v1160	SES183	-4.43931	-68.6322	-64.1929
spk_ver/v11/v1161	SES183	-4.43551	-70.805	-66.3695
spk_ver/v11/v1162	SES105	1.46201	-63.7125	-65.1745
spk_ver/v11/v1163	SES183	-5.74007	-69.1396	-63.3995
spk_ver/v11/v1164	SES259	2.01583	-62.2716	-64.2875
spk_ver/v11/v1165	SES183	-2.86621	-69.4408	-66.5746
spk_ver/v11/v1166	SES183	-4.75996	-67.9692	-63.2092
spk_ver/v11/v1167	SES183	-3.43626	-69.0722	-65.6359
spk_ver/v11/v1168	SES183	-3.08941	-67.2252	-64.1357
spk_ver/v11/v1169	SES183	-5.39429	-69.6635	-64.2692
spk_ver/v11/v1170	SES183	-5.37622	-69.0317	-63.6555
spk_ver/v11/v1171	SES183	-6.63143	-71.5085	-64.877
spk_ver/v11/v1172	SES187	-4.90488	-69.7762	-64.8713
spk_ver/v11/v1173	SES019	2.86457	-63.4632	-66.3278
spk_ver/v11/v1174	SES187	-5.97006	-72.2968	-66.3267
spk_ver/v11/v1175	SES187	-2.37247	-68.705	-66.3325
spk_ver/v11/v1176	SES083	0.692764	-62.4567	-63.1495
spk_ver/v11/v1177	SES187	-6.91645	-72.3951	-65.4786
spk_ver/v11/v1178	SES187	-5.11389	-69.2225	-64.1086
spk_ver/v11/v1179	SES187	-1.80396	-66.824	-65.02
spk_ver/v11/v1180	SES187	-0.666847	-66.0401	-65.3733
spk_ver/v11/v1181	SES187	-6.51833	-70.6343	-64.116
spk_ver/v11/v1182	SES187	-1.41177	-65.0019	-63.5901
spk_ver/v11/v1183	SES187	-4.81417	-69.7824	-64.9682
spk_ver/v11/v1184	SES187	0.01017	-64.9323	-64.9425
spk_ver/v11/v1185	SES127	1.79972	-62.2803	-64.08
spk_ver/v11/v1186	SES187	-0.834518	-65.576	-64.7415
spk_ver/v11/v1187	SES187	-2.07543	-65.6273	-63.5519
spk_ver/v11/v1188	SES187	-2.16557	-67.7915	-65.626
spk_ver/v11/v1189	SES042	1.57986	-62.0339	-63.6138
spk_ver/v11/v1190	SES187	-1.10671	-65.5404	-64.4337
spk_ver/v11/v1191	SES187	-5.32327	-71.6576	-66.3343
spk_ver/v11/v1192	SES187	-4.20818	-69.8648	-65.6566
spk_ver/v11/v1193	SES183	0.97654	-64.7597	-65.7363
spk_ver/v11/v1194	SES187	-1.95113	-67.7321	-65.7809
spk_ver/v11/v1195	SES187	-6.03554	-70.8441	-64.8086
spk_ver/v11/v1196	SES146	0.958717	-65.2605	-66.2192
spk_ver/v11/v1197	SES189	-4.83967	-68.838	-63.9983
spk_ver/v11/v1198	SES175	2.15507	-63.3209	-65.476
spk_ver/v11/v1199	SES189	-4.08232	-69.8442	-65.7619
spk_ver/v12/v1200	SES189	-2.39964	-65.3483	-62.9487
spk_ver/v12/v1201	SES177	1.36941	-62.904	-64.2734
spk_ver/v12/v1202	SES189	-2.18505	-67.9727	-65.7876
spk_ver/v12/v1203	SES143	0.791069	-65.0348	-65.8258
spk_ver/v12/v1204	SES189	-2.3764	-66.953	-64.5766
spk_ver/v12/v1205	SES189	-1.8306	-65.8466	-64.016
spk_ver/v12/v1206	SES189	-5.37694	-70.6427	-65.2658
spk_ver/v12/v1207	SES189	-3.93232	-68.6271	-64.6947
spk_ver/v12/v1208	SES189	-3.67997	-66.2144	-62.5344
spk_ver/v12/v1209	SES189	-4.54526	-70.1101	-65.5649
spk_ver/v12/v1210	SES189	0.149391	-65.4459	-65.5953
spk_ver/v12/v1211	SES062	1.92418	-61.8804	-63.8046
spk_ver/v12/v1212	SES189	-2.32444	-66.0371	-63.7127
spk_ver/v12/v1213	SES048	1.20136	-63.1098	-64.3111
spk_ver/v12/v1214	SES042	2.75876	-60.3688	-63.1276
spk_ver/v12/v1215	SES008	2.00167	-61.7636	-63.7652
spk_ver/v12/v1216	SES202	-4.85595	-67.668	-62.8121
spk_ver/v12/v1217	SES202	-3.27779	-69.8067	-66.5289
spk_ver/v12/v1218	SES085	1.32804	-61.8414	-63.1694
spk_ver/v12/v1219	SES202	-2.73248	-67.1974	-64.465
spk_ver/v12/v1220	SES202	-4.23917	-68.4488	-64.2096
spk_ver/v12/v1221	SES202	-1.28867	-66.7638	-65.4752
spk_ver/v12/v1222	SES202	-7.87894	-72.4953	-64.6163
spk_ver/v12/v1223	SES158	1.04689	-63.1905	-64.2374
spk_ver/v12/v1224	SES202	-2.29995	-68.3494	-66.0494
spk_ver/v12/v1225	SES202	-7.17204	-71.2299	-64.0578
spk_ver/v12/v1226	SES202	-6.44785	-70.7664	-64.3185
spk_ver/v12/v1227	SES202	-4.50481	-69.2998	-64.795
spk_ver/v12/v1228	SES177	0.803486	-63.9619	-64.7654
spk_ver/v12/v1229	SES202	-5.43453	-69.9896	-64.5551
spk_ver/v12/v1230	SES202	-2.07742	-67.3895	-65.3121
spk_ver/v12/v1231	SES202	-5.27583	-71.0737	-65.7978
spk_ver/v12/v1232	SES202	-2.34967	-68.8137	-66.464
spk_ver/v12/v1233	SES206	1.3822	-61.7891	-63.1713
spk_ver/v12/v1234	SES202	-6.53261	-71.2818	-64.7492
spk_ver/v12/v1235	SES202	-5.22528	-68.9798	-63.7546
spk_ver/v12/v1236	SES125	2.21287	-62.7309	-64.9438
spk_ver/v12/v1237	SES127	1.24705	-62.8545	-64.1016
spk_ver/v12/v1238	SES202	3.24064	-61.5937	-64.8343
spk_ver/v12/v1239	SES167	2.23951	-61.5076	-63.7471
spk_ver/v12/v1240	SES206	-10.1634	-76.0917	-65.9282
spk_ver/v12/v1241	SES206	-9.24934	-75.1536	-65.9043
spk_ver/v12/v1242	SES206	-1.0089	-64.7386	-63.7297
spk_ver/v12/v1243	SES206	-2.6702	-68.3116	-65.6414
spk_ver/v12/v1244	SES259	1.38797	-63.3591	-64.7471
spk_ver/v12/v1245	SES206	-4.49773	-69.1023	-64.6046
spk_ver/v12/v1246	SES206	-5.58192	-69.5874	-64.0055
spk_ver/v12/v1247	SES206	-0.683289	-64.8835	-64.2002
spk_ver/v12/v1248	SES206	-12.4836	-78.7656	-66.282
spk_ver/v12/v1249	SES270	1.84579	-63.4104	-65.2562
spk_ver/v12/v1250	SES206	-8.21376	-73.9013	-65.6876
spk_ver/v12/v1251	SES206	-5.39026	-69.7778	-64.3875
spk_ver/v12/v1252	SES206	-3.5854	-68.5693	-64.9839
spk_ver/v12/v1253	SES206	-0.718391	-64.1455	-63.4271
spk_ver/v12/v1254	SES206	-1.0014	-65.4646	-64.4632
spk_ver/v12/v1255	SES125	1.58715	-62.6431	-64.2303
spk_ver/v12/v1256	SES206	-12.8314	-77.2976	-64.4662
spk_ver/v12/v1257	SES206	-7.50354	-71.3883	-63.8848
spk_ver/v12/v1258	SES206	-1.94916	-66.9204	-64.9713
spk_ver/v12/v1259	SES206	-9.87838	-75.5047	-65.6264
spk_ver/v12/v1260	SES206	-13.213	-78.9538	-65.7408
spk_ver/v12/v1261	SES206	-9.44871	-73.9561	-64.5074
spk_ver/v12/v1262	SES206	-10.6217	-75.6392	-65.0175
spk_ver/v12/v1263	SES206	-6.55741	-70.3932	-63.8357
spk_ver/v12/v1264	SES149	1.41153	-63.1973	-64.6088
spk_ver/v12/v1265	SES206	-1.32805	-66.9678	-65.6397
spk_ver/v12/v1266	SES206	-12.6892	-77.9262	-65.237
spk_ver/v12/v1267	SES206	-1.72035	-68.0181	-66.2977
spk_ver/v12/v1268	SES206	-5.21735	-70.3909	-65.1735
spk_ver/v12/v1269	SES206	-12.5536	-80.0029	-67.4493
spk_ver/v12/v1270	SES206	-15.0043	-82.7875	-67.7832
spk_ver/v12/v1271	SES226	-14.3558	-80.0386	-65.6828
spk_ver/v12/v1272	SES226	-0.740143	-63.2155	-62.4753
spk_ver/v12/v1273	SES226	-11.1247	-74.8343	-63.7096
spk_ver/v12/v1274	SES226	-10.0557	-75.946	-65.8903
spk_ver/v12/v1275	SES226	-0.371834	-65.4802	-65.1083
spk_ver/v12/v1276	SES226	-9.16217	-74.0791	-64.9169
spk_ver/v12/v1277	SES226	-1.41143	-65.3893	-63.9779
spk_ver/v12/v1278	SES226	-0.156258	-64.5254	-64.3692
spk_ver/v12/v1279	SES226	-9.72965	-73.2403	-63.5106
spk_ver/v12/v1280	SES226	-2.72936	-66.7335	-64.0041
spk_ver/v12/v1281	SES226	-1.21765	-66.0274	-64.8098
spk_ver/v12/v1282	SES226	-2.26736	-67.3951	-65.1278
spk_ver/v12/v1283	SES143	1.43469	-63.7627	-65.1974
spk_ver/v12/v1284	SES226	-5.50055	-69.2894	-63.7888
spk_ver/v12/v1285	SES226	-1.48152	-64.9564	-63.4749
spk_ver/v12/v1286	SES226	-1.99887	-67.3112	-65.3123
spk_ver/v12/v1287	SES226	-5.1548	-69.6328	-64.478
spk_ver/v12/v1288	SES226	-8.87949	-72.8049	-63.9254
spk_ver/v12/v1289	SES104	0.674919	-63.7586	-64.4335
spk_ver/v12/v1290	SES008	3.37294	-62.4971	-65.87
spk_ver/v12/v1291	SES226	-1.89589	-66.342	-64.4461
spk_ver/v12/v1292	SES259	-3.76324	-67.9927	-64.2295
spk_ver/v12/v1293	SES062	1.09026	-62.4758	-63.5661
spk_ver/v12/v1294	SES099	1.47776	-64.192	-65.6698
spk_ver/v12/v1295	SES158	0.714905	-64.3086	-65.0235
spk_ver/v12/v1296	SES259	-6.12785	-69.7965	-63.6686
spk_ver/v12/v1297	SES259	-4.19329	-69.1896	-64.9963
spk_ver/v12/v1298	SES259	-2.14344	-65.1181	-62.9747
spk_ver/v12/v1299	SES259	-6.65201	-71.3529	-64.7009
spk_ver/v13/v1300	SES120	1.28598	-64.2585	-65.5445
spk_ver/v13/v1301	SES259	-9.57242	-74.6343	-65.0619
spk_ver/v13/v1302	SES259	-9.48063	-75.3559	-65.8753
spk_ver/v13/v1303	SES129	1.57513	-63.3084	-64.8835
spk_ver/v13/v1304	SES259	-5.73752	-71.4225	-65.685
spk_ver/v13/v1305	SES259	-5.44113	-71.9349	-66.4937
spk_ver/v13/v1306	SES106	0.948746	-62.9169	-63.8656
spk_ver/v13/v1307	SES259	-5.24466	-71.6395	-66.3949
spk_ver/v13/v1308	SES259	-1.63227	-66.0622	-64.4299
spk_ver/v13/v1309	SES259	-8.02678	-72.699	-64.6723
spk_ver/v13/v1310	SES259	-6.24532	-70.18	-63.9347
spk_ver/v13/v1311	SES259	-6.19923	-70.5307	-64.3314
spk_ver/v13/v1312	SES259	-2.35334	-65.5718	-63.2185
spk_ver/v13/v1313	SES144	0.877289	-63.9358	-64.8131
spk_ver/v13/v1314	SES259	-8.44111	-73.2395	-64.7984
spk_ver/v13/v1315	SES162	2.1311	-62.9197	-65.0508
spk_ver/v13/v1316	SES206	1.11021	-62.4703	-63.5805
spk_ver/v13/v1317	SES175	1.67698	-64.0862	-65.7632
spk_ver/v13/v1318	SES259	-10.0971	-75.842	-65.7449
spk_ver/v13/v1319	SES259	-10.4897	-75.9002	-65.4105
spk_ver/v13/v1320	SES270	-0.51416	-64.8689	-64.3547
spk_ver/v13/v1321	SES101	-0.201504	-63.7854	-63.5839
spk_ver/v13/v1322	SES177	1.53705	-62.3985	-63.9356
spk_ver/v13/v1323	SES127	1.80018	-61.5003	-63.3005
spk_ver/v13/v1324	SES270	-10.191	-75.3357	-65.1448
spk_ver/v13/v1325	SES062	0.884907	-63.0183	-63.9032
spk_ver/v13/v1326	SES270	-0.109375	-65.1847	-65.0753
spk_ver/v13/v1327	SES120	0.477959	-66.0919	-66.5698
spk_ver/v13/v1328	SES270	-4.55732	-70.4982	-65.9409
spk_ver/v13/v1329	SES270	-7.35309	-71.1374	-63.7843
spk_ver/v13/v1330	SES270	-0.556831	-65.6272	-65.0704
spk_ver/v13/v1331	SES270	-7.19207	-69.8859	-62.6939
spk_ver/v13/v1332	SES270	-0.966156	-64.1599	-63.1938
spk_ver/v13/v1333	SES270	-1.30045	-66.4787	-65.1783
spk_ver/v13/v1334	SES270	-2.69864	-67.1704	-64.4718
spk_ver/v13/v1335	SES270	0.113953	-64.3427	-64.4566
spk_ver/v13/v1336	SES270	-1.2412	-64.8024	-63.5612
spk_ver/v13/v1337	SES016	1.86308	-62.7985	-64.6616
spk_ver/v13/v1338	SES270	-6.36936	-70.106	-63.7367
spk_ver/v13/v1339	SES002	1.42632	-61.8592	-63.2855
spk_ver/v13/v1340	SES105	2.17358	-64.1948	-66.3684
spk_ver/v13/v1341	SES275	-3.24078	-69.5327	-66.2919
spk_ver/v13/v1342	SES187	1.00484	-64.2762	-65.281
spk_ver/v13/v1343	SES275	-3.67807	-68.7523	-65.0742
spk_ver/v13/v1344	SES275	-3.49658	-69.615	-66.1184
spk_ver/v13/v1345	SES275	-2.92064	-67.2723	-64.3517
spk_ver/v13/v1346	SES275	-5.01096	-69.2804	-64.2695
spk_ver/v13/v1347	SES275	-4.29722	-70.132	-65.8348
spk_ver/v13/v1348	SES180	0.219734	-64.61	-64.8298
spk_ver/v13/v1349	SES275	-4.5472	-71.9804	-67.4332
spk_ver/v13/v1350	SES275	-1.16763	-64.8744	-63.7068
spk_ver/v13/v1351	SES275	-4.59171	-73.755	-69.1633
spk_ver/v13/v1352	SES275	-2.04378	-66.3387	-64.2949
spk_ver/v13/v1353	SES275	-3.0174	-69.0638	-66.0464
spk_ver/v13/v1354	SES189	2.58443	-66.4696	-69.0541
spk_ver/v13/v1355	SES068	0.54948	-63.0229	-63.5724
spk_ver/v13/v1356	SES275	-3.69801	-69.1878	-65.4898
spk_ver/v13/v1357	SES048	0.1805	-63.6999	-63.8804
spk_ver/v13/v1358	SES226	1.80246	-61.1586	-62.961
spk_ver/v13/v1359	SES016	0.834641	-63.5523	-64.3869
spk_ver/v13/v1360	SES275	-3.25901	-68.7569	-65.4979
spk_ver/v13/v1361	SES068	1.55521	-61.5925	-63.1477
spk_ver/v13/v1362	SES275	-4.41474	-67.9403	-63.5256
spk_ver/v13/v1363	SES275	-4.30378	-68.7244	-64.4206
spk_ver/v13/v1364	SES275	-4.51026	-71.8462	-67.3359
spk_ver/v13/v1365	SES275	-3.3729	-68.1864	-64.8135
spk_ver/v13/v1366	SES187	0.645851	-63.1565	-63.8023
spk_ver/v13/v1367	SES275	-5.2451	-70.8458	-65.6007
spk_ver/v13/v1368	SES125	1.00151	-63.3193	-64.3208
spk_ver/v13/v1369	SES275	-2.33662	-68.068	-65.7314
spk_ver/v13/v1370	SES292	-4.048	-68.0917	-64.0437
spk_ver/v13/v1371	SES292	-3.30875	-67.513	-64.2043
spk_ver/v13/v1372	SES292	-3.81818	-69.1009	-65.2828
spk_ver/v13/v1373	SES292	-3.45631	-68.2832	-64.8269
spk_ver/v13/v1374	SES101	1.10975	-63.6549	-64.7647
spk_ver/v13/v1375	SES292	-4.05654	-69.3269	-65.2704
spk_ver/v13/v1376	SES292	-2.24037	-66.5642	-64.3238
spk_ver/v13/v1377	SES292	-6.08099	-72.4668	-66.3858
spk_ver/v13/v1378	SES292	-0.876915	-65.5582	-64.6813
spk_ver/v13/v1379	SES292	-2.49848	-67.568	-65.0695
spk_ver/v13/v1380	SES292	-2.72253	-67.8473	-65.1248
spk_ver/v13/v1381	SES292	-3.15778	-65.6431	-62.4853
spk_ver/v13/v1382	SES292	-3.51639	-70.7751	-67.2588
spk_ver/v13/v1383	SES292	-2.76646	-66.9869	-64.2204
spk_ver/v13/v1384	SES292	-2.5317	-67.1558	-64.6241
spk_ver/v13/v1385	SES292	-2.71165	-67.434	-64.7223
spk_ver/v13/v1386	SES292	-2.21239	-67.7729	-65.5605
spk_ver/v13/v1387	SES158	1.81046	-63.8641	-65.6746
spk_ver/v13/v1388	SES292	-0.39423	-63.7661	-63.3718
spk_ver/v13/v1389	SES292	-1.12666	-63.9486	-62.8219
spk_ver/v13/v1390	SES292	-3.41622	-67.0212	-63.605
spk_ver/v13/v1391	SES292	-2.05628	-66.1504	-64.0941
spk_ver/v13/v1392	SES292	-3.83168	-70.1571	-66.3254
spk_ver/v13/v1393	SES292	-3.24101	-67.1483	-63.9073
spk_ver/v13/v1394	SES292	-5.02309	-69.6381	-64.615
spk_ver/v13/v1395	SES292	-4.26584	-68.0571	-63.7912
spk_ver/v13/v1396	SES117	2.17082	-64.5068	-66.6776
spk_ver/v13/v1397	SES292	-3.63235	-67.2982	-63.6659
spk_ver/v13/v1398	SES292	-3.77094	-69.6721	-65.9011
spk_ver/v13/v1399	SES292	-1.03655	-65.8464	-64.8099
